

Microchip MPLAB XC8 Assembler V2.41 build 20230208172133 
                                                                                               Mon Mar 31 17:54:29 2025

Microchip MPLAB XC8 C Compiler v2.41 (Free license) build 20230208172133 Og1 
     1                           	processor	16F877A
     2                           	pagewidth 120
     3                           	opt	flic
     4                           	psect	idataBANK0,global,class=CODE,delta=2,noexec
     5                           	psect	idataBANK1,global,class=CODE,delta=2,noexec
     6                           	psect	cinit,global,class=CODE,merge=1,delta=2
     7                           	psect	bssBANK0,global,class=BANK0,space=1,delta=1,noexec
     8                           	psect	dataBANK0,global,class=BANK0,space=1,delta=1,noexec
     9                           	psect	dataBANK1,global,class=BANK1,space=1,delta=1,noexec
    10                           	psect	inittext,global,class=CODE,delta=2
    11                           	psect	cstackCOMMON,global,class=COMMON,space=1,delta=1,noexec
    12                           	psect	cstackBANK0,global,class=BANK0,space=1,delta=1,noexec
    13                           	psect	maintext,global,class=CODE,split=1,delta=2
    14                           	psect	text1,local,class=CODE,merge=1,delta=2
    15                           	psect	text2,local,class=CODE,merge=1,delta=2
    16                           	psect	text3,local,class=CODE,merge=1,delta=2
    17                           	psect	text4,local,class=CODE,merge=1,delta=2
    18                           	psect	text5,local,class=CODE,merge=1,delta=2
    19                           	psect	config,global,abs,ovrld,class=CONFIG,space=4,delta=2,noexec
    20                           	dabs	1,0x7E,2
    21     0000                     
    22                           ; Version 2.20
    23                           ; Generated 12/02/2020 GMT
    24                           ; 
    25                           ; Copyright © 2020, Microchip Technology Inc. and its subsidiaries ("Microchip")
    26                           ; All rights reserved.
    27                           ; 
    28                           ; This software is developed by Microchip Technology Inc. and its subsidiaries ("Microch
      +                          ip").
    29                           ; 
    30                           ; Redistribution and use in source and binary forms, with or without modification, are
    31                           ; permitted provided that the following conditions are met:
    32                           ; 
    33                           ;     1. Redistributions of source code must retain the above copyright notice, this lis
      +                          t of
    34                           ;        conditions and the following disclaimer.
    35                           ; 
    36                           ;     2. Redistributions in binary form must reproduce the above copyright notice, this 
      +                          list
    37                           ;        of conditions and the following disclaimer in the documentation and/or other
    38                           ;        materials provided with the distribution.
    39                           ; 
    40                           ;     3. Microchip's name may not be used to endorse or promote products derived from th
      +                          is
    41                           ;        software without specific prior written permission.
    42                           ; 
    43                           ; THIS SOFTWARE IS PROVIDED BY MICROCHIP "AS IS" AND ANY EXPRESS OR IMPLIED WARRANTIES,
    44                           ; INCLUDING, BUT NOT LIMITED TO, THE IMPLIED WARRANTIES OF MERCHANTABILITY AND FITNESS F
      +                          OR
    45                           ; PURPOSE ARE DISCLAIMED.  IN NO EVENT SHALL MICROCHIP BE LIABLE FOR ANY DIRECT, INDIREC
      +                          T,
    46                           ; INCIDENTAL, SPECIAL, EXEMPLARY, OR CONSEQUENTIAL DAMAGES (INCLUDING BUT NOT LIMITED TO
    47                           ; PROCUREMENT OF SUBSTITUTE GOODS OR SERVICES; LOSS OF USE, DATA OR PROFITS; OR BUSINESS
    48                           ; INTERRUPTION) HOWSOEVER CAUSED AND ON ANY THEORY OF LIABILITY, WHETHER IN CONTRACT, ST
      +                          RICT
    49                           ; LIABILITY, OR TORT (INCLUDING NEGLIGENCE OR OTHERWISE) ARISING IN ANY WAY OUT OF THE U
      +                          SE OF
    50                           ; THIS SOFTWARE, EVEN IF ADVISED OF THE POSSIBILITY OF SUCH DAMAGE.
    51                           ; 
    52                           ; 
    53                           ; Code-generator required, PIC16F877A Definitions
    54                           ; 
    55                           ; SFR Addresses
    56     0000                     	;# 
    57     0001                     	;# 
    58     0002                     	;# 
    59     0003                     	;# 
    60     0004                     	;# 
    61     0005                     	;# 
    62     0006                     	;# 
    63     0007                     	;# 
    64     0008                     	;# 
    65     0009                     	;# 
    66     000A                     	;# 
    67     000B                     	;# 
    68     000C                     	;# 
    69     000D                     	;# 
    70     000E                     	;# 
    71     000E                     	;# 
    72     000F                     	;# 
    73     0010                     	;# 
    74     0011                     	;# 
    75     0012                     	;# 
    76     0013                     	;# 
    77     0014                     	;# 
    78     0015                     	;# 
    79     0015                     	;# 
    80     0016                     	;# 
    81     0017                     	;# 
    82     0018                     	;# 
    83     0019                     	;# 
    84     001A                     	;# 
    85     001B                     	;# 
    86     001B                     	;# 
    87     001C                     	;# 
    88     001D                     	;# 
    89     001E                     	;# 
    90     001F                     	;# 
    91     0081                     	;# 
    92     0085                     	;# 
    93     0086                     	;# 
    94     0087                     	;# 
    95     0088                     	;# 
    96     0089                     	;# 
    97     008C                     	;# 
    98     008D                     	;# 
    99     008E                     	;# 
   100     0091                     	;# 
   101     0092                     	;# 
   102     0093                     	;# 
   103     0094                     	;# 
   104     0098                     	;# 
   105     0099                     	;# 
   106     009C                     	;# 
   107     009D                     	;# 
   108     009E                     	;# 
   109     009F                     	;# 
   110     010C                     	;# 
   111     010D                     	;# 
   112     010E                     	;# 
   113     010F                     	;# 
   114     018C                     	;# 
   115     018D                     	;# 
   116     0000                     	;# 
   117     0001                     	;# 
   118     0002                     	;# 
   119     0003                     	;# 
   120     0004                     	;# 
   121     0005                     	;# 
   122     0006                     	;# 
   123     0007                     	;# 
   124     0008                     	;# 
   125     0009                     	;# 
   126     000A                     	;# 
   127     000B                     	;# 
   128     000C                     	;# 
   129     000D                     	;# 
   130     000E                     	;# 
   131     000E                     	;# 
   132     000F                     	;# 
   133     0010                     	;# 
   134     0011                     	;# 
   135     0012                     	;# 
   136     0013                     	;# 
   137     0014                     	;# 
   138     0015                     	;# 
   139     0015                     	;# 
   140     0016                     	;# 
   141     0017                     	;# 
   142     0018                     	;# 
   143     0019                     	;# 
   144     001A                     	;# 
   145     001B                     	;# 
   146     001B                     	;# 
   147     001C                     	;# 
   148     001D                     	;# 
   149     001E                     	;# 
   150     001F                     	;# 
   151     0081                     	;# 
   152     0085                     	;# 
   153     0086                     	;# 
   154     0087                     	;# 
   155     0088                     	;# 
   156     0089                     	;# 
   157     008C                     	;# 
   158     008D                     	;# 
   159     008E                     	;# 
   160     0091                     	;# 
   161     0092                     	;# 
   162     0093                     	;# 
   163     0094                     	;# 
   164     0098                     	;# 
   165     0099                     	;# 
   166     009C                     	;# 
   167     009D                     	;# 
   168     009E                     	;# 
   169     009F                     	;# 
   170     010C                     	;# 
   171     010D                     	;# 
   172     010E                     	;# 
   173     010F                     	;# 
   174     018C                     	;# 
   175     018D                     	;# 
   176     0000                     	;# 
   177     0001                     	;# 
   178     0002                     	;# 
   179     0003                     	;# 
   180     0004                     	;# 
   181     0005                     	;# 
   182     0006                     	;# 
   183     0007                     	;# 
   184     0008                     	;# 
   185     0009                     	;# 
   186     000A                     	;# 
   187     000B                     	;# 
   188     000C                     	;# 
   189     000D                     	;# 
   190     000E                     	;# 
   191     000E                     	;# 
   192     000F                     	;# 
   193     0010                     	;# 
   194     0011                     	;# 
   195     0012                     	;# 
   196     0013                     	;# 
   197     0014                     	;# 
   198     0015                     	;# 
   199     0015                     	;# 
   200     0016                     	;# 
   201     0017                     	;# 
   202     0018                     	;# 
   203     0019                     	;# 
   204     001A                     	;# 
   205     001B                     	;# 
   206     001B                     	;# 
   207     001C                     	;# 
   208     001D                     	;# 
   209     001E                     	;# 
   210     001F                     	;# 
   211     0081                     	;# 
   212     0085                     	;# 
   213     0086                     	;# 
   214     0087                     	;# 
   215     0088                     	;# 
   216     0089                     	;# 
   217     008C                     	;# 
   218     008D                     	;# 
   219     008E                     	;# 
   220     0091                     	;# 
   221     0092                     	;# 
   222     0093                     	;# 
   223     0094                     	;# 
   224     0098                     	;# 
   225     0099                     	;# 
   226     009C                     	;# 
   227     009D                     	;# 
   228     009E                     	;# 
   229     009F                     	;# 
   230     010C                     	;# 
   231     010D                     	;# 
   232     010E                     	;# 
   233     010F                     	;# 
   234     018C                     	;# 
   235     018D                     	;# 
   236     0000                     	;# 
   237     0001                     	;# 
   238     0002                     	;# 
   239     0003                     	;# 
   240     0004                     	;# 
   241     0005                     	;# 
   242     0006                     	;# 
   243     0007                     	;# 
   244     0008                     	;# 
   245     0009                     	;# 
   246     000A                     	;# 
   247     000B                     	;# 
   248     000C                     	;# 
   249     000D                     	;# 
   250     000E                     	;# 
   251     000E                     	;# 
   252     000F                     	;# 
   253     0010                     	;# 
   254     0011                     	;# 
   255     0012                     	;# 
   256     0013                     	;# 
   257     0014                     	;# 
   258     0015                     	;# 
   259     0015                     	;# 
   260     0016                     	;# 
   261     0017                     	;# 
   262     0018                     	;# 
   263     0019                     	;# 
   264     001A                     	;# 
   265     001B                     	;# 
   266     001B                     	;# 
   267     001C                     	;# 
   268     001D                     	;# 
   269     001E                     	;# 
   270     001F                     	;# 
   271     0081                     	;# 
   272     0085                     	;# 
   273     0086                     	;# 
   274     0087                     	;# 
   275     0088                     	;# 
   276     0089                     	;# 
   277     008C                     	;# 
   278     008D                     	;# 
   279     008E                     	;# 
   280     0091                     	;# 
   281     0092                     	;# 
   282     0093                     	;# 
   283     0094                     	;# 
   284     0098                     	;# 
   285     0099                     	;# 
   286     009C                     	;# 
   287     009D                     	;# 
   288     009E                     	;# 
   289     009F                     	;# 
   290     010C                     	;# 
   291     010D                     	;# 
   292     010E                     	;# 
   293     010F                     	;# 
   294     018C                     	;# 
   295     018D                     	;# 
   296                           
   297                           	psect	idataBANK0
   298     05D0                     __pidataBANK0:
   299                           
   300                           ;initializer for main@digit
   301     05D0  343F               	retlw	63
   302     05D1  3406               	retlw	6
   303     05D2  345B               	retlw	91
   304     05D3  344F               	retlw	79
   305     05D4  3466               	retlw	102
   306     05D5  346D               	retlw	109
   307     05D6  347D               	retlw	125
   308     05D7  3407               	retlw	7
   309     05D8  347F               	retlw	127
   310     05D9  346F               	retlw	111
   311     05DA  3400               	retlw	0
   312                           
   313                           ;initializer for main@pre_key
   314     05DB  343F               	retlw	63
   315                           
   316                           ;initializer for read_digital_keypad@once
   317     05DC  3401               	retlw	1
   318                           
   319                           	psect	idataBANK1
   320     05F0                     __pidataBANK1:
   321                           
   322                           ;initializer for main@F864
   323     05F0  3408               	retlw	8
   324     05F1  3400               	retlw	0
   325     05F2  3408               	retlw	8
   326     05F3  3400               	retlw	0
   327     05F4  3407               	retlw	7
   328     05F5  3400               	retlw	0
   329     05F6  3400               	retlw	0
   330     05F7  3400               	retlw	0
   331     05F8  3404               	retlw	4
   332     05F9  3400               	retlw	0
   333     05FA  3405               	retlw	5
   334     05FB  3400               	retlw	0
   335     05FC  3401               	retlw	1
   336     05FD  3400               	retlw	0
   337     05FE  3404               	retlw	4
   338     05FF  3400               	retlw	0
   339     0600  3407               	retlw	7
   340     0601  3400               	retlw	0
   341     0602  3408               	retlw	8
   342     0603  3400               	retlw	0
   343     0604  340A               	retlw	10
   344     0605  3400               	retlw	0
   345     0606  340A               	retlw	10
   346     0607  3400               	retlw	0
   347     0008                     _PORTD	set	8
   348     0005                     _PORTA	set	5
   349     0006                     _PORTB	set	6
   350     0085                     _TRISA	set	133
   351     0088                     _TRISD	set	136
   352     0086                     _TRISB	set	134
   353                           
   354                           	psect	cinit
   355     07DC                     start_initialization:	
   356                           ; #config settings
   357                           
   358     07DC                     __initialization:
   359                           
   360                           ; Initialize objects allocated to BANK1
   361     07DC  1383               	bcf	3,7	;select IRP bank0
   362     07DD  30B8               	movlw	low (__pdataBANK1+24)
   363     07DE  00FD               	movwf	btemp+-1
   364     07DF  3005               	movlw	high __pidataBANK1
   365     07E0  00FE               	movwf	btemp
   366     07E1  30F0               	movlw	low __pidataBANK1
   367     07E2  00FF               	movwf	btemp+1
   368     07E3  30A0               	movlw	low __pdataBANK1
   369     07E4  0084               	movwf	4
   370     07E5  120A  118A  25E1  120A  118A  	fcall	init_ram0
   371                           
   372                           ; Initialize objects allocated to BANK0
   373     07EA  3055               	movlw	low (__pdataBANK0+13)
   374     07EB  00FD               	movwf	btemp+-1
   375     07EC  3005               	movlw	high __pidataBANK0
   376     07ED  00FE               	movwf	btemp
   377     07EE  30D0               	movlw	low __pidataBANK0
   378     07EF  00FF               	movwf	btemp+1
   379     07F0  3048               	movlw	low __pdataBANK0
   380     07F1  0084               	movwf	4
   381     07F2  120A  118A  25E1  120A  118A  	fcall	init_ram0
   382                           
   383                           ; Clear objects allocated to BANK0
   384     07F7  01D5               	clrf	__pbssBANK0& (0+127)
   385     07F8  01D6               	clrf	(__pbssBANK0+1)& (0+127)
   386     07F9  01D7               	clrf	(__pbssBANK0+2)& (0+127)
   387     07FA  01D8               	clrf	(__pbssBANK0+3)& (0+127)
   388     07FB  01D9               	clrf	(__pbssBANK0+4)& (0+127)
   389     07FC                     end_of_initialization:	
   390                           ;End of C runtime variable initialization code
   391                           
   392     07FC                     __end_of__initialization:
   393     07FC  0183               	clrf	3
   394     07FD  120A  118A  2E88   	ljmp	_main	;jump to C main() function
   395                           
   396                           	psect	bssBANK0
   397     0055                     __pbssBANK0:
   398     0055                     main@key:
   399     0055                     	ds	1
   400     0056                     main@ssd:
   401     0056                     	ds	4
   402                           
   403                           	psect	dataBANK0
   404     0048                     __pdataBANK0:
   405     0048                     main@digit:
   406     0048                     	ds	11
   407     0053                     main@pre_key:
   408     0053                     	ds	1
   409     0054                     read_digital_keypad@once:
   410     0054                     	ds	1
   411                           
   412                           	psect	dataBANK1
   413     00A0                     __pdataBANK1:
   414     00A0                     main@F864:
   415     00A0                     	ds	24
   416                           
   417                           	psect	inittext
   418     05DD                     init_fetch0:	
   419                           ;	Called with low address in FSR and high address in W
   420                           
   421     05DD  087E               	movf	btemp,w
   422     05DE  008A               	movwf	10
   423     05DF  087F               	movf	btemp+1,w
   424     05E0  0082               	movwf	2
   425     05E1                     init_ram0:	
   426                           ;Called with:
   427                           ;	high address of idata address in btemp 
   428                           ;	low address of idata address in btemp+1 
   429                           ;	low address of data in FSR
   430                           ;	high address + 1 of data in btemp-1
   431                           
   432     05E1  120A  118A  25DD  120A  118A  	fcall	init_fetch0
   433     05E6  0080               	movwf	0
   434     05E7  0A84               	incf	4,f
   435     05E8  0804               	movf	4,w
   436     05E9  067D               	xorwf	btemp+-1,w
   437     05EA  1903               	btfsc	3,2
   438     05EB  3400               	retlw	0
   439     05EC  0AFF               	incf	btemp+1,f
   440     05ED  1903               	btfsc	3,2
   441     05EE  0AFE               	incf	btemp,f
   442     05EF  2DE1               	goto	init_ram0
   443                           
   444                           	psect	cstackCOMMON
   445     0070                     __pcstackCOMMON:
   446     0070                     ?_init_ssd:
   447     0070                     ??_init_ssd:	
   448                           ; 1 bytes @ 0x0
   449                           
   450     0070                     ?_display:	
   451                           ; 1 bytes @ 0x0
   452                           
   453     0070                     ??_display:	
   454                           ; 1 bytes @ 0x0
   455                           
   456     0070                     ?_init_digital_keypad:	
   457                           ; 1 bytes @ 0x0
   458                           
   459     0070                     ??_init_digital_keypad:	
   460                           ; 1 bytes @ 0x0
   461                           
   462     0070                     ?_read_digital_keypad:	
   463                           ; 1 bytes @ 0x0
   464                           
   465     0070                     ??_read_digital_keypad:	
   466                           ; 1 bytes @ 0x0
   467                           
   468     0070                     ?_init_config:	
   469                           ; 1 bytes @ 0x0
   470                           
   471     0070                     ??_init_config:	
   472                           ; 1 bytes @ 0x0
   473                           
   474     0070                     ?_main:	
   475                           ; 1 bytes @ 0x0
   476                           
   477                           
   478                           ; 1 bytes @ 0x0
   479     0070                     	ds	1
   480     0071                     read_digital_keypad@mode:
   481                           
   482                           ; 1 bytes @ 0x1
   483     0071                     	ds	3
   484     0074                     display@wait:
   485                           
   486                           ; 4 bytes @ 0x4
   487     0074                     	ds	4
   488     0078                     display@data:
   489                           
   490                           ; 1 bytes @ 0x8
   491     0078                     	ds	1
   492     0079                     display@digit:
   493                           
   494                           ; 1 bytes @ 0x9
   495     0079                     	ds	1
   496     007A                     ??_main:
   497                           
   498                           ; 1 bytes @ 0xA
   499     007A                     	ds	4
   500                           
   501                           	psect	cstackBANK0
   502     0020                     __pcstackBANK0:
   503     0020                     main@temp:
   504                           
   505                           ; 2 bytes @ 0x0
   506     0020                     	ds	2
   507     0022                     main@temp_60:
   508                           
   509                           ; 2 bytes @ 0x2
   510     0022                     	ds	2
   511     0024                     main@temp_63:
   512                           
   513                           ; 2 bytes @ 0x4
   514     0024                     	ds	2
   515     0026                     main@wait:
   516                           
   517                           ; 2 bytes @ 0x6
   518     0026                     	ds	2
   519     0028                     main@arr:
   520                           
   521                           ; 24 bytes @ 0x8
   522     0028                     	ds	24
   523     0040                     main@i_58:
   524                           
   525                           ; 2 bytes @ 0x20
   526     0040                     	ds	2
   527     0042                     main@i_61:
   528                           
   529                           ; 2 bytes @ 0x22
   530     0042                     	ds	2
   531     0044                     main@i_64:
   532                           
   533                           ; 2 bytes @ 0x24
   534     0044                     	ds	2
   535     0046                     main@flag:
   536                           
   537                           ; 2 bytes @ 0x26
   538     0046                     	ds	2
   539                           
   540                           	psect	maintext
   541     0688                     __pmaintext:	
   542 ;;
   543 ;;Main: autosize = 0, tempsize = 4, incstack = 0, save=0
   544 ;;
   545 ;; *************** function _main *****************
   546 ;; Defined at:
   547 ;;		line 14 in file "main.c"
   548 ;; Parameters:    Size  Location     Type
   549 ;;		None
   550 ;; Auto vars:     Size  Location     Type
   551 ;;  i               2   36[BANK0 ] int 
   552 ;;  i               2   34[BANK0 ] int 
   553 ;;  i               2   32[BANK0 ] int 
   554 ;;  i               2    0        int 
   555 ;;  temp            2    4[BANK0 ] int 
   556 ;;  i               2    0        int 
   557 ;;  temp            2    2[BANK0 ] int 
   558 ;;  i               2    0        int 
   559 ;;  temp            2    0[BANK0 ] int 
   560 ;;  i               2    0        int 
   561 ;;  arr            24    8[BANK0 ] int [12]
   562 ;;  flag            2   38[BANK0 ] unsigned int 
   563 ;;  wait            2    6[BANK0 ] unsigned int 
   564 ;; Return value:  Size  Location     Type
   565 ;;                  1    wreg      void 
   566 ;; Registers used:
   567 ;;		wreg, fsr0l, fsr0h, status,2, status,0, btemp+1, pclath, cstack
   568 ;; Tracked objects:
   569 ;;		On entry : B00/0
   570 ;;		On exit  : 0/0
   571 ;;		Unchanged: 0/0
   572 ;; Data sizes:     COMMON   BANK0   BANK1   BANK3   BANK2
   573 ;;      Params:         0       0       0       0       0
   574 ;;      Locals:         0      40       0       0       0
   575 ;;      Temps:          4       0       0       0       0
   576 ;;      Totals:         4      40       0       0       0
   577 ;;Total ram usage:       44 bytes
   578 ;; Hardware stack levels required when called: 2
   579 ;; This function calls:
   580 ;;		_display
   581 ;;		_init_config
   582 ;;		_read_digital_keypad
   583 ;; This function is called by:
   584 ;;		Startup code after reset
   585 ;; This function uses a non-reentrant model
   586 ;;
   587                           
   588     0688                     _main:	
   589                           ;psect for function _main
   590                           
   591     0688                     l904:	
   592                           ;incstack = 0
   593                           ; Regs used in _main: [wreg-fsr0h+status,2+status,0+btemp+1+pclath+cstack]
   594                           
   595                           
   596                           ;main.c: 16:     {
   597     0688  120A  118A  25B9  120A  118A  	fcall	_init_config
   598     068D                     l906:
   599                           
   600                           ;main.c: 17:         if(flag==0);main.c: 18:         {;main.c: 19:             flag=1;
   601     068D  1283               	bcf	3,5	;RP0=0, select bank0
   602     068E  1303               	bcf	3,6	;RP1=0, select bank0
   603     068F  01C6               	clrf	main@flag
   604     0690  01C7               	clrf	main@flag+1
   605     0691                     l908:
   606     0691  01A6               	clrf	main@wait
   607     0692  01A7               	clrf	main@wait+1
   608     0693                     l910:
   609                           
   610                           ;main.c: 20:             int i=0;;main.c: 21:             ssd[0]=digit[(arr[i])];
   611     0693  3028               	movlw	main@arr& (0+255)
   612     0694  0084               	movwf	4
   613     0695  30A0               	movlw	low main@F864
   614     0696  00FA               	movwf	??_main
   615     0697  0804               	movf	4,w
   616     0698  00FB               	movwf	??_main+1
   617     0699  3018               	movlw	24
   618     069A  00FC               	movwf	??_main+2
   619     069B                     u300:
   620     069B  087A               	movf	??_main,w
   621     069C  0084               	movwf	4
   622     069D  1383               	bcf	3,7	;select IRP bank1
   623     069E  0800               	movf	0,w
   624     069F  00FD               	movwf	??_main+3
   625     06A0  0AFA               	incf	??_main,f
   626     06A1  087B               	movf	??_main+1,w
   627     06A2  0084               	movwf	4
   628     06A3  087D               	movf	??_main+3,w
   629     06A4  0080               	movwf	0
   630     06A5  0AFB               	incf	??_main+1,f
   631     06A6  0BFC               	decfsz	??_main+2,f
   632     06A7  2E9B               	goto	u300
   633     06A8                     l912:
   634                           
   635                           ;main.c: 23:             ssd[2]=digit[(arr[i+2])];;main.c: 24:             ssd[3]=digit[
      +                          (arr[i+3])];
   636     06A8  1283               	bcf	3,5	;RP0=0, select bank0
   637     06A9  1303               	bcf	3,6	;RP1=0, select bank0
   638     06AA  0846               	movf	main@flag,w
   639     06AB  0447               	iorwf	main@flag+1,w
   640     06AC  1D03               	btfss	3,2
   641     06AD  2EAF               	goto	u311
   642     06AE  2EB0               	goto	u310
   643     06AF                     u311:
   644     06AF  2EC9               	goto	l926
   645     06B0                     u310:
   646     06B0                     l914:
   647                           
   648                           ;main.c: 25:         };main.c: 26:         key=read_digital_keypad(1);
   649     06B0  3001               	movlw	1
   650     06B1  00C6               	movwf	main@flag
   651     06B2  3000               	movlw	0
   652     06B3  00C7               	movwf	main@flag+1
   653     06B4                     l916:
   654     06B4                     l918:
   655                           
   656                           ;main.c: 28:         {
   657     06B4  0828               	movf	main@arr,w
   658     06B5  3E48               	addlw	(low (main@digit| 0))& (0+255)
   659     06B6  0084               	movwf	4
   660     06B7  1383               	bcf	3,7	;select IRP bank0
   661     06B8  0800               	movf	0,w
   662     06B9  00D6               	movwf	main@ssd
   663     06BA                     l920:
   664                           
   665                           ;main.c: 29:             pre_key=key;
   666     06BA  082A               	movf	main@arr+2,w
   667     06BB  3E48               	addlw	(low (main@digit| 0))& (0+255)
   668     06BC  0084               	movwf	4
   669     06BD  0800               	movf	0,w
   670     06BE  00D7               	movwf	main@ssd+1
   671     06BF                     l922:
   672                           
   673                           ;main.c: 30:         }
   674     06BF  082C               	movf	main@arr+4,w
   675     06C0  3E48               	addlw	(low (main@digit| 0))& (0+255)
   676     06C1  0084               	movwf	4
   677     06C2  0800               	movf	0,w
   678     06C3  00D8               	movwf	main@ssd+2
   679     06C4                     l924:
   680                           
   681                           ;main.c: 31:         if(wait++ ==75)
   682     06C4  082E               	movf	main@arr+6,w
   683     06C5  3E48               	addlw	(low (main@digit| 0))& (0+255)
   684     06C6  0084               	movwf	4
   685     06C7  0800               	movf	0,w
   686     06C8  00D9               	movwf	main@ssd+3
   687     06C9                     l926:
   688                           
   689                           ;main.c: 33:             wait=0;
   690     06C9  3001               	movlw	1
   691     06CA  120A  118A  2608  120A  118A  	fcall	_read_digital_keypad
   692     06CF  1283               	bcf	3,5	;RP0=0, select bank0
   693     06D0  1303               	bcf	3,6	;RP1=0, select bank0
   694     06D1  00D5               	movwf	main@key
   695     06D2                     l928:
   696                           
   697                           ;main.c: 34:             if((flag==1)&&(pre_key==0x3F))
   698     06D2  303F               	movlw	63
   699     06D3  0655               	xorwf	main@key,w
   700     06D4  1903               	btfsc	3,2
   701     06D5  2ED7               	goto	u321
   702     06D6  2ED8               	goto	u320
   703     06D7                     u321:
   704     06D7  2EDA               	goto	l932
   705     06D8                     u320:
   706     06D8                     l930:
   707                           
   708                           ;main.c: 35:             {;main.c: 36:                 int temp=arr[0];
   709     06D8  0855               	movf	main@key,w
   710     06D9  00D3               	movwf	main@pre_key
   711     06DA                     l932:
   712                           
   713                           ;main.c: 38:                 {
   714     06DA  3001               	movlw	1
   715     06DB  07A6               	addwf	main@wait,f
   716     06DC  1803               	skipnc
   717     06DD  0AA7               	incf	main@wait+1,f
   718     06DE  3000               	movlw	0
   719     06DF  07A7               	addwf	main@wait+1,f
   720     06E0  304C               	movlw	76
   721     06E1  0626               	xorwf	main@wait,w
   722     06E2  0427               	iorwf	main@wait+1,w
   723     06E3  1D03               	btfss	3,2
   724     06E4  2EE6               	goto	u331
   725     06E5  2EE7               	goto	u330
   726     06E6                     u331:
   727     06E6  2FD2               	goto	l1022
   728     06E7                     u330:
   729     06E7                     l934:
   730                           
   731                           ;main.c: 39:                     arr[i-1]=arr[i];;main.c: 40:                 }
   732     06E7  01A6               	clrf	main@wait
   733     06E8  01A7               	clrf	main@wait+1
   734     06E9                     l936:
   735                           
   736                           ;main.c: 41:                 arr[12 -1]=temp;
   737     06E9  0346               	decf	main@flag,w
   738     06EA  0447               	iorwf	main@flag+1,w
   739     06EB  1D03               	btfss	3,2
   740     06EC  2EEE               	goto	u341
   741     06ED  2EEF               	goto	u340
   742     06EE                     u341:
   743     06EE  2F44               	goto	l964
   744     06EF                     u340:
   745     06EF                     l938:
   746     06EF  303F               	movlw	63
   747     06F0  0653               	xorwf	main@pre_key,w
   748     06F1  1D03               	btfss	3,2
   749     06F2  2EF4               	goto	u351
   750     06F3  2EF5               	goto	u350
   751     06F4                     u351:
   752     06F4  2F44               	goto	l964
   753     06F5                     u350:
   754     06F5                     l940:
   755                           
   756                           ;main.c: 42:                 int i=0;;main.c: 43:                 ssd[0]=digit[(arr[i])]
      +                          ;
   757     06F5  0829               	movf	main@arr+1,w
   758     06F6  00A1               	movwf	main@temp+1
   759     06F7  0828               	movf	main@arr,w
   760     06F8  00A0               	movwf	main@temp
   761                           
   762                           ;main.c: 44:                 ssd[1]=digit[(arr[i+1])];
   763     06F9  3001               	movlw	1
   764     06FA  00C0               	movwf	main@i_58
   765     06FB  3000               	movlw	0
   766     06FC  00C1               	movwf	main@i_58+1
   767     06FD                     l946:
   768                           
   769                           ;main.c: 45:                 ssd[2]=digit[(arr[i+2])];;main.c: 46:                 ssd[3
      +                          ]=digit[(arr[i+3])];
   770     06FD  1283               	bcf	3,5	;RP0=0, select bank0
   771     06FE  1303               	bcf	3,6	;RP1=0, select bank0
   772     06FF  0840               	movf	main@i_58,w
   773     0700  00FA               	movwf	??_main
   774     0701  077A               	addwf	??_main,w
   775     0702  3E28               	addlw	(low (main@arr| 0))& (0+255)
   776     0703  0084               	movwf	4
   777     0704  1383               	bcf	3,7	;select IRP bank0
   778     0705  0800               	movf	0,w
   779     0706  00FB               	movwf	??_main+1
   780     0707  0A84               	incf	4,f
   781     0708  0800               	movf	0,w
   782     0709  00FC               	movwf	??_main+2
   783     070A  0840               	movf	main@i_58,w
   784     070B  00FD               	movwf	??_main+3
   785     070C  077D               	addwf	??_main+3,w
   786     070D  3EFE               	addlw	254
   787     070E  3E28               	addlw	(low (main@arr| 0))& (0+255)
   788     070F  0084               	movwf	4
   789     0710  087B               	movf	??_main+1,w
   790     0711  0080               	movwf	0
   791     0712  0A84               	incf	4,f
   792     0713  087C               	movf	??_main+2,w
   793     0714  0080               	movwf	0
   794     0715                     l948:
   795                           
   796                           ;main.c: 47:             }
   797     0715  3001               	movlw	1
   798     0716  07C0               	addwf	main@i_58,f
   799     0717  1803               	skipnc
   800     0718  0AC1               	incf	main@i_58+1,f
   801     0719  3000               	movlw	0
   802     071A  07C1               	addwf	main@i_58+1,f
   803     071B                     l950:
   804     071B  0841               	movf	main@i_58+1,w
   805     071C  3A80               	xorlw	128
   806     071D  00FF               	movwf	btemp+1
   807     071E  3080               	movlw	128
   808     071F  027F               	subwf	btemp+1,w
   809     0720  1D03               	skipz
   810     0721  2F24               	goto	u365
   811     0722  300C               	movlw	12
   812     0723  0240               	subwf	main@i_58,w
   813     0724                     u365:
   814     0724  1C03               	skipc
   815     0725  2F27               	goto	u361
   816     0726  2F28               	goto	u360
   817     0727                     u361:
   818     0727  2EFD               	goto	l946
   819     0728                     u360:
   820     0728                     l952:
   821                           
   822                           ;main.c: 48:             else if((flag==1)&&(pre_key==0x3E))
   823     0728  1283               	bcf	3,5	;RP0=0, select bank0
   824     0729  1303               	bcf	3,6	;RP1=0, select bank0
   825     072A  0821               	movf	main@temp+1,w
   826     072B  00BF               	movwf	main@arr+23
   827     072C  0820               	movf	main@temp,w
   828     072D  00BE               	movwf	main@arr+22
   829     072E                     l954:
   830     072E                     l956:
   831                           
   832                           ;main.c: 50:                 int temp=arr[12 -1];
   833     072E  0828               	movf	main@arr,w
   834     072F  3E48               	addlw	(low (main@digit| 0))& (0+255)
   835     0730  0084               	movwf	4
   836     0731  1383               	bcf	3,7	;select IRP bank0
   837     0732  0800               	movf	0,w
   838     0733  00D6               	movwf	main@ssd
   839     0734                     l958:
   840                           
   841                           ;main.c: 51:                 for(int i=12 -1;i>0;i--)
   842     0734  082A               	movf	main@arr+2,w
   843     0735  3E48               	addlw	(low (main@digit| 0))& (0+255)
   844     0736  0084               	movwf	4
   845     0737  0800               	movf	0,w
   846     0738  00D7               	movwf	main@ssd+1
   847     0739                     l960:
   848                           
   849                           ;main.c: 52:                 {
   850     0739  082C               	movf	main@arr+4,w
   851     073A  3E48               	addlw	(low (main@digit| 0))& (0+255)
   852     073B  0084               	movwf	4
   853     073C  0800               	movf	0,w
   854     073D  00D8               	movwf	main@ssd+2
   855     073E                     l962:
   856                           
   857                           ;main.c: 53:                     arr[i]=arr[i-1];
   858     073E  082E               	movf	main@arr+6,w
   859     073F  3E48               	addlw	(low (main@digit| 0))& (0+255)
   860     0740  0084               	movwf	4
   861     0741  0800               	movf	0,w
   862     0742  00D9               	movwf	main@ssd+3
   863                           
   864                           ;main.c: 54:                 }
   865     0743  2FD2               	goto	l1022
   866     0744                     l964:
   867     0744  0346               	decf	main@flag,w
   868     0745  0447               	iorwf	main@flag+1,w
   869     0746  1D03               	btfss	3,2
   870     0747  2F49               	goto	u371
   871     0748  2F4A               	goto	u370
   872     0749                     u371:
   873     0749  2F8A               	goto	l992
   874     074A                     u370:
   875     074A                     l966:
   876     074A  303E               	movlw	62
   877     074B  0653               	xorwf	main@pre_key,w
   878     074C  1D03               	btfss	3,2
   879     074D  2F4F               	goto	u381
   880     074E  2F50               	goto	u380
   881     074F                     u381:
   882     074F  2F8A               	goto	l992
   883     0750                     u380:
   884     0750                     l968:
   885                           
   886                           ;main.c: 56:                 int i=0;;main.c: 57:                 ssd[0]=digit[(arr[i])]
      +                          ;
   887     0750  083F               	movf	main@arr+23,w
   888     0751  00A3               	movwf	main@temp_60+1
   889     0752  083E               	movf	main@arr+22,w
   890     0753  00A2               	movwf	main@temp_60
   891                           
   892                           ;main.c: 58:                 ssd[1]=digit[(arr[i+1])];
   893     0754  300B               	movlw	11
   894     0755  00C2               	movwf	main@i_61
   895     0756  3000               	movlw	0
   896     0757  00C3               	movwf	main@i_61+1
   897     0758                     l974:
   898                           
   899                           ;main.c: 59:                 ssd[2]=digit[(arr[i+2])];;main.c: 60:                 ssd[3
      +                          ]=digit[(arr[i+3])];
   900     0758  1283               	bcf	3,5	;RP0=0, select bank0
   901     0759  1303               	bcf	3,6	;RP1=0, select bank0
   902     075A  0842               	movf	main@i_61,w
   903     075B  00FA               	movwf	??_main
   904     075C  077A               	addwf	??_main,w
   905     075D  3EFE               	addlw	254
   906     075E  3E28               	addlw	(low (main@arr| 0))& (0+255)
   907     075F  0084               	movwf	4
   908     0760  1383               	bcf	3,7	;select IRP bank0
   909     0761  0800               	movf	0,w
   910     0762  00FB               	movwf	??_main+1
   911     0763  0A84               	incf	4,f
   912     0764  0800               	movf	0,w
   913     0765  00FC               	movwf	??_main+2
   914     0766  0842               	movf	main@i_61,w
   915     0767  00FD               	movwf	??_main+3
   916     0768  077D               	addwf	??_main+3,w
   917     0769  3E28               	addlw	(low (main@arr| 0))& (0+255)
   918     076A  0084               	movwf	4
   919     076B  087B               	movf	??_main+1,w
   920     076C  0080               	movwf	0
   921     076D  0A84               	incf	4,f
   922     076E  087C               	movf	??_main+2,w
   923     076F  0080               	movwf	0
   924     0770                     l976:
   925                           
   926                           ;main.c: 61:             }
   927     0770  30FF               	movlw	255
   928     0771  07C2               	addwf	main@i_61,f
   929     0772  1803               	skipnc
   930     0773  0AC3               	incf	main@i_61+1,f
   931     0774  30FF               	movlw	255
   932     0775  07C3               	addwf	main@i_61+1,f
   933     0776                     l978:
   934     0776  0843               	movf	main@i_61+1,w
   935     0777  3A80               	xorlw	128
   936     0778  00FF               	movwf	btemp+1
   937     0779  3080               	movlw	128
   938     077A  027F               	subwf	btemp+1,w
   939     077B  1D03               	skipz
   940     077C  2F7F               	goto	u395
   941     077D  3001               	movlw	1
   942     077E  0242               	subwf	main@i_61,w
   943     077F                     u395:
   944     077F  1803               	skipnc
   945     0780  2F82               	goto	u391
   946     0781  2F83               	goto	u390
   947     0782                     u391:
   948     0782  2F58               	goto	l974
   949     0783                     u390:
   950     0783                     l980:
   951                           
   952                           ;main.c: 62:             else if((flag==1)&&(pre_key==0x3D))
   953     0783  1283               	bcf	3,5	;RP0=0, select bank0
   954     0784  1303               	bcf	3,6	;RP1=0, select bank0
   955     0785  0823               	movf	main@temp_60+1,w
   956     0786  00A9               	movwf	main@arr+1
   957     0787  0822               	movf	main@temp_60,w
   958     0788  00A8               	movwf	main@arr
   959     0789                     l982:
   960     0789  2F2E               	goto	l956
   961     078A                     l992:
   962     078A  0346               	decf	main@flag,w
   963     078B  0447               	iorwf	main@flag+1,w
   964     078C  1D03               	btfss	3,2
   965     078D  2F8F               	goto	u401
   966     078E  2F90               	goto	u400
   967     078F                     u401:
   968     078F  2FD0               	goto	l1020
   969     0790                     u400:
   970     0790                     l994:
   971     0790  303D               	movlw	61
   972     0791  0653               	xorwf	main@pre_key,w
   973     0792  1D03               	btfss	3,2
   974     0793  2F95               	goto	u411
   975     0794  2F96               	goto	u410
   976     0795                     u411:
   977     0795  2FD0               	goto	l1020
   978     0796                     u410:
   979     0796                     l996:
   980                           
   981                           ;main.c: 70:                 int i=0;;main.c: 71:                 ssd[0]=digit[(arr[i])]
      +                          ;
   982     0796  0829               	movf	main@arr+1,w
   983     0797  00A5               	movwf	main@temp_63+1
   984     0798  0828               	movf	main@arr,w
   985     0799  00A4               	movwf	main@temp_63
   986                           
   987                           ;main.c: 72:                 ssd[1]=digit[(arr[i+1])];
   988     079A  3001               	movlw	1
   989     079B  00C4               	movwf	main@i_64
   990     079C  3000               	movlw	0
   991     079D  00C5               	movwf	main@i_64+1
   992     079E                     l1002:
   993                           
   994                           ;main.c: 73:                 ssd[2]=digit[(arr[i+2])];;main.c: 74:                 ssd[3
      +                          ]=digit[(arr[i+3])];
   995     079E  1283               	bcf	3,5	;RP0=0, select bank0
   996     079F  1303               	bcf	3,6	;RP1=0, select bank0
   997     07A0  0844               	movf	main@i_64,w
   998     07A1  00FA               	movwf	??_main
   999     07A2  077A               	addwf	??_main,w
  1000     07A3  3E28               	addlw	(low (main@arr| 0))& (0+255)
  1001     07A4  0084               	movwf	4
  1002     07A5  1383               	bcf	3,7	;select IRP bank0
  1003     07A6  0800               	movf	0,w
  1004     07A7  00FB               	movwf	??_main+1
  1005     07A8  0A84               	incf	4,f
  1006     07A9  0800               	movf	0,w
  1007     07AA  00FC               	movwf	??_main+2
  1008     07AB  0844               	movf	main@i_64,w
  1009     07AC  00FD               	movwf	??_main+3
  1010     07AD  077D               	addwf	??_main+3,w
  1011     07AE  3EFE               	addlw	254
  1012     07AF  3E28               	addlw	(low (main@arr| 0))& (0+255)
  1013     07B0  0084               	movwf	4
  1014     07B1  087B               	movf	??_main+1,w
  1015     07B2  0080               	movwf	0
  1016     07B3  0A84               	incf	4,f
  1017     07B4  087C               	movf	??_main+2,w
  1018     07B5  0080               	movwf	0
  1019     07B6                     l1004:
  1020                           
  1021                           ;main.c: 75:             }
  1022     07B6  3001               	movlw	1
  1023     07B7  07C4               	addwf	main@i_64,f
  1024     07B8  1803               	skipnc
  1025     07B9  0AC5               	incf	main@i_64+1,f
  1026     07BA  3000               	movlw	0
  1027     07BB  07C5               	addwf	main@i_64+1,f
  1028     07BC                     l1006:
  1029     07BC  0845               	movf	main@i_64+1,w
  1030     07BD  3A80               	xorlw	128
  1031     07BE  00FF               	movwf	btemp+1
  1032     07BF  3080               	movlw	128
  1033     07C0  027F               	subwf	btemp+1,w
  1034     07C1  1D03               	skipz
  1035     07C2  2FC5               	goto	u425
  1036     07C3  300C               	movlw	12
  1037     07C4  0244               	subwf	main@i_64,w
  1038     07C5                     u425:
  1039     07C5  1C03               	skipc
  1040     07C6  2FC8               	goto	u421
  1041     07C7  2FC9               	goto	u420
  1042     07C8                     u421:
  1043     07C8  2F9E               	goto	l1002
  1044     07C9                     u420:
  1045     07C9                     l1008:
  1046                           
  1047                           ;main.c: 76:             else
  1048     07C9  1283               	bcf	3,5	;RP0=0, select bank0
  1049     07CA  1303               	bcf	3,6	;RP1=0, select bank0
  1050     07CB  0825               	movf	main@temp_63+1,w
  1051     07CC  00BF               	movwf	main@arr+23
  1052     07CD  0824               	movf	main@temp_63,w
  1053     07CE  00BE               	movwf	main@arr+22
  1054     07CF                     l1010:
  1055     07CF  2F2E               	goto	l956
  1056     07D0                     l1020:
  1057     07D0  01C6               	clrf	main@flag
  1058     07D1  01C7               	clrf	main@flag+1
  1059     07D2                     l1022:
  1060     07D2  3056               	movlw	(low (main@ssd| 0))& (0+255)
  1061     07D3  120A  118A  2632  120A  118A  	fcall	_display
  1062     07D8  2EA8               	goto	l912
  1063     07D9  120A  118A  2800   	ljmp	start
  1064     07DC                     __end_of_main:
  1065                           
  1066                           	psect	text1
  1067     0608                     __ptext1:	
  1068 ;; *************** function _read_digital_keypad *****************
  1069 ;; Defined at:
  1070 ;;		line 10 in file "digital_keypad.c"
  1071 ;; Parameters:    Size  Location     Type
  1072 ;;  mode            1    wreg     unsigned char 
  1073 ;; Auto vars:     Size  Location     Type
  1074 ;;  mode            1    1[COMMON] unsigned char 
  1075 ;; Return value:  Size  Location     Type
  1076 ;;                  1    wreg      unsigned char 
  1077 ;; Registers used:
  1078 ;;		wreg, status,2, status,0
  1079 ;; Tracked objects:
  1080 ;;		On entry : 0/0
  1081 ;;		On exit  : 0/0
  1082 ;;		Unchanged: 0/0
  1083 ;; Data sizes:     COMMON   BANK0   BANK1   BANK3   BANK2
  1084 ;;      Params:         0       0       0       0       0
  1085 ;;      Locals:         1       0       0       0       0
  1086 ;;      Temps:          1       0       0       0       0
  1087 ;;      Totals:         2       0       0       0       0
  1088 ;;Total ram usage:        2 bytes
  1089 ;; Hardware stack levels used: 1
  1090 ;; This function calls:
  1091 ;;		Nothing
  1092 ;; This function is called by:
  1093 ;;		_main
  1094 ;; This function uses a non-reentrant model
  1095 ;;
  1096                           
  1097     0608                     _read_digital_keypad:	
  1098                           ;psect for function _read_digital_keypad
  1099                           
  1100                           
  1101                           ;incstack = 0
  1102                           ; Regs used in _read_digital_keypad: [wreg+status,2+status,0]
  1103                           ;read_digital_keypad@mode stored from wreg
  1104     0608  00F1               	movwf	read_digital_keypad@mode
  1105     0609                     l856:
  1106                           
  1107                           ;digital_keypad.c: 10: unsigned char read_digital_keypad(unsigned char mode);digital_key
      +                          pad.c: 11: {;digital_keypad.c: 12:     static unsigned char once = 1;;digital_keypad.c: 
      +                          14:     if (mode == 0)
  1108     0609  0871               	movf	read_digital_keypad@mode,w
  1109     060A  1D03               	btfss	3,2
  1110     060B  2E0D               	goto	u221
  1111     060C  2E0E               	goto	u220
  1112     060D                     u221:
  1113     060D  2E13               	goto	l864
  1114     060E                     u220:
  1115     060E                     l858:
  1116                           
  1117                           ;digital_keypad.c: 15:     {;digital_keypad.c: 16:         return PORTB & 0x3F;
  1118     060E  1283               	bcf	3,5	;RP0=0, select bank0
  1119     060F  1303               	bcf	3,6	;RP1=0, select bank0
  1120     0610  0806               	movf	6,w	;volatile
  1121     0611  393F               	andlw	63
  1122     0612  2E31               	goto	l13
  1123     0613                     l864:
  1124                           
  1125                           ;digital_keypad.c: 19:     {;digital_keypad.c: 20:         if (((PORTB & 0x3F) != 0x3F) 
      +                          && once)
  1126     0613  303F               	movlw	63
  1127     0614  1283               	bcf	3,5	;RP0=0, select bank0
  1128     0615  1303               	bcf	3,6	;RP1=0, select bank0
  1129     0616  0506               	andwf	6,w	;volatile
  1130     0617  00F0               	movwf	??_read_digital_keypad
  1131     0618  303F               	movlw	63
  1132     0619  0670               	xorwf	??_read_digital_keypad,w
  1133     061A  1903               	btfsc	3,2
  1134     061B  2E1D               	goto	u231
  1135     061C  2E1E               	goto	u230
  1136     061D                     u231:
  1137     061D  2E25               	goto	l876
  1138     061E                     u230:
  1139     061E                     l866:
  1140     061E  0854               	movf	read_digital_keypad@once,w
  1141     061F  1903               	btfsc	3,2
  1142     0620  2E22               	goto	u241
  1143     0621  2E23               	goto	u240
  1144     0622                     u241:
  1145     0622  2E25               	goto	l876
  1146     0623                     u240:
  1147     0623                     l868:
  1148                           
  1149                           ;digital_keypad.c: 21:         {;digital_keypad.c: 22:             once = 0;
  1150     0623  01D4               	clrf	read_digital_keypad@once
  1151     0624  2E0E               	goto	l858
  1152     0625                     l876:
  1153     0625  303F               	movlw	63
  1154     0626  0506               	andwf	6,w	;volatile
  1155     0627  00F0               	movwf	??_read_digital_keypad
  1156     0628  303F               	movlw	63
  1157     0629  0670               	xorwf	??_read_digital_keypad,w
  1158     062A  1D03               	btfss	3,2
  1159     062B  2E2D               	goto	u251
  1160     062C  2E2E               	goto	u250
  1161     062D                     u251:
  1162     062D  2E30               	goto	l880
  1163     062E                     u250:
  1164     062E                     l878:
  1165                           
  1166                           ;digital_keypad.c: 27:         {;digital_keypad.c: 28:             once = 1;
  1167     062E  01D4               	clrf	read_digital_keypad@once
  1168     062F  0AD4               	incf	read_digital_keypad@once,f
  1169     0630                     l880:
  1170                           
  1171                           ;digital_keypad.c: 32:     return 0x3F;
  1172     0630  303F               	movlw	63
  1173     0631                     l13:
  1174     0631  0008               	return
  1175     0632                     __end_of_read_digital_keypad:
  1176                           
  1177                           	psect	text2
  1178     05B9                     __ptext2:	
  1179 ;; *************** function _init_config *****************
  1180 ;; Defined at:
  1181 ;;		line 8 in file "main.c"
  1182 ;; Parameters:    Size  Location     Type
  1183 ;;		None
  1184 ;; Auto vars:     Size  Location     Type
  1185 ;;		None
  1186 ;; Return value:  Size  Location     Type
  1187 ;;                  1    wreg      void 
  1188 ;; Registers used:
  1189 ;;		wreg, status,2, status,0, pclath, cstack
  1190 ;; Tracked objects:
  1191 ;;		On entry : 0/0
  1192 ;;		On exit  : 0/0
  1193 ;;		Unchanged: 0/0
  1194 ;; Data sizes:     COMMON   BANK0   BANK1   BANK3   BANK2
  1195 ;;      Params:         0       0       0       0       0
  1196 ;;      Locals:         0       0       0       0       0
  1197 ;;      Temps:          0       0       0       0       0
  1198 ;;      Totals:         0       0       0       0       0
  1199 ;;Total ram usage:        0 bytes
  1200 ;; Hardware stack levels used: 1
  1201 ;; Hardware stack levels required when called: 1
  1202 ;; This function calls:
  1203 ;;		_init_digital_keypad
  1204 ;;		_init_ssd
  1205 ;; This function is called by:
  1206 ;;		_main
  1207 ;; This function uses a non-reentrant model
  1208 ;;
  1209                           
  1210     05B9                     _init_config:	
  1211                           ;psect for function _init_config
  1212                           
  1213     05B9                     l884:	
  1214                           ;incstack = 0
  1215                           ; Regs used in _init_config: [wreg+status,2+status,0+pclath+cstack]
  1216                           
  1217                           
  1218                           ;main.c: 10:     static unsigned char ssd[4];
  1219     05B9  120A  118A  25C4  120A  118A  	fcall	_init_ssd
  1220                           
  1221                           ;main.c: 11:     static unsigned char digit[]={0x3F,0x06,0x5B,0x4F,0x66,0x6D,0x7D,0x07,0
      +                          x7F,0x6F,0x00};
  1222     05BE  120A  118A  25B3  120A  118A  	fcall	_init_digital_keypad
  1223     05C3                     l28:
  1224     05C3  0008               	return
  1225     05C4                     __end_of_init_config:
  1226                           
  1227                           	psect	text3
  1228     05C4                     __ptext3:	
  1229 ;; *************** function _init_ssd *****************
  1230 ;; Defined at:
  1231 ;;		line 4 in file "ssd.c"
  1232 ;; Parameters:    Size  Location     Type
  1233 ;;		None
  1234 ;; Auto vars:     Size  Location     Type
  1235 ;;		None
  1236 ;; Return value:  Size  Location     Type
  1237 ;;                  1    wreg      void 
  1238 ;; Registers used:
  1239 ;;		wreg, status,2
  1240 ;; Tracked objects:
  1241 ;;		On entry : 0/0
  1242 ;;		On exit  : 0/0
  1243 ;;		Unchanged: 0/0
  1244 ;; Data sizes:     COMMON   BANK0   BANK1   BANK3   BANK2
  1245 ;;      Params:         0       0       0       0       0
  1246 ;;      Locals:         0       0       0       0       0
  1247 ;;      Temps:          0       0       0       0       0
  1248 ;;      Totals:         0       0       0       0       0
  1249 ;;Total ram usage:        0 bytes
  1250 ;; Hardware stack levels used: 1
  1251 ;; This function calls:
  1252 ;;		Nothing
  1253 ;; This function is called by:
  1254 ;;		_init_config
  1255 ;; This function uses a non-reentrant model
  1256 ;;
  1257                           
  1258     05C4                     _init_ssd:	
  1259                           ;psect for function _init_ssd
  1260                           
  1261     05C4                     l850:	
  1262                           ;incstack = 0
  1263                           ; Regs used in _init_ssd: [wreg+status,2]
  1264                           
  1265                           
  1266                           ;ssd.c: 7:     TRISD = 0x00;
  1267     05C4  1683               	bsf	3,5	;RP0=1, select bank1
  1268     05C5  1303               	bcf	3,6	;RP1=0, select bank1
  1269     05C6  0188               	clrf	8	;volatile
  1270     05C7                     l852:
  1271                           
  1272                           ;ssd.c: 10:     TRISA = TRISA & 0x03;
  1273     05C7  0805               	movf	5,w	;volatile
  1274     05C8  3903               	andlw	3
  1275     05C9  0085               	movwf	5	;volatile
  1276     05CA                     l854:
  1277                           
  1278                           ;ssd.c: 12:     PORTA = PORTA & 0x03;
  1279     05CA  1283               	bcf	3,5	;RP0=0, select bank0
  1280     05CB  1303               	bcf	3,6	;RP1=0, select bank0
  1281     05CC  0805               	movf	5,w	;volatile
  1282     05CD  3903               	andlw	3
  1283     05CE  0085               	movwf	5	;volatile
  1284     05CF                     l72:
  1285     05CF  0008               	return
  1286     05D0                     __end_of_init_ssd:
  1287                           
  1288                           	psect	text4
  1289     05B3                     __ptext4:	
  1290 ;; *************** function _init_digital_keypad *****************
  1291 ;; Defined at:
  1292 ;;		line 4 in file "digital_keypad.c"
  1293 ;; Parameters:    Size  Location     Type
  1294 ;;		None
  1295 ;; Auto vars:     Size  Location     Type
  1296 ;;		None
  1297 ;; Return value:  Size  Location     Type
  1298 ;;                  1    wreg      void 
  1299 ;; Registers used:
  1300 ;;		wreg, status,2
  1301 ;; Tracked objects:
  1302 ;;		On entry : 0/0
  1303 ;;		On exit  : 0/0
  1304 ;;		Unchanged: 0/0
  1305 ;; Data sizes:     COMMON   BANK0   BANK1   BANK3   BANK2
  1306 ;;      Params:         0       0       0       0       0
  1307 ;;      Locals:         0       0       0       0       0
  1308 ;;      Temps:          0       0       0       0       0
  1309 ;;      Totals:         0       0       0       0       0
  1310 ;;Total ram usage:        0 bytes
  1311 ;; Hardware stack levels used: 1
  1312 ;; This function calls:
  1313 ;;		Nothing
  1314 ;; This function is called by:
  1315 ;;		_init_config
  1316 ;; This function uses a non-reentrant model
  1317 ;;
  1318                           
  1319     05B3                     _init_digital_keypad:	
  1320                           ;psect for function _init_digital_keypad
  1321                           
  1322     05B3                     l848:	
  1323                           ;incstack = 0
  1324                           ; Regs used in _init_digital_keypad: [wreg+status,2]
  1325                           
  1326                           
  1327                           ;digital_keypad.c: 7:     TRISB = TRISB | 0x3F;
  1328     05B3  1683               	bsf	3,5	;RP0=1, select bank1
  1329     05B4  1303               	bcf	3,6	;RP1=0, select bank1
  1330     05B5  0806               	movf	6,w	;volatile
  1331     05B6  383F               	iorlw	63
  1332     05B7  0086               	movwf	6	;volatile
  1333     05B8                     l7:
  1334     05B8  0008               	return
  1335     05B9                     __end_of_init_digital_keypad:
  1336                           
  1337                           	psect	text5
  1338     0632                     __ptext5:	
  1339 ;; *************** function _display *****************
  1340 ;; Defined at:
  1341 ;;		line 15 in file "ssd.c"
  1342 ;; Parameters:    Size  Location     Type
  1343 ;;  data            1    wreg     PTR unsigned char 
  1344 ;;		 -> main@ssd(4), 
  1345 ;; Auto vars:     Size  Location     Type
  1346 ;;  data            1    8[COMMON] PTR unsigned char 
  1347 ;;		 -> main@ssd(4), 
  1348 ;;  wait            4    4[COMMON] unsigned long 
  1349 ;;  digit           1    9[COMMON] unsigned char 
  1350 ;; Return value:  Size  Location     Type
  1351 ;;                  1    wreg      void 
  1352 ;; Registers used:
  1353 ;;		wreg, fsr0l, fsr0h, status,2, status,0, btemp+1
  1354 ;; Tracked objects:
  1355 ;;		On entry : 0/0
  1356 ;;		On exit  : 0/0
  1357 ;;		Unchanged: 0/0
  1358 ;; Data sizes:     COMMON   BANK0   BANK1   BANK3   BANK2
  1359 ;;      Params:         0       0       0       0       0
  1360 ;;      Locals:         6       0       0       0       0
  1361 ;;      Temps:          4       0       0       0       0
  1362 ;;      Totals:        10       0       0       0       0
  1363 ;;Total ram usage:       10 bytes
  1364 ;; Hardware stack levels used: 1
  1365 ;; This function calls:
  1366 ;;		Nothing
  1367 ;; This function is called by:
  1368 ;;		_main
  1369 ;; This function uses a non-reentrant model
  1370 ;;
  1371                           
  1372     0632                     _display:	
  1373                           ;psect for function _display
  1374                           
  1375                           
  1376                           ;incstack = 0
  1377                           ; Regs used in _display: [wreg-fsr0h+status,2+status,0+btemp+1]
  1378                           ;display@data stored from wreg
  1379     0632  00F8               	movwf	display@data
  1380     0633                     l886:
  1381                           
  1382                           ;ssd.c: 15: void display(unsigned char data[]);ssd.c: 16: {;ssd.c: 17:     unsigned char
      +                           digit;;ssd.c: 19:     for (digit = 0; digit < 4; digit++)
  1383     0633  01F9               	clrf	display@digit
  1384     0634                     l892:
  1385                           
  1386                           ;ssd.c: 20:     {;ssd.c: 21:         PORTD = data[digit];
  1387     0634  0879               	movf	display@digit,w
  1388     0635  0778               	addwf	display@data,w
  1389     0636  00F0               	movwf	??_display
  1390     0637  0870               	movf	??_display,w
  1391     0638  0084               	movwf	4
  1392     0639  1383               	bcf	3,7	;select IRP bank0
  1393     063A  0800               	movf	0,w
  1394     063B  1283               	bcf	3,5	;RP0=0, select bank0
  1395     063C  1303               	bcf	3,6	;RP1=0, select bank0
  1396     063D  0088               	movwf	8	;volatile
  1397     063E                     l894:
  1398                           
  1399                           ;ssd.c: 22:         PORTA = (PORTA & 0x03) | (0x04 << digit);
  1400     063E  3004               	movlw	4
  1401     063F  00F0               	movwf	??_display
  1402     0640  0A79               	incf	display@digit,w
  1403     0641  2E44               	goto	u264
  1404     0642                     u265:
  1405     0642  1003               	clrc
  1406     0643  0DF0               	rlf	??_display,f
  1407     0644                     u264:
  1408     0644  3EFF               	addlw	-1
  1409     0645  1D03               	skipz
  1410     0646  2E42               	goto	u265
  1411     0647  0805               	movf	5,w	;volatile
  1412     0648  3903               	andlw	3
  1413     0649  0470               	iorwf	??_display,w
  1414     064A  0085               	movwf	5	;volatile
  1415     064B                     l896:
  1416                           
  1417                           ;ssd.c: 24:        for (unsigned long int wait = 400; wait--; );
  1418     064B  3000               	movlw	0
  1419     064C  00F7               	movwf	display@wait+3
  1420     064D  3000               	movlw	0
  1421     064E  00F6               	movwf	display@wait+2
  1422     064F  3001               	movlw	1
  1423     0650  00F5               	movwf	display@wait+1
  1424     0651  3090               	movlw	144
  1425     0652  00F4               	movwf	display@wait
  1426     0653                     l898:
  1427     0653  3001               	movlw	1
  1428     0654  00F0               	movwf	??_display
  1429     0655  3000               	movlw	0
  1430     0656  00F1               	movwf	??_display+1
  1431     0657  3000               	movlw	0
  1432     0658  00F2               	movwf	??_display+2
  1433     0659  3000               	movlw	0
  1434     065A  00F3               	movwf	??_display+3
  1435     065B  0870               	movf	??_display,w
  1436     065C  02F4               	subwf	display@wait,f
  1437     065D  0871               	movf	??_display+1,w
  1438     065E  1C03               	skipc
  1439     065F  0F71               	incfsz	??_display+1,w
  1440     0660  2E62               	goto	u275
  1441     0661  2E63               	goto	u276
  1442     0662                     u275:
  1443     0662  02F5               	subwf	display@wait+1,f
  1444     0663                     u276:
  1445     0663  0872               	movf	??_display+2,w
  1446     0664  1C03               	skipc
  1447     0665  0F72               	incfsz	??_display+2,w
  1448     0666  2E68               	goto	u277
  1449     0667  2E69               	goto	u278
  1450     0668                     u277:
  1451     0668  02F6               	subwf	display@wait+2,f
  1452     0669                     u278:
  1453     0669  0873               	movf	??_display+3,w
  1454     066A  1C03               	skipc
  1455     066B  0F73               	incfsz	??_display+3,w
  1456     066C  2E6E               	goto	u279
  1457     066D  2E6F               	goto	u270
  1458     066E                     u279:
  1459     066E  02F7               	subwf	display@wait+3,f
  1460     066F                     u270:
  1461     066F  0A74               	incf	display@wait,w
  1462     0670  1D03               	skipz
  1463     0671  2E7C               	goto	u281
  1464     0672  0A75               	incf	display@wait+1,w
  1465     0673  1D03               	skipz
  1466     0674  2E7C               	goto	u281
  1467     0675  0A76               	incf	display@wait+2,w
  1468     0676  1D03               	skipz
  1469     0677  2E7C               	goto	u281
  1470     0678  0A77               	incf	display@wait+3,w
  1471     0679  1D03               	btfss	3,2
  1472     067A  2E7C               	goto	u281
  1473     067B  2E7D               	goto	u280
  1474     067C                     u281:
  1475     067C  2E53               	goto	l898
  1476     067D                     u280:
  1477     067D                     l900:
  1478                           
  1479                           ;ssd.c: 25:     }
  1480     067D  3001               	movlw	1
  1481     067E  00FF               	movwf	btemp+1
  1482     067F  087F               	movf	btemp+1,w
  1483     0680  07F9               	addwf	display@digit,f
  1484     0681                     l902:
  1485     0681  3004               	movlw	4
  1486     0682  0279               	subwf	display@digit,w
  1487     0683  1C03               	skipc
  1488     0684  2E86               	goto	u291
  1489     0685  2E87               	goto	u290
  1490     0686                     u291:
  1491     0686  2E34               	goto	l892
  1492     0687                     u290:
  1493     0687                     l80:
  1494     0687  0008               	return
  1495     0688                     __end_of_display:
  1496     007E                     btemp	set	126	;btemp
  1497     007E                     wtemp0	set	126
  1498                           
  1499                           	psect	config
  1500                           
  1501                           ;Config register CONFIG @ 0x2007
  1502                           ;	Oscillator Selection bits
  1503                           ;	FOSC = 0x3, unprogrammed default
  1504                           ;	Watchdog Timer Enable bit
  1505                           ;	WDTE = OFF, WDT disabled
  1506                           ;	Power-up Timer Enable bit
  1507                           ;	PWRTE = 0x1, unprogrammed default
  1508                           ;	Brown-out Reset Enable bit
  1509                           ;	BOREN = 0x1, unprogrammed default
  1510                           ;	Low-Voltage (Single-Supply) In-Circuit Serial Programming Enable bit
  1511                           ;	LVP = 0x1, unprogrammed default
  1512                           ;	Data EEPROM Memory Code Protection bit
  1513                           ;	CPD = 0x1, unprogrammed default
  1514                           ;	Flash Program Memory Write Enable bits
  1515                           ;	WRT = 0x3, unprogrammed default
  1516                           ;	In-Circuit Debugger Mode bit
  1517                           ;	DEBUG = 0x1, unprogrammed default
  1518                           ;	Flash Program Memory Code Protection bit
  1519                           ;	CP = 0x1, unprogrammed default
  1520     2007                     	org	8199
  1521     2007  3FFB               	dw	16379

Data Sizes:
    Strings     0
    Constant    0
    Data        37
    BSS         5
    Persistent  0
    Stack       0

Auto Spaces:
    Space          Size  Autos    Used
    COMMON           14     14      14
    BANK0            80     40      58
    BANK1            80      0      24
    BANK3            96      0       0
    BANK2            96      0       0

Pointer List with Targets:

    display@data	PTR unsigned char  size(1) Largest target is 4
		 -> main@ssd(BANK0[4]), 


Critical Paths under _main in COMMON

    _main->_display

Critical Paths under _main in BANK0

    None.

Critical Paths under _main in BANK1

    None.

Critical Paths under _main in BANK3

    None.

Critical Paths under _main in BANK2

    None.

Call Graph Tables:

 ---------------------------------------------------------------------------------
 (Depth) Function   	        Calls       Base Space   Used Autos Params    Refs
 ---------------------------------------------------------------------------------
 (0) _main                                                52    52      0    1626
                                             10 COMMON     4     4      0
                                              0 BANK0     40    40      0
                            _display
                        _init_config
                _read_digital_keypad
 ---------------------------------------------------------------------------------
 (1) _read_digital_keypad                                  2     2      0      22
                                              0 COMMON     2     2      0
 ---------------------------------------------------------------------------------
 (1) _init_config                                          0     0      0       0
                _init_digital_keypad
                           _init_ssd
 ---------------------------------------------------------------------------------
 (2) _init_ssd                                             0     0      0       0
 ---------------------------------------------------------------------------------
 (2) _init_digital_keypad                                  0     0      0       0
 ---------------------------------------------------------------------------------
 (1) _display                                             10    10      0     168
                                              0 COMMON    10    10      0
 ---------------------------------------------------------------------------------
 Estimated maximum stack depth 2
 ---------------------------------------------------------------------------------

 Call Graph Graphs:

 _main (ROOT)
   _display
   _init_config
     _init_digital_keypad
     _init_ssd
   _read_digital_keypad

 Address spaces:
Name               Size   Autos  Total    Cost      Usage
BANK3               60      0       0       9        0.0%
BITBANK3            60      0       0       8        0.0%
SFR3                 0      0       0       4        0.0%
BITSFR3              0      0       0       4        0.0%
BANK2               60      0       0      11        0.0%
BITBANK2            60      0       0      10        0.0%
SFR2                 0      0       0       5        0.0%
BITSFR2              0      0       0       5        0.0%
BANK1               50      0      18       7       30.0%
BITBANK1            50      0       0       6        0.0%
SFR1                 0      0       0       2        0.0%
BITSFR1              0      0       0       2        0.0%
BANK0               50     28      3A       5       72.5%
BITBANK0            50      0       0       4        0.0%
SFR0                 0      0       0       1        0.0%
BITSFR0              0      0       0       1        0.0%
COMMON               E      E       E       1      100.0%
BITCOMMON            E      0       0       0        0.0%
CODE                 0      0       0       0        0.0%
DATA                 0      0      60      12        0.0%
ABS                  0      0      60       3        0.0%
NULL                 0      0       0       0        0.0%
STACK                0      0       0       2        0.0%
EEDATA             100      0       0       0        0.0%


Microchip Technology PIC Macro Assembler V2.41 build 20230208172133 
Symbol Table                                                                                   Mon Mar 31 17:54:29 2025

                          l7 05B8                            pc 0002                           l13 0631  
                         l28 05C3                           l80 0687                           l72 05CF  
                         fsr 0004                          l900 067D                          l902 0681  
                        l910 0693                          l920 06BA                          l912 06A8  
                        l904 0688                          l850 05C4                          l930 06D8  
                        l922 06BF                          l914 06B0                          l906 068D  
                        l852 05C7                          l940 06F5                          l932 06DA  
                        l924 06C4                          l916 06B4                          l908 0691  
                        l854 05CA                          l950 071B                          l934 06E7  
                        l918 06B4                          l926 06C9                          l848 05B3  
                        l880 0630                          l864 0613                          l856 0609  
                        l960 0739                          l952 0728                          l936 06E9  
                        l928 06D2                          l866 061E                          l858 060E  
                        l962 073E                          l954 072E                          l946 06FD  
                        l938 06EF                          l892 0634                          l884 05B9  
                        l868 0623                          l876 0625                          l980 0783  
                        l956 072E                          l948 0715                          l964 0744  
                        l894 063E                          l886 0633                          l878 062E  
                        l982 0789                          l974 0758                          l966 074A  
                        l958 0734                          l896 064B                          l976 0770  
                        l968 0750                          l992 078A                          l898 0653  
                        l994 0790                          l978 0776                          l996 0796  
                        u220 060E                          u300 069B                          u221 060D  
                        u230 061E                          u310 06B0                          u231 061D  
                        u311 06AF                          u240 0623                          u400 0790  
                        u320 06D8                          u241 0622                          u401 078F  
                        u321 06D7                          u250 062E                          u410 0796  
                        u330 06E7                          u251 062D                          u411 0795  
                        u331 06E6                          u420 07C9                          u340 06EF  
                        u421 07C8                          u341 06EE                          u270 066F  
                        u350 06F5                          u351 06F4                          u280 067D  
                        u264 0644                          u360 0728                          u281 067C  
                        u265 0642                          u425 07C5                          u361 0727  
                        u290 0687                          u370 074A                          u291 0686  
                        u275 0662                          u371 0749                          u276 0663  
                        u380 0750                          u277 0668                          u381 074F  
                        u365 0724                          u278 0669                          u390 0783  
                        u279 066E                          u391 0782                          u395 077F  
                        fsr0 0004                          indf 0000                         l1010 07CF  
                       l1002 079E                         l1004 07B6                         l1020 07D0  
                       l1006 07BC                         l1022 07D2                         l1008 07C9  
      ??_read_digital_keypad 0070                  display@data 0078                  display@wait 0074  
                main@temp_60 0022                  main@temp_63 0024                         _main 0688  
                main@pre_key 0053                         btemp 007E                         start 0000  
                      ?_main 0070                 ?_init_config 0070                        _PORTA 0005  
                      _PORTB 0006                        _PORTD 0008                        _TRISA 0085  
                      _TRISB 0086                        _TRISD 0088                 display@digit 0079  
            __end_of_display 0688                        pclath 000A                        status 0003  
                      wtemp0 007E              __initialization 07DC                 __end_of_main 07DC  
                     ??_main 007A  __end_of_init_digital_keypad 05B9             __end_of_init_ssd 05D0  
                  ??_display 0070      __end_of__initialization 07FC               __pcstackCOMMON 0070  
               __pidataBANK0 05D0                 __pidataBANK1 05F0                   __pbssBANK0 0055  
                 __pmaintext 0688  __end_of_read_digital_keypad 0632                    ?_init_ssd 0070  
                    __ptext1 0608                      __ptext2 05B9                      __ptext3 05C4  
                    __ptext4 05B3                      __ptext5 0632                      _display 0632  
                    main@arr 0028                      main@key 0055                      main@ssd 0056  
       end_of_initialization 07FC                   ??_init_ssd 0070          start_initialization 07DC  
                 init_fetch0 05DD                  __pdataBANK0 0048                  __pdataBANK1 00A0  
              ??_init_config 0070                    ___latbits 0002                __pcstackBANK0 0020  
                   ?_display 0070          __end_of_init_config 05C4                    main@digit 0048  
        _init_digital_keypad 05B3         ?_init_digital_keypad 0070                  _init_config 05B9  
                   _init_ssd 05C4      read_digital_keypad@mode 0071      read_digital_keypad@once 0054  
                   main@F864 00A0        ??_init_digital_keypad 0070                     main@i_61 0042  
                   main@i_64 0044                     main@i_58 0040                     main@flag 0046  
                   main@temp 0020                     main@wait 0026                     init_ram0 05E1  
        _read_digital_keypad 0608         ?_read_digital_keypad 0070  
