

Microchip MPLAB XC8 Assembler V2.41 build 20230208172133 
                                                                                               Tue Mar 11 09:20:24 2025

Microchip MPLAB XC8 C Compiler v2.41 (Free license) build 20230208172133 Og1 
     1                           	processor	16F877A
     2                           	pagewidth 120
     3                           	opt	flic
     4                           	psect	idataCOMMON,global,class=CODE,delta=2,noexec
     5                           	psect	idataBANK0,global,class=CODE,delta=2,noexec
     6                           	psect	cinit,global,class=CODE,merge=1,delta=2
     7                           	psect	dataCOMMON,global,class=COMMON,space=1,delta=1,noexec
     8                           	psect	bssBANK0,global,class=BANK0,space=1,delta=1,noexec
     9                           	psect	dataBANK0,global,class=BANK0,space=1,delta=1,noexec
    10                           	psect	inittext,global,class=CODE,delta=2
    11                           	psect	cstackCOMMON,global,class=COMMON,space=1,delta=1,noexec
    12                           	psect	cstackBANK0,global,class=BANK0,space=1,delta=1,noexec
    13                           	psect	maintext,global,class=CODE,split=1,delta=2
    14                           	psect	text1,local,class=CODE,merge=1,delta=2
    15                           	psect	text2,local,class=CODE,merge=1,delta=2
    16                           	psect	text3,local,class=CODE,merge=1,delta=2
    17                           	psect	text4,local,class=CODE,merge=1,delta=2
    18                           	psect	text5,local,class=CODE,merge=1,delta=2
    19                           	psect	text6,local,class=CODE,merge=1,delta=2,group=1
    20                           	psect	text7,local,class=CODE,merge=1,delta=2,group=1
    21                           	psect	config,global,abs,ovrld,class=CONFIG,space=4,delta=2,noexec
    22                           	dabs	1,0x7E,2
    23     0000                     
    24                           ; Version 2.20
    25                           ; Generated 12/02/2020 GMT
    26                           ; 
    27                           ; Copyright © 2020, Microchip Technology Inc. and its subsidiaries ("Microchip")
    28                           ; All rights reserved.
    29                           ; 
    30                           ; This software is developed by Microchip Technology Inc. and its subsidiaries ("Microch
      +                          ip").
    31                           ; 
    32                           ; Redistribution and use in source and binary forms, with or without modification, are
    33                           ; permitted provided that the following conditions are met:
    34                           ; 
    35                           ;     1. Redistributions of source code must retain the above copyright notice, this lis
      +                          t of
    36                           ;        conditions and the following disclaimer.
    37                           ; 
    38                           ;     2. Redistributions in binary form must reproduce the above copyright notice, this 
      +                          list
    39                           ;        of conditions and the following disclaimer in the documentation and/or other
    40                           ;        materials provided with the distribution.
    41                           ; 
    42                           ;     3. Microchip's name may not be used to endorse or promote products derived from th
      +                          is
    43                           ;        software without specific prior written permission.
    44                           ; 
    45                           ; THIS SOFTWARE IS PROVIDED BY MICROCHIP "AS IS" AND ANY EXPRESS OR IMPLIED WARRANTIES,
    46                           ; INCLUDING, BUT NOT LIMITED TO, THE IMPLIED WARRANTIES OF MERCHANTABILITY AND FITNESS F
      +                          OR
    47                           ; PURPOSE ARE DISCLAIMED.  IN NO EVENT SHALL MICROCHIP BE LIABLE FOR ANY DIRECT, INDIREC
      +                          T,
    48                           ; INCIDENTAL, SPECIAL, EXEMPLARY, OR CONSEQUENTIAL DAMAGES (INCLUDING BUT NOT LIMITED TO
    49                           ; PROCUREMENT OF SUBSTITUTE GOODS OR SERVICES; LOSS OF USE, DATA OR PROFITS; OR BUSINESS
    50                           ; INTERRUPTION) HOWSOEVER CAUSED AND ON ANY THEORY OF LIABILITY, WHETHER IN CONTRACT, ST
      +                          RICT
    51                           ; LIABILITY, OR TORT (INCLUDING NEGLIGENCE OR OTHERWISE) ARISING IN ANY WAY OUT OF THE U
      +                          SE OF
    52                           ; THIS SOFTWARE, EVEN IF ADVISED OF THE POSSIBILITY OF SUCH DAMAGE.
    53                           ; 
    54                           ; 
    55                           ; Code-generator required, PIC16F877A Definitions
    56                           ; 
    57                           ; SFR Addresses
    58     0000                     	;# 
    59     0001                     	;# 
    60     0002                     	;# 
    61     0003                     	;# 
    62     0004                     	;# 
    63     0005                     	;# 
    64     0006                     	;# 
    65     0007                     	;# 
    66     0008                     	;# 
    67     0009                     	;# 
    68     000A                     	;# 
    69     000B                     	;# 
    70     000C                     	;# 
    71     000D                     	;# 
    72     000E                     	;# 
    73     000E                     	;# 
    74     000F                     	;# 
    75     0010                     	;# 
    76     0011                     	;# 
    77     0012                     	;# 
    78     0013                     	;# 
    79     0014                     	;# 
    80     0015                     	;# 
    81     0015                     	;# 
    82     0016                     	;# 
    83     0017                     	;# 
    84     0018                     	;# 
    85     0019                     	;# 
    86     001A                     	;# 
    87     001B                     	;# 
    88     001B                     	;# 
    89     001C                     	;# 
    90     001D                     	;# 
    91     001E                     	;# 
    92     001F                     	;# 
    93     0081                     	;# 
    94     0085                     	;# 
    95     0086                     	;# 
    96     0087                     	;# 
    97     0088                     	;# 
    98     0089                     	;# 
    99     008C                     	;# 
   100     008D                     	;# 
   101     008E                     	;# 
   102     0091                     	;# 
   103     0092                     	;# 
   104     0093                     	;# 
   105     0094                     	;# 
   106     0098                     	;# 
   107     0099                     	;# 
   108     009C                     	;# 
   109     009D                     	;# 
   110     009E                     	;# 
   111     009F                     	;# 
   112     010C                     	;# 
   113     010D                     	;# 
   114     010E                     	;# 
   115     010F                     	;# 
   116     018C                     	;# 
   117     018D                     	;# 
   118     0000                     	;# 
   119     0001                     	;# 
   120     0002                     	;# 
   121     0003                     	;# 
   122     0004                     	;# 
   123     0005                     	;# 
   124     0006                     	;# 
   125     0007                     	;# 
   126     0008                     	;# 
   127     0009                     	;# 
   128     000A                     	;# 
   129     000B                     	;# 
   130     000C                     	;# 
   131     000D                     	;# 
   132     000E                     	;# 
   133     000E                     	;# 
   134     000F                     	;# 
   135     0010                     	;# 
   136     0011                     	;# 
   137     0012                     	;# 
   138     0013                     	;# 
   139     0014                     	;# 
   140     0015                     	;# 
   141     0015                     	;# 
   142     0016                     	;# 
   143     0017                     	;# 
   144     0018                     	;# 
   145     0019                     	;# 
   146     001A                     	;# 
   147     001B                     	;# 
   148     001B                     	;# 
   149     001C                     	;# 
   150     001D                     	;# 
   151     001E                     	;# 
   152     001F                     	;# 
   153     0081                     	;# 
   154     0085                     	;# 
   155     0086                     	;# 
   156     0087                     	;# 
   157     0088                     	;# 
   158     0089                     	;# 
   159     008C                     	;# 
   160     008D                     	;# 
   161     008E                     	;# 
   162     0091                     	;# 
   163     0092                     	;# 
   164     0093                     	;# 
   165     0094                     	;# 
   166     0098                     	;# 
   167     0099                     	;# 
   168     009C                     	;# 
   169     009D                     	;# 
   170     009E                     	;# 
   171     009F                     	;# 
   172     010C                     	;# 
   173     010D                     	;# 
   174     010E                     	;# 
   175     010F                     	;# 
   176     018C                     	;# 
   177     018D                     	;# 
   178     0000                     	;# 
   179     0001                     	;# 
   180     0002                     	;# 
   181     0003                     	;# 
   182     0004                     	;# 
   183     0005                     	;# 
   184     0006                     	;# 
   185     0007                     	;# 
   186     0008                     	;# 
   187     0009                     	;# 
   188     000A                     	;# 
   189     000B                     	;# 
   190     000C                     	;# 
   191     000D                     	;# 
   192     000E                     	;# 
   193     000E                     	;# 
   194     000F                     	;# 
   195     0010                     	;# 
   196     0011                     	;# 
   197     0012                     	;# 
   198     0013                     	;# 
   199     0014                     	;# 
   200     0015                     	;# 
   201     0015                     	;# 
   202     0016                     	;# 
   203     0017                     	;# 
   204     0018                     	;# 
   205     0019                     	;# 
   206     001A                     	;# 
   207     001B                     	;# 
   208     001B                     	;# 
   209     001C                     	;# 
   210     001D                     	;# 
   211     001E                     	;# 
   212     001F                     	;# 
   213     0081                     	;# 
   214     0085                     	;# 
   215     0086                     	;# 
   216     0087                     	;# 
   217     0088                     	;# 
   218     0089                     	;# 
   219     008C                     	;# 
   220     008D                     	;# 
   221     008E                     	;# 
   222     0091                     	;# 
   223     0092                     	;# 
   224     0093                     	;# 
   225     0094                     	;# 
   226     0098                     	;# 
   227     0099                     	;# 
   228     009C                     	;# 
   229     009D                     	;# 
   230     009E                     	;# 
   231     009F                     	;# 
   232     010C                     	;# 
   233     010D                     	;# 
   234     010E                     	;# 
   235     010F                     	;# 
   236     018C                     	;# 
   237     018D                     	;# 
   238     0000                     	;# 
   239     0001                     	;# 
   240     0002                     	;# 
   241     0003                     	;# 
   242     0004                     	;# 
   243     0005                     	;# 
   244     0006                     	;# 
   245     0007                     	;# 
   246     0008                     	;# 
   247     0009                     	;# 
   248     000A                     	;# 
   249     000B                     	;# 
   250     000C                     	;# 
   251     000D                     	;# 
   252     000E                     	;# 
   253     000E                     	;# 
   254     000F                     	;# 
   255     0010                     	;# 
   256     0011                     	;# 
   257     0012                     	;# 
   258     0013                     	;# 
   259     0014                     	;# 
   260     0015                     	;# 
   261     0015                     	;# 
   262     0016                     	;# 
   263     0017                     	;# 
   264     0018                     	;# 
   265     0019                     	;# 
   266     001A                     	;# 
   267     001B                     	;# 
   268     001B                     	;# 
   269     001C                     	;# 
   270     001D                     	;# 
   271     001E                     	;# 
   272     001F                     	;# 
   273     0081                     	;# 
   274     0085                     	;# 
   275     0086                     	;# 
   276     0087                     	;# 
   277     0088                     	;# 
   278     0089                     	;# 
   279     008C                     	;# 
   280     008D                     	;# 
   281     008E                     	;# 
   282     0091                     	;# 
   283     0092                     	;# 
   284     0093                     	;# 
   285     0094                     	;# 
   286     0098                     	;# 
   287     0099                     	;# 
   288     009C                     	;# 
   289     009D                     	;# 
   290     009E                     	;# 
   291     009F                     	;# 
   292     010C                     	;# 
   293     010D                     	;# 
   294     010E                     	;# 
   295     010F                     	;# 
   296     018C                     	;# 
   297     018D                     	;# 
   298                           
   299                           	psect	idataCOMMON
   300     05A4                     __pidataCOMMON:
   301                           
   302                           ;initializer for read_digital_keypad@once
   303     05A4  3401               	retlw	1
   304                           
   305                           	psect	idataBANK0
   306     05C2                     __pidataBANK0:
   307                           
   308                           ;initializer for _digit
   309     05C2  343F               	retlw	63
   310     05C3  3406               	retlw	6
   311     05C4  345B               	retlw	91
   312     05C5  344F               	retlw	79
   313     05C6  3466               	retlw	102
   314     05C7  346D               	retlw	109
   315     05C8  347D               	retlw	125
   316     05C9  3407               	retlw	7
   317     05CA  347F               	retlw	127
   318     05CB  346F               	retlw	111
   319                           
   320                           ;initializer for _pre_key2
   321     05CC  343F               	retlw	63
   322                           
   323                           ;initializer for _pre_key1
   324     05CD  343F               	retlw	63
   325     0006                     _PORTB	set	6
   326     0008                     _PORTD	set	8
   327     0005                     _PORTA	set	5
   328     0086                     _TRISB	set	134
   329     0085                     _TRISA	set	133
   330     0088                     _TRISD	set	136
   331                           
   332                           	psect	cinit
   333     07E4                     start_initialization:	
   334                           ; #config settings
   335                           
   336     07E4                     __initialization:
   337                           
   338                           ; Initialize objects allocated to BANK0
   339     07E4  1383               	bcf	3,7	;select IRP bank0
   340     07E5  302C               	movlw	low (__pdataBANK0+12)
   341     07E6  00FD               	movwf	btemp+-1
   342     07E7  3005               	movlw	high __pidataBANK0
   343     07E8  00FE               	movwf	btemp
   344     07E9  30C2               	movlw	low __pidataBANK0
   345     07EA  00FF               	movwf	btemp+1
   346     07EB  3020               	movlw	low __pdataBANK0
   347     07EC  0084               	movwf	4
   348     07ED  120A  118A  25D2  120A  118A  	fcall	init_ram0
   349                           
   350                           ; Initialize objects allocated to COMMON
   351     07F2  120A  118A  25A4  120A  118A  	fcall	__pidataCOMMON	;fetch initializer
   352     07F7  00FC               	movwf	__pdataCOMMON& (0+127)
   353                           
   354                           ; Clear objects allocated to BANK0
   355     07F8  01B2               	clrf	__pbssBANK0& (0+127)
   356     07F9  01B3               	clrf	(__pbssBANK0+1)& (0+127)
   357     07FA  01B4               	clrf	(__pbssBANK0+2)& (0+127)
   358     07FB  01B5               	clrf	(__pbssBANK0+3)& (0+127)
   359     07FC                     end_of_initialization:	
   360                           ;End of C runtime variable initialization code
   361                           
   362     07FC                     __end_of__initialization:
   363     07FC  0183               	clrf	3
   364     07FD  120A  118A  2EDF   	ljmp	_main	;jump to C main() function
   365                           
   366                           	psect	dataCOMMON
   367     007C                     __pdataCOMMON:
   368     007C                     read_digital_keypad@once:
   369     007C                     	ds	1
   370                           
   371                           	psect	bssBANK0
   372     0032                     __pbssBANK0:
   373     0032                     _press_duration:
   374     0032                     	ds	2
   375     0034                     _count:
   376     0034                     	ds	2
   377                           
   378                           	psect	dataBANK0
   379     0020                     __pdataBANK0:
   380     0020                     _digit:
   381     0020                     	ds	10
   382     002A                     _pre_key2:
   383     002A                     	ds	1
   384     002B                     _pre_key1:
   385     002B                     	ds	1
   386                           
   387                           	psect	inittext
   388     05CE                     init_fetch0:	
   389                           ;	Called with low address in FSR and high address in W
   390                           
   391     05CE  087E               	movf	btemp,w
   392     05CF  008A               	movwf	10
   393     05D0  087F               	movf	btemp+1,w
   394     05D1  0082               	movwf	2
   395     05D2                     init_ram0:	
   396                           ;Called with:
   397                           ;	high address of idata address in btemp 
   398                           ;	low address of idata address in btemp+1 
   399                           ;	low address of data in FSR
   400                           ;	high address + 1 of data in btemp-1
   401                           
   402     05D2  120A  118A  25CE  120A  118A  	fcall	init_fetch0
   403     05D7  0080               	movwf	0
   404     05D8  0A84               	incf	4,f
   405     05D9  0804               	movf	4,w
   406     05DA  067D               	xorwf	btemp+-1,w
   407     05DB  1903               	btfsc	3,2
   408     05DC  3400               	retlw	0
   409     05DD  0AFF               	incf	btemp+1,f
   410     05DE  1903               	btfsc	3,2
   411     05DF  0AFE               	incf	btemp,f
   412     05E0  2DD2               	goto	init_ram0
   413                           
   414                           	psect	cstackCOMMON
   415     0070                     __pcstackCOMMON:
   416     0070                     ?_init_ssd:
   417     0070                     ??_init_ssd:	
   418                           ; 1 bytes @ 0x0
   419                           
   420     0070                     ?_init_digital_keypad:	
   421                           ; 1 bytes @ 0x0
   422                           
   423     0070                     ??_init_digital_keypad:	
   424                           ; 1 bytes @ 0x0
   425                           
   426     0070                     ?_read_digital_keypad:	
   427                           ; 1 bytes @ 0x0
   428                           
   429     0070                     ??_read_digital_keypad:	
   430                           ; 1 bytes @ 0x0
   431                           
   432     0070                     ?_display:	
   433                           ; 1 bytes @ 0x0
   434                           
   435     0070                     ??_display:	
   436                           ; 1 bytes @ 0x0
   437                           
   438     0070                     ?_init_config:	
   439                           ; 1 bytes @ 0x0
   440                           
   441     0070                     ??_init_config:	
   442                           ; 1 bytes @ 0x0
   443                           
   444     0070                     ?_main:	
   445                           ; 1 bytes @ 0x0
   446                           
   447     0070                     ?___lwmod:	
   448                           ; 1 bytes @ 0x0
   449                           
   450     0070                     ___lwmod@divisor:	
   451                           ; 2 bytes @ 0x0
   452                           
   453                           
   454                           ; 2 bytes @ 0x0
   455     0070                     	ds	1
   456     0071                     read_digital_keypad@mode:
   457                           
   458                           ; 1 bytes @ 0x1
   459     0071                     	ds	1
   460     0072                     ___lwmod@dividend:
   461                           
   462                           ; 2 bytes @ 0x2
   463     0072                     	ds	2
   464     0074                     ??___lwmod:
   465     0074                     ___lwmod@counter:	
   466                           ; 1 bytes @ 0x4
   467                           
   468     0074                     display@wait:	
   469                           ; 1 bytes @ 0x4
   470                           
   471                           
   472                           ; 4 bytes @ 0x4
   473     0074                     	ds	1
   474     0075                     ?___lwdiv:
   475     0075                     ___lwdiv@divisor:	
   476                           ; 2 bytes @ 0x5
   477                           
   478                           
   479                           ; 2 bytes @ 0x5
   480     0075                     	ds	2
   481     0077                     ___lwdiv@dividend:
   482                           
   483                           ; 2 bytes @ 0x7
   484     0077                     	ds	1
   485     0078                     display@data:
   486                           
   487                           ; 1 bytes @ 0x8
   488     0078                     	ds	1
   489     0079                     ??___lwdiv:
   490     0079                     display@digit:	
   491                           ; 1 bytes @ 0x9
   492                           
   493     0079                     ___lwdiv@quotient:	
   494                           ; 1 bytes @ 0x9
   495                           
   496                           
   497                           ; 2 bytes @ 0x9
   498     0079                     	ds	2
   499     007B                     ___lwdiv@counter:
   500                           
   501                           ; 1 bytes @ 0xB
   502     007B                     	ds	1
   503     007C                     ??_main:
   504                           
   505                           	psect	cstackBANK0
   506     002C                     __pcstackBANK0:	
   507                           ; 1 bytes @ 0xC
   508                           
   509     002C                     main@ssd:
   510                           
   511                           ; 4 bytes @ 0x0
   512     002C                     	ds	4
   513     0030                     main@key1:
   514                           
   515                           ; 1 bytes @ 0x4
   516     0030                     	ds	1
   517     0031                     main@key2:
   518                           
   519                           ; 1 bytes @ 0x5
   520     0031                     	ds	1
   521                           
   522                           	psect	maintext
   523     06DF                     __pmaintext:	
   524 ;;
   525 ;;Main: autosize = 0, tempsize = 0, incstack = 0, save=0
   526 ;;
   527 ;; *************** function _main *****************
   528 ;; Defined at:
   529 ;;		line 20 in file "main.c"
   530 ;; Parameters:    Size  Location     Type
   531 ;;		None
   532 ;; Auto vars:     Size  Location     Type
   533 ;;  ssd             4    0[BANK0 ] unsigned char [4]
   534 ;;  key2            1    5[BANK0 ] unsigned char 
   535 ;;  key1            1    4[BANK0 ] unsigned char 
   536 ;; Return value:  Size  Location     Type
   537 ;;                  1    wreg      void 
   538 ;; Registers used:
   539 ;;		wreg, fsr0l, fsr0h, status,2, status,0, btemp+1, pclath, cstack
   540 ;; Tracked objects:
   541 ;;		On entry : B00/0
   542 ;;		On exit  : 0/0
   543 ;;		Unchanged: 0/0
   544 ;; Data sizes:     COMMON   BANK0   BANK1   BANK3   BANK2
   545 ;;      Params:         0       0       0       0       0
   546 ;;      Locals:         0       6       0       0       0
   547 ;;      Temps:          0       0       0       0       0
   548 ;;      Totals:         0       6       0       0       0
   549 ;;Total ram usage:        6 bytes
   550 ;; Hardware stack levels required when called: 2
   551 ;; This function calls:
   552 ;;		___lwdiv
   553 ;;		___lwmod
   554 ;;		_display
   555 ;;		_init_config
   556 ;;		_read_digital_keypad
   557 ;; This function is called by:
   558 ;;		Startup code after reset
   559 ;; This function uses a non-reentrant model
   560 ;;
   561                           
   562     06DF                     _main:	
   563                           ;psect for function _main
   564                           
   565     06DF                     l931:	
   566                           ;incstack = 0
   567                           ; Regs used in _main: [wreg-fsr0h+status,2+status,0+btemp+1+pclath+cstack]
   568                           
   569                           
   570                           ;main.c: 22: 
   571     06DF  120A  118A  25AB  120A  118A  	fcall	_init_config
   572     06E4                     l26:	
   573                           ;main.c: 23:         if(key1 != pre_key1);main.c: 24:         {;main.c: 25:             
      +                          if (key1 == 0x3E && pre_key1 == 0x3F)
   574                           
   575                           
   576                           ;main.c: 26:             {;main.c: 27:                 press_duration = 0;
   577     06E4  3000               	movlw	0
   578     06E5  120A  118A  25E1  120A  118A  	fcall	_read_digital_keypad
   579     06EA  1283               	bcf	3,5	;RP0=0, select bank0
   580     06EB  1303               	bcf	3,6	;RP1=0, select bank0
   581     06EC  00B0               	movwf	main@key1
   582                           
   583                           ;main.c: 28:             }
   584     06ED  3001               	movlw	1
   585     06EE  120A  118A  25E1  120A  118A  	fcall	_read_digital_keypad
   586     06F3  1283               	bcf	3,5	;RP0=0, select bank0
   587     06F4  1303               	bcf	3,6	;RP1=0, select bank0
   588     06F5  00B1               	movwf	main@key2
   589     06F6                     l933:
   590                           
   591                           ;main.c: 30:             {
   592     06F6  0830               	movf	main@key1,w
   593     06F7  062B               	xorwf	_pre_key1,w
   594     06F8  1903               	skipnz
   595     06F9  2EFB               	goto	u571
   596     06FA  2EFC               	goto	u570
   597     06FB                     u571:
   598     06FB  2F1A               	goto	l949
   599     06FC                     u570:
   600     06FC                     l935:
   601                           
   602                           ;main.c: 31:                 press_duration = 0;;main.c: 32:             }
   603     06FC  303E               	movlw	62
   604     06FD  0630               	xorwf	main@key1,w
   605     06FE  1D03               	btfss	3,2
   606     06FF  2F01               	goto	u581
   607     0700  2F02               	goto	u580
   608     0701                     u581:
   609     0701  2F0A               	goto	l941
   610     0702                     u580:
   611     0702                     l937:
   612     0702  303F               	movlw	63
   613     0703  062B               	xorwf	_pre_key1,w
   614     0704  1D03               	btfss	3,2
   615     0705  2F07               	goto	u591
   616     0706  2F08               	goto	u590
   617     0707                     u591:
   618     0707  2F0A               	goto	l941
   619     0708                     u590:
   620     0708                     l939:
   621                           
   622                           ;main.c: 33:             pre_key1 = key1;;main.c: 34:         }
   623     0708  01B2               	clrf	_press_duration
   624     0709  01B3               	clrf	_press_duration+1
   625     070A                     l941:
   626                           
   627                           ;main.c: 36:         {
   628     070A  303F               	movlw	63
   629     070B  0630               	xorwf	main@key1,w
   630     070C  1D03               	btfss	3,2
   631     070D  2F0F               	goto	u601
   632     070E  2F10               	goto	u600
   633     070F                     u601:
   634     070F  2F18               	goto	l947
   635     0710                     u600:
   636     0710                     l943:
   637     0710  303E               	movlw	62
   638     0711  062B               	xorwf	_pre_key1,w
   639     0712  1D03               	btfss	3,2
   640     0713  2F15               	goto	u611
   641     0714  2F16               	goto	u610
   642     0715                     u611:
   643     0715  2F18               	goto	l947
   644     0716                     u610:
   645     0716                     l945:
   646                           
   647                           ;main.c: 37:             if (key2 == 0x3E && pre_key2 == 0x3F);main.c: 38:             {
   648     0716  01B2               	clrf	_press_duration
   649     0717  01B3               	clrf	_press_duration+1
   650     0718                     l947:
   651                           
   652                           ;main.c: 40:             }
   653     0718  0830               	movf	main@key1,w
   654     0719  00AB               	movwf	_pre_key1
   655     071A                     l949:
   656                           
   657                           ;main.c: 42:             {
   658     071A  0831               	movf	main@key2,w
   659     071B  062A               	xorwf	_pre_key2,w
   660     071C  1903               	skipnz
   661     071D  2F1F               	goto	u621
   662     071E  2F20               	goto	u620
   663     071F                     u621:
   664     071F  2F3E               	goto	l965
   665     0720                     u620:
   666     0720                     l951:
   667                           
   668                           ;main.c: 43:                 press_duration = 0;;main.c: 44:             }
   669     0720  303E               	movlw	62
   670     0721  0631               	xorwf	main@key2,w
   671     0722  1D03               	btfss	3,2
   672     0723  2F25               	goto	u631
   673     0724  2F26               	goto	u630
   674     0725                     u631:
   675     0725  2F2E               	goto	l957
   676     0726                     u630:
   677     0726                     l953:
   678     0726  303F               	movlw	63
   679     0727  062A               	xorwf	_pre_key2,w
   680     0728  1D03               	btfss	3,2
   681     0729  2F2B               	goto	u641
   682     072A  2F2C               	goto	u640
   683     072B                     u641:
   684     072B  2F2E               	goto	l957
   685     072C                     u640:
   686     072C                     l955:
   687                           
   688                           ;main.c: 45:             pre_key2 = key2;;main.c: 46:         }
   689     072C  01B2               	clrf	_press_duration
   690     072D  01B3               	clrf	_press_duration+1
   691     072E                     l957:
   692                           
   693                           ;main.c: 48:         {
   694     072E  303F               	movlw	63
   695     072F  0631               	xorwf	main@key2,w
   696     0730  1D03               	btfss	3,2
   697     0731  2F33               	goto	u651
   698     0732  2F34               	goto	u650
   699     0733                     u651:
   700     0733  2F3C               	goto	l963
   701     0734                     u650:
   702     0734                     l959:
   703     0734  303E               	movlw	62
   704     0735  062A               	xorwf	_pre_key2,w
   705     0736  1D03               	btfss	3,2
   706     0737  2F39               	goto	u661
   707     0738  2F3A               	goto	u660
   708     0739                     u661:
   709     0739  2F3C               	goto	l963
   710     073A                     u660:
   711     073A                     l961:
   712                           
   713                           ;main.c: 49:             press_duration++;;main.c: 50:             if (press_duration > 
      +                          100)
   714     073A  01B2               	clrf	_press_duration
   715     073B  01B3               	clrf	_press_duration+1
   716     073C                     l963:
   717                           
   718                           ;main.c: 52:                 count = 0;
   719     073C  0831               	movf	main@key2,w
   720     073D  00AA               	movwf	_pre_key2
   721     073E                     l965:
   722                           
   723                           ;main.c: 54:         }
   724     073E  303E               	movlw	62
   725     073F  062B               	xorwf	_pre_key1,w
   726     0740  1D03               	btfss	3,2
   727     0741  2F43               	goto	u671
   728     0742  2F44               	goto	u670
   729     0743                     u671:
   730     0743  2F55               	goto	l971
   731     0744                     u670:
   732     0744                     l967:
   733                           
   734                           ;main.c: 55:         if(pre_key2 == 0x3E);main.c: 56:         {
   735     0744  3001               	movlw	1
   736     0745  07B2               	addwf	_press_duration,f
   737     0746  1803               	skipnc
   738     0747  0AB3               	incf	_press_duration+1,f
   739     0748  3000               	movlw	0
   740     0749  07B3               	addwf	_press_duration+1,f
   741                           
   742                           ;main.c: 57:             count++;
   743     074A  3000               	movlw	0
   744     074B  0233               	subwf	_press_duration+1,w
   745     074C  3065               	movlw	101
   746     074D  1903               	skipnz
   747     074E  0232               	subwf	_press_duration,w
   748     074F  1C03               	skipc
   749     0750  2F52               	goto	u681
   750     0751  2F53               	goto	u680
   751     0752                     u681:
   752     0752  2F55               	goto	l971
   753     0753                     u680:
   754     0753                     l969:
   755                           
   756                           ;main.c: 58:         };main.c: 59:         if (count >= 10000)
   757     0753  01B4               	clrf	_count
   758     0754  01B5               	clrf	_count+1
   759     0755                     l971:
   760                           
   761                           ;main.c: 62:         }
   762     0755  303E               	movlw	62
   763     0756  062A               	xorwf	_pre_key2,w
   764     0757  1D03               	btfss	3,2
   765     0758  2F5A               	goto	u691
   766     0759  2F5B               	goto	u690
   767     075A                     u691:
   768     075A  2F61               	goto	l35
   769     075B                     u690:
   770     075B                     l973:
   771                           
   772                           ;main.c: 63:         ssd[0] = digit[(count / 1000)];;main.c: 64:         ssd[1] = digit[
      +                          (count % 1000) / 100];
   773     075B  3001               	movlw	1
   774     075C  07B4               	addwf	_count,f
   775     075D  1803               	skipnc
   776     075E  0AB5               	incf	_count+1,f
   777     075F  3000               	movlw	0
   778     0760  07B5               	addwf	_count+1,f
   779     0761                     l35:	
   780                           ;main.c: 65:         ssd[2] = digit[(count % 100) / 10];
   781                           
   782                           
   783                           ;main.c: 66:         ssd[3] = digit[(count % 10)];
   784     0761  3027               	movlw	39
   785     0762  0235               	subwf	_count+1,w
   786     0763  3010               	movlw	16
   787     0764  1903               	skipnz
   788     0765  0234               	subwf	_count,w
   789     0766  1C03               	skipc
   790     0767  2F69               	goto	u701
   791     0768  2F6A               	goto	u700
   792     0769                     u701:
   793     0769  2F6C               	goto	l977
   794     076A                     u700:
   795     076A                     l975:
   796                           
   797                           ;main.c: 67: ;main.c: 68: 
   798     076A  01B4               	clrf	_count
   799     076B  01B5               	clrf	_count+1
   800     076C                     l977:
   801                           
   802                           ;main.c: 70:     }
   803     076C  30E8               	movlw	232
   804     076D  00F5               	movwf	___lwdiv@divisor
   805     076E  3003               	movlw	3
   806     076F  00F6               	movwf	___lwdiv@divisor+1
   807     0770  0835               	movf	_count+1,w
   808     0771  00F8               	movwf	___lwdiv@dividend+1
   809     0772  0834               	movf	_count,w
   810     0773  00F7               	movwf	___lwdiv@dividend
   811     0774  120A  118A  2645  120A  118A  	fcall	___lwdiv
   812     0779  0875               	movf	?___lwdiv,w
   813     077A  3E20               	addlw	(low (_digit| 0))& (0+255)
   814     077B  0084               	movwf	4
   815     077C  1383               	bcf	3,7	;select IRP bank0
   816     077D  0800               	movf	0,w
   817     077E  1283               	bcf	3,5	;RP0=0, select bank0
   818     077F  1303               	bcf	3,6	;RP1=0, select bank0
   819     0780  00AC               	movwf	main@ssd
   820     0781                     l979:
   821                           
   822                           ;main.c: 71: }
   823     0781  3064               	movlw	100
   824     0782  00F5               	movwf	___lwdiv@divisor
   825     0783  3000               	movlw	0
   826     0784  00F6               	movwf	___lwdiv@divisor+1
   827     0785  0835               	movf	_count+1,w
   828     0786  00F3               	movwf	___lwmod@dividend+1
   829     0787  0834               	movf	_count,w
   830     0788  00F2               	movwf	___lwmod@dividend
   831     0789  30E8               	movlw	232
   832     078A  00F0               	movwf	___lwmod@divisor
   833     078B  3003               	movlw	3
   834     078C  00F1               	movwf	___lwmod@divisor+1
   835     078D  120A  118A  260B  120A  118A  	fcall	___lwmod
   836     0792  0871               	movf	?___lwmod+1,w
   837     0793  00F8               	movwf	___lwdiv@dividend+1
   838     0794  0870               	movf	?___lwmod,w
   839     0795  00F7               	movwf	___lwdiv@dividend
   840     0796  120A  118A  2645  120A  118A  	fcall	___lwdiv
   841     079B  0875               	movf	?___lwdiv,w
   842     079C  3E20               	addlw	(low (_digit| 0))& (0+255)
   843     079D  0084               	movwf	4
   844     079E  1383               	bcf	3,7	;select IRP bank0
   845     079F  0800               	movf	0,w
   846     07A0  1283               	bcf	3,5	;RP0=0, select bank0
   847     07A1  1303               	bcf	3,6	;RP1=0, select bank0
   848     07A2  00AD               	movwf	main@ssd+1
   849     07A3                     l981:
   850     07A3  300A               	movlw	10
   851     07A4  00F5               	movwf	___lwdiv@divisor
   852     07A5  3000               	movlw	0
   853     07A6  00F6               	movwf	___lwdiv@divisor+1
   854     07A7  0835               	movf	_count+1,w
   855     07A8  00F3               	movwf	___lwmod@dividend+1
   856     07A9  0834               	movf	_count,w
   857     07AA  00F2               	movwf	___lwmod@dividend
   858     07AB  3064               	movlw	100
   859     07AC  00F0               	movwf	___lwmod@divisor
   860     07AD  3000               	movlw	0
   861     07AE  00F1               	movwf	___lwmod@divisor+1
   862     07AF  120A  118A  260B  120A  118A  	fcall	___lwmod
   863     07B4  0871               	movf	?___lwmod+1,w
   864     07B5  00F8               	movwf	___lwdiv@dividend+1
   865     07B6  0870               	movf	?___lwmod,w
   866     07B7  00F7               	movwf	___lwdiv@dividend
   867     07B8  120A  118A  2645  120A  118A  	fcall	___lwdiv
   868     07BD  0875               	movf	?___lwdiv,w
   869     07BE  3E20               	addlw	(low (_digit| 0))& (0+255)
   870     07BF  0084               	movwf	4
   871     07C0  1383               	bcf	3,7	;select IRP bank0
   872     07C1  0800               	movf	0,w
   873     07C2  1283               	bcf	3,5	;RP0=0, select bank0
   874     07C3  1303               	bcf	3,6	;RP1=0, select bank0
   875     07C4  00AE               	movwf	main@ssd+2
   876     07C5                     l983:
   877     07C5  300A               	movlw	10
   878     07C6  00F0               	movwf	___lwmod@divisor
   879     07C7  3000               	movlw	0
   880     07C8  00F1               	movwf	___lwmod@divisor+1
   881     07C9  0835               	movf	_count+1,w
   882     07CA  00F3               	movwf	___lwmod@dividend+1
   883     07CB  0834               	movf	_count,w
   884     07CC  00F2               	movwf	___lwmod@dividend
   885     07CD  120A  118A  260B  120A  118A  	fcall	___lwmod
   886     07D2  0870               	movf	?___lwmod,w
   887     07D3  3E20               	addlw	(low (_digit| 0))& (0+255)
   888     07D4  0084               	movwf	4
   889     07D5  1383               	bcf	3,7	;select IRP bank0
   890     07D6  0800               	movf	0,w
   891     07D7  1283               	bcf	3,5	;RP0=0, select bank0
   892     07D8  1303               	bcf	3,6	;RP1=0, select bank0
   893     07D9  00AF               	movwf	main@ssd+3
   894     07DA                     l985:
   895     07DA  302C               	movlw	(low (main@ssd| 0))& (0+255)
   896     07DB  120A  118A  2689  120A  118A  	fcall	_display
   897     07E0  2EE4               	goto	l26
   898     07E1  120A  118A  2800   	ljmp	start
   899     07E4                     __end_of_main:
   900                           
   901                           	psect	text1
   902     05E1                     __ptext1:	
   903 ;; *************** function _read_digital_keypad *****************
   904 ;; Defined at:
   905 ;;		line 10 in file "digital_keypad.c"
   906 ;; Parameters:    Size  Location     Type
   907 ;;  mode            1    wreg     unsigned char 
   908 ;; Auto vars:     Size  Location     Type
   909 ;;  mode            1    1[COMMON] unsigned char 
   910 ;; Return value:  Size  Location     Type
   911 ;;                  1    wreg      unsigned char 
   912 ;; Registers used:
   913 ;;		wreg, status,2, status,0
   914 ;; Tracked objects:
   915 ;;		On entry : 0/0
   916 ;;		On exit  : 0/0
   917 ;;		Unchanged: 0/0
   918 ;; Data sizes:     COMMON   BANK0   BANK1   BANK3   BANK2
   919 ;;      Params:         0       0       0       0       0
   920 ;;      Locals:         1       0       0       0       0
   921 ;;      Temps:          1       0       0       0       0
   922 ;;      Totals:         2       0       0       0       0
   923 ;;Total ram usage:        2 bytes
   924 ;; Hardware stack levels used: 1
   925 ;; This function calls:
   926 ;;		Nothing
   927 ;; This function is called by:
   928 ;;		_main
   929 ;; This function uses a non-reentrant model
   930 ;;
   931                           
   932     05E1                     _read_digital_keypad:	
   933                           ;psect for function _read_digital_keypad
   934                           
   935                           
   936                           ;incstack = 0
   937                           ; Regs used in _read_digital_keypad: [wreg+status,2+status,0]
   938                           ;read_digital_keypad@mode stored from wreg
   939     05E1  00F1               	movwf	read_digital_keypad@mode
   940     05E2                     l837:
   941                           
   942                           ;digital_keypad.c: 10: unsigned char read_digital_keypad(unsigned char mode);digital_key
      +                          pad.c: 11: {;digital_keypad.c: 12:     static unsigned char once = 1;;digital_keypad.c: 
      +                          14:     if (mode == 0)
   943     05E2  0871               	movf	read_digital_keypad@mode,w
   944     05E3  1D03               	btfss	3,2
   945     05E4  2DE6               	goto	u361
   946     05E5  2DE7               	goto	u360
   947     05E6                     u361:
   948     05E6  2DEC               	goto	l845
   949     05E7                     u360:
   950     05E7                     l839:
   951                           
   952                           ;digital_keypad.c: 15:     {;digital_keypad.c: 16:         return PORTB & 0x3F;
   953     05E7  1283               	bcf	3,5	;RP0=0, select bank0
   954     05E8  1303               	bcf	3,6	;RP1=0, select bank0
   955     05E9  0806               	movf	6,w	;volatile
   956     05EA  393F               	andlw	63
   957     05EB  2E0A               	goto	l71
   958     05EC                     l845:
   959                           
   960                           ;digital_keypad.c: 19:     {;digital_keypad.c: 20:         if (((PORTB & 0x3F) != 0x3F) 
      +                          && once)
   961     05EC  303F               	movlw	63
   962     05ED  1283               	bcf	3,5	;RP0=0, select bank0
   963     05EE  1303               	bcf	3,6	;RP1=0, select bank0
   964     05EF  0506               	andwf	6,w	;volatile
   965     05F0  00F0               	movwf	??_read_digital_keypad
   966     05F1  303F               	movlw	63
   967     05F2  0670               	xorwf	??_read_digital_keypad,w
   968     05F3  1903               	btfsc	3,2
   969     05F4  2DF6               	goto	u371
   970     05F5  2DF7               	goto	u370
   971     05F6                     u371:
   972     05F6  2DFE               	goto	l857
   973     05F7                     u370:
   974     05F7                     l847:
   975     05F7  087C               	movf	read_digital_keypad@once,w
   976     05F8  1903               	btfsc	3,2
   977     05F9  2DFB               	goto	u381
   978     05FA  2DFC               	goto	u380
   979     05FB                     u381:
   980     05FB  2DFE               	goto	l857
   981     05FC                     u380:
   982     05FC                     l849:
   983                           
   984                           ;digital_keypad.c: 21:         {;digital_keypad.c: 22:             once = 0;
   985     05FC  01FC               	clrf	read_digital_keypad@once
   986     05FD  2DE7               	goto	l839
   987     05FE                     l857:
   988     05FE  303F               	movlw	63
   989     05FF  0506               	andwf	6,w	;volatile
   990     0600  00F0               	movwf	??_read_digital_keypad
   991     0601  303F               	movlw	63
   992     0602  0670               	xorwf	??_read_digital_keypad,w
   993     0603  1D03               	btfss	3,2
   994     0604  2E06               	goto	u391
   995     0605  2E07               	goto	u390
   996     0606                     u391:
   997     0606  2E09               	goto	l861
   998     0607                     u390:
   999     0607                     l859:
  1000                           
  1001                           ;digital_keypad.c: 27:         {;digital_keypad.c: 28:             once = 1;
  1002     0607  01FC               	clrf	read_digital_keypad@once
  1003     0608  0AFC               	incf	read_digital_keypad@once,f
  1004     0609                     l861:
  1005                           
  1006                           ;digital_keypad.c: 32:     return 0x3F;
  1007     0609  303F               	movlw	63
  1008     060A                     l71:
  1009     060A  0008               	return
  1010     060B                     __end_of_read_digital_keypad:
  1011                           
  1012                           	psect	text2
  1013     05AB                     __ptext2:	
  1014 ;; *************** function _init_config *****************
  1015 ;; Defined at:
  1016 ;;		line 15 in file "main.c"
  1017 ;; Parameters:    Size  Location     Type
  1018 ;;		None
  1019 ;; Auto vars:     Size  Location     Type
  1020 ;;		None
  1021 ;; Return value:  Size  Location     Type
  1022 ;;                  1    wreg      void 
  1023 ;; Registers used:
  1024 ;;		wreg, status,2, status,0, pclath, cstack
  1025 ;; Tracked objects:
  1026 ;;		On entry : 0/0
  1027 ;;		On exit  : 0/0
  1028 ;;		Unchanged: 0/0
  1029 ;; Data sizes:     COMMON   BANK0   BANK1   BANK3   BANK2
  1030 ;;      Params:         0       0       0       0       0
  1031 ;;      Locals:         0       0       0       0       0
  1032 ;;      Temps:          0       0       0       0       0
  1033 ;;      Totals:         0       0       0       0       0
  1034 ;;Total ram usage:        0 bytes
  1035 ;; Hardware stack levels used: 1
  1036 ;; Hardware stack levels required when called: 1
  1037 ;; This function calls:
  1038 ;;		_init_digital_keypad
  1039 ;;		_init_ssd
  1040 ;; This function is called by:
  1041 ;;		_main
  1042 ;; This function uses a non-reentrant model
  1043 ;;
  1044                           
  1045     05AB                     _init_config:	
  1046                           ;psect for function _init_config
  1047                           
  1048     05AB                     l835:	
  1049                           ;incstack = 0
  1050                           ; Regs used in _init_config: [wreg+status,2+status,0+pclath+cstack]
  1051                           
  1052                           
  1053                           ;main.c: 17:     unsigned char ssd[4];
  1054     05AB  120A  118A  25B6  120A  118A  	fcall	_init_ssd
  1055                           
  1056                           ;main.c: 18:     while(1)
  1057     05B0  120A  118A  25A5  120A  118A  	fcall	_init_digital_keypad
  1058     05B5                     l21:
  1059     05B5  0008               	return
  1060     05B6                     __end_of_init_config:
  1061                           
  1062                           	psect	text3
  1063     05B6                     __ptext3:	
  1064 ;; *************** function _init_ssd *****************
  1065 ;; Defined at:
  1066 ;;		line 4 in file "ssd.c"
  1067 ;; Parameters:    Size  Location     Type
  1068 ;;		None
  1069 ;; Auto vars:     Size  Location     Type
  1070 ;;		None
  1071 ;; Return value:  Size  Location     Type
  1072 ;;                  1    wreg      void 
  1073 ;; Registers used:
  1074 ;;		wreg, status,2
  1075 ;; Tracked objects:
  1076 ;;		On entry : 0/0
  1077 ;;		On exit  : 0/0
  1078 ;;		Unchanged: 0/0
  1079 ;; Data sizes:     COMMON   BANK0   BANK1   BANK3   BANK2
  1080 ;;      Params:         0       0       0       0       0
  1081 ;;      Locals:         0       0       0       0       0
  1082 ;;      Temps:          0       0       0       0       0
  1083 ;;      Totals:         0       0       0       0       0
  1084 ;;Total ram usage:        0 bytes
  1085 ;; Hardware stack levels used: 1
  1086 ;; This function calls:
  1087 ;;		Nothing
  1088 ;; This function is called by:
  1089 ;;		_init_config
  1090 ;; This function uses a non-reentrant model
  1091 ;;
  1092                           
  1093     05B6                     _init_ssd:	
  1094                           ;psect for function _init_ssd
  1095                           
  1096     05B6                     l827:	
  1097                           ;incstack = 0
  1098                           ; Regs used in _init_ssd: [wreg+status,2]
  1099                           
  1100                           
  1101                           ;ssd.c: 7:     TRISD = 0x00;
  1102     05B6  1683               	bsf	3,5	;RP0=1, select bank1
  1103     05B7  1303               	bcf	3,6	;RP1=0, select bank1
  1104     05B8  0188               	clrf	8	;volatile
  1105     05B9                     l829:
  1106                           
  1107                           ;ssd.c: 10:     TRISA = TRISA & 0x03;
  1108     05B9  0805               	movf	5,w	;volatile
  1109     05BA  3903               	andlw	3
  1110     05BB  0085               	movwf	5	;volatile
  1111     05BC                     l831:
  1112                           
  1113                           ;ssd.c: 12:     PORTA = PORTA & 0x03;
  1114     05BC  1283               	bcf	3,5	;RP0=0, select bank0
  1115     05BD  1303               	bcf	3,6	;RP1=0, select bank0
  1116     05BE  0805               	movf	5,w	;volatile
  1117     05BF  3903               	andlw	3
  1118     05C0  0085               	movwf	5	;volatile
  1119     05C1                     l50:
  1120     05C1  0008               	return
  1121     05C2                     __end_of_init_ssd:
  1122                           
  1123                           	psect	text4
  1124     05A5                     __ptext4:	
  1125 ;; *************** function _init_digital_keypad *****************
  1126 ;; Defined at:
  1127 ;;		line 4 in file "digital_keypad.c"
  1128 ;; Parameters:    Size  Location     Type
  1129 ;;		None
  1130 ;; Auto vars:     Size  Location     Type
  1131 ;;		None
  1132 ;; Return value:  Size  Location     Type
  1133 ;;                  1    wreg      void 
  1134 ;; Registers used:
  1135 ;;		wreg, status,2
  1136 ;; Tracked objects:
  1137 ;;		On entry : 0/0
  1138 ;;		On exit  : 0/0
  1139 ;;		Unchanged: 0/0
  1140 ;; Data sizes:     COMMON   BANK0   BANK1   BANK3   BANK2
  1141 ;;      Params:         0       0       0       0       0
  1142 ;;      Locals:         0       0       0       0       0
  1143 ;;      Temps:          0       0       0       0       0
  1144 ;;      Totals:         0       0       0       0       0
  1145 ;;Total ram usage:        0 bytes
  1146 ;; Hardware stack levels used: 1
  1147 ;; This function calls:
  1148 ;;		Nothing
  1149 ;; This function is called by:
  1150 ;;		_init_config
  1151 ;; This function uses a non-reentrant model
  1152 ;;
  1153                           
  1154     05A5                     _init_digital_keypad:	
  1155                           ;psect for function _init_digital_keypad
  1156                           
  1157     05A5                     l833:	
  1158                           ;incstack = 0
  1159                           ; Regs used in _init_digital_keypad: [wreg+status,2]
  1160                           
  1161                           
  1162                           ;digital_keypad.c: 7:     TRISB = TRISB | 0x3F;
  1163     05A5  1683               	bsf	3,5	;RP0=1, select bank1
  1164     05A6  1303               	bcf	3,6	;RP1=0, select bank1
  1165     05A7  0806               	movf	6,w	;volatile
  1166     05A8  383F               	iorlw	63
  1167     05A9  0086               	movwf	6	;volatile
  1168     05AA                     l65:
  1169     05AA  0008               	return
  1170     05AB                     __end_of_init_digital_keypad:
  1171                           
  1172                           	psect	text5
  1173     0689                     __ptext5:	
  1174 ;; *************** function _display *****************
  1175 ;; Defined at:
  1176 ;;		line 15 in file "ssd.c"
  1177 ;; Parameters:    Size  Location     Type
  1178 ;;  data            1    wreg     PTR unsigned char 
  1179 ;;		 -> main@ssd(4), 
  1180 ;; Auto vars:     Size  Location     Type
  1181 ;;  data            1    8[COMMON] PTR unsigned char 
  1182 ;;		 -> main@ssd(4), 
  1183 ;;  wait            4    4[COMMON] unsigned long 
  1184 ;;  digit           1    9[COMMON] unsigned char 
  1185 ;; Return value:  Size  Location     Type
  1186 ;;                  1    wreg      void 
  1187 ;; Registers used:
  1188 ;;		wreg, fsr0l, fsr0h, status,2, status,0, btemp+1
  1189 ;; Tracked objects:
  1190 ;;		On entry : 0/0
  1191 ;;		On exit  : 0/0
  1192 ;;		Unchanged: 0/0
  1193 ;; Data sizes:     COMMON   BANK0   BANK1   BANK3   BANK2
  1194 ;;      Params:         0       0       0       0       0
  1195 ;;      Locals:         6       0       0       0       0
  1196 ;;      Temps:          4       0       0       0       0
  1197 ;;      Totals:        10       0       0       0       0
  1198 ;;Total ram usage:       10 bytes
  1199 ;; Hardware stack levels used: 1
  1200 ;; This function calls:
  1201 ;;		Nothing
  1202 ;; This function is called by:
  1203 ;;		_main
  1204 ;; This function uses a non-reentrant model
  1205 ;;
  1206                           
  1207     0689                     _display:	
  1208                           ;psect for function _display
  1209                           
  1210                           
  1211                           ;incstack = 0
  1212                           ; Regs used in _display: [wreg-fsr0h+status,2+status,0+btemp+1]
  1213                           ;display@data stored from wreg
  1214     0689  00F8               	movwf	display@data
  1215     068A                     l865:
  1216                           
  1217                           ;ssd.c: 15: void display(unsigned char data[]);ssd.c: 16: {;ssd.c: 17:     unsigned char
      +                           digit;;ssd.c: 19:     for (digit = 0; digit < 4; digit++)
  1218     068A  01F9               	clrf	display@digit
  1219     068B                     l871:
  1220                           
  1221                           ;ssd.c: 20:     {;ssd.c: 21:         PORTD = data[digit];
  1222     068B  0879               	movf	display@digit,w
  1223     068C  0778               	addwf	display@data,w
  1224     068D  00F0               	movwf	??_display
  1225     068E  0870               	movf	??_display,w
  1226     068F  0084               	movwf	4
  1227     0690  1383               	bcf	3,7	;select IRP bank0
  1228     0691  0800               	movf	0,w
  1229     0692  1283               	bcf	3,5	;RP0=0, select bank0
  1230     0693  1303               	bcf	3,6	;RP1=0, select bank0
  1231     0694  0088               	movwf	8	;volatile
  1232     0695                     l873:
  1233                           
  1234                           ;ssd.c: 22:         PORTA = (PORTA & 0x03) | (0x04 << digit);
  1235     0695  3004               	movlw	4
  1236     0696  00F0               	movwf	??_display
  1237     0697  0A79               	incf	display@digit,w
  1238     0698  2E9B               	goto	u404
  1239     0699                     u405:
  1240     0699  1003               	clrc
  1241     069A  0DF0               	rlf	??_display,f
  1242     069B                     u404:
  1243     069B  3EFF               	addlw	-1
  1244     069C  1D03               	skipz
  1245     069D  2E99               	goto	u405
  1246     069E  0805               	movf	5,w	;volatile
  1247     069F  3903               	andlw	3
  1248     06A0  0470               	iorwf	??_display,w
  1249     06A1  0085               	movwf	5	;volatile
  1250     06A2                     l875:
  1251                           
  1252                           ;ssd.c: 24:        for (unsigned long int wait = 400; wait--; );
  1253     06A2  3000               	movlw	0
  1254     06A3  00F7               	movwf	display@wait+3
  1255     06A4  3000               	movlw	0
  1256     06A5  00F6               	movwf	display@wait+2
  1257     06A6  3001               	movlw	1
  1258     06A7  00F5               	movwf	display@wait+1
  1259     06A8  3090               	movlw	144
  1260     06A9  00F4               	movwf	display@wait
  1261     06AA                     l877:
  1262     06AA  3001               	movlw	1
  1263     06AB  00F0               	movwf	??_display
  1264     06AC  3000               	movlw	0
  1265     06AD  00F1               	movwf	??_display+1
  1266     06AE  3000               	movlw	0
  1267     06AF  00F2               	movwf	??_display+2
  1268     06B0  3000               	movlw	0
  1269     06B1  00F3               	movwf	??_display+3
  1270     06B2  0870               	movf	??_display,w
  1271     06B3  02F4               	subwf	display@wait,f
  1272     06B4  0871               	movf	??_display+1,w
  1273     06B5  1C03               	skipc
  1274     06B6  0F71               	incfsz	??_display+1,w
  1275     06B7  2EB9               	goto	u415
  1276     06B8  2EBA               	goto	u416
  1277     06B9                     u415:
  1278     06B9  02F5               	subwf	display@wait+1,f
  1279     06BA                     u416:
  1280     06BA  0872               	movf	??_display+2,w
  1281     06BB  1C03               	skipc
  1282     06BC  0F72               	incfsz	??_display+2,w
  1283     06BD  2EBF               	goto	u417
  1284     06BE  2EC0               	goto	u418
  1285     06BF                     u417:
  1286     06BF  02F6               	subwf	display@wait+2,f
  1287     06C0                     u418:
  1288     06C0  0873               	movf	??_display+3,w
  1289     06C1  1C03               	skipc
  1290     06C2  0F73               	incfsz	??_display+3,w
  1291     06C3  2EC5               	goto	u419
  1292     06C4  2EC6               	goto	u410
  1293     06C5                     u419:
  1294     06C5  02F7               	subwf	display@wait+3,f
  1295     06C6                     u410:
  1296     06C6  0A74               	incf	display@wait,w
  1297     06C7  1D03               	skipz
  1298     06C8  2ED3               	goto	u421
  1299     06C9  0A75               	incf	display@wait+1,w
  1300     06CA  1D03               	skipz
  1301     06CB  2ED3               	goto	u421
  1302     06CC  0A76               	incf	display@wait+2,w
  1303     06CD  1D03               	skipz
  1304     06CE  2ED3               	goto	u421
  1305     06CF  0A77               	incf	display@wait+3,w
  1306     06D0  1D03               	btfss	3,2
  1307     06D1  2ED3               	goto	u421
  1308     06D2  2ED4               	goto	u420
  1309     06D3                     u421:
  1310     06D3  2EAA               	goto	l877
  1311     06D4                     u420:
  1312     06D4                     l879:
  1313                           
  1314                           ;ssd.c: 25:     }
  1315     06D4  3001               	movlw	1
  1316     06D5  00FF               	movwf	btemp+1
  1317     06D6  087F               	movf	btemp+1,w
  1318     06D7  07F9               	addwf	display@digit,f
  1319     06D8                     l881:
  1320     06D8  3004               	movlw	4
  1321     06D9  0279               	subwf	display@digit,w
  1322     06DA  1C03               	skipc
  1323     06DB  2EDD               	goto	u431
  1324     06DC  2EDE               	goto	u430
  1325     06DD                     u431:
  1326     06DD  2E8B               	goto	l871
  1327     06DE                     u430:
  1328     06DE                     l58:
  1329     06DE  0008               	return
  1330     06DF                     __end_of_display:
  1331                           
  1332                           	psect	text6
  1333     060B                     __ptext6:	
  1334 ;; *************** function ___lwmod *****************
  1335 ;; Defined at:
  1336 ;;		line 5 in file "C:\Program Files\Microchip\xc8\v2.41\pic\sources\c90\common\lwmod.c"
  1337 ;; Parameters:    Size  Location     Type
  1338 ;;  divisor         2    0[COMMON] unsigned int 
  1339 ;;  dividend        2    2[COMMON] unsigned int 
  1340 ;; Auto vars:     Size  Location     Type
  1341 ;;  counter         1    4[COMMON] unsigned char 
  1342 ;; Return value:  Size  Location     Type
  1343 ;;                  2    0[COMMON] unsigned int 
  1344 ;; Registers used:
  1345 ;;		wreg, status,2, status,0, btemp+1
  1346 ;; Tracked objects:
  1347 ;;		On entry : 0/0
  1348 ;;		On exit  : 0/0
  1349 ;;		Unchanged: 0/0
  1350 ;; Data sizes:     COMMON   BANK0   BANK1   BANK3   BANK2
  1351 ;;      Params:         4       0       0       0       0
  1352 ;;      Locals:         1       0       0       0       0
  1353 ;;      Temps:          0       0       0       0       0
  1354 ;;      Totals:         5       0       0       0       0
  1355 ;;Total ram usage:        5 bytes
  1356 ;; Hardware stack levels used: 1
  1357 ;; This function calls:
  1358 ;;		Nothing
  1359 ;; This function is called by:
  1360 ;;		_main
  1361 ;; This function uses a non-reentrant model
  1362 ;;
  1363                           
  1364     060B                     ___lwmod:	
  1365                           ;psect for function ___lwmod
  1366                           
  1367     060B                     l909:	
  1368                           ;incstack = 0
  1369                           ; Regs used in ___lwmod: [wreg+status,2+status,0+btemp+1]
  1370                           
  1371     060B  0870               	movf	___lwmod@divisor,w
  1372     060C  0471               	iorwf	___lwmod@divisor+1,w
  1373     060D  1903               	btfsc	3,2
  1374     060E  2E10               	goto	u511
  1375     060F  2E11               	goto	u510
  1376     0610                     u511:
  1377     0610  2E40               	goto	l927
  1378     0611                     u510:
  1379     0611                     l911:
  1380     0611  01F4               	clrf	___lwmod@counter
  1381     0612  0AF4               	incf	___lwmod@counter,f
  1382     0613  2E1F               	goto	l917
  1383     0614                     l913:
  1384     0614  3001               	movlw	1
  1385     0615                     u525:
  1386     0615  1003               	clrc
  1387     0616  0DF0               	rlf	___lwmod@divisor,f
  1388     0617  0DF1               	rlf	___lwmod@divisor+1,f
  1389     0618  3EFF               	addlw	-1
  1390     0619  1D03               	skipz
  1391     061A  2E15               	goto	u525
  1392     061B                     l915:
  1393     061B  3001               	movlw	1
  1394     061C  00FF               	movwf	btemp+1
  1395     061D  087F               	movf	btemp+1,w
  1396     061E  07F4               	addwf	___lwmod@counter,f
  1397     061F                     l917:
  1398     061F  1FF1               	btfss	___lwmod@divisor+1,7
  1399     0620  2E22               	goto	u531
  1400     0621  2E23               	goto	u530
  1401     0622                     u531:
  1402     0622  2E14               	goto	l913
  1403     0623                     u530:
  1404     0623                     l919:
  1405     0623  0871               	movf	___lwmod@divisor+1,w
  1406     0624  0273               	subwf	___lwmod@dividend+1,w
  1407     0625  1D03               	skipz
  1408     0626  2E29               	goto	u545
  1409     0627  0870               	movf	___lwmod@divisor,w
  1410     0628  0272               	subwf	___lwmod@dividend,w
  1411     0629                     u545:
  1412     0629  1C03               	skipc
  1413     062A  2E2C               	goto	u541
  1414     062B  2E2D               	goto	u540
  1415     062C                     u541:
  1416     062C  2E33               	goto	l923
  1417     062D                     u540:
  1418     062D                     l921:
  1419     062D  0870               	movf	___lwmod@divisor,w
  1420     062E  02F2               	subwf	___lwmod@dividend,f
  1421     062F  0871               	movf	___lwmod@divisor+1,w
  1422     0630  1C03               	skipc
  1423     0631  03F3               	decf	___lwmod@dividend+1,f
  1424     0632  02F3               	subwf	___lwmod@dividend+1,f
  1425     0633                     l923:
  1426     0633  3001               	movlw	1
  1427     0634                     u555:
  1428     0634  1003               	clrc
  1429     0635  0CF1               	rrf	___lwmod@divisor+1,f
  1430     0636  0CF0               	rrf	___lwmod@divisor,f
  1431     0637  3EFF               	addlw	-1
  1432     0638  1D03               	skipz
  1433     0639  2E34               	goto	u555
  1434     063A                     l925:
  1435     063A  3001               	movlw	1
  1436     063B  02F4               	subwf	___lwmod@counter,f
  1437     063C  1D03               	btfss	3,2
  1438     063D  2E3F               	goto	u561
  1439     063E  2E40               	goto	u560
  1440     063F                     u561:
  1441     063F  2E23               	goto	l919
  1442     0640                     u560:
  1443     0640                     l927:
  1444     0640  0873               	movf	___lwmod@dividend+1,w
  1445     0641  00F1               	movwf	?___lwmod+1
  1446     0642  0872               	movf	___lwmod@dividend,w
  1447     0643  00F0               	movwf	?___lwmod
  1448     0644                     l443:
  1449     0644  0008               	return
  1450     0645                     __end_of___lwmod:
  1451                           
  1452                           	psect	text7
  1453     0645                     __ptext7:	
  1454 ;; *************** function ___lwdiv *****************
  1455 ;; Defined at:
  1456 ;;		line 5 in file "C:\Program Files\Microchip\xc8\v2.41\pic\sources\c90\common\lwdiv.c"
  1457 ;; Parameters:    Size  Location     Type
  1458 ;;  divisor         2    5[COMMON] unsigned int 
  1459 ;;  dividend        2    7[COMMON] unsigned int 
  1460 ;; Auto vars:     Size  Location     Type
  1461 ;;  quotient        2    9[COMMON] unsigned int 
  1462 ;;  counter         1   11[COMMON] unsigned char 
  1463 ;; Return value:  Size  Location     Type
  1464 ;;                  2    5[COMMON] unsigned int 
  1465 ;; Registers used:
  1466 ;;		wreg, status,2, status,0, btemp+1
  1467 ;; Tracked objects:
  1468 ;;		On entry : 0/0
  1469 ;;		On exit  : 0/0
  1470 ;;		Unchanged: 0/0
  1471 ;; Data sizes:     COMMON   BANK0   BANK1   BANK3   BANK2
  1472 ;;      Params:         4       0       0       0       0
  1473 ;;      Locals:         3       0       0       0       0
  1474 ;;      Temps:          0       0       0       0       0
  1475 ;;      Totals:         7       0       0       0       0
  1476 ;;Total ram usage:        7 bytes
  1477 ;; Hardware stack levels used: 1
  1478 ;; This function calls:
  1479 ;;		Nothing
  1480 ;; This function is called by:
  1481 ;;		_main
  1482 ;; This function uses a non-reentrant model
  1483 ;;
  1484                           
  1485     0645                     ___lwdiv:	
  1486                           ;psect for function ___lwdiv
  1487                           
  1488     0645                     l883:	
  1489                           ;incstack = 0
  1490                           ; Regs used in ___lwdiv: [wreg+status,2+status,0+btemp+1]
  1491                           
  1492     0645  01F9               	clrf	___lwdiv@quotient
  1493     0646  01FA               	clrf	___lwdiv@quotient+1
  1494     0647                     l885:
  1495     0647  0875               	movf	___lwdiv@divisor,w
  1496     0648  0476               	iorwf	___lwdiv@divisor+1,w
  1497     0649  1903               	btfsc	3,2
  1498     064A  2E4C               	goto	u441
  1499     064B  2E4D               	goto	u440
  1500     064C                     u441:
  1501     064C  2E84               	goto	l905
  1502     064D                     u440:
  1503     064D                     l887:
  1504     064D  01FB               	clrf	___lwdiv@counter
  1505     064E  0AFB               	incf	___lwdiv@counter,f
  1506     064F  2E5B               	goto	l893
  1507     0650                     l889:
  1508     0650  3001               	movlw	1
  1509     0651                     u455:
  1510     0651  1003               	clrc
  1511     0652  0DF5               	rlf	___lwdiv@divisor,f
  1512     0653  0DF6               	rlf	___lwdiv@divisor+1,f
  1513     0654  3EFF               	addlw	-1
  1514     0655  1D03               	skipz
  1515     0656  2E51               	goto	u455
  1516     0657                     l891:
  1517     0657  3001               	movlw	1
  1518     0658  00FF               	movwf	btemp+1
  1519     0659  087F               	movf	btemp+1,w
  1520     065A  07FB               	addwf	___lwdiv@counter,f
  1521     065B                     l893:
  1522     065B  1FF6               	btfss	___lwdiv@divisor+1,7
  1523     065C  2E5E               	goto	u461
  1524     065D  2E5F               	goto	u460
  1525     065E                     u461:
  1526     065E  2E50               	goto	l889
  1527     065F                     u460:
  1528     065F                     l895:
  1529     065F  3001               	movlw	1
  1530     0660                     u475:
  1531     0660  1003               	clrc
  1532     0661  0DF9               	rlf	___lwdiv@quotient,f
  1533     0662  0DFA               	rlf	___lwdiv@quotient+1,f
  1534     0663  3EFF               	addlw	-1
  1535     0664  1D03               	skipz
  1536     0665  2E60               	goto	u475
  1537     0666  0876               	movf	___lwdiv@divisor+1,w
  1538     0667  0278               	subwf	___lwdiv@dividend+1,w
  1539     0668  1D03               	skipz
  1540     0669  2E6C               	goto	u485
  1541     066A  0875               	movf	___lwdiv@divisor,w
  1542     066B  0277               	subwf	___lwdiv@dividend,w
  1543     066C                     u485:
  1544     066C  1C03               	skipc
  1545     066D  2E6F               	goto	u481
  1546     066E  2E70               	goto	u480
  1547     066F                     u481:
  1548     066F  2E77               	goto	l901
  1549     0670                     u480:
  1550     0670                     l897:
  1551     0670  0875               	movf	___lwdiv@divisor,w
  1552     0671  02F7               	subwf	___lwdiv@dividend,f
  1553     0672  0876               	movf	___lwdiv@divisor+1,w
  1554     0673  1C03               	skipc
  1555     0674  03F8               	decf	___lwdiv@dividend+1,f
  1556     0675  02F8               	subwf	___lwdiv@dividend+1,f
  1557     0676                     l899:
  1558     0676  1479               	bsf	___lwdiv@quotient,0
  1559     0677                     l901:
  1560     0677  3001               	movlw	1
  1561     0678                     u495:
  1562     0678  1003               	clrc
  1563     0679  0CF6               	rrf	___lwdiv@divisor+1,f
  1564     067A  0CF5               	rrf	___lwdiv@divisor,f
  1565     067B  3EFF               	addlw	-1
  1566     067C  1D03               	skipz
  1567     067D  2E78               	goto	u495
  1568     067E                     l903:
  1569     067E  3001               	movlw	1
  1570     067F  02FB               	subwf	___lwdiv@counter,f
  1571     0680  1D03               	btfss	3,2
  1572     0681  2E83               	goto	u501
  1573     0682  2E84               	goto	u500
  1574     0683                     u501:
  1575     0683  2E5F               	goto	l895
  1576     0684                     u500:
  1577     0684                     l905:
  1578     0684  087A               	movf	___lwdiv@quotient+1,w
  1579     0685  00F6               	movwf	?___lwdiv+1
  1580     0686  0879               	movf	___lwdiv@quotient,w
  1581     0687  00F5               	movwf	?___lwdiv
  1582     0688                     l433:
  1583     0688  0008               	return
  1584     0689                     __end_of___lwdiv:
  1585     007E                     btemp	set	126	;btemp
  1586     007E                     wtemp0	set	126
  1587                           
  1588                           	psect	config
  1589                           
  1590                           ;Config register CONFIG @ 0x2007
  1591                           ;	Oscillator Selection bits
  1592                           ;	FOSC = 0x3, unprogrammed default
  1593                           ;	Watchdog Timer Enable bit
  1594                           ;	WDTE = OFF, WDT disabled
  1595                           ;	Power-up Timer Enable bit
  1596                           ;	PWRTE = 0x1, unprogrammed default
  1597                           ;	Brown-out Reset Enable bit
  1598                           ;	BOREN = 0x1, unprogrammed default
  1599                           ;	Low-Voltage (Single-Supply) In-Circuit Serial Programming Enable bit
  1600                           ;	LVP = 0x1, unprogrammed default
  1601                           ;	Data EEPROM Memory Code Protection bit
  1602                           ;	CPD = 0x1, unprogrammed default
  1603                           ;	Flash Program Memory Write Enable bits
  1604                           ;	WRT = 0x3, unprogrammed default
  1605                           ;	In-Circuit Debugger Mode bit
  1606                           ;	DEBUG = 0x1, unprogrammed default
  1607                           ;	Flash Program Memory Code Protection bit
  1608                           ;	CP = 0x1, unprogrammed default
  1609     2007                     	org	8199
  1610     2007  3FFB               	dw	16379

Data Sizes:
    Strings     0
    Constant    0
    Data        13
    BSS         4
    Persistent  0
    Stack       0

Auto Spaces:
    Space          Size  Autos    Used
    COMMON           14     12      13
    BANK0            80      6      22
    BANK1            80      0       0
    BANK3            96      0       0
    BANK2            96      0       0

Pointer List with Targets:

    display@data	PTR unsigned char  size(1) Largest target is 4
		 -> main@ssd(BANK0[4]), 


Critical Paths under _main in COMMON

    _main->___lwdiv
    ___lwdiv->___lwmod

Critical Paths under _main in BANK0

    None.

Critical Paths under _main in BANK1

    None.

Critical Paths under _main in BANK3

    None.

Critical Paths under _main in BANK2

    None.

Call Graph Tables:

 ---------------------------------------------------------------------------------
 (Depth) Function   	        Calls       Base Space   Used Autos Params    Refs
 ---------------------------------------------------------------------------------
 (0) _main                                                 6     6      0    1697
                                              0 BANK0      6     6      0
                            ___lwdiv
                            ___lwmod
                            _display
                        _init_config
                _read_digital_keypad
 ---------------------------------------------------------------------------------
 (1) _read_digital_keypad                                  2     2      0      22
                                              0 COMMON     2     2      0
 ---------------------------------------------------------------------------------
 (1) _init_config                                          0     0      0       0
                _init_digital_keypad
                           _init_ssd
 ---------------------------------------------------------------------------------
 (2) _init_ssd                                             0     0      0       0
 ---------------------------------------------------------------------------------
 (2) _init_digital_keypad                                  0     0      0       0
 ---------------------------------------------------------------------------------
 (1) _display                                             10    10      0     168
                                              0 COMMON    10    10      0
 ---------------------------------------------------------------------------------
 (1) ___lwmod                                              5     1      4     615
                                              0 COMMON     5     1      4
 ---------------------------------------------------------------------------------
 (1) ___lwdiv                                              7     3      4     618
                                              5 COMMON     7     3      4
                            ___lwmod (ARG)
 ---------------------------------------------------------------------------------
 Estimated maximum stack depth 2
 ---------------------------------------------------------------------------------

 Call Graph Graphs:

 _main (ROOT)
   ___lwdiv
     ___lwmod (ARG)
   ___lwmod
   _display
   _init_config
     _init_digital_keypad
     _init_ssd
   _read_digital_keypad

 Address spaces:
Name               Size   Autos  Total    Cost      Usage
BANK3               60      0       0       9        0.0%
BITBANK3            60      0       0       8        0.0%
SFR3                 0      0       0       4        0.0%
BITSFR3              0      0       0       4        0.0%
BANK2               60      0       0      11        0.0%
BITBANK2            60      0       0      10        0.0%
SFR2                 0      0       0       5        0.0%
BITSFR2              0      0       0       5        0.0%
BANK1               50      0       0       7        0.0%
BITBANK1            50      0       0       6        0.0%
SFR1                 0      0       0       2        0.0%
BITSFR1              0      0       0       2        0.0%
BANK0               50      6      16       5       27.5%
BITBANK0            50      0       0       4        0.0%
SFR0                 0      0       0       1        0.0%
BITSFR0              0      0       0       1        0.0%
COMMON               E      C       D       1       92.9%
BITCOMMON            E      0       0       0        0.0%
CODE                 0      0       0       0        0.0%
DATA                 0      0      23      12        0.0%
ABS                  0      0      23       3        0.0%
NULL                 0      0       0       0        0.0%
STACK                0      0       0       2        0.0%
EEDATA             100      0       0       0        0.0%


Microchip Technology PIC Macro Assembler V2.41 build 20230208172133 
Symbol Table                                                                                   Tue Mar 11 09:20:24 2025

                          pc 0002                           l21 05B5                           l50 05C1  
                         l26 06E4                           l35 0761                           l71 060A  
                         l65 05AA                           l58 06DE                           fsr 0004  
                        l433 0688                          l443 0644                          l901 0677  
                        l903 067E                          l911 0611                          l831 05BC  
                        l905 0684                          l921 062D                          l913 0614  
                        l833 05A5                          l923 0633                          l915 061B  
                        l827 05B6                          l835 05AB                          l931 06DF  
                        l925 063A                          l917 061F                          l909 060B  
                        l829 05B9                          l861 0609                          l845 05EC  
                        l837 05E2                          l941 070A                          l933 06F6  
                        l919 0623                          l927 0640                          l871 068B  
                        l847 05F7                          l839 05E7                          l951 0720  
                        l943 0710                          l935 06FC                          l881 06D8  
                        l873 0695                          l865 068A                          l849 05FC  
                        l857 05FE                          l961 073A                          l953 0726  
                        l945 0716                          l937 0702                          l891 0657  
                        l883 0645                          l875 06A2                          l859 0607  
                        l971 0755                          l963 073C                          l955 072C  
                        l947 0718                          l939 0708                          l893 065B  
                        l885 0647                          l877 06AA                          l981 07A3  
                        l973 075B                          l957 072E                          l965 073E  
                        l949 071A                          l895 065F                          l887 064D  
                        l879 06D4                          l983 07C5                          l975 076A  
                        l967 0744                          l959 0734                          l897 0670  
                        l889 0650                          l985 07DA                          l977 076C  
                        l969 0753                          l899 0676                          l979 0781  
                        u410 06C6                          u500 0684                          u420 06D4  
                        u404 069B                          u501 0683                          u421 06D3  
                        u405 0699                          u510 0611                          u430 06DE  
                        u511 0610                          u431 06DD                          u415 06B9  
                        u440 064D                          u416 06BA                          u360 05E7  
                        u600 0710                          u441 064C                          u417 06BF  
                        u361 05E6                          u601 070F                          u530 0623  
                        u418 06C0                          u370 05F7                          u610 0716  
                        u531 0622                          u419 06C5                          u371 05F6  
                        u611 0715                          u460 065F                          u540 062D  
                        u380 05FC                          u700 076A                          u620 0720  
                        u461 065E                          u541 062C                          u525 0615  
                        u381 05FB                          u701 0769                          u621 071F  
                        u390 0607                          u630 0726                          u455 0651  
                        u391 0606                          u631 0725                          u480 0670  
                        u560 0640                          u640 072C                          u481 066F  
                        u561 063F                          u545 0629                          u641 072B  
                        u650 0734                          u570 06FC                          u475 0660  
                        u555 0634                          u651 0733                          u571 06FB  
                        u660 073A                          u580 0702                          u485 066C  
                        u661 0739                          u581 0701                          u670 0744  
                        u590 0708                          u495 0678                          u671 0743  
                        u591 0707                          u680 0753                          u681 0752  
                        u690 075B                          u691 075A                          fsr0 0004  
                        indf 0000        ??_read_digital_keypad 0070                  display@data 0078  
                display@wait 0074                         _main 06DF                         btemp 007E  
                       start 0000                        ?_main 0070              __end_of___lwdiv 0689  
            __end_of___lwmod 0645                 ?_init_config 0070                        _PORTA 0005  
                      _PORTB 0006                        _PORTD 0008                        _TRISA 0085  
                      _TRISB 0086                        _TRISD 0088                 display@digit 0079  
            __end_of_display 06DF                        _digit 0020                        _count 0034  
                      pclath 000A                        status 0003                        wtemp0 007E  
            __initialization 07E4                 __end_of_main 07E4                       ??_main 007C  
__end_of_init_digital_keypad 05AB                    ??___lwdiv 0079                    ??___lwmod 0074  
           __end_of_init_ssd 05C2                    ??_display 0070                 __pdataCOMMON 007C  
    __end_of__initialization 07FC               __pcstackCOMMON 0070                 __pidataBANK0 05C2  
                 __pbssBANK0 0032                   __pmaintext 06DF  __end_of_read_digital_keypad 060B  
                  ?_init_ssd 0070                      ___lwdiv 0645                      ___lwmod 060B  
                    __ptext1 05E1                      __ptext2 05AB                      __ptext3 05B6  
                    __ptext4 05A5                      __ptext5 0689                      __ptext6 060B  
                    __ptext7 0645                      _display 0689                      main@ssd 002C  
       end_of_initialization 07FC                   ??_init_ssd 0070                __pidataCOMMON 05A4  
        start_initialization 07E4                   init_fetch0 05CE                  __pdataBANK0 0020  
              ??_init_config 0070                    ___latbits 0002                __pcstackBANK0 002C  
           ___lwdiv@dividend 0077                     ?___lwdiv 0075                     ?___lwmod 0070  
                   ?_display 0070             ___lwdiv@quotient 0079          __end_of_init_config 05B6  
        _init_digital_keypad 05A5               _press_duration 0032         ?_init_digital_keypad 0070  
                _init_config 05AB              ___lwdiv@divisor 0075              ___lwdiv@counter 007B  
                   _init_ssd 05B6      read_digital_keypad@mode 0071      read_digital_keypad@once 007C  
                   _pre_key1 002B                     _pre_key2 002A        ??_init_digital_keypad 0070  
                   main@key1 0030                     main@key2 0031                     init_ram0 05D2  
           ___lwmod@dividend 0072          _read_digital_keypad 05E1              ___lwmod@divisor 0070  
            ___lwmod@counter 0074         ?_read_digital_keypad 0070  
