

Microchip MPLAB XC8 Assembler V2.41 build 20230208172133 
                                                                                               Mon Mar 03 13:05:02 2025

Microchip MPLAB XC8 C Compiler v2.41 (Free license) build 20230208172133 Og1 
     1                           	processor	16F877A
     2                           	pagewidth 120
     3                           	opt	flic
     4                           	psect	idataBANK0,global,class=CODE,delta=2,noexec
     5                           	psect	cinit,global,class=CODE,merge=1,delta=2
     6                           	psect	bssCOMMON,global,class=COMMON,space=1,delta=1,noexec
     7                           	psect	bssBANK0,global,class=BANK0,space=1,delta=1,noexec
     8                           	psect	dataBANK0,global,class=BANK0,space=1,delta=1,noexec
     9                           	psect	cstackCOMMON,global,class=COMMON,space=1,delta=1,noexec
    10                           	psect	maintext,global,class=CODE,split=1,delta=2
    11                           	psect	text1,local,class=CODE,merge=1,delta=2
    12                           	psect	text2,local,class=CODE,merge=1,delta=2
    13                           	psect	text3,local,class=CODE,merge=1,delta=2
    14                           	psect	text4,local,class=CODE,merge=1,delta=2
    15                           	psect	config,global,abs,ovrld,class=CONFIG,space=4,delta=2,noexec
    16                           	dabs	1,0x7E,2
    17     0000                     
    18                           ; Version 2.20
    19                           ; Generated 12/02/2020 GMT
    20                           ; 
    21                           ; Copyright © 2020, Microchip Technology Inc. and its subsidiaries ("Microchip")
    22                           ; All rights reserved.
    23                           ; 
    24                           ; This software is developed by Microchip Technology Inc. and its subsidiaries ("Microch
      +                          ip").
    25                           ; 
    26                           ; Redistribution and use in source and binary forms, with or without modification, are
    27                           ; permitted provided that the following conditions are met:
    28                           ; 
    29                           ;     1. Redistributions of source code must retain the above copyright notice, this lis
      +                          t of
    30                           ;        conditions and the following disclaimer.
    31                           ; 
    32                           ;     2. Redistributions in binary form must reproduce the above copyright notice, this 
      +                          list
    33                           ;        of conditions and the following disclaimer in the documentation and/or other
    34                           ;        materials provided with the distribution.
    35                           ; 
    36                           ;     3. Microchip's name may not be used to endorse or promote products derived from th
      +                          is
    37                           ;        software without specific prior written permission.
    38                           ; 
    39                           ; THIS SOFTWARE IS PROVIDED BY MICROCHIP "AS IS" AND ANY EXPRESS OR IMPLIED WARRANTIES,
    40                           ; INCLUDING, BUT NOT LIMITED TO, THE IMPLIED WARRANTIES OF MERCHANTABILITY AND FITNESS F
      +                          OR
    41                           ; PURPOSE ARE DISCLAIMED.  IN NO EVENT SHALL MICROCHIP BE LIABLE FOR ANY DIRECT, INDIREC
      +                          T,
    42                           ; INCIDENTAL, SPECIAL, EXEMPLARY, OR CONSEQUENTIAL DAMAGES (INCLUDING BUT NOT LIMITED TO
    43                           ; PROCUREMENT OF SUBSTITUTE GOODS OR SERVICES; LOSS OF USE, DATA OR PROFITS; OR BUSINESS
    44                           ; INTERRUPTION) HOWSOEVER CAUSED AND ON ANY THEORY OF LIABILITY, WHETHER IN CONTRACT, ST
      +                          RICT
    45                           ; LIABILITY, OR TORT (INCLUDING NEGLIGENCE OR OTHERWISE) ARISING IN ANY WAY OUT OF THE U
      +                          SE OF
    46                           ; THIS SOFTWARE, EVEN IF ADVISED OF THE POSSIBILITY OF SUCH DAMAGE.
    47                           ; 
    48                           ; 
    49                           ; Code-generator required, PIC16F877A Definitions
    50                           ; 
    51                           ; SFR Addresses
    52     0000                     	;# 
    53     0001                     	;# 
    54     0002                     	;# 
    55     0003                     	;# 
    56     0004                     	;# 
    57     0005                     	;# 
    58     0006                     	;# 
    59     0007                     	;# 
    60     0008                     	;# 
    61     0009                     	;# 
    62     000A                     	;# 
    63     000B                     	;# 
    64     000C                     	;# 
    65     000D                     	;# 
    66     000E                     	;# 
    67     000E                     	;# 
    68     000F                     	;# 
    69     0010                     	;# 
    70     0011                     	;# 
    71     0012                     	;# 
    72     0013                     	;# 
    73     0014                     	;# 
    74     0015                     	;# 
    75     0015                     	;# 
    76     0016                     	;# 
    77     0017                     	;# 
    78     0018                     	;# 
    79     0019                     	;# 
    80     001A                     	;# 
    81     001B                     	;# 
    82     001B                     	;# 
    83     001C                     	;# 
    84     001D                     	;# 
    85     001E                     	;# 
    86     001F                     	;# 
    87     0081                     	;# 
    88     0085                     	;# 
    89     0086                     	;# 
    90     0087                     	;# 
    91     0088                     	;# 
    92     0089                     	;# 
    93     008C                     	;# 
    94     008D                     	;# 
    95     008E                     	;# 
    96     0091                     	;# 
    97     0092                     	;# 
    98     0093                     	;# 
    99     0094                     	;# 
   100     0098                     	;# 
   101     0099                     	;# 
   102     009C                     	;# 
   103     009D                     	;# 
   104     009E                     	;# 
   105     009F                     	;# 
   106     010C                     	;# 
   107     010D                     	;# 
   108     010E                     	;# 
   109     010F                     	;# 
   110     018C                     	;# 
   111     018D                     	;# 
   112     0000                     	;# 
   113     0001                     	;# 
   114     0002                     	;# 
   115     0003                     	;# 
   116     0004                     	;# 
   117     0005                     	;# 
   118     0006                     	;# 
   119     0007                     	;# 
   120     0008                     	;# 
   121     0009                     	;# 
   122     000A                     	;# 
   123     000B                     	;# 
   124     000C                     	;# 
   125     000D                     	;# 
   126     000E                     	;# 
   127     000E                     	;# 
   128     000F                     	;# 
   129     0010                     	;# 
   130     0011                     	;# 
   131     0012                     	;# 
   132     0013                     	;# 
   133     0014                     	;# 
   134     0015                     	;# 
   135     0015                     	;# 
   136     0016                     	;# 
   137     0017                     	;# 
   138     0018                     	;# 
   139     0019                     	;# 
   140     001A                     	;# 
   141     001B                     	;# 
   142     001B                     	;# 
   143     001C                     	;# 
   144     001D                     	;# 
   145     001E                     	;# 
   146     001F                     	;# 
   147     0081                     	;# 
   148     0085                     	;# 
   149     0086                     	;# 
   150     0087                     	;# 
   151     0088                     	;# 
   152     0089                     	;# 
   153     008C                     	;# 
   154     008D                     	;# 
   155     008E                     	;# 
   156     0091                     	;# 
   157     0092                     	;# 
   158     0093                     	;# 
   159     0094                     	;# 
   160     0098                     	;# 
   161     0099                     	;# 
   162     009C                     	;# 
   163     009D                     	;# 
   164     009E                     	;# 
   165     009F                     	;# 
   166     010C                     	;# 
   167     010D                     	;# 
   168     010E                     	;# 
   169     010F                     	;# 
   170     018C                     	;# 
   171     018D                     	;# 
   172     0000                     	;# 
   173     0001                     	;# 
   174     0002                     	;# 
   175     0003                     	;# 
   176     0004                     	;# 
   177     0005                     	;# 
   178     0006                     	;# 
   179     0007                     	;# 
   180     0008                     	;# 
   181     0009                     	;# 
   182     000A                     	;# 
   183     000B                     	;# 
   184     000C                     	;# 
   185     000D                     	;# 
   186     000E                     	;# 
   187     000E                     	;# 
   188     000F                     	;# 
   189     0010                     	;# 
   190     0011                     	;# 
   191     0012                     	;# 
   192     0013                     	;# 
   193     0014                     	;# 
   194     0015                     	;# 
   195     0015                     	;# 
   196     0016                     	;# 
   197     0017                     	;# 
   198     0018                     	;# 
   199     0019                     	;# 
   200     001A                     	;# 
   201     001B                     	;# 
   202     001B                     	;# 
   203     001C                     	;# 
   204     001D                     	;# 
   205     001E                     	;# 
   206     001F                     	;# 
   207     0081                     	;# 
   208     0085                     	;# 
   209     0086                     	;# 
   210     0087                     	;# 
   211     0088                     	;# 
   212     0089                     	;# 
   213     008C                     	;# 
   214     008D                     	;# 
   215     008E                     	;# 
   216     0091                     	;# 
   217     0092                     	;# 
   218     0093                     	;# 
   219     0094                     	;# 
   220     0098                     	;# 
   221     0099                     	;# 
   222     009C                     	;# 
   223     009D                     	;# 
   224     009E                     	;# 
   225     009F                     	;# 
   226     010C                     	;# 
   227     010D                     	;# 
   228     010E                     	;# 
   229     010F                     	;# 
   230     018C                     	;# 
   231     018D                     	;# 
   232                           
   233                           	psect	idataBANK0
   234     0660                     __pidataBANK0:
   235                           
   236                           ;initializer for read_digital_keypad@once
   237     0660  3401               	retlw	1
   238     0006                     _PORTB	set	6
   239     0008                     _PORTD	set	8
   240     0086                     _TRISB	set	134
   241     0088                     _TRISD	set	136
   242                           
   243                           	psect	cinit
   244     07EB                     start_initialization:	
   245                           ; #config settings
   246                           
   247     07EB                     __initialization:
   248                           
   249                           ; Initialize objects allocated to BANK0
   250     07EB  120A  118A  2660  120A  118A  	fcall	__pidataBANK0	;fetch initializer
   251     07F0  00A6               	movwf	__pdataBANK0& (0+127)
   252                           
   253                           ; Clear objects allocated to BANK0
   254     07F1  01A0               	clrf	__pbssBANK0& (0+127)
   255     07F2  01A1               	clrf	(__pbssBANK0+1)& (0+127)
   256     07F3  01A2               	clrf	(__pbssBANK0+2)& (0+127)
   257     07F4  01A3               	clrf	(__pbssBANK0+3)& (0+127)
   258     07F5  01A4               	clrf	(__pbssBANK0+4)& (0+127)
   259     07F6  01A5               	clrf	(__pbssBANK0+5)& (0+127)
   260                           
   261                           ; Clear objects allocated to COMMON
   262     07F7  01F9               	clrf	__pbssCOMMON& (0+127)
   263     07F8  01FA               	clrf	(__pbssCOMMON+1)& (0+127)
   264     07F9  01FB               	clrf	(__pbssCOMMON+2)& (0+127)
   265     07FA  01FC               	clrf	(__pbssCOMMON+3)& (0+127)
   266     07FB  01FD               	clrf	(__pbssCOMMON+4)& (0+127)
   267     07FC                     end_of_initialization:	
   268                           ;End of C runtime variable initialization code
   269                           
   270     07FC                     __end_of__initialization:
   271     07FC  0183               	clrf	3
   272     07FD  120A  118A  2E73   	ljmp	_main	;jump to C main() function
   273                           
   274                           	psect	bssCOMMON
   275     0079                     __pbssCOMMON:
   276     0079                     multiple_pattern@j:
   277     0079                     	ds	2
   278     007B                     multiple_pattern@i:
   279     007B                     	ds	2
   280     007D                     multiple_pattern@flag:
   281     007D                     	ds	1
   282                           
   283                           	psect	bssBANK0
   284     0020                     __pbssBANK0:
   285     0020                     multiple_pattern@delay:
   286     0020                     	ds	4
   287     0024                     multiple_pattern@k:
   288     0024                     	ds	2
   289                           
   290                           	psect	dataBANK0
   291     0026                     __pdataBANK0:
   292     0026                     read_digital_keypad@once:
   293     0026                     	ds	1
   294                           
   295                           	psect	cstackCOMMON
   296     0070                     __pcstackCOMMON:
   297     0070                     ?_init_digital_keypad:
   298     0070                     ??_init_digital_keypad:	
   299                           ; 1 bytes @ 0x0
   300                           
   301     0070                     ?_read_digital_keypad:	
   302                           ; 1 bytes @ 0x0
   303                           
   304     0070                     ??_read_digital_keypad:	
   305                           ; 1 bytes @ 0x0
   306                           
   307     0070                     ?_multiple_pattern:	
   308                           ; 1 bytes @ 0x0
   309                           
   310     0070                     ??_multiple_pattern:	
   311                           ; 1 bytes @ 0x0
   312                           
   313     0070                     ?_init_config:	
   314                           ; 1 bytes @ 0x0
   315                           
   316     0070                     ??_init_config:	
   317                           ; 1 bytes @ 0x0
   318                           
   319     0070                     ?_main:	
   320                           ; 1 bytes @ 0x0
   321                           
   322                           
   323                           ; 1 bytes @ 0x0
   324     0070                     	ds	1
   325     0071                     read_digital_keypad@mode:
   326                           
   327                           ; 1 bytes @ 0x1
   328     0071                     	ds	1
   329     0072                     multiple_pattern@pre_key:
   330                           
   331                           ; 1 bytes @ 0x2
   332     0072                     	ds	1
   333     0073                     _multiple_pattern$54:
   334                           
   335                           ; 2 bytes @ 0x3
   336     0073                     	ds	2
   337     0075                     _multiple_pattern$55:
   338                           
   339                           ; 2 bytes @ 0x5
   340     0075                     	ds	2
   341     0077                     ??_main:
   342     0077                     main@pre_key:	
   343                           ; 1 bytes @ 0x7
   344                           
   345                           
   346                           ; 1 bytes @ 0x7
   347     0077                     	ds	1
   348     0078                     main@key:
   349                           
   350                           ; 1 bytes @ 0x8
   351     0078                     	ds	1
   352                           
   353                           	psect	maintext
   354     0673                     __pmaintext:	
   355 ;;
   356 ;;Main: autosize = 0, tempsize = 0, incstack = 0, save=0
   357 ;;
   358 ;; *************** function _main *****************
   359 ;; Defined at:
   360 ;;		line 15 in file "main.c"
   361 ;; Parameters:    Size  Location     Type
   362 ;;		None
   363 ;; Auto vars:     Size  Location     Type
   364 ;;  key             1    8[COMMON] unsigned char 
   365 ;;  pre_key         1    7[COMMON] unsigned char 
   366 ;; Return value:  Size  Location     Type
   367 ;;                  1    wreg      void 
   368 ;; Registers used:
   369 ;;		wreg, fsr0l, fsr0h, status,2, status,0, btemp+1, pclath, cstack
   370 ;; Tracked objects:
   371 ;;		On entry : B00/0
   372 ;;		On exit  : 0/0
   373 ;;		Unchanged: 0/0
   374 ;; Data sizes:     COMMON   BANK0   BANK1   BANK3   BANK2
   375 ;;      Params:         0       0       0       0       0
   376 ;;      Locals:         2       0       0       0       0
   377 ;;      Temps:          0       0       0       0       0
   378 ;;      Totals:         2       0       0       0       0
   379 ;;Total ram usage:        2 bytes
   380 ;; Hardware stack levels required when called: 2
   381 ;; This function calls:
   382 ;;		_init_config
   383 ;;		_multiple_pattern
   384 ;;		_read_digital_keypad
   385 ;; This function is called by:
   386 ;;		Startup code after reset
   387 ;; This function uses a non-reentrant model
   388 ;;
   389                           
   390     0673                     _main:	
   391                           ;psect for function _main
   392                           
   393     0673                     l928:	
   394                           ;incstack = 0
   395                           ; Regs used in _main: [wreg-fsr0h+status,2+status,0+btemp+1+pclath+cstack]
   396                           
   397                           
   398                           ;main.c: 16:         multiple_pattern(pre_key);
   399     0673  303F               	movlw	63
   400     0674  00F7               	movwf	main@pre_key
   401     0675                     l930:
   402                           
   403                           ;main.c: 17:     }
   404     0675  120A  118A  2667  120A  118A  	fcall	_init_config
   405     067A                     l932:
   406                           
   407                           ;main.c: 19: 
   408     067A  3001               	movlw	1
   409     067B  120A  118A  2693  120A  118A  	fcall	_read_digital_keypad
   410     0680  00F8               	movwf	main@key
   411     0681                     l934:
   412                           
   413                           ;main.c: 20: void multiple_pattern(unsigned char pre_key) {
   414     0681  303F               	movlw	63
   415     0682  0678               	xorwf	main@key,w
   416     0683  1903               	btfsc	3,2
   417     0684  2E86               	goto	u501
   418     0685  2E87               	goto	u500
   419     0686                     u501:
   420     0686  2E89               	goto	l938
   421     0687                     u500:
   422     0687                     l936:
   423                           
   424                           ;main.c: 21:     static unsigned long delay = 0;
   425     0687  0878               	movf	main@key,w
   426     0688  00F7               	movwf	main@pre_key
   427     0689                     l938:
   428                           
   429                           ;main.c: 23:     static unsigned char flag = 0;
   430     0689  0877               	movf	main@pre_key,w
   431     068A  120A  118A  26BD  120A  118A  	fcall	_multiple_pattern
   432     068F  2E7A               	goto	l932
   433     0690  120A  118A  2800   	ljmp	start
   434     0693                     __end_of_main:
   435                           
   436                           	psect	text1
   437     0693                     __ptext1:	
   438 ;; *************** function _read_digital_keypad *****************
   439 ;; Defined at:
   440 ;;		line 10 in file "digital_keypad.c"
   441 ;; Parameters:    Size  Location     Type
   442 ;;  mode            1    wreg     unsigned char 
   443 ;; Auto vars:     Size  Location     Type
   444 ;;  mode            1    1[COMMON] unsigned char 
   445 ;; Return value:  Size  Location     Type
   446 ;;                  1    wreg      unsigned char 
   447 ;; Registers used:
   448 ;;		wreg, status,2, status,0
   449 ;; Tracked objects:
   450 ;;		On entry : 0/0
   451 ;;		On exit  : 0/0
   452 ;;		Unchanged: 0/0
   453 ;; Data sizes:     COMMON   BANK0   BANK1   BANK3   BANK2
   454 ;;      Params:         0       0       0       0       0
   455 ;;      Locals:         1       0       0       0       0
   456 ;;      Temps:          1       0       0       0       0
   457 ;;      Totals:         2       0       0       0       0
   458 ;;Total ram usage:        2 bytes
   459 ;; Hardware stack levels used: 1
   460 ;; This function calls:
   461 ;;		Nothing
   462 ;; This function is called by:
   463 ;;		_main
   464 ;; This function uses a non-reentrant model
   465 ;;
   466                           
   467     0693                     _read_digital_keypad:	
   468                           ;psect for function _read_digital_keypad
   469                           
   470                           
   471                           ;incstack = 0
   472                           ; Regs used in _read_digital_keypad: [wreg+status,2+status,0]
   473                           ;read_digital_keypad@mode stored from wreg
   474     0693  00F1               	movwf	read_digital_keypad@mode
   475     0694                     l824:
   476                           
   477                           ;digital_keypad.c: 10: unsigned char read_digital_keypad(unsigned char mode);digital_key
      +                          pad.c: 11: {;digital_keypad.c: 12:     static unsigned char once = 1;;digital_keypad.c: 
      +                          14:     if (mode == 0)
   478     0694  0871               	movf	read_digital_keypad@mode,w
   479     0695  1D03               	btfss	3,2
   480     0696  2E98               	goto	u261
   481     0697  2E99               	goto	u260
   482     0698                     u261:
   483     0698  2E9E               	goto	l832
   484     0699                     u260:
   485     0699                     l826:
   486                           
   487                           ;digital_keypad.c: 15:     {;digital_keypad.c: 16:         return PORTB & 0x3F;
   488     0699  1283               	bcf	3,5	;RP0=0, select bank0
   489     069A  1303               	bcf	3,6	;RP1=0, select bank0
   490     069B  0806               	movf	6,w	;volatile
   491     069C  393F               	andlw	63
   492     069D  2EBC               	goto	l76
   493     069E                     l832:
   494                           
   495                           ;digital_keypad.c: 19:     {;digital_keypad.c: 20:         if (((PORTB & 0x3F) != 0x3F) 
      +                          && once)
   496     069E  303F               	movlw	63
   497     069F  1283               	bcf	3,5	;RP0=0, select bank0
   498     06A0  1303               	bcf	3,6	;RP1=0, select bank0
   499     06A1  0506               	andwf	6,w	;volatile
   500     06A2  00F0               	movwf	??_read_digital_keypad
   501     06A3  303F               	movlw	63
   502     06A4  0670               	xorwf	??_read_digital_keypad,w
   503     06A5  1903               	btfsc	3,2
   504     06A6  2EA8               	goto	u271
   505     06A7  2EA9               	goto	u270
   506     06A8                     u271:
   507     06A8  2EB0               	goto	l844
   508     06A9                     u270:
   509     06A9                     l834:
   510     06A9  0826               	movf	read_digital_keypad@once,w
   511     06AA  1903               	btfsc	3,2
   512     06AB  2EAD               	goto	u281
   513     06AC  2EAE               	goto	u280
   514     06AD                     u281:
   515     06AD  2EB0               	goto	l844
   516     06AE                     u280:
   517     06AE                     l836:
   518                           
   519                           ;digital_keypad.c: 21:         {;digital_keypad.c: 22:             once = 0;
   520     06AE  01A6               	clrf	read_digital_keypad@once
   521     06AF  2E99               	goto	l826
   522     06B0                     l844:
   523     06B0  303F               	movlw	63
   524     06B1  0506               	andwf	6,w	;volatile
   525     06B2  00F0               	movwf	??_read_digital_keypad
   526     06B3  303F               	movlw	63
   527     06B4  0670               	xorwf	??_read_digital_keypad,w
   528     06B5  1D03               	btfss	3,2
   529     06B6  2EB8               	goto	u291
   530     06B7  2EB9               	goto	u290
   531     06B8                     u291:
   532     06B8  2EBB               	goto	l848
   533     06B9                     u290:
   534     06B9                     l846:
   535                           
   536                           ;digital_keypad.c: 27:         {;digital_keypad.c: 28:             once = 1;
   537     06B9  01A6               	clrf	read_digital_keypad@once
   538     06BA  0AA6               	incf	read_digital_keypad@once,f
   539     06BB                     l848:
   540                           
   541                           ;digital_keypad.c: 32:     return 0x3F;
   542     06BB  303F               	movlw	63
   543     06BC                     l76:
   544     06BC  0008               	return
   545     06BD                     __end_of_read_digital_keypad:
   546                           
   547                           	psect	text2
   548     06BD                     __ptext2:	
   549 ;; *************** function _multiple_pattern *****************
   550 ;; Defined at:
   551 ;;		line 27 in file "main.c"
   552 ;; Parameters:    Size  Location     Type
   553 ;;  pre_key         1    wreg     unsigned char 
   554 ;; Auto vars:     Size  Location     Type
   555 ;;  pre_key         1    2[COMMON] unsigned char 
   556 ;; Return value:  Size  Location     Type
   557 ;;                  1    wreg      void 
   558 ;; Registers used:
   559 ;;		wreg, fsr0l, fsr0h, status,2, status,0, btemp+1
   560 ;; Tracked objects:
   561 ;;		On entry : 0/0
   562 ;;		On exit  : 0/0
   563 ;;		Unchanged: 0/0
   564 ;; Data sizes:     COMMON   BANK0   BANK1   BANK3   BANK2
   565 ;;      Params:         0       0       0       0       0
   566 ;;      Locals:         5       0       0       0       0
   567 ;;      Temps:          2       0       0       0       0
   568 ;;      Totals:         7       0       0       0       0
   569 ;;Total ram usage:        7 bytes
   570 ;; Hardware stack levels used: 1
   571 ;; This function calls:
   572 ;;		Nothing
   573 ;; This function is called by:
   574 ;;		_main
   575 ;; This function uses a non-reentrant model
   576 ;;
   577                           
   578     06BD                     _multiple_pattern:	
   579                           ;psect for function _multiple_pattern
   580                           
   581                           
   582                           ;incstack = 0
   583                           ; Regs used in _multiple_pattern: [wreg-fsr0h+status,2+status,0+btemp+1]
   584                           ;multiple_pattern@pre_key stored from wreg
   585     06BD  00F2               	movwf	multiple_pattern@pre_key
   586     06BE                     l852:
   587                           
   588                           ;main.c: 28: ;main.c: 29:         switch(pre_key) {;main.c: 30:             case 0x3E:;m
      +                          ain.c: 32:                 {
   589     06BE  3001               	movlw	1
   590     06BF  1283               	bcf	3,5	;RP0=0, select bank0
   591     06C0  1303               	bcf	3,6	;RP1=0, select bank0
   592     06C1  07A0               	addwf	multiple_pattern@delay,f
   593     06C2  3000               	movlw	0
   594     06C3  1803               	skipnc
   595     06C4  3001               	movlw	1
   596     06C5  07A1               	addwf	multiple_pattern@delay+1,f
   597     06C6  3000               	movlw	0
   598     06C7  1803               	skipnc
   599     06C8  3001               	movlw	1
   600     06C9  07A2               	addwf	multiple_pattern@delay+2,f
   601     06CA  3000               	movlw	0
   602     06CB  1803               	skipnc
   603     06CC  3001               	movlw	1
   604     06CD  07A3               	addwf	multiple_pattern@delay+3,f
   605     06CE  3011               	movlw	17
   606     06CF  0620               	xorwf	multiple_pattern@delay,w
   607     06D0  3027               	movlw	39
   608     06D1  1903               	skipnz
   609     06D2  0621               	xorwf	multiple_pattern@delay+1,w
   610     06D3  0422               	iorwf	multiple_pattern@delay+2,w
   611     06D4  0423               	iorwf	multiple_pattern@delay+3,w
   612     06D5  1D03               	btfss	3,2
   613     06D6  2ED8               	goto	u301
   614     06D7  2ED9               	goto	u300
   615     06D8                     u301:
   616     06D8  2FEA               	goto	l63
   617     06D9                     u300:
   618     06D9                     l854:
   619                           
   620                           ;main.c: 33:                     PORTD |= (1 << i++);
   621     06D9  3000               	movlw	0
   622     06DA  1283               	bcf	3,5	;RP0=0, select bank0
   623     06DB  1303               	bcf	3,6	;RP1=0, select bank0
   624     06DC  00A3               	movwf	multiple_pattern@delay+3
   625     06DD  3000               	movlw	0
   626     06DE  00A2               	movwf	multiple_pattern@delay+2
   627     06DF  3000               	movlw	0
   628     06E0  00A1               	movwf	multiple_pattern@delay+1
   629     06E1  3000               	movlw	0
   630     06E2  00A0               	movwf	multiple_pattern@delay
   631     06E3                     l856:
   632                           
   633                           ;main.c: 34:                 }
   634     06E3  087D               	movf	multiple_pattern@flag,w
   635     06E4  1903               	btfsc	3,2
   636     06E5  2EE7               	goto	u311
   637     06E6  2EE9               	goto	u310
   638     06E7                     u311:
   639     06E7  3001               	movlw	1
   640     06E8  2EEA               	goto	u320
   641     06E9                     u310:
   642     06E9  3000               	movlw	0
   643     06EA                     u320:
   644     06EA  00FD               	movwf	multiple_pattern@flag
   645                           
   646                           ;main.c: 36:                 {
   647     06EB  2FD4               	goto	l920
   648     06EC                     l858:
   649                           
   650                           ;main.c: 38:                 }
   651     06EC  3000               	movlw	0
   652     06ED  027C               	subwf	multiple_pattern@i+1,w
   653     06EE  3008               	movlw	8
   654     06EF  1903               	skipnz
   655     06F0  027B               	subwf	multiple_pattern@i,w
   656     06F1  1803               	skipnc
   657     06F2  2EF4               	goto	u331
   658     06F3  2EF5               	goto	u330
   659     06F4                     u331:
   660     06F4  2F09               	goto	l864
   661     06F5                     u330:
   662     06F5                     l860:
   663                           
   664                           ;main.c: 39:                 else if(j < 8);main.c: 40:                 {
   665     06F5  3001               	movlw	1
   666     06F6  00F0               	movwf	??_multiple_pattern
   667     06F7  0A7B               	incf	multiple_pattern@i,w
   668     06F8  2EFB               	goto	u344
   669     06F9                     u345:
   670     06F9  1003               	clrc
   671     06FA  0DF0               	rlf	??_multiple_pattern,f
   672     06FB                     u344:
   673     06FB  3EFF               	addlw	-1
   674     06FC  1D03               	skipz
   675     06FD  2EF9               	goto	u345
   676     06FE  0870               	movf	??_multiple_pattern,w
   677     06FF  00FF               	movwf	btemp+1
   678     0700  087F               	movf	btemp+1,w
   679     0701  0488               	iorwf	8,f	;volatile
   680     0702                     l862:
   681     0702  3001               	movlw	1
   682     0703  07FB               	addwf	multiple_pattern@i,f
   683     0704  1803               	skipnc
   684     0705  0AFC               	incf	multiple_pattern@i+1,f
   685     0706  3000               	movlw	0
   686     0707  07FC               	addwf	multiple_pattern@i+1,f
   687                           
   688                           ;main.c: 41:                     PORTD |= (1 << (7 - j++));
   689     0708  2F5C               	goto	l882
   690     0709                     l864:
   691     0709  3000               	movlw	0
   692     070A  027C               	subwf	multiple_pattern@i+1,w
   693     070B  3010               	movlw	16
   694     070C  1903               	skipnz
   695     070D  027B               	subwf	multiple_pattern@i,w
   696     070E  1803               	skipnc
   697     070F  2F11               	goto	u351
   698     0710  2F12               	goto	u350
   699     0711                     u351:
   700     0711  2F23               	goto	l870
   701     0712                     u350:
   702     0712                     l866:
   703                           
   704                           ;main.c: 43:                 else if(j < 16);main.c: 44:                 {
   705     0712  3001               	movlw	1
   706     0713  00F0               	movwf	??_multiple_pattern
   707     0714  087B               	movf	multiple_pattern@i,w
   708     0715  3EF8               	addlw	248
   709     0716  3E01               	addlw	1
   710     0717  2F1A               	goto	u364
   711     0718                     u365:
   712     0718  1003               	clrc
   713     0719  0DF0               	rlf	??_multiple_pattern,f
   714     071A                     u364:
   715     071A  3EFF               	addlw	-1
   716     071B  1D03               	skipz
   717     071C  2F18               	goto	u365
   718     071D  0870               	movf	??_multiple_pattern,w
   719     071E  3AFF               	xorlw	255
   720     071F  00FF               	movwf	btemp+1
   721     0720  087F               	movf	btemp+1,w
   722     0721  0588               	andwf	8,f	;volatile
   723     0722  2F02               	goto	l862
   724     0723                     l870:
   725     0723  3000               	movlw	0
   726     0724  027A               	subwf	multiple_pattern@j+1,w
   727     0725  3008               	movlw	8
   728     0726  1903               	skipnz
   729     0727  0279               	subwf	multiple_pattern@j,w
   730     0728  1803               	skipnc
   731     0729  2F2B               	goto	u371
   732     072A  2F2C               	goto	u370
   733     072B                     u371:
   734     072B  2F42               	goto	l876
   735     072C                     u370:
   736     072C                     l872:
   737                           
   738                           ;main.c: 47:                 if(i == 16 && j == 16) {;main.c: 48:                     i 
      +                          = j = 0;
   739     072C  3001               	movlw	1
   740     072D  00F0               	movwf	??_multiple_pattern
   741     072E  0879               	movf	multiple_pattern@j,w
   742     072F  3C07               	sublw	7
   743     0730  3E01               	addlw	1
   744     0731  2F34               	goto	u384
   745     0732                     u385:
   746     0732  1003               	clrc
   747     0733  0DF0               	rlf	??_multiple_pattern,f
   748     0734                     u384:
   749     0734  3EFF               	addlw	-1
   750     0735  1D03               	skipz
   751     0736  2F32               	goto	u385
   752     0737  0870               	movf	??_multiple_pattern,w
   753     0738  00FF               	movwf	btemp+1
   754     0739  087F               	movf	btemp+1,w
   755     073A  0488               	iorwf	8,f	;volatile
   756     073B                     l874:
   757     073B  3001               	movlw	1
   758     073C  07F9               	addwf	multiple_pattern@j,f
   759     073D  1803               	skipnc
   760     073E  0AFA               	incf	multiple_pattern@j+1,f
   761     073F  3000               	movlw	0
   762     0740  07FA               	addwf	multiple_pattern@j+1,f
   763                           
   764                           ;main.c: 49:                 }
   765     0741  2F5C               	goto	l882
   766     0742                     l876:
   767     0742  3000               	movlw	0
   768     0743  027A               	subwf	multiple_pattern@j+1,w
   769     0744  3010               	movlw	16
   770     0745  1903               	skipnz
   771     0746  0279               	subwf	multiple_pattern@j,w
   772     0747  1803               	skipnc
   773     0748  2F4A               	goto	u391
   774     0749  2F4B               	goto	u390
   775     074A                     u391:
   776     074A  2F5C               	goto	l41
   777     074B                     u390:
   778     074B                     l878:
   779                           
   780                           ;main.c: 51: ;main.c: 52:             case 0x3D:
   781     074B  3001               	movlw	1
   782     074C  00F0               	movwf	??_multiple_pattern
   783     074D  0879               	movf	multiple_pattern@j,w
   784     074E  3C0F               	sublw	15
   785     074F  3E01               	addlw	1
   786     0750  2F53               	goto	u404
   787     0751                     u405:
   788     0751  1003               	clrc
   789     0752  0DF0               	rlf	??_multiple_pattern,f
   790     0753                     u404:
   791     0753  3EFF               	addlw	-1
   792     0754  1D03               	skipz
   793     0755  2F51               	goto	u405
   794     0756  0870               	movf	??_multiple_pattern,w
   795     0757  3AFF               	xorlw	255
   796     0758  00FF               	movwf	btemp+1
   797     0759  087F               	movf	btemp+1,w
   798     075A  0588               	andwf	8,f	;volatile
   799     075B  2F3B               	goto	l874
   800     075C                     l41:
   801     075C                     l882:
   802                           
   803                           ;main.c: 54:                     PORTD |= (1 << k++);
   804     075C  3010               	movlw	16
   805     075D  067B               	xorwf	multiple_pattern@i,w
   806     075E  047C               	iorwf	multiple_pattern@i+1,w
   807     075F  1D03               	btfss	3,2
   808     0760  2F62               	goto	u411
   809     0761  2F63               	goto	u410
   810     0762                     u411:
   811     0762  2FEA               	goto	l63
   812     0763                     u410:
   813     0763                     l884:
   814     0763  3010               	movlw	16
   815     0764  0679               	xorwf	multiple_pattern@j,w
   816     0765  047A               	iorwf	multiple_pattern@j+1,w
   817     0766  1D03               	btfss	3,2
   818     0767  2F69               	goto	u421
   819     0768  2F6A               	goto	u420
   820     0769                     u421:
   821     0769  2FEA               	goto	l63
   822     076A                     u420:
   823     076A                     l886:
   824                           
   825                           ;main.c: 55:                 } else if(k < 16) {
   826     076A  01F9               	clrf	multiple_pattern@j
   827     076B  01FA               	clrf	multiple_pattern@j+1
   828     076C  01FB               	clrf	multiple_pattern@i
   829     076D  01FC               	clrf	multiple_pattern@i+1
   830     076E  2FEA               	goto	l63
   831     076F                     l888:
   832                           
   833                           ;main.c: 60:                 }
   834     076F  3000               	movlw	0
   835     0770  0225               	subwf	multiple_pattern@k+1,w
   836     0771  3008               	movlw	8
   837     0772  1903               	skipnz
   838     0773  0224               	subwf	multiple_pattern@k,w
   839     0774  1803               	skipnc
   840     0775  2F77               	goto	u431
   841     0776  2F78               	goto	u430
   842     0777                     u431:
   843     0777  2F8C               	goto	l894
   844     0778                     u430:
   845     0778                     l890:
   846                           
   847                           ;main.c: 61:                 break;
   848     0778  3001               	movlw	1
   849     0779  00F0               	movwf	??_multiple_pattern
   850     077A  0A24               	incf	multiple_pattern@k,w
   851     077B  2F7E               	goto	u444
   852     077C                     u445:
   853     077C  1003               	clrc
   854     077D  0DF0               	rlf	??_multiple_pattern,f
   855     077E                     u444:
   856     077E  3EFF               	addlw	-1
   857     077F  1D03               	skipz
   858     0780  2F7C               	goto	u445
   859     0781  0870               	movf	??_multiple_pattern,w
   860     0782  00FF               	movwf	btemp+1
   861     0783  087F               	movf	btemp+1,w
   862     0784  0488               	iorwf	8,f	;volatile
   863     0785                     l892:
   864     0785  3001               	movlw	1
   865     0786  07A4               	addwf	multiple_pattern@k,f
   866     0787  1803               	skipnc
   867     0788  0AA5               	incf	multiple_pattern@k+1,f
   868     0789  3000               	movlw	0
   869     078A  07A5               	addwf	multiple_pattern@k+1,f
   870                           
   871                           ;main.c: 62: 
   872     078B  2FA6               	goto	l900
   873     078C                     l894:
   874     078C  3000               	movlw	0
   875     078D  0225               	subwf	multiple_pattern@k+1,w
   876     078E  3010               	movlw	16
   877     078F  1903               	skipnz
   878     0790  0224               	subwf	multiple_pattern@k,w
   879     0791  1803               	skipnc
   880     0792  2F94               	goto	u451
   881     0793  2F95               	goto	u450
   882     0794                     u451:
   883     0794  2FA6               	goto	l900
   884     0795                     u450:
   885     0795                     l896:
   886                           
   887                           ;main.c: 63:             case 0x3B:
   888     0795  3001               	movlw	1
   889     0796  00F0               	movwf	??_multiple_pattern
   890     0797  0824               	movf	multiple_pattern@k,w
   891     0798  3EF8               	addlw	248
   892     0799  3E01               	addlw	1
   893     079A  2F9D               	goto	u464
   894     079B                     u465:
   895     079B  1003               	clrc
   896     079C  0DF0               	rlf	??_multiple_pattern,f
   897     079D                     u464:
   898     079D  3EFF               	addlw	-1
   899     079E  1D03               	skipz
   900     079F  2F9B               	goto	u465
   901     07A0  0870               	movf	??_multiple_pattern,w
   902     07A1  3AFF               	xorlw	255
   903     07A2  00FF               	movwf	btemp+1
   904     07A3  087F               	movf	btemp+1,w
   905     07A4  0588               	andwf	8,f	;volatile
   906     07A5  2F85               	goto	l892
   907     07A6                     l900:
   908                           
   909                           ;main.c: 65:                 break;
   910     07A6  3010               	movlw	16
   911     07A7  0624               	xorwf	multiple_pattern@k,w
   912     07A8  0425               	iorwf	multiple_pattern@k+1,w
   913     07A9  1D03               	btfss	3,2
   914     07AA  2FAC               	goto	u471
   915     07AB  2FAD               	goto	u470
   916     07AC                     u471:
   917     07AC  2FEA               	goto	l63
   918     07AD                     u470:
   919     07AD                     l902:
   920                           
   921                           ;main.c: 66: 
   922     07AD  01A4               	clrf	multiple_pattern@k
   923     07AE  01A5               	clrf	multiple_pattern@k+1
   924     07AF  2FEA               	goto	l63
   925     07B0                     l904:
   926                           
   927                           ;main.c: 71:             default:
   928     07B0  087D               	movf	multiple_pattern@flag,w
   929     07B1  1D03               	btfss	3,2
   930     07B2  2FB4               	goto	u481
   931     07B3  2FB5               	goto	u480
   932     07B4                     u481:
   933     07B4  2FBA               	goto	l908
   934     07B5                     u480:
   935     07B5                     l906:
   936     07B5  3055               	movlw	85
   937     07B6  00F3               	movwf	_multiple_pattern$54
   938     07B7  30FF               	movlw	255
   939     07B8  00F4               	movwf	_multiple_pattern$54+1
   940     07B9  2FBE               	goto	l56
   941     07BA                     l908:
   942     07BA  30AA               	movlw	170
   943     07BB  00F3               	movwf	_multiple_pattern$54
   944     07BC  3000               	movlw	0
   945     07BD  00F4               	movwf	_multiple_pattern$54+1
   946     07BE                     l56:
   947     07BE  0873               	movf	_multiple_pattern$54,w
   948     07BF  0088               	movwf	8	;volatile
   949                           
   950                           ;main.c: 72:                 PORTD = 0x00;
   951     07C0  2FEA               	goto	l63
   952     07C1                     l910:
   953                           
   954                           ;main.c: 75:     }
   955     07C1  087D               	movf	multiple_pattern@flag,w
   956     07C2  1D03               	btfss	3,2
   957     07C3  2FC5               	goto	u491
   958     07C4  2FC6               	goto	u490
   959     07C5                     u491:
   960     07C5  2FCB               	goto	l914
   961     07C6                     u490:
   962     07C6                     l912:
   963     07C6  30F0               	movlw	240
   964     07C7  00F5               	movwf	_multiple_pattern$55
   965     07C8  30FF               	movlw	255
   966     07C9  00F6               	movwf	_multiple_pattern$55+1
   967     07CA  2FCF               	goto	l61
   968     07CB                     l914:
   969     07CB  300F               	movlw	15
   970     07CC  00F5               	movwf	_multiple_pattern$55
   971     07CD  3000               	movlw	0
   972     07CE  00F6               	movwf	_multiple_pattern$55+1
   973     07CF                     l61:
   974     07CF  0875               	movf	_multiple_pattern$55,w
   975     07D0  0088               	movwf	8	;volatile
   976                           
   977                           ;main.c: 76: }
   978     07D1  2FEA               	goto	l63
   979     07D2                     l916:
   980     07D2  0188               	clrf	8	;volatile
   981     07D3  2FEA               	goto	l63
   982     07D4                     l920:
   983     07D4  0872               	movf	multiple_pattern@pre_key,w
   984     07D5  00F0               	movwf	??_multiple_pattern
   985     07D6  01F1               	clrf	??_multiple_pattern+1
   986                           
   987                           ; Switch on 2 bytes has been partitioned into a top level switch of size 1, and 1 sub-sw
      +                          itches
   988                           ; Switch size 1, requested type "simple"
   989                           ; Number of cases is 1, Range of values is 0 to 0
   990                           ; switch strategies available:
   991                           ; Name         Instructions Cycles
   992                           ; simple_byte            4     3 (average)
   993                           ; direct_byte           11     8 (fixed)
   994                           ; jumptable            260     6 (fixed)
   995                           ;	Chosen strategy is simple_byte
   996     07D7  0871               	movf	??_multiple_pattern+1,w
   997     07D8  3A00               	xorlw	0	; case 0
   998     07D9  1903               	skipnz
   999     07DA  2FDC               	goto	l970
  1000     07DB  2FD2               	goto	l916
  1001     07DC                     l970:
  1002                           
  1003                           ; Switch size 1, requested type "simple"
  1004                           ; Number of cases is 4, Range of values is 55 to 62
  1005                           ; switch strategies available:
  1006                           ; Name         Instructions Cycles
  1007                           ; simple_byte           13     7 (average)
  1008                           ; direct_byte           35    11 (fixed)
  1009                           ; jumptable            263     9 (fixed)
  1010                           ;	Chosen strategy is simple_byte
  1011     07DC  0870               	movf	??_multiple_pattern,w
  1012     07DD  3A37               	xorlw	55	; case 55
  1013     07DE  1903               	skipnz
  1014     07DF  2FC1               	goto	l910
  1015     07E0  3A0C               	xorlw	12	; case 59
  1016     07E1  1903               	skipnz
  1017     07E2  2FB0               	goto	l904
  1018     07E3  3A06               	xorlw	6	; case 61
  1019     07E4  1903               	skipnz
  1020     07E5  2F6F               	goto	l888
  1021     07E6  3A03               	xorlw	3	; case 62
  1022     07E7  1903               	skipnz
  1023     07E8  2EEC               	goto	l858
  1024     07E9  2FD2               	goto	l916
  1025     07EA                     l63:
  1026     07EA  0008               	return
  1027     07EB                     __end_of_multiple_pattern:
  1028                           
  1029                           	psect	text3
  1030     0667                     __ptext3:	
  1031 ;; *************** function _init_config *****************
  1032 ;; Defined at:
  1033 ;;		line 7 in file "main.c"
  1034 ;; Parameters:    Size  Location     Type
  1035 ;;		None
  1036 ;; Auto vars:     Size  Location     Type
  1037 ;;		None
  1038 ;; Return value:  Size  Location     Type
  1039 ;;                  1    wreg      void 
  1040 ;; Registers used:
  1041 ;;		wreg, status,2, status,0, pclath, cstack
  1042 ;; Tracked objects:
  1043 ;;		On entry : 0/0
  1044 ;;		On exit  : 0/0
  1045 ;;		Unchanged: 0/0
  1046 ;; Data sizes:     COMMON   BANK0   BANK1   BANK3   BANK2
  1047 ;;      Params:         0       0       0       0       0
  1048 ;;      Locals:         0       0       0       0       0
  1049 ;;      Temps:          0       0       0       0       0
  1050 ;;      Totals:         0       0       0       0       0
  1051 ;;Total ram usage:        0 bytes
  1052 ;; Hardware stack levels used: 1
  1053 ;; Hardware stack levels required when called: 1
  1054 ;; This function calls:
  1055 ;;		_init_digital_keypad
  1056 ;; This function is called by:
  1057 ;;		_main
  1058 ;; This function uses a non-reentrant model
  1059 ;;
  1060                           
  1061     0667                     _init_config:	
  1062                           ;psect for function _init_config
  1063                           
  1064     0667                     l674:	
  1065                           ;incstack = 0
  1066                           ; Regs used in _init_config: [wreg+status,2+status,0+pclath+cstack]
  1067                           
  1068                           
  1069                           ;main.c: 8: void main(void) {
  1070     0667  1283               	bcf	3,5	;RP0=0, select bank0
  1071     0668  1303               	bcf	3,6	;RP1=0, select bank0
  1072     0669  0188               	clrf	8	;volatile
  1073                           
  1074                           ;main.c: 9:     unsigned char key, pre_key = 0x3F;
  1075     066A  1683               	bsf	3,5	;RP0=1, select bank1
  1076     066B  1303               	bcf	3,6	;RP1=0, select bank1
  1077     066C  0188               	clrf	8	;volatile
  1078     066D                     l676:
  1079                           
  1080                           ;main.c: 10:     init_config();
  1081     066D  120A  118A  2661  120A  118A  	fcall	_init_digital_keypad
  1082     0672                     l13:
  1083     0672  0008               	return
  1084     0673                     __end_of_init_config:
  1085                           
  1086                           	psect	text4
  1087     0661                     __ptext4:	
  1088 ;; *************** function _init_digital_keypad *****************
  1089 ;; Defined at:
  1090 ;;		line 4 in file "digital_keypad.c"
  1091 ;; Parameters:    Size  Location     Type
  1092 ;;		None
  1093 ;; Auto vars:     Size  Location     Type
  1094 ;;		None
  1095 ;; Return value:  Size  Location     Type
  1096 ;;                  1    wreg      void 
  1097 ;; Registers used:
  1098 ;;		wreg, status,2
  1099 ;; Tracked objects:
  1100 ;;		On entry : 0/0
  1101 ;;		On exit  : 0/0
  1102 ;;		Unchanged: 0/0
  1103 ;; Data sizes:     COMMON   BANK0   BANK1   BANK3   BANK2
  1104 ;;      Params:         0       0       0       0       0
  1105 ;;      Locals:         0       0       0       0       0
  1106 ;;      Temps:          0       0       0       0       0
  1107 ;;      Totals:         0       0       0       0       0
  1108 ;;Total ram usage:        0 bytes
  1109 ;; Hardware stack levels used: 1
  1110 ;; This function calls:
  1111 ;;		Nothing
  1112 ;; This function is called by:
  1113 ;;		_init_config
  1114 ;; This function uses a non-reentrant model
  1115 ;;
  1116                           
  1117     0661                     _init_digital_keypad:	
  1118                           ;psect for function _init_digital_keypad
  1119                           
  1120     0661                     l672:	
  1121                           ;incstack = 0
  1122                           ; Regs used in _init_digital_keypad: [wreg+status,2]
  1123                           
  1124                           
  1125                           ;digital_keypad.c: 7:     TRISB = TRISB | 0x3F;
  1126     0661  1683               	bsf	3,5	;RP0=1, select bank1
  1127     0662  1303               	bcf	3,6	;RP1=0, select bank1
  1128     0663  0806               	movf	6,w	;volatile
  1129     0664  383F               	iorlw	63
  1130     0665  0086               	movwf	6	;volatile
  1131     0666                     l70:
  1132     0666  0008               	return
  1133     0667                     __end_of_init_digital_keypad:
  1134     007E                     btemp	set	126	;btemp
  1135     007E                     wtemp0	set	126
  1136                           
  1137                           	psect	config
  1138                           
  1139                           ;Config register CONFIG @ 0x2007
  1140                           ;	Oscillator Selection bits
  1141                           ;	FOSC = 0x3, unprogrammed default
  1142                           ;	Watchdog Timer Enable bit
  1143                           ;	WDTE = OFF, WDT disabled
  1144                           ;	Power-up Timer Enable bit
  1145                           ;	PWRTE = 0x1, unprogrammed default
  1146                           ;	Brown-out Reset Enable bit
  1147                           ;	BOREN = 0x1, unprogrammed default
  1148                           ;	Low-Voltage (Single-Supply) In-Circuit Serial Programming Enable bit
  1149                           ;	LVP = 0x1, unprogrammed default
  1150                           ;	Data EEPROM Memory Code Protection bit
  1151                           ;	CPD = 0x1, unprogrammed default
  1152                           ;	Flash Program Memory Write Enable bits
  1153                           ;	WRT = 0x3, unprogrammed default
  1154                           ;	In-Circuit Debugger Mode bit
  1155                           ;	DEBUG = 0x1, unprogrammed default
  1156                           ;	Flash Program Memory Code Protection bit
  1157                           ;	CP = 0x1, unprogrammed default
  1158     2007                     	org	8199
  1159     2007  3FFB               	dw	16379

Data Sizes:
    Strings     0
    Constant    0
    Data        1
    BSS         11
    Persistent  0
    Stack       0

Auto Spaces:
    Space          Size  Autos    Used
    COMMON           14      9      14
    BANK0            80      0       7
    BANK1            80      0       0
    BANK3            96      0       0
    BANK2            96      0       0

Pointer List with Targets:

    None.

Critical Paths under _main in COMMON

    _main->_multiple_pattern

Critical Paths under _main in BANK0

    None.

Critical Paths under _main in BANK1

    None.

Critical Paths under _main in BANK3

    None.

Critical Paths under _main in BANK2

    None.

Call Graph Tables:

 ---------------------------------------------------------------------------------
 (Depth) Function   	        Calls       Base Space   Used Autos Params    Refs
 ---------------------------------------------------------------------------------
 (0) _main                                                 2     2      0     161
                                              7 COMMON     2     2      0
                        _init_config
                   _multiple_pattern
                _read_digital_keypad
 ---------------------------------------------------------------------------------
 (1) _read_digital_keypad                                  2     2      0      22
                                              0 COMMON     2     2      0
 ---------------------------------------------------------------------------------
 (1) _multiple_pattern                                     7     7      0      70
                                              0 COMMON     7     7      0
 ---------------------------------------------------------------------------------
 (1) _init_config                                          0     0      0       0
                _init_digital_keypad
 ---------------------------------------------------------------------------------
 (2) _init_digital_keypad                                  0     0      0       0
 ---------------------------------------------------------------------------------
 Estimated maximum stack depth 2
 ---------------------------------------------------------------------------------

 Call Graph Graphs:

 _main (ROOT)
   _init_config
     _init_digital_keypad
   _multiple_pattern
   _read_digital_keypad

 Address spaces:
Name               Size   Autos  Total    Cost      Usage
BANK3               60      0       0       9        0.0%
BITBANK3            60      0       0       8        0.0%
SFR3                 0      0       0       4        0.0%
BITSFR3              0      0       0       4        0.0%
BANK2               60      0       0      11        0.0%
BITBANK2            60      0       0      10        0.0%
SFR2                 0      0       0       5        0.0%
BITSFR2              0      0       0       5        0.0%
BANK1               50      0       0       7        0.0%
BITBANK1            50      0       0       6        0.0%
SFR1                 0      0       0       2        0.0%
BITSFR1              0      0       0       2        0.0%
BANK0               50      0       7       5        8.8%
BITBANK0            50      0       0       4        0.0%
SFR0                 0      0       0       1        0.0%
BITSFR0              0      0       0       1        0.0%
COMMON               E      9       E       1      100.0%
BITCOMMON            E      0       0       0        0.0%
CODE                 0      0       0       0        0.0%
DATA                 0      0      15      12        0.0%
ABS                  0      0      15       3        0.0%
NULL                 0      0       0       0        0.0%
STACK                0      0       0       2        0.0%
EEDATA             100      0       0       0        0.0%


Microchip Technology PIC Macro Assembler V2.41 build 20230208172133 
Symbol Table                                                                                   Mon Mar 03 13:05:02 2025

                         l13 0672                           l41 075C                           l61 07CF  
                         l70 0666                           l63 07EA                           l56 07BE  
                         l76 06BC                          l900 07A6                          l910 07C1  
                        l902 07AD                          l672 0661                          l912 07C6  
                        l904 07B0                          l920 07D4                          l832 069E  
                        l824 0694                          l674 0667                          l914 07CB  
                        l906 07B5                          l834 06A9                          l826 0699  
                        l930 0675                          l676 066D                          l916 07D2  
                        l908 07BA                          l860 06F5                          l852 06BE  
                        l836 06AE                          l844 06B0                          l932 067A  
                        l870 0723                          l862 0702                          l854 06D9  
                        l846 06B9                          l934 0681                          l872 072C  
                        l864 0709                          l856 06E3                          l848 06BB  
                        l936 0687                          l928 0673                          l970 07DC  
                        l890 0778                          l874 073B                          l866 0712  
                        l882 075C                          l858 06EC                          l938 0689  
                        l892 0785                          l884 0763                          l876 0742  
                        l894 078C                          l886 076A                          l878 074B  
                        l896 0795                          l888 076F                          u300 06D9  
                        u301 06D8                          u310 06E9                          u311 06E7  
                        u320 06EA                          u410 0763                          u330 06F5  
                        u411 0762                          u331 06F4                          u420 076A  
                        u404 0753                          u260 0699                          u500 0687  
                        u421 0769                          u405 0751                          u261 0698  
                        u501 0686                          u430 0778                          u350 0712  
                        u270 06A9                          u431 0777                          u351 0711  
                        u271 06A8                          u344 06FB                          u280 06AE  
                        u345 06F9                          u281 06AD                          u450 0795  
                        u370 072C                          u290 06B9                          u451 0794  
                        u371 072B                          u291 06B8                          u444 077E  
                        u364 071A                          u445 077C                          u365 0718  
                        u470 07AD                          u390 074B                          u471 07AC  
                        u391 074A                          u480 07B5                          u464 079D  
                        u384 0734                          u481 07B4                          u465 079B  
                        u385 0732                          u490 07C6                          u491 07C5  
      ??_read_digital_keypad 0070                         _main 0673                  main@pre_key 0077  
                       btemp 007E                         start 0000                        ?_main 0070  
               ?_init_config 0070                        _PORTB 0006                        _PORTD 0008  
                      _TRISB 0086                        _TRISD 0088                        status 0003  
                      wtemp0 007E              __initialization 07EB                 __end_of_main 0693  
                     ??_main 0077  __end_of_init_digital_keypad 0667      multiple_pattern@pre_key 0072  
    __end_of__initialization 07FC               __pcstackCOMMON 0070                 __pidataBANK0 0660  
                 __pbssBANK0 0020                   __pmaintext 0673             _multiple_pattern 06BD  
__end_of_read_digital_keypad 06BD                      __ptext1 0693                      __ptext2 06BD  
                    __ptext3 0667                      __ptext4 0661                      main@key 0078  
       end_of_initialization 07FC          start_initialization 07EB     __end_of_multiple_pattern 07EB  
                __pdataBANK0 0026                ??_init_config 0070                  __pbssCOMMON 0079  
                  ___latbits 0002          __end_of_init_config 0673            multiple_pattern@i 007B  
          multiple_pattern@j 0079            multiple_pattern@k 0024          _init_digital_keypad 0661  
      multiple_pattern@delay 0020         ?_init_digital_keypad 0070                  _init_config 0667  
        _multiple_pattern$54 0073          _multiple_pattern$55 0075      read_digital_keypad@mode 0071  
    read_digital_keypad@once 0026            ?_multiple_pattern 0070           ??_multiple_pattern 0070  
      ??_init_digital_keypad 0070         multiple_pattern@flag 007D          _read_digital_keypad 0693  
       ?_read_digital_keypad 0070  
