

Microchip MPLAB XC8 Assembler V2.41 build 20230208172133 
                                                                                               Fri May 02 16:51:28 2025

Microchip MPLAB XC8 C Compiler v2.41 (Free license) build 20230208172133 Og1 
     1                           	processor	16F877A
     2                           	pagewidth 120
     3                           	opt	flic
     4                           	psect	idataBANK0,global,class=CODE,delta=2,noexec
     5                           	psect	cinit,global,class=CODE,merge=1,delta=2
     6                           	psect	bssCOMMON,global,class=COMMON,space=1,delta=1,noexec
     7                           	psect	bssBANK0,global,class=BANK0,space=1,delta=1,noexec
     8                           	psect	dataBANK0,global,class=BANK0,space=1,delta=1,noexec
     9                           	psect	inittext,global,class=CODE,delta=2
    10                           	psect	cstackCOMMON,global,class=COMMON,space=1,delta=1,noexec
    11                           	psect	cstackBANK0,global,class=BANK0,space=1,delta=1,noexec
    12                           	psect	maintext,global,class=CODE,split=1,delta=2
    13                           	psect	text1,local,class=CODE,merge=1,delta=2
    14                           	psect	text2,local,class=CODE,merge=1,delta=2
    15                           	psect	text3,local,class=CODE,merge=1,delta=2
    16                           	psect	text4,local,class=CODE,merge=1,delta=2
    17                           	psect	text5,local,class=CODE,merge=1,delta=2,group=1
    18                           	psect	text6,local,class=CODE,merge=1,delta=2,group=1
    19                           	psect	text7,local,class=CODE,merge=1,delta=2
    20                           	psect	intentry,global,class=CODE,delta=2
    21                           	psect	config,global,abs,ovrld,class=CONFIG,space=4,delta=2,noexec
    22                           	dabs	1,0x7E,2
    23     0000                     
    24                           ; Version 2.20
    25                           ; Generated 12/02/2020 GMT
    26                           ; 
    27                           ; Copyright © 2020, Microchip Technology Inc. and its subsidiaries ("Microchip")
    28                           ; All rights reserved.
    29                           ; 
    30                           ; This software is developed by Microchip Technology Inc. and its subsidiaries ("Microch
      +                          ip").
    31                           ; 
    32                           ; Redistribution and use in source and binary forms, with or without modification, are
    33                           ; permitted provided that the following conditions are met:
    34                           ; 
    35                           ;     1. Redistributions of source code must retain the above copyright notice, this lis
      +                          t of
    36                           ;        conditions and the following disclaimer.
    37                           ; 
    38                           ;     2. Redistributions in binary form must reproduce the above copyright notice, this 
      +                          list
    39                           ;        of conditions and the following disclaimer in the documentation and/or other
    40                           ;        materials provided with the distribution.
    41                           ; 
    42                           ;     3. Microchip's name may not be used to endorse or promote products derived from th
      +                          is
    43                           ;        software without specific prior written permission.
    44                           ; 
    45                           ; THIS SOFTWARE IS PROVIDED BY MICROCHIP "AS IS" AND ANY EXPRESS OR IMPLIED WARRANTIES,
    46                           ; INCLUDING, BUT NOT LIMITED TO, THE IMPLIED WARRANTIES OF MERCHANTABILITY AND FITNESS F
      +                          OR
    47                           ; PURPOSE ARE DISCLAIMED.  IN NO EVENT SHALL MICROCHIP BE LIABLE FOR ANY DIRECT, INDIREC
      +                          T,
    48                           ; INCIDENTAL, SPECIAL, EXEMPLARY, OR CONSEQUENTIAL DAMAGES (INCLUDING BUT NOT LIMITED TO
    49                           ; PROCUREMENT OF SUBSTITUTE GOODS OR SERVICES; LOSS OF USE, DATA OR PROFITS; OR BUSINESS
    50                           ; INTERRUPTION) HOWSOEVER CAUSED AND ON ANY THEORY OF LIABILITY, WHETHER IN CONTRACT, ST
      +                          RICT
    51                           ; LIABILITY, OR TORT (INCLUDING NEGLIGENCE OR OTHERWISE) ARISING IN ANY WAY OUT OF THE U
      +                          SE OF
    52                           ; THIS SOFTWARE, EVEN IF ADVISED OF THE POSSIBILITY OF SUCH DAMAGE.
    53                           ; 
    54                           ; 
    55                           ; Code-generator required, PIC16F877A Definitions
    56                           ; 
    57                           ; SFR Addresses
    58     0000                     	;# 
    59     0001                     	;# 
    60     0002                     	;# 
    61     0003                     	;# 
    62     0004                     	;# 
    63     0005                     	;# 
    64     0006                     	;# 
    65     0007                     	;# 
    66     0008                     	;# 
    67     0009                     	;# 
    68     000A                     	;# 
    69     000B                     	;# 
    70     000C                     	;# 
    71     000D                     	;# 
    72     000E                     	;# 
    73     000E                     	;# 
    74     000F                     	;# 
    75     0010                     	;# 
    76     0011                     	;# 
    77     0012                     	;# 
    78     0013                     	;# 
    79     0014                     	;# 
    80     0015                     	;# 
    81     0015                     	;# 
    82     0016                     	;# 
    83     0017                     	;# 
    84     0018                     	;# 
    85     0019                     	;# 
    86     001A                     	;# 
    87     001B                     	;# 
    88     001B                     	;# 
    89     001C                     	;# 
    90     001D                     	;# 
    91     001E                     	;# 
    92     001F                     	;# 
    93     0081                     	;# 
    94     0085                     	;# 
    95     0086                     	;# 
    96     0087                     	;# 
    97     0088                     	;# 
    98     0089                     	;# 
    99     008C                     	;# 
   100     008D                     	;# 
   101     008E                     	;# 
   102     0091                     	;# 
   103     0092                     	;# 
   104     0093                     	;# 
   105     0094                     	;# 
   106     0098                     	;# 
   107     0099                     	;# 
   108     009C                     	;# 
   109     009D                     	;# 
   110     009E                     	;# 
   111     009F                     	;# 
   112     010C                     	;# 
   113     010D                     	;# 
   114     010E                     	;# 
   115     010F                     	;# 
   116     018C                     	;# 
   117     018D                     	;# 
   118     0000                     	;# 
   119     0001                     	;# 
   120     0002                     	;# 
   121     0003                     	;# 
   122     0004                     	;# 
   123     0005                     	;# 
   124     0006                     	;# 
   125     0007                     	;# 
   126     0008                     	;# 
   127     0009                     	;# 
   128     000A                     	;# 
   129     000B                     	;# 
   130     000C                     	;# 
   131     000D                     	;# 
   132     000E                     	;# 
   133     000E                     	;# 
   134     000F                     	;# 
   135     0010                     	;# 
   136     0011                     	;# 
   137     0012                     	;# 
   138     0013                     	;# 
   139     0014                     	;# 
   140     0015                     	;# 
   141     0015                     	;# 
   142     0016                     	;# 
   143     0017                     	;# 
   144     0018                     	;# 
   145     0019                     	;# 
   146     001A                     	;# 
   147     001B                     	;# 
   148     001B                     	;# 
   149     001C                     	;# 
   150     001D                     	;# 
   151     001E                     	;# 
   152     001F                     	;# 
   153     0081                     	;# 
   154     0085                     	;# 
   155     0086                     	;# 
   156     0087                     	;# 
   157     0088                     	;# 
   158     0089                     	;# 
   159     008C                     	;# 
   160     008D                     	;# 
   161     008E                     	;# 
   162     0091                     	;# 
   163     0092                     	;# 
   164     0093                     	;# 
   165     0094                     	;# 
   166     0098                     	;# 
   167     0099                     	;# 
   168     009C                     	;# 
   169     009D                     	;# 
   170     009E                     	;# 
   171     009F                     	;# 
   172     010C                     	;# 
   173     010D                     	;# 
   174     010E                     	;# 
   175     010F                     	;# 
   176     018C                     	;# 
   177     018D                     	;# 
   178     0000                     	;# 
   179     0001                     	;# 
   180     0002                     	;# 
   181     0003                     	;# 
   182     0004                     	;# 
   183     0005                     	;# 
   184     0006                     	;# 
   185     0007                     	;# 
   186     0008                     	;# 
   187     0009                     	;# 
   188     000A                     	;# 
   189     000B                     	;# 
   190     000C                     	;# 
   191     000D                     	;# 
   192     000E                     	;# 
   193     000E                     	;# 
   194     000F                     	;# 
   195     0010                     	;# 
   196     0011                     	;# 
   197     0012                     	;# 
   198     0013                     	;# 
   199     0014                     	;# 
   200     0015                     	;# 
   201     0015                     	;# 
   202     0016                     	;# 
   203     0017                     	;# 
   204     0018                     	;# 
   205     0019                     	;# 
   206     001A                     	;# 
   207     001B                     	;# 
   208     001B                     	;# 
   209     001C                     	;# 
   210     001D                     	;# 
   211     001E                     	;# 
   212     001F                     	;# 
   213     0081                     	;# 
   214     0085                     	;# 
   215     0086                     	;# 
   216     0087                     	;# 
   217     0088                     	;# 
   218     0089                     	;# 
   219     008C                     	;# 
   220     008D                     	;# 
   221     008E                     	;# 
   222     0091                     	;# 
   223     0092                     	;# 
   224     0093                     	;# 
   225     0094                     	;# 
   226     0098                     	;# 
   227     0099                     	;# 
   228     009C                     	;# 
   229     009D                     	;# 
   230     009E                     	;# 
   231     009F                     	;# 
   232     010C                     	;# 
   233     010D                     	;# 
   234     010E                     	;# 
   235     010F                     	;# 
   236     018C                     	;# 
   237     018D                     	;# 
   238     0000                     	;# 
   239     0001                     	;# 
   240     0002                     	;# 
   241     0003                     	;# 
   242     0004                     	;# 
   243     0005                     	;# 
   244     0006                     	;# 
   245     0007                     	;# 
   246     0008                     	;# 
   247     0009                     	;# 
   248     000A                     	;# 
   249     000B                     	;# 
   250     000C                     	;# 
   251     000D                     	;# 
   252     000E                     	;# 
   253     000E                     	;# 
   254     000F                     	;# 
   255     0010                     	;# 
   256     0011                     	;# 
   257     0012                     	;# 
   258     0013                     	;# 
   259     0014                     	;# 
   260     0015                     	;# 
   261     0015                     	;# 
   262     0016                     	;# 
   263     0017                     	;# 
   264     0018                     	;# 
   265     0019                     	;# 
   266     001A                     	;# 
   267     001B                     	;# 
   268     001B                     	;# 
   269     001C                     	;# 
   270     001D                     	;# 
   271     001E                     	;# 
   272     001F                     	;# 
   273     0081                     	;# 
   274     0085                     	;# 
   275     0086                     	;# 
   276     0087                     	;# 
   277     0088                     	;# 
   278     0089                     	;# 
   279     008C                     	;# 
   280     008D                     	;# 
   281     008E                     	;# 
   282     0091                     	;# 
   283     0092                     	;# 
   284     0093                     	;# 
   285     0094                     	;# 
   286     0098                     	;# 
   287     0099                     	;# 
   288     009C                     	;# 
   289     009D                     	;# 
   290     009E                     	;# 
   291     009F                     	;# 
   292     010C                     	;# 
   293     010D                     	;# 
   294     010E                     	;# 
   295     010F                     	;# 
   296     018C                     	;# 
   297     018D                     	;# 
   298     0000                     	;# 
   299     0001                     	;# 
   300     0002                     	;# 
   301     0003                     	;# 
   302     0004                     	;# 
   303     0005                     	;# 
   304     0006                     	;# 
   305     0007                     	;# 
   306     0008                     	;# 
   307     0009                     	;# 
   308     000A                     	;# 
   309     000B                     	;# 
   310     000C                     	;# 
   311     000D                     	;# 
   312     000E                     	;# 
   313     000E                     	;# 
   314     000F                     	;# 
   315     0010                     	;# 
   316     0011                     	;# 
   317     0012                     	;# 
   318     0013                     	;# 
   319     0014                     	;# 
   320     0015                     	;# 
   321     0015                     	;# 
   322     0016                     	;# 
   323     0017                     	;# 
   324     0018                     	;# 
   325     0019                     	;# 
   326     001A                     	;# 
   327     001B                     	;# 
   328     001B                     	;# 
   329     001C                     	;# 
   330     001D                     	;# 
   331     001E                     	;# 
   332     001F                     	;# 
   333     0081                     	;# 
   334     0085                     	;# 
   335     0086                     	;# 
   336     0087                     	;# 
   337     0088                     	;# 
   338     0089                     	;# 
   339     008C                     	;# 
   340     008D                     	;# 
   341     008E                     	;# 
   342     0091                     	;# 
   343     0092                     	;# 
   344     0093                     	;# 
   345     0094                     	;# 
   346     0098                     	;# 
   347     0099                     	;# 
   348     009C                     	;# 
   349     009D                     	;# 
   350     009E                     	;# 
   351     009F                     	;# 
   352     010C                     	;# 
   353     010D                     	;# 
   354     010E                     	;# 
   355     010F                     	;# 
   356     018C                     	;# 
   357     018D                     	;# 
   358                           
   359                           	psect	idataBANK0
   360     0279                     __pidataBANK0:
   361                           
   362                           ;initializer for main@F862
   363     0279  343F               	retlw	63
   364     027A  3406               	retlw	6
   365     027B  345B               	retlw	91
   366     027C  344F               	retlw	79
   367     027D  3466               	retlw	102
   368     027E  346D               	retlw	109
   369     027F  347D               	retlw	125
   370     0280  3407               	retlw	7
   371     0281  347F               	retlw	127
   372     0282  346F               	retlw	111
   373     0283  3480               	retlw	128
   374                           
   375                           ;initializer for _hour
   376     0284  340C               	retlw	12
   377     0285  3400               	retlw	0
   378     0001                     _TMR0	set	1
   379     0008                     _PORTD	set	8
   380     0005                     _PORTA	set	5
   381     005A                     _TMR0IF	set	90
   382     005D                     _TMR0IE	set	93
   383     005F                     _GIE	set	95
   384     0085                     _TRISA	set	133
   385     0088                     _TRISD	set	136
   386     040B                     _PSA	set	1035
   387     040D                     _T0CS	set	1037
   388                           
   389                           	psect	cinit
   390     000F                     start_initialization:	
   391                           ; #config settings
   392                           
   393     000F                     __initialization:
   394                           
   395                           ; Initialize objects allocated to BANK0
   396     000F  1383               	bcf	3,7	;select IRP bank0
   397     0010  304A               	movlw	low (__pdataBANK0+13)
   398     0011  00FD               	movwf	btemp+-1
   399     0012  3002               	movlw	high __pidataBANK0
   400     0013  00FE               	movwf	btemp
   401     0014  3079               	movlw	low __pidataBANK0
   402     0015  00FF               	movwf	btemp+1
   403     0016  303D               	movlw	low __pdataBANK0
   404     0017  0084               	movwf	4
   405     0018  120A  118A  226A  120A  118A  	fcall	init_ram0
   406                           
   407                           ; Clear objects allocated to BANK0
   408     001D  01CA               	clrf	__pbssBANK0& (0+127)
   409     001E  01CB               	clrf	(__pbssBANK0+1)& (0+127)
   410     001F  01CC               	clrf	(__pbssBANK0+2)& (0+127)
   411     0020  01CD               	clrf	(__pbssBANK0+3)& (0+127)
   412     0021  01CE               	clrf	(__pbssBANK0+4)& (0+127)
   413     0022  01CF               	clrf	(__pbssBANK0+5)& (0+127)
   414     0023  01D0               	clrf	(__pbssBANK0+6)& (0+127)
   415     0024  01D1               	clrf	(__pbssBANK0+7)& (0+127)
   416                           
   417                           ; Clear objects allocated to COMMON
   418     0025  01F5               	clrf	__pbssCOMMON& (0+127)
   419     0026  01F6               	clrf	(__pbssCOMMON+1)& (0+127)
   420     0027  01F7               	clrf	(__pbssCOMMON+2)& (0+127)
   421     0028  01F8               	clrf	(__pbssCOMMON+3)& (0+127)
   422     0029                     end_of_initialization:	
   423                           ;End of C runtime variable initialization code
   424                           
   425     0029                     __end_of__initialization:
   426     0029  0183               	clrf	3
   427     002A  120A  118A  282D   	ljmp	_main	;jump to C main() function
   428                           
   429                           	psect	bssCOMMON
   430     0075                     __pbssCOMMON:
   431     0075                     isr@count:
   432     0075                     	ds	4
   433                           
   434                           	psect	bssBANK0
   435     004A                     __pbssBANK0:
   436     004A                     isr@count1:
   437     004A                     	ds	4
   438     004E                     _flag:
   439     004E                     	ds	2
   440     0050                     _min:
   441     0050                     	ds	2
   442                           
   443                           	psect	dataBANK0
   444     003D                     __pdataBANK0:
   445     003D                     main@F862:
   446     003D                     	ds	11
   447     0048                     _hour:
   448     0048                     	ds	2
   449                           
   450                           	psect	inittext
   451     0266                     init_fetch0:	
   452                           ;	Called with low address in FSR and high address in W
   453                           
   454     0266  087E               	movf	btemp,w
   455     0267  008A               	movwf	10
   456     0268  087F               	movf	btemp+1,w
   457     0269  0082               	movwf	2
   458     026A                     init_ram0:	
   459                           ;Called with:
   460                           ;	high address of idata address in btemp 
   461                           ;	low address of idata address in btemp+1 
   462                           ;	low address of data in FSR
   463                           ;	high address + 1 of data in btemp-1
   464                           
   465     026A  120A  118A  2266  120A  118A  	fcall	init_fetch0
   466     026F  0080               	movwf	0
   467     0270  0A84               	incf	4,f
   468     0271  0804               	movf	4,w
   469     0272  067D               	xorwf	btemp+-1,w
   470     0273  1903               	btfsc	3,2
   471     0274  3400               	retlw	0
   472     0275  0AFF               	incf	btemp+1,f
   473     0276  1903               	btfsc	3,2
   474     0277  0AFE               	incf	btemp,f
   475     0278  2A6A               	goto	init_ram0
   476                           
   477                           	psect	cstackCOMMON
   478     0070                     __pcstackCOMMON:
   479     0070                     ?_init_ssd:
   480     0070                     ?_init_timer0:	
   481                           ; 1 bytes @ 0x0
   482                           
   483     0070                     ?_display:	
   484                           ; 1 bytes @ 0x0
   485                           
   486     0070                     ?_init_config:	
   487                           ; 1 bytes @ 0x0
   488                           
   489     0070                     ?_main:	
   490                           ; 1 bytes @ 0x0
   491                           
   492     0070                     ?_isr:	
   493                           ; 1 bytes @ 0x0
   494                           
   495     0070                     ??_isr:	
   496                           ; 1 bytes @ 0x0
   497                           
   498                           
   499                           ; 1 bytes @ 0x0
   500     0070                     	ds	4
   501     0074                     ??_init_ssd:
   502     0074                     ??_init_timer0:	
   503                           ; 1 bytes @ 0x4
   504                           
   505     0074                     ??_init_config:	
   506                           ; 1 bytes @ 0x4
   507                           
   508     0074                     ??___lwdiv:	
   509                           ; 1 bytes @ 0x4
   510                           
   511     0074                     ??___lwmod:	
   512                           ; 1 bytes @ 0x4
   513                           
   514     0074                     ___lwmod@counter:	
   515                           ; 1 bytes @ 0x4
   516                           
   517                           
   518                           ; 1 bytes @ 0x4
   519     0074                     	ds	1
   520                           
   521                           	psect	cstackBANK0
   522     0020                     __pcstackBANK0:
   523     0020                     ??_display:
   524     0020                     ?___lwdiv:	
   525                           ; 1 bytes @ 0x0
   526                           
   527     0020                     ?___lwmod:	
   528                           ; 2 bytes @ 0x0
   529                           
   530     0020                     ___lwdiv@divisor:	
   531                           ; 2 bytes @ 0x0
   532                           
   533     0020                     ___lwmod@divisor:	
   534                           ; 2 bytes @ 0x0
   535                           
   536                           
   537                           ; 2 bytes @ 0x0
   538     0020                     	ds	2
   539     0022                     ___lwdiv@dividend:
   540     0022                     ___lwmod@dividend:	
   541                           ; 2 bytes @ 0x2
   542                           
   543                           
   544                           ; 2 bytes @ 0x2
   545     0022                     	ds	2
   546     0024                     ___lwdiv@counter:
   547     0024                     display@wait:	
   548                           ; 1 bytes @ 0x4
   549                           
   550                           
   551                           ; 4 bytes @ 0x4
   552     0024                     	ds	1
   553     0025                     ___lwdiv@quotient:
   554                           
   555                           ; 2 bytes @ 0x5
   556     0025                     	ds	3
   557     0028                     display@data:
   558                           
   559                           ; 1 bytes @ 0x8
   560     0028                     	ds	1
   561     0029                     display@digit:
   562                           
   563                           ; 1 bytes @ 0x9
   564     0029                     	ds	1
   565     002A                     ??_main:
   566                           
   567                           ; 1 bytes @ 0xA
   568     002A                     	ds	4
   569     002E                     main@digit:
   570                           
   571                           ; 11 bytes @ 0xE
   572     002E                     	ds	11
   573     0039                     main@ssd:
   574                           
   575                           ; 4 bytes @ 0x19
   576     0039                     	ds	4
   577                           
   578                           	psect	maintext
   579     002D                     __pmaintext:	
   580 ;;
   581 ;;Main: autosize = 0, tempsize = 4, incstack = 0, save=0
   582 ;;
   583 ;; *************** function _main *****************
   584 ;; Defined at:
   585 ;;		line 23 in file "main.c"
   586 ;; Parameters:    Size  Location     Type
   587 ;;		None
   588 ;; Auto vars:     Size  Location     Type
   589 ;;  digit          11   14[BANK0 ] unsigned char [11]
   590 ;;  ssd             4   25[BANK0 ] unsigned char [4]
   591 ;; Return value:  Size  Location     Type
   592 ;;                  1    wreg      void 
   593 ;; Registers used:
   594 ;;		wreg, fsr0l, fsr0h, status,2, status,0, btemp+1, pclath, cstack
   595 ;; Tracked objects:
   596 ;;		On entry : B00/0
   597 ;;		On exit  : 0/0
   598 ;;		Unchanged: 0/0
   599 ;; Data sizes:     COMMON   BANK0   BANK1   BANK3   BANK2
   600 ;;      Params:         0       0       0       0       0
   601 ;;      Locals:         0      15       0       0       0
   602 ;;      Temps:          0       4       0       0       0
   603 ;;      Totals:         0      19       0       0       0
   604 ;;Total ram usage:       19 bytes
   605 ;; Hardware stack levels required when called: 3
   606 ;; This function calls:
   607 ;;		___lwdiv
   608 ;;		___lwmod
   609 ;;		_display
   610 ;;		_init_config
   611 ;; This function is called by:
   612 ;;		Startup code after reset
   613 ;; This function uses a non-reentrant model
   614 ;;
   615                           
   616     002D                     _main:	
   617                           ;psect for function _main
   618                           
   619     002D                     l973:	
   620                           ;incstack = 0
   621                           ; Regs used in _main: [wreg-fsr0h+status,2+status,0+btemp+1+pclath+cstack]
   622                           
   623                           
   624                           ;main.c: 25:             ssd[1]=((digit[hour%10])|(digit[10]));
   625     002D  120A  118A  2286  120A  118A  	fcall	_init_config
   626     0032                     l975:
   627                           
   628                           ;main.c: 26:             ssd[2]=digit[min/10];
   629     0032  302E               	movlw	main@digit& (0+255)
   630     0033  0084               	movwf	4
   631     0034  303D               	movlw	low main@F862
   632     0035  1283               	bcf	3,5	;RP0=0, select bank0
   633     0036  1303               	bcf	3,6	;RP1=0, select bank0
   634     0037  00AA               	movwf	??_main
   635     0038  0804               	movf	4,w
   636     0039  00AB               	movwf	??_main+1
   637     003A  300B               	movlw	11
   638     003B  00AC               	movwf	??_main+2
   639     003C                     u700:
   640     003C  082A               	movf	??_main,w
   641     003D  0084               	movwf	4
   642     003E  1383               	bcf	3,7	;select IRP bank0
   643     003F  0800               	movf	0,w
   644     0040  00AD               	movwf	??_main+3
   645     0041  0AAA               	incf	??_main,f
   646     0042  082B               	movf	??_main+1,w
   647     0043  0084               	movwf	4
   648     0044  082D               	movf	??_main+3,w
   649     0045  0080               	movwf	0
   650     0046  0AAB               	incf	??_main+1,f
   651     0047  0BAC               	decfsz	??_main+2,f
   652     0048  283C               	goto	u700
   653     0049                     l977:
   654                           
   655                           ;main.c: 29:         else;main.c: 30:         {
   656     0049  1283               	bcf	3,5	;RP0=0, select bank0
   657     004A  1303               	bcf	3,6	;RP1=0, select bank0
   658     004B  084E               	movf	_flag,w	;volatile
   659     004C  044F               	iorwf	_flag+1,w	;volatile
   660     004D  1903               	btfsc	3,2
   661     004E  2850               	goto	u711
   662     004F  2851               	goto	u710
   663     0050                     u711:
   664     0050  28A7               	goto	l981
   665     0051                     u710:
   666     0051                     l979:
   667                           
   668                           ;main.c: 31:             ssd[0]=digit[hour/10];;main.c: 32:             ssd[1]=digit[hou
      +                          r%10];
   669     0051  300A               	movlw	10
   670     0052  00A0               	movwf	___lwdiv@divisor
   671     0053  3000               	movlw	0
   672     0054  00A1               	movwf	___lwdiv@divisor+1
   673     0055  0849               	movf	_hour+1,w	;volatile
   674     0056  00A3               	movwf	___lwdiv@dividend+1
   675     0057  0848               	movf	_hour,w	;volatile
   676     0058  00A2               	movwf	___lwdiv@dividend
   677     0059  120A  118A  21E4  120A  118A  	fcall	___lwdiv
   678     005E  1283               	bcf	3,5	;RP0=0, select bank0
   679     005F  1303               	bcf	3,6	;RP1=0, select bank0
   680     0060  0820               	movf	?___lwdiv,w
   681     0061  3E2E               	addlw	(low (main@digit| 0))& (0+255)
   682     0062  0084               	movwf	4
   683     0063  1383               	bcf	3,7	;select IRP bank0
   684     0064  0800               	movf	0,w
   685     0065  00B9               	movwf	main@ssd
   686                           
   687                           ;main.c: 33:             ssd[2]=digit[min/10];
   688     0066  300A               	movlw	10
   689     0067  00A0               	movwf	___lwmod@divisor
   690     0068  3000               	movlw	0
   691     0069  00A1               	movwf	___lwmod@divisor+1
   692     006A  0849               	movf	_hour+1,w	;volatile
   693     006B  00A3               	movwf	___lwmod@dividend+1
   694     006C  0848               	movf	_hour,w	;volatile
   695     006D  00A2               	movwf	___lwmod@dividend
   696     006E  120A  118A  222A  120A  118A  	fcall	___lwmod
   697     0073  1283               	bcf	3,5	;RP0=0, select bank0
   698     0074  1303               	bcf	3,6	;RP1=0, select bank0
   699     0075  0820               	movf	?___lwmod,w
   700     0076  3E2E               	addlw	(low (main@digit| 0))& (0+255)
   701     0077  0084               	movwf	4
   702     0078  1383               	bcf	3,7	;select IRP bank0
   703     0079  0800               	movf	0,w
   704     007A  0438               	iorwf	main@digit+10,w
   705     007B  00BA               	movwf	main@ssd+1
   706                           
   707                           ;main.c: 34:             ssd[3]=digit[min%10];
   708     007C  300A               	movlw	10
   709     007D  00A0               	movwf	___lwdiv@divisor
   710     007E  3000               	movlw	0
   711     007F  00A1               	movwf	___lwdiv@divisor+1
   712     0080  0851               	movf	_min+1,w	;volatile
   713     0081  00A3               	movwf	___lwdiv@dividend+1
   714     0082  0850               	movf	_min,w	;volatile
   715     0083  00A2               	movwf	___lwdiv@dividend
   716     0084  120A  118A  21E4  120A  118A  	fcall	___lwdiv
   717     0089  1283               	bcf	3,5	;RP0=0, select bank0
   718     008A  1303               	bcf	3,6	;RP1=0, select bank0
   719     008B  0820               	movf	?___lwdiv,w
   720     008C  3E2E               	addlw	(low (main@digit| 0))& (0+255)
   721     008D  0084               	movwf	4
   722     008E  1383               	bcf	3,7	;select IRP bank0
   723     008F  0800               	movf	0,w
   724     0090  00BB               	movwf	main@ssd+2
   725                           
   726                           ;main.c: 35:         }
   727     0091  300A               	movlw	10
   728     0092  00A0               	movwf	___lwmod@divisor
   729     0093  3000               	movlw	0
   730     0094  00A1               	movwf	___lwmod@divisor+1
   731     0095  0851               	movf	_min+1,w	;volatile
   732     0096  00A3               	movwf	___lwmod@dividend+1
   733     0097  0850               	movf	_min,w	;volatile
   734     0098  00A2               	movwf	___lwmod@dividend
   735     0099  120A  118A  222A  120A  118A  	fcall	___lwmod
   736     009E  1283               	bcf	3,5	;RP0=0, select bank0
   737     009F  1303               	bcf	3,6	;RP1=0, select bank0
   738     00A0  0820               	movf	?___lwmod,w
   739     00A1  3E2E               	addlw	(low (main@digit| 0))& (0+255)
   740     00A2  0084               	movwf	4
   741     00A3  1383               	bcf	3,7	;select IRP bank0
   742     00A4  0800               	movf	0,w
   743     00A5  00BC               	movwf	main@ssd+3
   744                           
   745                           ;main.c: 36:         display(ssd);
   746     00A6  28FB               	goto	l26
   747     00A7                     l981:
   748                           
   749                           ;main.c: 38: }
   750     00A7  300A               	movlw	10
   751     00A8  00A0               	movwf	___lwdiv@divisor
   752     00A9  3000               	movlw	0
   753     00AA  00A1               	movwf	___lwdiv@divisor+1
   754     00AB  0849               	movf	_hour+1,w	;volatile
   755     00AC  00A3               	movwf	___lwdiv@dividend+1
   756     00AD  0848               	movf	_hour,w	;volatile
   757     00AE  00A2               	movwf	___lwdiv@dividend
   758     00AF  120A  118A  21E4  120A  118A  	fcall	___lwdiv
   759     00B4  1283               	bcf	3,5	;RP0=0, select bank0
   760     00B5  1303               	bcf	3,6	;RP1=0, select bank0
   761     00B6  0820               	movf	?___lwdiv,w
   762     00B7  3E2E               	addlw	(low (main@digit| 0))& (0+255)
   763     00B8  0084               	movwf	4
   764     00B9  1383               	bcf	3,7	;select IRP bank0
   765     00BA  0800               	movf	0,w
   766     00BB  00B9               	movwf	main@ssd
   767     00BC  300A               	movlw	10
   768     00BD  00A0               	movwf	___lwmod@divisor
   769     00BE  3000               	movlw	0
   770     00BF  00A1               	movwf	___lwmod@divisor+1
   771     00C0  0849               	movf	_hour+1,w	;volatile
   772     00C1  00A3               	movwf	___lwmod@dividend+1
   773     00C2  0848               	movf	_hour,w	;volatile
   774     00C3  00A2               	movwf	___lwmod@dividend
   775     00C4  120A  118A  222A  120A  118A  	fcall	___lwmod
   776     00C9  1283               	bcf	3,5	;RP0=0, select bank0
   777     00CA  1303               	bcf	3,6	;RP1=0, select bank0
   778     00CB  0820               	movf	?___lwmod,w
   779     00CC  3E2E               	addlw	(low (main@digit| 0))& (0+255)
   780     00CD  0084               	movwf	4
   781     00CE  1383               	bcf	3,7	;select IRP bank0
   782     00CF  0800               	movf	0,w
   783     00D0  00BA               	movwf	main@ssd+1
   784     00D1  300A               	movlw	10
   785     00D2  00A0               	movwf	___lwdiv@divisor
   786     00D3  3000               	movlw	0
   787     00D4  00A1               	movwf	___lwdiv@divisor+1
   788     00D5  0851               	movf	_min+1,w	;volatile
   789     00D6  00A3               	movwf	___lwdiv@dividend+1
   790     00D7  0850               	movf	_min,w	;volatile
   791     00D8  00A2               	movwf	___lwdiv@dividend
   792     00D9  120A  118A  21E4  120A  118A  	fcall	___lwdiv
   793     00DE  1283               	bcf	3,5	;RP0=0, select bank0
   794     00DF  1303               	bcf	3,6	;RP1=0, select bank0
   795     00E0  0820               	movf	?___lwdiv,w
   796     00E1  3E2E               	addlw	(low (main@digit| 0))& (0+255)
   797     00E2  0084               	movwf	4
   798     00E3  1383               	bcf	3,7	;select IRP bank0
   799     00E4  0800               	movf	0,w
   800     00E5  00BB               	movwf	main@ssd+2
   801     00E6  300A               	movlw	10
   802     00E7  00A0               	movwf	___lwmod@divisor
   803     00E8  3000               	movlw	0
   804     00E9  00A1               	movwf	___lwmod@divisor+1
   805     00EA  0851               	movf	_min+1,w	;volatile
   806     00EB  00A3               	movwf	___lwmod@dividend+1
   807     00EC  0850               	movf	_min,w	;volatile
   808     00ED  00A2               	movwf	___lwmod@dividend
   809     00EE  120A  118A  222A  120A  118A  	fcall	___lwmod
   810     00F3  1283               	bcf	3,5	;RP0=0, select bank0
   811     00F4  1303               	bcf	3,6	;RP1=0, select bank0
   812     00F5  0820               	movf	?___lwmod,w
   813     00F6  3E2E               	addlw	(low (main@digit| 0))& (0+255)
   814     00F7  0084               	movwf	4
   815     00F8  1383               	bcf	3,7	;select IRP bank0
   816     00F9  0800               	movf	0,w
   817     00FA  00BC               	movwf	main@ssd+3
   818     00FB                     l26:
   819     00FB  3039               	movlw	(low (main@ssd| 0))& (0+255)
   820     00FC  120A  118A  218A  120A  118A  	fcall	_display
   821     0101  2849               	goto	l977
   822     0102  120A  118A  280C   	ljmp	start
   823     0105                     __end_of_main:
   824                           
   825                           	psect	text1
   826     0286                     __ptext1:	
   827 ;; *************** function _init_config *****************
   828 ;; Defined at:
   829 ;;		line 11 in file "main.c"
   830 ;; Parameters:    Size  Location     Type
   831 ;;		None
   832 ;; Auto vars:     Size  Location     Type
   833 ;;		None
   834 ;; Return value:  Size  Location     Type
   835 ;;                  1    wreg      void 
   836 ;; Registers used:
   837 ;;		wreg, status,2, status,0, pclath, cstack
   838 ;; Tracked objects:
   839 ;;		On entry : 0/0
   840 ;;		On exit  : 0/0
   841 ;;		Unchanged: 0/0
   842 ;; Data sizes:     COMMON   BANK0   BANK1   BANK3   BANK2
   843 ;;      Params:         0       0       0       0       0
   844 ;;      Locals:         0       0       0       0       0
   845 ;;      Temps:          0       0       0       0       0
   846 ;;      Totals:         0       0       0       0       0
   847 ;;Total ram usage:        0 bytes
   848 ;; Hardware stack levels used: 1
   849 ;; Hardware stack levels required when called: 2
   850 ;; This function calls:
   851 ;;		_init_ssd
   852 ;;		_init_timer0
   853 ;; This function is called by:
   854 ;;		_main
   855 ;; This function uses a non-reentrant model
   856 ;;
   857                           
   858     0286                     _init_config:	
   859                           ;psect for function _init_config
   860                           
   861     0286                     l803:	
   862                           ;incstack = 0
   863                           ; Regs used in _init_config: [wreg+status,2+status,0+pclath+cstack]
   864                           
   865                           
   866                           ;main.c: 13: 
   867     0286  120A  118A  2292  120A  118A  	fcall	_init_ssd
   868                           
   869                           ;main.c: 14: 
   870     028B  120A  118A  229E  120A  118A  	fcall	_init_timer0
   871     0290                     l805:
   872                           
   873                           ;main.c: 16: {
   874     0290  178B               	bsf	11,7	;volatile
   875     0291                     l17:
   876     0291  0008               	return
   877     0292                     __end_of_init_config:
   878                           
   879                           	psect	text2
   880     029E                     __ptext2:	
   881 ;; *************** function _init_timer0 *****************
   882 ;; Defined at:
   883 ;;		line 3 in file "timers.c"
   884 ;; Parameters:    Size  Location     Type
   885 ;;		None
   886 ;; Auto vars:     Size  Location     Type
   887 ;;		None
   888 ;; Return value:  Size  Location     Type
   889 ;;                  1    wreg      void 
   890 ;; Registers used:
   891 ;;		wreg
   892 ;; Tracked objects:
   893 ;;		On entry : 0/0
   894 ;;		On exit  : 0/0
   895 ;;		Unchanged: 0/0
   896 ;; Data sizes:     COMMON   BANK0   BANK1   BANK3   BANK2
   897 ;;      Params:         0       0       0       0       0
   898 ;;      Locals:         0       0       0       0       0
   899 ;;      Temps:          0       0       0       0       0
   900 ;;      Totals:         0       0       0       0       0
   901 ;;Total ram usage:        0 bytes
   902 ;; Hardware stack levels used: 1
   903 ;; Hardware stack levels required when called: 1
   904 ;; This function calls:
   905 ;;		Nothing
   906 ;; This function is called by:
   907 ;;		_init_config
   908 ;; This function uses a non-reentrant model
   909 ;;
   910                           
   911     029E                     _init_timer0:	
   912                           ;psect for function _init_timer0
   913                           
   914     029E                     l797:	
   915                           ;incstack = 0
   916                           ; Regs used in _init_timer0: [wreg]
   917                           
   918                           
   919                           ;timers.c: 6:     T0CS = 0;
   920     029E  1683               	bsf	3,5	;RP0=1, select bank1
   921     029F  1303               	bcf	3,6	;RP1=0, select bank1
   922     02A0  1281               	bcf	1,5	;volatile
   923                           
   924                           ;timers.c: 9:     PSA = 1;
   925     02A1  1581               	bsf	1,3	;volatile
   926     02A2                     l799:
   927                           
   928                           ;timers.c: 11:     TMR0 = 6;
   929     02A2  3006               	movlw	6
   930     02A3  1283               	bcf	3,5	;RP0=0, select bank0
   931     02A4  1303               	bcf	3,6	;RP1=0, select bank0
   932     02A5  0081               	movwf	1	;volatile
   933     02A6                     l801:
   934                           
   935                           ;timers.c: 14:     TMR0IE = 1;
   936     02A6  168B               	bsf	11,5	;volatile
   937     02A7                     l59:
   938     02A7  0008               	return
   939     02A8                     __end_of_init_timer0:
   940                           
   941                           	psect	text3
   942     0292                     __ptext3:	
   943 ;; *************** function _init_ssd *****************
   944 ;; Defined at:
   945 ;;		line 4 in file "ssd.c"
   946 ;; Parameters:    Size  Location     Type
   947 ;;		None
   948 ;; Auto vars:     Size  Location     Type
   949 ;;		None
   950 ;; Return value:  Size  Location     Type
   951 ;;                  1    wreg      void 
   952 ;; Registers used:
   953 ;;		wreg, status,2
   954 ;; Tracked objects:
   955 ;;		On entry : 0/0
   956 ;;		On exit  : 0/0
   957 ;;		Unchanged: 0/0
   958 ;; Data sizes:     COMMON   BANK0   BANK1   BANK3   BANK2
   959 ;;      Params:         0       0       0       0       0
   960 ;;      Locals:         0       0       0       0       0
   961 ;;      Temps:          0       0       0       0       0
   962 ;;      Totals:         0       0       0       0       0
   963 ;;Total ram usage:        0 bytes
   964 ;; Hardware stack levels used: 1
   965 ;; Hardware stack levels required when called: 1
   966 ;; This function calls:
   967 ;;		Nothing
   968 ;; This function is called by:
   969 ;;		_init_config
   970 ;; This function uses a non-reentrant model
   971 ;;
   972                           
   973     0292                     _init_ssd:	
   974                           ;psect for function _init_ssd
   975                           
   976     0292                     l791:	
   977                           ;incstack = 0
   978                           ; Regs used in _init_ssd: [wreg+status,2]
   979                           
   980                           
   981                           ;ssd.c: 7:     TRISD = 0x00;
   982     0292  1683               	bsf	3,5	;RP0=1, select bank1
   983     0293  1303               	bcf	3,6	;RP1=0, select bank1
   984     0294  0188               	clrf	8	;volatile
   985     0295                     l793:
   986                           
   987                           ;ssd.c: 10:     TRISA = TRISA & 0x03;
   988     0295  0805               	movf	5,w	;volatile
   989     0296  3903               	andlw	3
   990     0297  0085               	movwf	5	;volatile
   991     0298                     l795:
   992                           
   993                           ;ssd.c: 12:     PORTA = PORTA & 0x03;
   994     0298  1283               	bcf	3,5	;RP0=0, select bank0
   995     0299  1303               	bcf	3,6	;RP1=0, select bank0
   996     029A  0805               	movf	5,w	;volatile
   997     029B  3903               	andlw	3
   998     029C  0085               	movwf	5	;volatile
   999     029D                     l40:
  1000     029D  0008               	return
  1001     029E                     __end_of_init_ssd:
  1002                           
  1003                           	psect	text4
  1004     018A                     __ptext4:	
  1005 ;; *************** function _display *****************
  1006 ;; Defined at:
  1007 ;;		line 15 in file "ssd.c"
  1008 ;; Parameters:    Size  Location     Type
  1009 ;;  data            1    wreg     PTR unsigned char 
  1010 ;;		 -> main@ssd(4), 
  1011 ;; Auto vars:     Size  Location     Type
  1012 ;;  data            1    8[BANK0 ] PTR unsigned char 
  1013 ;;		 -> main@ssd(4), 
  1014 ;;  wait            4    4[BANK0 ] unsigned long 
  1015 ;;  digit           1    9[BANK0 ] unsigned char 
  1016 ;; Return value:  Size  Location     Type
  1017 ;;                  1    wreg      void 
  1018 ;; Registers used:
  1019 ;;		wreg, fsr0l, fsr0h, status,2, status,0, btemp+1
  1020 ;; Tracked objects:
  1021 ;;		On entry : 0/0
  1022 ;;		On exit  : 0/0
  1023 ;;		Unchanged: 0/0
  1024 ;; Data sizes:     COMMON   BANK0   BANK1   BANK3   BANK2
  1025 ;;      Params:         0       0       0       0       0
  1026 ;;      Locals:         0       6       0       0       0
  1027 ;;      Temps:          0       4       0       0       0
  1028 ;;      Totals:         0      10       0       0       0
  1029 ;;Total ram usage:       10 bytes
  1030 ;; Hardware stack levels used: 1
  1031 ;; Hardware stack levels required when called: 1
  1032 ;; This function calls:
  1033 ;;		Nothing
  1034 ;; This function is called by:
  1035 ;;		_main
  1036 ;; This function uses a non-reentrant model
  1037 ;;
  1038                           
  1039     018A                     _display:	
  1040                           ;psect for function _display
  1041                           
  1042                           
  1043                           ;incstack = 0
  1044                           ; Regs used in _display: [wreg-fsr0h+status,2+status,0+btemp+1]
  1045                           ;display@data stored from wreg
  1046     018A  1283               	bcf	3,5	;RP0=0, select bank0
  1047     018B  1303               	bcf	3,6	;RP1=0, select bank0
  1048     018C  00A8               	movwf	display@data
  1049     018D                     l907:
  1050                           
  1051                           ;ssd.c: 15: void display(unsigned char data[]);ssd.c: 16: {;ssd.c: 17:     unsigned char
      +                           digit;;ssd.c: 19:     for (digit = 0; digit < 4; digit++)
  1052     018D  01A9               	clrf	display@digit
  1053     018E                     l913:
  1054                           
  1055                           ;ssd.c: 20:     {;ssd.c: 21:         PORTD = data[digit];
  1056     018E  0829               	movf	display@digit,w
  1057     018F  0728               	addwf	display@data,w
  1058     0190  00A0               	movwf	??_display
  1059     0191  0820               	movf	??_display,w
  1060     0192  0084               	movwf	4
  1061     0193  1383               	bcf	3,7	;select IRP bank0
  1062     0194  0800               	movf	0,w
  1063     0195  0088               	movwf	8	;volatile
  1064     0196                     l915:
  1065                           
  1066                           ;ssd.c: 22:         PORTA = (PORTA & 0x03) | (0x04 << digit);
  1067     0196  3004               	movlw	4
  1068     0197  00A0               	movwf	??_display
  1069     0198  0A29               	incf	display@digit,w
  1070     0199  299C               	goto	u534
  1071     019A                     u535:
  1072     019A  1003               	clrc
  1073     019B  0DA0               	rlf	??_display,f
  1074     019C                     u534:
  1075     019C  3EFF               	addlw	-1
  1076     019D  1D03               	skipz
  1077     019E  299A               	goto	u535
  1078     019F  0805               	movf	5,w	;volatile
  1079     01A0  3903               	andlw	3
  1080     01A1  0420               	iorwf	??_display,w
  1081     01A2  0085               	movwf	5	;volatile
  1082     01A3                     l917:
  1083                           
  1084                           ;ssd.c: 24:        for (unsigned long int wait = 400; wait--; );
  1085     01A3  3000               	movlw	0
  1086     01A4  00A7               	movwf	display@wait+3
  1087     01A5  3000               	movlw	0
  1088     01A6  00A6               	movwf	display@wait+2
  1089     01A7  3001               	movlw	1
  1090     01A8  00A5               	movwf	display@wait+1
  1091     01A9  3090               	movlw	144
  1092     01AA  00A4               	movwf	display@wait
  1093     01AB                     l919:
  1094     01AB  3001               	movlw	1
  1095     01AC  1283               	bcf	3,5	;RP0=0, select bank0
  1096     01AD  1303               	bcf	3,6	;RP1=0, select bank0
  1097     01AE  00A0               	movwf	??_display
  1098     01AF  3000               	movlw	0
  1099     01B0  00A1               	movwf	??_display+1
  1100     01B1  3000               	movlw	0
  1101     01B2  00A2               	movwf	??_display+2
  1102     01B3  3000               	movlw	0
  1103     01B4  00A3               	movwf	??_display+3
  1104     01B5  0820               	movf	??_display,w
  1105     01B6  02A4               	subwf	display@wait,f
  1106     01B7  0821               	movf	??_display+1,w
  1107     01B8  1C03               	skipc
  1108     01B9  0F21               	incfsz	??_display+1,w
  1109     01BA  29BC               	goto	u545
  1110     01BB  29BD               	goto	u546
  1111     01BC                     u545:
  1112     01BC  02A5               	subwf	display@wait+1,f
  1113     01BD                     u546:
  1114     01BD  0822               	movf	??_display+2,w
  1115     01BE  1C03               	skipc
  1116     01BF  0F22               	incfsz	??_display+2,w
  1117     01C0  29C2               	goto	u547
  1118     01C1  29C3               	goto	u548
  1119     01C2                     u547:
  1120     01C2  02A6               	subwf	display@wait+2,f
  1121     01C3                     u548:
  1122     01C3  0823               	movf	??_display+3,w
  1123     01C4  1C03               	skipc
  1124     01C5  0F23               	incfsz	??_display+3,w
  1125     01C6  29C8               	goto	u549
  1126     01C7  29C9               	goto	u540
  1127     01C8                     u549:
  1128     01C8  02A7               	subwf	display@wait+3,f
  1129     01C9                     u540:
  1130     01C9  0A24               	incf	display@wait,w
  1131     01CA  1D03               	skipz
  1132     01CB  29D6               	goto	u551
  1133     01CC  0A25               	incf	display@wait+1,w
  1134     01CD  1D03               	skipz
  1135     01CE  29D6               	goto	u551
  1136     01CF  0A26               	incf	display@wait+2,w
  1137     01D0  1D03               	skipz
  1138     01D1  29D6               	goto	u551
  1139     01D2  0A27               	incf	display@wait+3,w
  1140     01D3  1D03               	btfss	3,2
  1141     01D4  29D6               	goto	u551
  1142     01D5  29D7               	goto	u550
  1143     01D6                     u551:
  1144     01D6  29AB               	goto	l919
  1145     01D7                     u550:
  1146     01D7                     l921:
  1147                           
  1148                           ;ssd.c: 25:     }
  1149     01D7  3001               	movlw	1
  1150     01D8  00FF               	movwf	btemp+1
  1151     01D9  087F               	movf	btemp+1,w
  1152     01DA  1283               	bcf	3,5	;RP0=0, select bank0
  1153     01DB  1303               	bcf	3,6	;RP1=0, select bank0
  1154     01DC  07A9               	addwf	display@digit,f
  1155     01DD                     l923:
  1156     01DD  3004               	movlw	4
  1157     01DE  0229               	subwf	display@digit,w
  1158     01DF  1C03               	skipc
  1159     01E0  29E2               	goto	u561
  1160     01E1  29E3               	goto	u560
  1161     01E2                     u561:
  1162     01E2  298E               	goto	l913
  1163     01E3                     u560:
  1164     01E3                     l48:
  1165     01E3  0008               	return
  1166     01E4                     __end_of_display:
  1167                           
  1168                           	psect	text5
  1169     022A                     __ptext5:	
  1170 ;; *************** function ___lwmod *****************
  1171 ;; Defined at:
  1172 ;;		line 5 in file "C:\Program Files\Microchip\xc8\v2.41\pic\sources\c90\common\lwmod.c"
  1173 ;; Parameters:    Size  Location     Type
  1174 ;;  divisor         2    0[BANK0 ] unsigned int 
  1175 ;;  dividend        2    2[BANK0 ] unsigned int 
  1176 ;; Auto vars:     Size  Location     Type
  1177 ;;  counter         1    4[COMMON] unsigned char 
  1178 ;; Return value:  Size  Location     Type
  1179 ;;                  2    0[BANK0 ] unsigned int 
  1180 ;; Registers used:
  1181 ;;		wreg, status,2, status,0, btemp+1
  1182 ;; Tracked objects:
  1183 ;;		On entry : 0/0
  1184 ;;		On exit  : 0/0
  1185 ;;		Unchanged: 0/0
  1186 ;; Data sizes:     COMMON   BANK0   BANK1   BANK3   BANK2
  1187 ;;      Params:         0       4       0       0       0
  1188 ;;      Locals:         1       0       0       0       0
  1189 ;;      Temps:          0       0       0       0       0
  1190 ;;      Totals:         1       4       0       0       0
  1191 ;;Total ram usage:        5 bytes
  1192 ;; Hardware stack levels used: 1
  1193 ;; Hardware stack levels required when called: 1
  1194 ;; This function calls:
  1195 ;;		Nothing
  1196 ;; This function is called by:
  1197 ;;		_main
  1198 ;; This function uses a non-reentrant model
  1199 ;;
  1200                           
  1201     022A                     ___lwmod:	
  1202                           ;psect for function ___lwmod
  1203                           
  1204     022A                     l951:	
  1205                           ;incstack = 0
  1206                           ; Regs used in ___lwmod: [wreg+status,2+status,0+btemp+1]
  1207                           
  1208     022A  1283               	bcf	3,5	;RP0=0, select bank0
  1209     022B  1303               	bcf	3,6	;RP1=0, select bank0
  1210     022C  0820               	movf	___lwmod@divisor,w
  1211     022D  0421               	iorwf	___lwmod@divisor+1,w
  1212     022E  1903               	btfsc	3,2
  1213     022F  2A31               	goto	u641
  1214     0230  2A32               	goto	u640
  1215     0231                     u641:
  1216     0231  2A61               	goto	l969
  1217     0232                     u640:
  1218     0232                     l953:
  1219     0232  01F4               	clrf	___lwmod@counter
  1220     0233  0AF4               	incf	___lwmod@counter,f
  1221     0234  2A40               	goto	l959
  1222     0235                     l955:
  1223     0235  3001               	movlw	1
  1224     0236                     u655:
  1225     0236  1003               	clrc
  1226     0237  0DA0               	rlf	___lwmod@divisor,f
  1227     0238  0DA1               	rlf	___lwmod@divisor+1,f
  1228     0239  3EFF               	addlw	-1
  1229     023A  1D03               	skipz
  1230     023B  2A36               	goto	u655
  1231     023C                     l957:
  1232     023C  3001               	movlw	1
  1233     023D  00FF               	movwf	btemp+1
  1234     023E  087F               	movf	btemp+1,w
  1235     023F  07F4               	addwf	___lwmod@counter,f
  1236     0240                     l959:
  1237     0240  1FA1               	btfss	___lwmod@divisor+1,7
  1238     0241  2A43               	goto	u661
  1239     0242  2A44               	goto	u660
  1240     0243                     u661:
  1241     0243  2A35               	goto	l955
  1242     0244                     u660:
  1243     0244                     l961:
  1244     0244  0821               	movf	___lwmod@divisor+1,w
  1245     0245  0223               	subwf	___lwmod@dividend+1,w
  1246     0246  1D03               	skipz
  1247     0247  2A4A               	goto	u675
  1248     0248  0820               	movf	___lwmod@divisor,w
  1249     0249  0222               	subwf	___lwmod@dividend,w
  1250     024A                     u675:
  1251     024A  1C03               	skipc
  1252     024B  2A4D               	goto	u671
  1253     024C  2A4E               	goto	u670
  1254     024D                     u671:
  1255     024D  2A54               	goto	l965
  1256     024E                     u670:
  1257     024E                     l963:
  1258     024E  0820               	movf	___lwmod@divisor,w
  1259     024F  02A2               	subwf	___lwmod@dividend,f
  1260     0250  0821               	movf	___lwmod@divisor+1,w
  1261     0251  1C03               	skipc
  1262     0252  03A3               	decf	___lwmod@dividend+1,f
  1263     0253  02A3               	subwf	___lwmod@dividend+1,f
  1264     0254                     l965:
  1265     0254  3001               	movlw	1
  1266     0255                     u685:
  1267     0255  1003               	clrc
  1268     0256  0CA1               	rrf	___lwmod@divisor+1,f
  1269     0257  0CA0               	rrf	___lwmod@divisor,f
  1270     0258  3EFF               	addlw	-1
  1271     0259  1D03               	skipz
  1272     025A  2A55               	goto	u685
  1273     025B                     l967:
  1274     025B  3001               	movlw	1
  1275     025C  02F4               	subwf	___lwmod@counter,f
  1276     025D  1D03               	btfss	3,2
  1277     025E  2A60               	goto	u691
  1278     025F  2A61               	goto	u690
  1279     0260                     u691:
  1280     0260  2A44               	goto	l961
  1281     0261                     u690:
  1282     0261                     l969:
  1283     0261  0823               	movf	___lwmod@dividend+1,w
  1284     0262  00A1               	movwf	?___lwmod+1
  1285     0263  0822               	movf	___lwmod@dividend,w
  1286     0264  00A0               	movwf	?___lwmod
  1287     0265                     l451:
  1288     0265  0008               	return
  1289     0266                     __end_of___lwmod:
  1290                           
  1291                           	psect	text6
  1292     01E4                     __ptext6:	
  1293 ;; *************** function ___lwdiv *****************
  1294 ;; Defined at:
  1295 ;;		line 5 in file "C:\Program Files\Microchip\xc8\v2.41\pic\sources\c90\common\lwdiv.c"
  1296 ;; Parameters:    Size  Location     Type
  1297 ;;  divisor         2    0[BANK0 ] unsigned int 
  1298 ;;  dividend        2    2[BANK0 ] unsigned int 
  1299 ;; Auto vars:     Size  Location     Type
  1300 ;;  quotient        2    5[BANK0 ] unsigned int 
  1301 ;;  counter         1    4[BANK0 ] unsigned char 
  1302 ;; Return value:  Size  Location     Type
  1303 ;;                  2    0[BANK0 ] unsigned int 
  1304 ;; Registers used:
  1305 ;;		wreg, status,2, status,0, btemp+1
  1306 ;; Tracked objects:
  1307 ;;		On entry : 0/0
  1308 ;;		On exit  : 0/0
  1309 ;;		Unchanged: 0/0
  1310 ;; Data sizes:     COMMON   BANK0   BANK1   BANK3   BANK2
  1311 ;;      Params:         0       4       0       0       0
  1312 ;;      Locals:         0       3       0       0       0
  1313 ;;      Temps:          0       0       0       0       0
  1314 ;;      Totals:         0       7       0       0       0
  1315 ;;Total ram usage:        7 bytes
  1316 ;; Hardware stack levels used: 1
  1317 ;; Hardware stack levels required when called: 1
  1318 ;; This function calls:
  1319 ;;		Nothing
  1320 ;; This function is called by:
  1321 ;;		_main
  1322 ;; This function uses a non-reentrant model
  1323 ;;
  1324                           
  1325     01E4                     ___lwdiv:	
  1326                           ;psect for function ___lwdiv
  1327                           
  1328     01E4                     l925:	
  1329                           ;incstack = 0
  1330                           ; Regs used in ___lwdiv: [wreg+status,2+status,0+btemp+1]
  1331                           
  1332     01E4  1283               	bcf	3,5	;RP0=0, select bank0
  1333     01E5  1303               	bcf	3,6	;RP1=0, select bank0
  1334     01E6  01A5               	clrf	___lwdiv@quotient
  1335     01E7  01A6               	clrf	___lwdiv@quotient+1
  1336     01E8                     l927:
  1337     01E8  0820               	movf	___lwdiv@divisor,w
  1338     01E9  0421               	iorwf	___lwdiv@divisor+1,w
  1339     01EA  1903               	btfsc	3,2
  1340     01EB  29ED               	goto	u571
  1341     01EC  29EE               	goto	u570
  1342     01ED                     u571:
  1343     01ED  2A25               	goto	l947
  1344     01EE                     u570:
  1345     01EE                     l929:
  1346     01EE  01A4               	clrf	___lwdiv@counter
  1347     01EF  0AA4               	incf	___lwdiv@counter,f
  1348     01F0  29FC               	goto	l935
  1349     01F1                     l931:
  1350     01F1  3001               	movlw	1
  1351     01F2                     u585:
  1352     01F2  1003               	clrc
  1353     01F3  0DA0               	rlf	___lwdiv@divisor,f
  1354     01F4  0DA1               	rlf	___lwdiv@divisor+1,f
  1355     01F5  3EFF               	addlw	-1
  1356     01F6  1D03               	skipz
  1357     01F7  29F2               	goto	u585
  1358     01F8                     l933:
  1359     01F8  3001               	movlw	1
  1360     01F9  00FF               	movwf	btemp+1
  1361     01FA  087F               	movf	btemp+1,w
  1362     01FB  07A4               	addwf	___lwdiv@counter,f
  1363     01FC                     l935:
  1364     01FC  1FA1               	btfss	___lwdiv@divisor+1,7
  1365     01FD  29FF               	goto	u591
  1366     01FE  2A00               	goto	u590
  1367     01FF                     u591:
  1368     01FF  29F1               	goto	l931
  1369     0200                     u590:
  1370     0200                     l937:
  1371     0200  3001               	movlw	1
  1372     0201                     u605:
  1373     0201  1003               	clrc
  1374     0202  0DA5               	rlf	___lwdiv@quotient,f
  1375     0203  0DA6               	rlf	___lwdiv@quotient+1,f
  1376     0204  3EFF               	addlw	-1
  1377     0205  1D03               	skipz
  1378     0206  2A01               	goto	u605
  1379     0207  0821               	movf	___lwdiv@divisor+1,w
  1380     0208  0223               	subwf	___lwdiv@dividend+1,w
  1381     0209  1D03               	skipz
  1382     020A  2A0D               	goto	u615
  1383     020B  0820               	movf	___lwdiv@divisor,w
  1384     020C  0222               	subwf	___lwdiv@dividend,w
  1385     020D                     u615:
  1386     020D  1C03               	skipc
  1387     020E  2A10               	goto	u611
  1388     020F  2A11               	goto	u610
  1389     0210                     u611:
  1390     0210  2A18               	goto	l943
  1391     0211                     u610:
  1392     0211                     l939:
  1393     0211  0820               	movf	___lwdiv@divisor,w
  1394     0212  02A2               	subwf	___lwdiv@dividend,f
  1395     0213  0821               	movf	___lwdiv@divisor+1,w
  1396     0214  1C03               	skipc
  1397     0215  03A3               	decf	___lwdiv@dividend+1,f
  1398     0216  02A3               	subwf	___lwdiv@dividend+1,f
  1399     0217                     l941:
  1400     0217  1425               	bsf	___lwdiv@quotient,0
  1401     0218                     l943:
  1402     0218  3001               	movlw	1
  1403     0219                     u625:
  1404     0219  1003               	clrc
  1405     021A  0CA1               	rrf	___lwdiv@divisor+1,f
  1406     021B  0CA0               	rrf	___lwdiv@divisor,f
  1407     021C  3EFF               	addlw	-1
  1408     021D  1D03               	skipz
  1409     021E  2A19               	goto	u625
  1410     021F                     l945:
  1411     021F  3001               	movlw	1
  1412     0220  02A4               	subwf	___lwdiv@counter,f
  1413     0221  1D03               	btfss	3,2
  1414     0222  2A24               	goto	u631
  1415     0223  2A25               	goto	u630
  1416     0224                     u631:
  1417     0224  2A00               	goto	l937
  1418     0225                     u630:
  1419     0225                     l947:
  1420     0225  0826               	movf	___lwdiv@quotient+1,w
  1421     0226  00A1               	movwf	?___lwdiv+1
  1422     0227  0825               	movf	___lwdiv@quotient,w
  1423     0228  00A0               	movwf	?___lwdiv
  1424     0229                     l441:
  1425     0229  0008               	return
  1426     022A                     __end_of___lwdiv:
  1427                           
  1428                           	psect	text7
  1429     0105                     __ptext7:	
  1430 ;; *************** function _isr *****************
  1431 ;; Defined at:
  1432 ;;		line 4 in file "isr.c"
  1433 ;; Parameters:    Size  Location     Type
  1434 ;;		None
  1435 ;; Auto vars:     Size  Location     Type
  1436 ;;		None
  1437 ;; Return value:  Size  Location     Type
  1438 ;;                  1    wreg      void 
  1439 ;; Registers used:
  1440 ;;		wreg, status,2, status,0
  1441 ;; Tracked objects:
  1442 ;;		On entry : 0/0
  1443 ;;		On exit  : 0/0
  1444 ;;		Unchanged: 0/0
  1445 ;; Data sizes:     COMMON   BANK0   BANK1   BANK3   BANK2
  1446 ;;      Params:         0       0       0       0       0
  1447 ;;      Locals:         0       0       0       0       0
  1448 ;;      Temps:          4       0       0       0       0
  1449 ;;      Totals:         4       0       0       0       0
  1450 ;;Total ram usage:        4 bytes
  1451 ;; Hardware stack levels used: 1
  1452 ;; This function calls:
  1453 ;;		Nothing
  1454 ;; This function is called by:
  1455 ;;		Interrupt level 1
  1456 ;; This function uses a non-reentrant model
  1457 ;;
  1458                           
  1459     0105                     _isr:	
  1460                           ;psect for function _isr
  1461                           
  1462     0105                     i1l883:
  1463                           
  1464                           ;isr.c: 6:     static unsigned long int count=0;;isr.c: 7:     static unsigned long int 
      +                          count1=0;;isr.c: 9:     if (TMR0IF == 1)
  1465     0105  1D0B               	btfss	11,2	;volatile
  1466     0106  2908               	goto	u46_21
  1467     0107  2909               	goto	u46_20
  1468     0108                     u46_21:
  1469     0108  2983               	goto	i1l83
  1470     0109                     u46_20:
  1471     0109                     i1l885:
  1472                           
  1473                           ;isr.c: 10:     {;isr.c: 12:         TMR0 = TMR0 + 6 + 2;
  1474     0109  1283               	bcf	3,5	;RP0=0, select bank0
  1475     010A  1303               	bcf	3,6	;RP1=0, select bank0
  1476     010B  0801               	movf	1,w	;volatile
  1477     010C  3E08               	addlw	8
  1478     010D  0081               	movwf	1	;volatile
  1479                           
  1480                           ;isr.c: 14:         if (count++ == 10000)
  1481     010E  3001               	movlw	1
  1482     010F  07F5               	addwf	isr@count,f
  1483     0110  3000               	movlw	0
  1484     0111  1803               	skipnc
  1485     0112  3001               	movlw	1
  1486     0113  07F6               	addwf	isr@count+1,f
  1487     0114  3000               	movlw	0
  1488     0115  1803               	skipnc
  1489     0116  3001               	movlw	1
  1490     0117  07F7               	addwf	isr@count+2,f
  1491     0118  3000               	movlw	0
  1492     0119  1803               	skipnc
  1493     011A  3001               	movlw	1
  1494     011B  07F8               	addwf	isr@count+3,f
  1495     011C  3011               	movlw	17
  1496     011D  0675               	xorwf	isr@count,w
  1497     011E  3027               	movlw	39
  1498     011F  1903               	skipnz
  1499     0120  0676               	xorwf	isr@count+1,w
  1500     0121  0477               	iorwf	isr@count+2,w
  1501     0122  0478               	iorwf	isr@count+3,w
  1502     0123  1D03               	btfss	3,2
  1503     0124  2926               	goto	u47_21
  1504     0125  2927               	goto	u47_20
  1505     0126                     u47_21:
  1506     0126  293F               	goto	i1l891
  1507     0127                     u47_20:
  1508     0127                     i1l887:
  1509                           
  1510                           ;isr.c: 15:         {;isr.c: 16:             count=0;
  1511     0127  3000               	movlw	0
  1512     0128  00F8               	movwf	isr@count+3
  1513     0129  3000               	movlw	0
  1514     012A  00F7               	movwf	isr@count+2
  1515     012B  3000               	movlw	0
  1516     012C  00F6               	movwf	isr@count+1
  1517     012D  3000               	movlw	0
  1518     012E  00F5               	movwf	isr@count
  1519     012F                     i1l889:
  1520                           
  1521                           ;isr.c: 17:             flag = !flag;
  1522     012F  1283               	bcf	3,5	;RP0=0, select bank0
  1523     0130  1303               	bcf	3,6	;RP1=0, select bank0
  1524     0131  084E               	movf	_flag,w	;volatile
  1525     0132  044F               	iorwf	_flag+1,w	;volatile
  1526     0133  1903               	btfsc	3,2
  1527     0134  2936               	goto	u48_21
  1528     0135  2938               	goto	u48_20
  1529     0136                     u48_21:
  1530     0136  3001               	movlw	1
  1531     0137  2939               	goto	u49_20
  1532     0138                     u48_20:
  1533     0138  3000               	movlw	0
  1534     0139                     u49_20:
  1535     0139  00F0               	movwf	??_isr
  1536     013A  01F1               	clrf	??_isr+1
  1537     013B  0870               	movf	??_isr,w
  1538     013C  00CE               	movwf	_flag	;volatile
  1539     013D  0871               	movf	??_isr+1,w
  1540     013E  00CF               	movwf	_flag+1	;volatile
  1541     013F                     i1l891:
  1542                           
  1543                           ;isr.c: 19:         if (count1++ == 20000)
  1544     013F  3001               	movlw	1
  1545     0140  1283               	bcf	3,5	;RP0=0, select bank0
  1546     0141  1303               	bcf	3,6	;RP1=0, select bank0
  1547     0142  07CA               	addwf	isr@count1,f
  1548     0143  3000               	movlw	0
  1549     0144  1803               	skipnc
  1550     0145  3001               	movlw	1
  1551     0146  07CB               	addwf	isr@count1+1,f
  1552     0147  3000               	movlw	0
  1553     0148  1803               	skipnc
  1554     0149  3001               	movlw	1
  1555     014A  07CC               	addwf	isr@count1+2,f
  1556     014B  3000               	movlw	0
  1557     014C  1803               	skipnc
  1558     014D  3001               	movlw	1
  1559     014E  07CD               	addwf	isr@count1+3,f
  1560     014F  3021               	movlw	33
  1561     0150  064A               	xorwf	isr@count1,w
  1562     0151  304E               	movlw	78
  1563     0152  1903               	skipnz
  1564     0153  064B               	xorwf	isr@count1+1,w
  1565     0154  044C               	iorwf	isr@count1+2,w
  1566     0155  044D               	iorwf	isr@count1+3,w
  1567     0156  1D03               	btfss	3,2
  1568     0157  2959               	goto	u50_21
  1569     0158  295A               	goto	u50_20
  1570     0159                     u50_21:
  1571     0159  2982               	goto	i1l905
  1572     015A                     u50_20:
  1573     015A                     i1l893:
  1574                           
  1575                           ;isr.c: 20:         {;isr.c: 21:             count1=0;
  1576     015A  3000               	movlw	0
  1577     015B  1283               	bcf	3,5	;RP0=0, select bank0
  1578     015C  1303               	bcf	3,6	;RP1=0, select bank0
  1579     015D  00CD               	movwf	isr@count1+3
  1580     015E  3000               	movlw	0
  1581     015F  00CC               	movwf	isr@count1+2
  1582     0160  3000               	movlw	0
  1583     0161  00CB               	movwf	isr@count1+1
  1584     0162  3000               	movlw	0
  1585     0163  00CA               	movwf	isr@count1
  1586                           
  1587                           ;isr.c: 22:             min++;
  1588     0164  3001               	movlw	1
  1589     0165  07D0               	addwf	_min,f	;volatile
  1590     0166  1803               	skipnc
  1591     0167  0AD1               	incf	_min+1,f	;volatile
  1592     0168  3000               	movlw	0
  1593     0169  07D1               	addwf	_min+1,f	;volatile
  1594     016A                     i1l895:
  1595                           
  1596                           ;isr.c: 23:             if(min==60)
  1597     016A  303C               	movlw	60
  1598     016B  0650               	xorwf	_min,w	;volatile
  1599     016C  0451               	iorwf	_min+1,w	;volatile
  1600     016D  1D03               	btfss	3,2
  1601     016E  2970               	goto	u51_21
  1602     016F  2971               	goto	u51_20
  1603     0170                     u51_21:
  1604     0170  2982               	goto	i1l905
  1605     0171                     u51_20:
  1606     0171                     i1l897:
  1607                           
  1608                           ;isr.c: 24:             {;isr.c: 25:                 min=0;
  1609     0171  01D0               	clrf	_min	;volatile
  1610     0172  01D1               	clrf	_min+1	;volatile
  1611     0173                     i1l899:
  1612                           
  1613                           ;isr.c: 26:                 hour++;
  1614     0173  3001               	movlw	1
  1615     0174  07C8               	addwf	_hour,f	;volatile
  1616     0175  1803               	skipnc
  1617     0176  0AC9               	incf	_hour+1,f	;volatile
  1618     0177  3000               	movlw	0
  1619     0178  07C9               	addwf	_hour+1,f	;volatile
  1620     0179                     i1l901:
  1621                           
  1622                           ;isr.c: 27:                 if(hour==24)
  1623     0179  3018               	movlw	24
  1624     017A  0648               	xorwf	_hour,w	;volatile
  1625     017B  0449               	iorwf	_hour+1,w	;volatile
  1626     017C  1D03               	btfss	3,2
  1627     017D  297F               	goto	u52_21
  1628     017E  2980               	goto	u52_20
  1629     017F                     u52_21:
  1630     017F  2982               	goto	i1l905
  1631     0180                     u52_20:
  1632     0180                     i1l903:
  1633                           
  1634                           ;isr.c: 28:                 {;isr.c: 29:                     hour=0;
  1635     0180  01C8               	clrf	_hour	;volatile
  1636     0181  01C9               	clrf	_hour+1	;volatile
  1637     0182                     i1l905:
  1638                           
  1639                           ;isr.c: 33:         TMR0IF = 0;
  1640     0182  110B               	bcf	11,2	;volatile
  1641     0183                     i1l83:
  1642     0183  0873               	movf	??_isr+3,w
  1643     0184  008A               	movwf	10
  1644     0185  0E72               	swapf	??_isr+2,w
  1645     0186  0083               	movwf	3
  1646     0187  0EFE               	swapf	btemp,f
  1647     0188  0E7E               	swapf	btemp,w
  1648     0189  0009               	retfie
  1649     018A                     __end_of_isr:
  1650     007E                     btemp	set	126	;btemp
  1651     007E                     wtemp0	set	126
  1652                           
  1653                           	psect	intentry
  1654     0004                     __pintentry:	
  1655                           ;incstack = 0
  1656                           ; Regs used in _isr: [wreg+status,2+status,0]
  1657                           
  1658     0004                     interrupt_function:
  1659     007E                     saved_w	set	btemp
  1660     0004  00FE               	movwf	btemp
  1661     0005  0E03               	swapf	3,w
  1662     0006  00F2               	movwf	??_isr+2
  1663     0007  080A               	movf	10,w
  1664     0008  00F3               	movwf	??_isr+3
  1665     0009  120A  118A  2905   	ljmp	_isr
  1666                           
  1667                           	psect	config
  1668                           
  1669                           ;Config register CONFIG @ 0x2007
  1670                           ;	Oscillator Selection bits
  1671                           ;	FOSC = 0x3, unprogrammed default
  1672                           ;	Watchdog Timer Enable bit
  1673                           ;	WDTE = OFF, WDT disabled
  1674                           ;	Power-up Timer Enable bit
  1675                           ;	PWRTE = 0x1, unprogrammed default
  1676                           ;	Brown-out Reset Enable bit
  1677                           ;	BOREN = 0x1, unprogrammed default
  1678                           ;	Low-Voltage (Single-Supply) In-Circuit Serial Programming Enable bit
  1679                           ;	LVP = 0x1, unprogrammed default
  1680                           ;	Data EEPROM Memory Code Protection bit
  1681                           ;	CPD = 0x1, unprogrammed default
  1682                           ;	Flash Program Memory Write Enable bits
  1683                           ;	WRT = 0x3, unprogrammed default
  1684                           ;	In-Circuit Debugger Mode bit
  1685                           ;	DEBUG = 0x1, unprogrammed default
  1686                           ;	Flash Program Memory Code Protection bit
  1687                           ;	CP = 0x1, unprogrammed default
  1688     2007                     	org	8199
  1689     2007  3FFB               	dw	16379

Data Sizes:
    Strings     0
    Constant    0
    Data        13
    BSS         12
    Persistent  0
    Stack       0

Auto Spaces:
    Space          Size  Autos    Used
    COMMON           14      5       9
    BANK0            80     29      50
    BANK1            80      0       0
    BANK3            96      0       0
    BANK2            96      0       0

Pointer List with Targets:

    display@data	PTR unsigned char  size(1) Largest target is 4
		 -> main@ssd(BANK0[4]), 


Critical Paths under _main in COMMON

    _main->___lwmod

Critical Paths under _isr in COMMON

    None.

Critical Paths under _main in BANK0

    _main->_display

Critical Paths under _isr in BANK0

    None.

Critical Paths under _main in BANK1

    None.

Critical Paths under _isr in BANK1

    None.

Critical Paths under _main in BANK3

    None.

Critical Paths under _isr in BANK3

    None.

Critical Paths under _main in BANK2

    None.

Critical Paths under _isr in BANK2

    None.

Call Graph Tables:

 ---------------------------------------------------------------------------------
 (Depth) Function   	        Calls       Base Space   Used Autos Params    Refs
 ---------------------------------------------------------------------------------
 (0) _main                                                19    19      0    2715
                                             10 BANK0     19    19      0
                            ___lwdiv
                            ___lwmod
                            _display
                        _init_config
 ---------------------------------------------------------------------------------
 (1) _init_config                                          0     0      0       0
                           _init_ssd
                        _init_timer0
 ---------------------------------------------------------------------------------
 (2) _init_timer0                                          0     0      0       0
 ---------------------------------------------------------------------------------
 (2) _init_ssd                                             0     0      0       0
 ---------------------------------------------------------------------------------
 (1) _display                                             10    10      0     231
                                              0 BANK0     10    10      0
 ---------------------------------------------------------------------------------
 (1) ___lwmod                                              5     1      4     952
                                              4 COMMON     1     1      0
                                              0 BANK0      4     0      4
 ---------------------------------------------------------------------------------
 (1) ___lwdiv                                              7     3      4     961
                                              0 BANK0      7     3      4
 ---------------------------------------------------------------------------------
 Estimated maximum stack depth 2
 ---------------------------------------------------------------------------------
 (Depth) Function   	        Calls       Base Space   Used Autos Params    Refs
 ---------------------------------------------------------------------------------
 (3) _isr                                                  4     4      0       0
                                              0 COMMON     4     4      0
 ---------------------------------------------------------------------------------
 Estimated maximum stack depth 3
 ---------------------------------------------------------------------------------

 Call Graph Graphs:

 _main (ROOT)
   ___lwdiv
   ___lwmod
   _display
   _init_config
     _init_ssd
     _init_timer0

 _isr (ROOT)

 Address spaces:
Name               Size   Autos  Total    Cost      Usage
BANK3               60      0       0       9        0.0%
BITBANK3            60      0       0       8        0.0%
SFR3                 0      0       0       4        0.0%
BITSFR3              0      0       0       4        0.0%
BANK2               60      0       0      11        0.0%
BITBANK2            60      0       0      10        0.0%
SFR2                 0      0       0       5        0.0%
BITSFR2              0      0       0       5        0.0%
BANK1               50      0       0       7        0.0%
BITBANK1            50      0       0       6        0.0%
SFR1                 0      0       0       2        0.0%
BITSFR1              0      0       0       2        0.0%
BANK0               50     1D      32       5       62.5%
BITBANK0            50      0       0       4        0.0%
SFR0                 0      0       0       1        0.0%
BITSFR0              0      0       0       1        0.0%
COMMON               E      5       9       1       64.3%
BITCOMMON            E      0       0       0        0.0%
CODE                 0      0       0       0        0.0%
DATA                 0      0      3B      12        0.0%
ABS                  0      0      3B       3        0.0%
NULL                 0      0       0       0        0.0%
STACK                0      0       0       2        0.0%
EEDATA             100      0       0       0        0.0%


Microchip Technology PIC Macro Assembler V2.41 build 20230208172133 
Symbol Table                                                                                   Fri May 02 16:51:28 2025

                      pc 0002                       l40 029D                       l17 0291  
                     l26 00FB                       l48 01E3                       l59 02A7  
                     fsr 0004                      l441 0229                      l451 0265  
                    l801 02A6                      l803 0286                      l805 0290  
                    l921 01D7                      l913 018E                      l931 01F1  
                    l923 01DD                      l915 0196                      l907 018D  
                    l941 0217                      l933 01F8                      l925 01E4  
                    l917 01A3                      l943 0218                      l935 01FC  
                    l927 01E8                      l951 022A                      l919 01AB  
                    l791 0292                      l945 021F                      l937 0200  
                    l929 01EE                      l961 0244                      l953 0232  
                    l793 0295                      l939 0211                      l947 0225  
                    l963 024E                      l955 0235                      l795 0298  
                    l965 0254                      l957 023C                      l797 029E  
                    l981 00A7                      l973 002D                      l967 025B  
                    l959 0240                      l799 02A2                      l975 0032  
                    l969 0261                      l977 0049                      l979 0051  
                    _GIE 005F                      u610 0211                      u611 0210  
                    u540 01C9                      u700 003C                      u605 0201  
                    u630 0225                      u550 01D7                      u534 019C  
                    u710 0051                      u631 0224                      u615 020D  
                    u551 01D6                      u535 019A                      u711 0050  
                    u640 0232                      u560 01E3                      u625 0219  
                    u641 0231                      u561 01E2                      u545 01BC  
                    u570 01EE                      u546 01BD                      u571 01ED  
                    u547 01C2                      u660 0244                      u548 01C3  
                    u661 0243                      u549 01C8                      u590 0200  
                    u670 024E                      u591 01FF                      u671 024D  
                    u655 0236                      _PSA 040B                      u585 01F2  
                    u690 0261                      u691 0260                      u675 024A  
                    u685 0255                      _min 0050                      _isr 0105  
                    fsr0 0004                      indf 0000                     ?_isr 0070  
                   _T0CS 040D                     i1l83 0183                     _TMR0 0001  
            display@data 0028              display@wait 0024                     _flag 004E  
                   _main 002D                     _hour 0048                     btemp 007E  
                   start 000C                    ??_isr 0070                    ?_main 0070  
        __end_of___lwdiv 022A          __end_of___lwmod 0266             ?_init_config 0070  
                  i1l901 0179                    i1l903 0180                    i1l905 0182  
                  i1l891 013F                    i1l883 0105                    i1l893 015A  
                  i1l885 0109                    i1l895 016A                    i1l887 0127  
                  i1l897 0171                    i1l889 012F                    i1l899 0173  
                  u50_20 015A                    u50_21 0159                    u51_20 0171  
                  u51_21 0170                    _PORTA 0005                    _PORTD 0008  
                  u52_20 0180                    u52_21 017F                    u46_20 0109  
                  u46_21 0108                    u47_20 0127                    u47_21 0126  
                  u48_20 0138                    u48_21 0136                    u49_20 0139  
                  _TRISA 0085                    _TRISD 0088             ?_init_timer0 0070  
           display@digit 0029          __end_of_display 01E4                    pclath 000A  
                  status 0003                    wtemp0 007E          __initialization 000F  
           __end_of_main 0105                   ??_main 002A                   _TMR0IE 005D  
                 _TMR0IF 005A                ??___lwdiv 0074                ??___lwmod 0074  
       __end_of_init_ssd 029E                ??_display 0020                   saved_w 007E  
__end_of__initialization 0029           __pcstackCOMMON 0070             __pidataBANK0 0279  
             __pbssBANK0 004A               __pmaintext 002D               __pintentry 0004  
              ?_init_ssd 0070                  ___lwdiv 01E4                  ___lwmod 022A  
                __ptext1 0286                  __ptext2 029E                  __ptext3 0292  
                __ptext4 018A                  __ptext5 022A                  __ptext6 01E4  
                __ptext7 0105                  _display 018A                  main@ssd 0039  
   end_of_initialization 0029               ??_init_ssd 0074      start_initialization 000F  
            __end_of_isr 018A               init_fetch0 0266              __pdataBANK0 003D  
          ??_init_config 0074            ??_init_timer0 0074              __pbssCOMMON 0075  
              ___latbits 0002            __pcstackBANK0 0020         ___lwdiv@dividend 0022  
               ?___lwdiv 0020                 ?___lwmod 0020                 ?_display 0070  
       ___lwdiv@quotient 0025      __end_of_init_config 0292      __end_of_init_timer0 02A8  
      interrupt_function 0004                main@digit 002E                isr@count1 004A  
            _init_config 0286              _init_timer0 029E          ___lwdiv@divisor 0020  
        ___lwdiv@counter 0024                 _init_ssd 0292                 main@F862 003D  
               isr@count 0075                 init_ram0 026A                 intlevel1 0000  
       ___lwmod@dividend 0022          ___lwmod@divisor 0020          ___lwmod@counter 0074  
