

Microchip MPLAB XC8 Assembler V2.41 build 20230208172133 
                                                                                               Mon Mar 10 12:15:01 2025

Microchip MPLAB XC8 C Compiler v2.41 (Free license) build 20230208172133 Og1 
     1                           	processor	16F877A
     2                           	pagewidth 120
     3                           	opt	flic
     4                           	psect	idataCOMMON,global,class=CODE,delta=2,noexec
     5                           	psect	cinit,global,class=CODE,merge=1,delta=2
     6                           	psect	bssCOMMON,global,class=COMMON,space=1,delta=1,noexec
     7                           	psect	dataCOMMON,global,class=COMMON,space=1,delta=1,noexec
     8                           	psect	bssBANK0,global,class=BANK0,space=1,delta=1,noexec
     9                           	psect	cstackCOMMON,global,class=COMMON,space=1,delta=1,noexec
    10                           	psect	maintext,global,class=CODE,split=1,delta=2
    11                           	psect	text1,local,class=CODE,merge=1,delta=2
    12                           	psect	text2,local,class=CODE,merge=1,delta=2
    13                           	psect	text3,local,class=CODE,merge=1,delta=2
    14                           	psect	text4,local,class=CODE,merge=1,delta=2
    15                           	psect	text5,local,class=CODE,merge=1,delta=2
    16                           	psect	text6,local,class=CODE,merge=1,delta=2
    17                           	psect	intentry,global,class=CODE,delta=2
    18                           	psect	config,global,abs,ovrld,class=CONFIG,space=4,delta=2,noexec
    19                           	dabs	1,0x7E,2
    20     0000                     
    21                           ; Version 2.20
    22                           ; Generated 12/02/2020 GMT
    23                           ; 
    24                           ; Copyright © 2020, Microchip Technology Inc. and its subsidiaries ("Microchip")
    25                           ; All rights reserved.
    26                           ; 
    27                           ; This software is developed by Microchip Technology Inc. and its subsidiaries ("Microch
      +                          ip").
    28                           ; 
    29                           ; Redistribution and use in source and binary forms, with or without modification, are
    30                           ; permitted provided that the following conditions are met:
    31                           ; 
    32                           ;     1. Redistributions of source code must retain the above copyright notice, this lis
      +                          t of
    33                           ;        conditions and the following disclaimer.
    34                           ; 
    35                           ;     2. Redistributions in binary form must reproduce the above copyright notice, this 
      +                          list
    36                           ;        of conditions and the following disclaimer in the documentation and/or other
    37                           ;        materials provided with the distribution.
    38                           ; 
    39                           ;     3. Microchip's name may not be used to endorse or promote products derived from th
      +                          is
    40                           ;        software without specific prior written permission.
    41                           ; 
    42                           ; THIS SOFTWARE IS PROVIDED BY MICROCHIP "AS IS" AND ANY EXPRESS OR IMPLIED WARRANTIES,
    43                           ; INCLUDING, BUT NOT LIMITED TO, THE IMPLIED WARRANTIES OF MERCHANTABILITY AND FITNESS F
      +                          OR
    44                           ; PURPOSE ARE DISCLAIMED.  IN NO EVENT SHALL MICROCHIP BE LIABLE FOR ANY DIRECT, INDIREC
      +                          T,
    45                           ; INCIDENTAL, SPECIAL, EXEMPLARY, OR CONSEQUENTIAL DAMAGES (INCLUDING BUT NOT LIMITED TO
    46                           ; PROCUREMENT OF SUBSTITUTE GOODS OR SERVICES; LOSS OF USE, DATA OR PROFITS; OR BUSINESS
    47                           ; INTERRUPTION) HOWSOEVER CAUSED AND ON ANY THEORY OF LIABILITY, WHETHER IN CONTRACT, ST
      +                          RICT
    48                           ; LIABILITY, OR TORT (INCLUDING NEGLIGENCE OR OTHERWISE) ARISING IN ANY WAY OUT OF THE U
      +                          SE OF
    49                           ; THIS SOFTWARE, EVEN IF ADVISED OF THE POSSIBILITY OF SUCH DAMAGE.
    50                           ; 
    51                           ; 
    52                           ; Code-generator required, PIC16F877A Definitions
    53                           ; 
    54                           ; SFR Addresses
    55     0000                     	;# 
    56     0001                     	;# 
    57     0002                     	;# 
    58     0003                     	;# 
    59     0004                     	;# 
    60     0005                     	;# 
    61     0006                     	;# 
    62     0007                     	;# 
    63     0008                     	;# 
    64     0009                     	;# 
    65     000A                     	;# 
    66     000B                     	;# 
    67     000C                     	;# 
    68     000D                     	;# 
    69     000E                     	;# 
    70     000E                     	;# 
    71     000F                     	;# 
    72     0010                     	;# 
    73     0011                     	;# 
    74     0012                     	;# 
    75     0013                     	;# 
    76     0014                     	;# 
    77     0015                     	;# 
    78     0015                     	;# 
    79     0016                     	;# 
    80     0017                     	;# 
    81     0018                     	;# 
    82     0019                     	;# 
    83     001A                     	;# 
    84     001B                     	;# 
    85     001B                     	;# 
    86     001C                     	;# 
    87     001D                     	;# 
    88     001E                     	;# 
    89     001F                     	;# 
    90     0081                     	;# 
    91     0085                     	;# 
    92     0086                     	;# 
    93     0087                     	;# 
    94     0088                     	;# 
    95     0089                     	;# 
    96     008C                     	;# 
    97     008D                     	;# 
    98     008E                     	;# 
    99     0091                     	;# 
   100     0092                     	;# 
   101     0093                     	;# 
   102     0094                     	;# 
   103     0098                     	;# 
   104     0099                     	;# 
   105     009C                     	;# 
   106     009D                     	;# 
   107     009E                     	;# 
   108     009F                     	;# 
   109     010C                     	;# 
   110     010D                     	;# 
   111     010E                     	;# 
   112     010F                     	;# 
   113     018C                     	;# 
   114     018D                     	;# 
   115     0000                     	;# 
   116     0001                     	;# 
   117     0002                     	;# 
   118     0003                     	;# 
   119     0004                     	;# 
   120     0005                     	;# 
   121     0006                     	;# 
   122     0007                     	;# 
   123     0008                     	;# 
   124     0009                     	;# 
   125     000A                     	;# 
   126     000B                     	;# 
   127     000C                     	;# 
   128     000D                     	;# 
   129     000E                     	;# 
   130     000E                     	;# 
   131     000F                     	;# 
   132     0010                     	;# 
   133     0011                     	;# 
   134     0012                     	;# 
   135     0013                     	;# 
   136     0014                     	;# 
   137     0015                     	;# 
   138     0015                     	;# 
   139     0016                     	;# 
   140     0017                     	;# 
   141     0018                     	;# 
   142     0019                     	;# 
   143     001A                     	;# 
   144     001B                     	;# 
   145     001B                     	;# 
   146     001C                     	;# 
   147     001D                     	;# 
   148     001E                     	;# 
   149     001F                     	;# 
   150     0081                     	;# 
   151     0085                     	;# 
   152     0086                     	;# 
   153     0087                     	;# 
   154     0088                     	;# 
   155     0089                     	;# 
   156     008C                     	;# 
   157     008D                     	;# 
   158     008E                     	;# 
   159     0091                     	;# 
   160     0092                     	;# 
   161     0093                     	;# 
   162     0094                     	;# 
   163     0098                     	;# 
   164     0099                     	;# 
   165     009C                     	;# 
   166     009D                     	;# 
   167     009E                     	;# 
   168     009F                     	;# 
   169     010C                     	;# 
   170     010D                     	;# 
   171     010E                     	;# 
   172     010F                     	;# 
   173     018C                     	;# 
   174     018D                     	;# 
   175     0000                     	;# 
   176     0001                     	;# 
   177     0002                     	;# 
   178     0003                     	;# 
   179     0004                     	;# 
   180     0005                     	;# 
   181     0006                     	;# 
   182     0007                     	;# 
   183     0008                     	;# 
   184     0009                     	;# 
   185     000A                     	;# 
   186     000B                     	;# 
   187     000C                     	;# 
   188     000D                     	;# 
   189     000E                     	;# 
   190     000E                     	;# 
   191     000F                     	;# 
   192     0010                     	;# 
   193     0011                     	;# 
   194     0012                     	;# 
   195     0013                     	;# 
   196     0014                     	;# 
   197     0015                     	;# 
   198     0015                     	;# 
   199     0016                     	;# 
   200     0017                     	;# 
   201     0018                     	;# 
   202     0019                     	;# 
   203     001A                     	;# 
   204     001B                     	;# 
   205     001B                     	;# 
   206     001C                     	;# 
   207     001D                     	;# 
   208     001E                     	;# 
   209     001F                     	;# 
   210     0081                     	;# 
   211     0085                     	;# 
   212     0086                     	;# 
   213     0087                     	;# 
   214     0088                     	;# 
   215     0089                     	;# 
   216     008C                     	;# 
   217     008D                     	;# 
   218     008E                     	;# 
   219     0091                     	;# 
   220     0092                     	;# 
   221     0093                     	;# 
   222     0094                     	;# 
   223     0098                     	;# 
   224     0099                     	;# 
   225     009C                     	;# 
   226     009D                     	;# 
   227     009E                     	;# 
   228     009F                     	;# 
   229     010C                     	;# 
   230     010D                     	;# 
   231     010E                     	;# 
   232     010F                     	;# 
   233     018C                     	;# 
   234     018D                     	;# 
   235     0000                     	;# 
   236     0001                     	;# 
   237     0002                     	;# 
   238     0003                     	;# 
   239     0004                     	;# 
   240     0005                     	;# 
   241     0006                     	;# 
   242     0007                     	;# 
   243     0008                     	;# 
   244     0009                     	;# 
   245     000A                     	;# 
   246     000B                     	;# 
   247     000C                     	;# 
   248     000D                     	;# 
   249     000E                     	;# 
   250     000E                     	;# 
   251     000F                     	;# 
   252     0010                     	;# 
   253     0011                     	;# 
   254     0012                     	;# 
   255     0013                     	;# 
   256     0014                     	;# 
   257     0015                     	;# 
   258     0015                     	;# 
   259     0016                     	;# 
   260     0017                     	;# 
   261     0018                     	;# 
   262     0019                     	;# 
   263     001A                     	;# 
   264     001B                     	;# 
   265     001B                     	;# 
   266     001C                     	;# 
   267     001D                     	;# 
   268     001E                     	;# 
   269     001F                     	;# 
   270     0081                     	;# 
   271     0085                     	;# 
   272     0086                     	;# 
   273     0087                     	;# 
   274     0088                     	;# 
   275     0089                     	;# 
   276     008C                     	;# 
   277     008D                     	;# 
   278     008E                     	;# 
   279     0091                     	;# 
   280     0092                     	;# 
   281     0093                     	;# 
   282     0094                     	;# 
   283     0098                     	;# 
   284     0099                     	;# 
   285     009C                     	;# 
   286     009D                     	;# 
   287     009E                     	;# 
   288     009F                     	;# 
   289     010C                     	;# 
   290     010D                     	;# 
   291     010E                     	;# 
   292     010F                     	;# 
   293     018C                     	;# 
   294     018D                     	;# 
   295     0000                     	;# 
   296     0001                     	;# 
   297     0002                     	;# 
   298     0003                     	;# 
   299     0004                     	;# 
   300     0005                     	;# 
   301     0006                     	;# 
   302     0007                     	;# 
   303     0008                     	;# 
   304     0009                     	;# 
   305     000A                     	;# 
   306     000B                     	;# 
   307     000C                     	;# 
   308     000D                     	;# 
   309     000E                     	;# 
   310     000E                     	;# 
   311     000F                     	;# 
   312     0010                     	;# 
   313     0011                     	;# 
   314     0012                     	;# 
   315     0013                     	;# 
   316     0014                     	;# 
   317     0015                     	;# 
   318     0015                     	;# 
   319     0016                     	;# 
   320     0017                     	;# 
   321     0018                     	;# 
   322     0019                     	;# 
   323     001A                     	;# 
   324     001B                     	;# 
   325     001B                     	;# 
   326     001C                     	;# 
   327     001D                     	;# 
   328     001E                     	;# 
   329     001F                     	;# 
   330     0081                     	;# 
   331     0085                     	;# 
   332     0086                     	;# 
   333     0087                     	;# 
   334     0088                     	;# 
   335     0089                     	;# 
   336     008C                     	;# 
   337     008D                     	;# 
   338     008E                     	;# 
   339     0091                     	;# 
   340     0092                     	;# 
   341     0093                     	;# 
   342     0094                     	;# 
   343     0098                     	;# 
   344     0099                     	;# 
   345     009C                     	;# 
   346     009D                     	;# 
   347     009E                     	;# 
   348     009F                     	;# 
   349     010C                     	;# 
   350     010D                     	;# 
   351     010E                     	;# 
   352     010F                     	;# 
   353     018C                     	;# 
   354     018D                     	;# 
   355                           
   356                           	psect	idataCOMMON
   357     0104                     __pidataCOMMON:
   358                           
   359                           ;initializer for _duty_cycle
   360     0104  340A               	retlw	10
   361     0105  3400               	retlw	0
   362                           
   363                           ;initializer for read_digital_keypad@once
   364     0106  3401               	retlw	1
   365     0001                     _TMR0	set	1
   366     0006                     _PORTB	set	6
   367     0008                     _PORTD	set	8
   368     005A                     _TMR0IF	set	90
   369     005F                     _GIE	set	95
   370     0040                     _RD0	set	64
   371     005D                     _TMR0IE	set	93
   372     0086                     _TRISB	set	134
   373     0088                     _TRISD	set	136
   374     040B                     _PSA	set	1035
   375     040D                     _T0CS	set	1037
   376                           
   377                           	psect	cinit
   378     000F                     start_initialization:	
   379                           ; #config settings
   380                           
   381     000F                     __initialization:
   382                           
   383                           ; Initialize objects allocated to COMMON
   384     000F  120A  118A  2104  120A  118A  	fcall	__pidataCOMMON	;fetch initializer
   385     0014  00F9               	movwf	__pdataCOMMON& (0+127)
   386     0015  120A  118A  2105  120A  118A  	fcall	__pidataCOMMON+1	;fetch initializer
   387     001A  00FA               	movwf	(__pdataCOMMON+1)& (0+127)
   388     001B  120A  118A  2106  120A  118A  	fcall	__pidataCOMMON+2	;fetch initializer
   389     0020  00FB               	movwf	(__pdataCOMMON+2)& (0+127)
   390                           
   391                           ; Clear objects allocated to BANK0
   392     0021  01A0               	clrf	__pbssBANK0& (0+127)
   393     0022  01A1               	clrf	(__pbssBANK0+1)& (0+127)
   394     0023  01A2               	clrf	(__pbssBANK0+2)& (0+127)
   395     0024  01A3               	clrf	(__pbssBANK0+3)& (0+127)
   396                           
   397                           ; Clear objects allocated to COMMON
   398     0025  01F6               	clrf	__pbssCOMMON& (0+127)
   399     0026  01F7               	clrf	(__pbssCOMMON+1)& (0+127)
   400     0027  01F8               	clrf	(__pbssCOMMON+2)& (0+127)
   401     0028                     end_of_initialization:	
   402                           ;End of C runtime variable initialization code
   403                           
   404     0028                     __end_of__initialization:
   405     0028  0183               	clrf	3
   406     0029  120A  118A  28CC   	ljmp	_main	;jump to C main() function
   407                           
   408                           	psect	bssCOMMON
   409     0076                     __pbssCOMMON:
   410     0076                     software_pwm@wait:
   411     0076                     	ds	2
   412     0078                     software_pwm@loop_counter:
   413     0078                     	ds	1
   414                           
   415                           	psect	dataCOMMON
   416     0079                     __pdataCOMMON:
   417     0079                     _duty_cycle:
   418     0079                     	ds	2
   419     007B                     read_digital_keypad@once:
   420     007B                     	ds	1
   421                           
   422                           	psect	bssBANK0
   423     0020                     __pbssBANK0:
   424     0020                     isr@count:
   425     0020                     	ds	4
   426                           
   427                           	psect	cstackCOMMON
   428     0070                     __pcstackCOMMON:
   429     0070                     ?_init_digital_keypad:
   430     0070                     ?_init_timer0:	
   431                           ; 1 bytes @ 0x0
   432                           
   433     0070                     ?_read_digital_keypad:	
   434                           ; 1 bytes @ 0x0
   435                           
   436     0070                     ?_software_pwm:	
   437                           ; 1 bytes @ 0x0
   438                           
   439     0070                     ?_init_config:	
   440                           ; 1 bytes @ 0x0
   441                           
   442     0070                     ?_main:	
   443                           ; 1 bytes @ 0x0
   444                           
   445     0070                     ?_isr:	
   446                           ; 1 bytes @ 0x0
   447                           
   448     0070                     ??_isr:	
   449                           ; 1 bytes @ 0x0
   450                           
   451                           
   452                           ; 1 bytes @ 0x0
   453     0070                     	ds	2
   454     0072                     ??_init_digital_keypad:
   455     0072                     ??_init_timer0:	
   456                           ; 1 bytes @ 0x2
   457                           
   458     0072                     ??_read_digital_keypad:	
   459                           ; 1 bytes @ 0x2
   460                           
   461     0072                     ??_software_pwm:	
   462                           ; 1 bytes @ 0x2
   463                           
   464     0072                     ??_init_config:	
   465                           ; 1 bytes @ 0x2
   466                           
   467                           
   468                           ; 1 bytes @ 0x2
   469     0072                     	ds	1
   470     0073                     read_digital_keypad@mode:
   471                           
   472                           ; 1 bytes @ 0x3
   473     0073                     	ds	1
   474     0074                     software_pwm@key:
   475                           
   476                           ; 1 bytes @ 0x4
   477     0074                     	ds	1
   478     0075                     ??_main:
   479     0075                     main@key:	
   480                           ; 1 bytes @ 0x5
   481                           
   482                           
   483                           ; 1 bytes @ 0x5
   484     0075                     	ds	1
   485                           
   486                           	psect	maintext
   487     00CC                     __pmaintext:	
   488 ;;
   489 ;;Main: autosize = 0, tempsize = 0, incstack = 0, save=0
   490 ;;
   491 ;; *************** function _main *****************
   492 ;; Defined at:
   493 ;;		line 57 in file "main.c"
   494 ;; Parameters:    Size  Location     Type
   495 ;;		None
   496 ;; Auto vars:     Size  Location     Type
   497 ;;  key             1    5[COMMON] unsigned char 
   498 ;; Return value:  Size  Location     Type
   499 ;;                  1    wreg      void 
   500 ;; Registers used:
   501 ;;		wreg, status,2, status,0, btemp+1, pclath, cstack
   502 ;; Tracked objects:
   503 ;;		On entry : B00/0
   504 ;;		On exit  : 0/0
   505 ;;		Unchanged: 0/0
   506 ;; Data sizes:     COMMON   BANK0   BANK1   BANK3   BANK2
   507 ;;      Params:         0       0       0       0       0
   508 ;;      Locals:         1       0       0       0       0
   509 ;;      Temps:          0       0       0       0       0
   510 ;;      Totals:         1       0       0       0       0
   511 ;;Total ram usage:        1 bytes
   512 ;; Hardware stack levels required when called: 3
   513 ;; This function calls:
   514 ;;		_init_config
   515 ;;		_read_digital_keypad
   516 ;;		_software_pwm
   517 ;; This function is called by:
   518 ;;		Startup code after reset
   519 ;; This function uses a non-reentrant model
   520 ;;
   521                           
   522     00CC                     _main:	
   523                           ;psect for function _main
   524                           
   525     00CC                     l740:	
   526                           ;incstack = 0
   527                           ; Regs used in _main: [wreg+status,2+status,0+btemp+1+pclath+cstack]
   528                           
   529     00CC  120A  118A  20E2  120A  118A  	fcall	_init_config
   530     00D1                     l38:
   531     00D1  3001               	movlw	1
   532     00D2  120A  118A  20A2  120A  118A  	fcall	_read_digital_keypad
   533     00D7  00F5               	movwf	main@key
   534     00D8                     l742:
   535     00D8  0875               	movf	main@key,w
   536     00D9  120A  118A  202C  120A  118A  	fcall	_software_pwm
   537     00DE  28D1               	goto	l38
   538     00DF  120A  118A  280C   	ljmp	start
   539     00E2                     __end_of_main:
   540                           
   541                           	psect	text1
   542     002C                     __ptext1:	
   543 ;; *************** function _software_pwm *****************
   544 ;; Defined at:
   545 ;;		line 14 in file "main.c"
   546 ;; Parameters:    Size  Location     Type
   547 ;;  key             1    wreg     unsigned char 
   548 ;; Auto vars:     Size  Location     Type
   549 ;;  key             1    4[COMMON] unsigned char 
   550 ;; Return value:  Size  Location     Type
   551 ;;                  1    wreg      void 
   552 ;; Registers used:
   553 ;;		wreg, status,2, status,0, btemp+1
   554 ;; Tracked objects:
   555 ;;		On entry : 0/0
   556 ;;		On exit  : 0/0
   557 ;;		Unchanged: 0/0
   558 ;; Data sizes:     COMMON   BANK0   BANK1   BANK3   BANK2
   559 ;;      Params:         0       0       0       0       0
   560 ;;      Locals:         1       0       0       0       0
   561 ;;      Temps:          2       0       0       0       0
   562 ;;      Totals:         3       0       0       0       0
   563 ;;Total ram usage:        3 bytes
   564 ;; Hardware stack levels used: 1
   565 ;; Hardware stack levels required when called: 1
   566 ;; This function calls:
   567 ;;		Nothing
   568 ;; This function is called by:
   569 ;;		_main
   570 ;; This function uses a non-reentrant model
   571 ;;
   572                           
   573     002C                     _software_pwm:	
   574                           ;psect for function _software_pwm
   575                           
   576                           
   577                           ;incstack = 0
   578                           ; Regs used in _software_pwm: [wreg+status,2+status,0+btemp+1]
   579                           ;software_pwm@key stored from wreg
   580     002C  00F4               	movwf	software_pwm@key
   581     002D                     l686:
   582                           
   583                           ;main.c: 14:             TMR0IE=1;;main.c: 15:         };main.c: 16:     };main.c: 17: ;
      +                          main.c: 19:     {
   584     002D  3001               	movlw	1
   585     002E  07F6               	addwf	software_pwm@wait,f
   586     002F  1803               	skipnc
   587     0030  0AF7               	incf	software_pwm@wait+1,f
   588     0031  3000               	movlw	0
   589     0032  07F7               	addwf	software_pwm@wait+1,f
   590     0033  30C8               	movlw	200
   591     0034  0676               	xorwf	software_pwm@wait,w
   592     0035  0477               	iorwf	software_pwm@wait+1,w
   593     0036  1D03               	btfss	3,2
   594     0037  2839               	goto	u11
   595     0038  283A               	goto	u10
   596     0039                     u11:
   597     0039  2847               	goto	l25
   598     003A                     u10:
   599     003A                     l688:
   600                           
   601                           ;main.c: 20:         RD0 = 1;;main.c: 21:     }
   602     003A  01F6               	clrf	software_pwm@wait
   603     003B  01F7               	clrf	software_pwm@wait+1
   604     003C                     l690:
   605                           
   606                           ;main.c: 23:     {
   607     003C  303E               	movlw	62
   608     003D  0674               	xorwf	software_pwm@key,w
   609     003E  1D03               	btfss	3,2
   610     003F  2841               	goto	u21
   611     0040  2842               	goto	u20
   612     0041                     u21:
   613     0041  2847               	goto	l25
   614     0042                     u20:
   615     0042                     l692:
   616                           
   617                           ;main.c: 24:         RD0 = 0;;main.c: 25:     }
   618     0042  3064               	movlw	100
   619     0043  00F9               	movwf	_duty_cycle	;volatile
   620     0044  3000               	movlw	0
   621     0045  00FA               	movwf	_duty_cycle+1	;volatile
   622     0046                     l694:
   623                           
   624                           ;main.c: 26: 
   625     0046  168B               	bsf	11,5	;volatile
   626     0047                     l25:	
   627                           ;main.c: 28:     {
   628                           
   629                           
   630                           ;main.c: 30:     }
   631     0047  0878               	movf	software_pwm@loop_counter,w
   632     0048  00F2               	movwf	??_software_pwm
   633     0049  01F3               	clrf	??_software_pwm+1
   634     004A  0873               	movf	??_software_pwm+1,w
   635     004B  027A               	subwf	_duty_cycle+1,w	;volatile
   636     004C  1D03               	skipz
   637     004D  2850               	goto	u35
   638     004E  0872               	movf	??_software_pwm,w
   639     004F  0279               	subwf	_duty_cycle,w	;volatile
   640     0050                     u35:
   641     0050  1C03               	skipc
   642     0051  2853               	goto	u31
   643     0052  2854               	goto	u30
   644     0053                     u31:
   645     0053  2858               	goto	l27
   646     0054                     u30:
   647     0054                     l696:
   648                           
   649                           ;main.c: 31: ;main.c: 32:     loop_counter++;
   650     0054  1283               	bcf	3,5	;RP0=0, select bank0
   651     0055  1303               	bcf	3,6	;RP1=0, select bank0
   652     0056  1408               	bsf	8,0	;volatile
   653                           
   654                           ;main.c: 33: }
   655     0057  285B               	goto	l698
   656     0058                     l27:	
   657                           ;main.c: 34: 
   658                           
   659                           
   660                           ;main.c: 35: static void init_config(void) {;main.c: 36:     PORTD = 0x00;
   661     0058  1283               	bcf	3,5	;RP0=0, select bank0
   662     0059  1303               	bcf	3,6	;RP1=0, select bank0
   663     005A  1008               	bcf	8,0	;volatile
   664     005B                     l698:
   665                           
   666                           ;main.c: 39:     init_digital_keypad();
   667     005B  3064               	movlw	100
   668     005C  0678               	xorwf	software_pwm@loop_counter,w
   669     005D  1D03               	btfss	3,2
   670     005E  2860               	goto	u41
   671     005F  2861               	goto	u40
   672     0060                     u41:
   673     0060  2862               	goto	l702
   674     0061                     u40:
   675     0061                     l700:
   676                           
   677                           ;main.c: 40:     init_timer0();;main.c: 41: 
   678     0061  01F8               	clrf	software_pwm@loop_counter
   679     0062                     l702:
   680                           
   681                           ;main.c: 44: 
   682     0062  3001               	movlw	1
   683     0063  00FF               	movwf	btemp+1
   684     0064  087F               	movf	btemp+1,w
   685     0065  07F8               	addwf	software_pwm@loop_counter,f
   686     0066                     l30:
   687     0066  0008               	return
   688     0067                     __end_of_software_pwm:
   689                           
   690                           	psect	text2
   691     00A2                     __ptext2:	
   692 ;; *************** function _read_digital_keypad *****************
   693 ;; Defined at:
   694 ;;		line 10 in file "digital_keypad.c"
   695 ;; Parameters:    Size  Location     Type
   696 ;;  mode            1    wreg     unsigned char 
   697 ;; Auto vars:     Size  Location     Type
   698 ;;  mode            1    3[COMMON] unsigned char 
   699 ;; Return value:  Size  Location     Type
   700 ;;                  1    wreg      unsigned char 
   701 ;; Registers used:
   702 ;;		wreg, status,2, status,0
   703 ;; Tracked objects:
   704 ;;		On entry : 0/0
   705 ;;		On exit  : 0/0
   706 ;;		Unchanged: 0/0
   707 ;; Data sizes:     COMMON   BANK0   BANK1   BANK3   BANK2
   708 ;;      Params:         0       0       0       0       0
   709 ;;      Locals:         1       0       0       0       0
   710 ;;      Temps:          1       0       0       0       0
   711 ;;      Totals:         2       0       0       0       0
   712 ;;Total ram usage:        2 bytes
   713 ;; Hardware stack levels used: 1
   714 ;; Hardware stack levels required when called: 1
   715 ;; This function calls:
   716 ;;		Nothing
   717 ;; This function is called by:
   718 ;;		_main
   719 ;; This function uses a non-reentrant model
   720 ;;
   721                           
   722     00A2                     _read_digital_keypad:	
   723                           ;psect for function _read_digital_keypad
   724                           
   725                           
   726                           ;incstack = 0
   727                           ; Regs used in _read_digital_keypad: [wreg+status,2+status,0]
   728                           ;read_digital_keypad@mode stored from wreg
   729     00A2  00F3               	movwf	read_digital_keypad@mode
   730     00A3                     l712:
   731                           
   732                           ;digital_keypad.c: 10: unsigned char read_digital_keypad(unsigned char mode);digital_key
      +                          pad.c: 11: {;digital_keypad.c: 12:     static unsigned char once = 1;;digital_keypad.c: 
      +                          14:     if (mode == 0)
   733     00A3  0873               	movf	read_digital_keypad@mode,w
   734     00A4  1D03               	btfss	3,2
   735     00A5  28A7               	goto	u51
   736     00A6  28A8               	goto	u50
   737     00A7                     u51:
   738     00A7  28AD               	goto	l720
   739     00A8                     u50:
   740     00A8                     l714:
   741                           
   742                           ;digital_keypad.c: 15:     {;digital_keypad.c: 16:         return PORTB & 0x3F;
   743     00A8  1283               	bcf	3,5	;RP0=0, select bank0
   744     00A9  1303               	bcf	3,6	;RP1=0, select bank0
   745     00AA  0806               	movf	6,w	;volatile
   746     00AB  393F               	andlw	63
   747     00AC  28CB               	goto	l54
   748     00AD                     l720:
   749                           
   750                           ;digital_keypad.c: 19:     {;digital_keypad.c: 20:         if (((PORTB & 0x3F) != 0x3F) 
      +                          && once)
   751     00AD  303F               	movlw	63
   752     00AE  1283               	bcf	3,5	;RP0=0, select bank0
   753     00AF  1303               	bcf	3,6	;RP1=0, select bank0
   754     00B0  0506               	andwf	6,w	;volatile
   755     00B1  00F2               	movwf	??_read_digital_keypad
   756     00B2  303F               	movlw	63
   757     00B3  0672               	xorwf	??_read_digital_keypad,w
   758     00B4  1903               	btfsc	3,2
   759     00B5  28B7               	goto	u61
   760     00B6  28B8               	goto	u60
   761     00B7                     u61:
   762     00B7  28BF               	goto	l732
   763     00B8                     u60:
   764     00B8                     l722:
   765     00B8  087B               	movf	read_digital_keypad@once,w
   766     00B9  1903               	btfsc	3,2
   767     00BA  28BC               	goto	u71
   768     00BB  28BD               	goto	u70
   769     00BC                     u71:
   770     00BC  28BF               	goto	l732
   771     00BD                     u70:
   772     00BD                     l724:
   773                           
   774                           ;digital_keypad.c: 21:         {;digital_keypad.c: 22:             once = 0;
   775     00BD  01FB               	clrf	read_digital_keypad@once
   776     00BE  28A8               	goto	l714
   777     00BF                     l732:
   778     00BF  303F               	movlw	63
   779     00C0  0506               	andwf	6,w	;volatile
   780     00C1  00F2               	movwf	??_read_digital_keypad
   781     00C2  303F               	movlw	63
   782     00C3  0672               	xorwf	??_read_digital_keypad,w
   783     00C4  1D03               	btfss	3,2
   784     00C5  28C7               	goto	u81
   785     00C6  28C8               	goto	u80
   786     00C7                     u81:
   787     00C7  28CA               	goto	l736
   788     00C8                     u80:
   789     00C8                     l734:
   790                           
   791                           ;digital_keypad.c: 27:         {;digital_keypad.c: 28:             once = 1;
   792     00C8  01FB               	clrf	read_digital_keypad@once
   793     00C9  0AFB               	incf	read_digital_keypad@once,f
   794     00CA                     l736:
   795                           
   796                           ;digital_keypad.c: 32:     return 0x3F;
   797     00CA  303F               	movlw	63
   798     00CB                     l54:
   799     00CB  0008               	return
   800     00CC                     __end_of_read_digital_keypad:
   801                           
   802                           	psect	text3
   803     00E2                     __ptext3:	
   804 ;; *************** function _init_config *****************
   805 ;; Defined at:
   806 ;;		line 47 in file "main.c"
   807 ;; Parameters:    Size  Location     Type
   808 ;;		None
   809 ;; Auto vars:     Size  Location     Type
   810 ;;		None
   811 ;; Return value:  Size  Location     Type
   812 ;;                  1    wreg      void 
   813 ;; Registers used:
   814 ;;		wreg, status,2, status,0, pclath, cstack
   815 ;; Tracked objects:
   816 ;;		On entry : 0/0
   817 ;;		On exit  : 0/0
   818 ;;		Unchanged: 0/0
   819 ;; Data sizes:     COMMON   BANK0   BANK1   BANK3   BANK2
   820 ;;      Params:         0       0       0       0       0
   821 ;;      Locals:         0       0       0       0       0
   822 ;;      Temps:          0       0       0       0       0
   823 ;;      Totals:         0       0       0       0       0
   824 ;;Total ram usage:        0 bytes
   825 ;; Hardware stack levels used: 1
   826 ;; Hardware stack levels required when called: 2
   827 ;; This function calls:
   828 ;;		_init_digital_keypad
   829 ;;		_init_timer0
   830 ;; This function is called by:
   831 ;;		_main
   832 ;; This function uses a non-reentrant model
   833 ;;
   834                           
   835     00E2                     _init_config:	
   836                           ;psect for function _init_config
   837                           
   838     00E2                     l704:	
   839                           ;incstack = 0
   840                           ; Regs used in _init_config: [wreg+status,2+status,0+pclath+cstack]
   841                           
   842                           
   843                           ;main.c: 48:     init_config();
   844     00E2  1283               	bcf	3,5	;RP0=0, select bank0
   845     00E3  1303               	bcf	3,6	;RP1=0, select bank0
   846     00E4  0188               	clrf	8	;volatile
   847                           
   848                           ;main.c: 49: 
   849     00E5  1683               	bsf	3,5	;RP0=1, select bank1
   850     00E6  1303               	bcf	3,6	;RP1=0, select bank1
   851     00E7  0188               	clrf	8	;volatile
   852     00E8                     l706:
   853                           
   854                           ;main.c: 51:         key = read_digital_keypad(1);
   855     00E8  120A  118A  20FE  120A  118A  	fcall	_init_digital_keypad
   856     00ED                     l708:
   857                           
   858                           ;main.c: 52: 
   859     00ED  120A  118A  20F4  120A  118A  	fcall	_init_timer0
   860     00F2                     l710:
   861                           
   862                           ;main.c: 54:     }
   863     00F2  178B               	bsf	11,7	;volatile
   864     00F3                     l33:
   865     00F3  0008               	return
   866     00F4                     __end_of_init_config:
   867                           
   868                           	psect	text4
   869     00F4                     __ptext4:	
   870 ;; *************** function _init_timer0 *****************
   871 ;; Defined at:
   872 ;;		line 3 in file "timers.c"
   873 ;; Parameters:    Size  Location     Type
   874 ;;		None
   875 ;; Auto vars:     Size  Location     Type
   876 ;;		None
   877 ;; Return value:  Size  Location     Type
   878 ;;                  1    wreg      void 
   879 ;; Registers used:
   880 ;;		wreg
   881 ;; Tracked objects:
   882 ;;		On entry : 0/0
   883 ;;		On exit  : 0/0
   884 ;;		Unchanged: 0/0
   885 ;; Data sizes:     COMMON   BANK0   BANK1   BANK3   BANK2
   886 ;;      Params:         0       0       0       0       0
   887 ;;      Locals:         0       0       0       0       0
   888 ;;      Temps:          0       0       0       0       0
   889 ;;      Totals:         0       0       0       0       0
   890 ;;Total ram usage:        0 bytes
   891 ;; Hardware stack levels used: 1
   892 ;; Hardware stack levels required when called: 1
   893 ;; This function calls:
   894 ;;		Nothing
   895 ;; This function is called by:
   896 ;;		_init_config
   897 ;; This function uses a non-reentrant model
   898 ;;
   899                           
   900     00F4                     _init_timer0:	
   901                           ;psect for function _init_timer0
   902                           
   903     00F4                     l680:	
   904                           ;incstack = 0
   905                           ; Regs used in _init_timer0: [wreg]
   906                           
   907                           
   908                           ;timers.c: 6:     T0CS = 0;
   909     00F4  1683               	bsf	3,5	;RP0=1, select bank1
   910     00F5  1303               	bcf	3,6	;RP1=0, select bank1
   911     00F6  1281               	bcf	1,5	;volatile
   912                           
   913                           ;timers.c: 9:     PSA = 1;
   914     00F7  1581               	bsf	1,3	;volatile
   915     00F8                     l682:
   916                           
   917                           ;timers.c: 11:     TMR0 = 6;
   918     00F8  3006               	movlw	6
   919     00F9  1283               	bcf	3,5	;RP0=0, select bank0
   920     00FA  1303               	bcf	3,6	;RP1=0, select bank0
   921     00FB  0081               	movwf	1	;volatile
   922     00FC                     l684:
   923                           
   924                           ;timers.c: 14:     TMR0IE = 0;
   925     00FC  128B               	bcf	11,5	;volatile
   926     00FD                     l86:
   927     00FD  0008               	return
   928     00FE                     __end_of_init_timer0:
   929                           
   930                           	psect	text5
   931     00FE                     __ptext5:	
   932 ;; *************** function _init_digital_keypad *****************
   933 ;; Defined at:
   934 ;;		line 4 in file "digital_keypad.c"
   935 ;; Parameters:    Size  Location     Type
   936 ;;		None
   937 ;; Auto vars:     Size  Location     Type
   938 ;;		None
   939 ;; Return value:  Size  Location     Type
   940 ;;                  1    wreg      void 
   941 ;; Registers used:
   942 ;;		wreg, status,2
   943 ;; Tracked objects:
   944 ;;		On entry : 0/0
   945 ;;		On exit  : 0/0
   946 ;;		Unchanged: 0/0
   947 ;; Data sizes:     COMMON   BANK0   BANK1   BANK3   BANK2
   948 ;;      Params:         0       0       0       0       0
   949 ;;      Locals:         0       0       0       0       0
   950 ;;      Temps:          0       0       0       0       0
   951 ;;      Totals:         0       0       0       0       0
   952 ;;Total ram usage:        0 bytes
   953 ;; Hardware stack levels used: 1
   954 ;; Hardware stack levels required when called: 1
   955 ;; This function calls:
   956 ;;		Nothing
   957 ;; This function is called by:
   958 ;;		_init_config
   959 ;; This function uses a non-reentrant model
   960 ;;
   961                           
   962     00FE                     _init_digital_keypad:	
   963                           ;psect for function _init_digital_keypad
   964                           
   965     00FE                     l678:	
   966                           ;incstack = 0
   967                           ; Regs used in _init_digital_keypad: [wreg+status,2]
   968                           
   969                           
   970                           ;digital_keypad.c: 7:     TRISB = TRISB | 0x3F;
   971     00FE  1683               	bsf	3,5	;RP0=1, select bank1
   972     00FF  1303               	bcf	3,6	;RP1=0, select bank1
   973     0100  0806               	movf	6,w	;volatile
   974     0101  383F               	iorlw	63
   975     0102  0086               	movwf	6	;volatile
   976     0103                     l48:
   977     0103  0008               	return
   978     0104                     __end_of_init_digital_keypad:
   979                           
   980                           	psect	text6
   981     0067                     __ptext6:	
   982 ;; *************** function _isr *****************
   983 ;; Defined at:
   984 ;;		line 4 in file "isr.c"
   985 ;; Parameters:    Size  Location     Type
   986 ;;		None
   987 ;; Auto vars:     Size  Location     Type
   988 ;;		None
   989 ;; Return value:  Size  Location     Type
   990 ;;                  1    wreg      void 
   991 ;; Registers used:
   992 ;;		wreg, status,2, status,0
   993 ;; Tracked objects:
   994 ;;		On entry : 0/0
   995 ;;		On exit  : 0/0
   996 ;;		Unchanged: 0/0
   997 ;; Data sizes:     COMMON   BANK0   BANK1   BANK3   BANK2
   998 ;;      Params:         0       0       0       0       0
   999 ;;      Locals:         0       0       0       0       0
  1000 ;;      Temps:          2       0       0       0       0
  1001 ;;      Totals:         2       0       0       0       0
  1002 ;;Total ram usage:        2 bytes
  1003 ;; Hardware stack levels used: 1
  1004 ;; This function calls:
  1005 ;;		Nothing
  1006 ;; This function is called by:
  1007 ;;		Interrupt level 1
  1008 ;; This function uses a non-reentrant model
  1009 ;;
  1010                           
  1011     0067                     _isr:	
  1012                           ;psect for function _isr
  1013                           
  1014     0067                     i1l754:
  1015                           
  1016                           ;isr.c: 6:     static unsigned long int count = 0;;isr.c: 8:     if (TMR0IF == 1)
  1017     0067  1D0B               	btfss	11,2	;volatile
  1018     0068  286A               	goto	u11_21
  1019     0069  286B               	goto	u11_20
  1020     006A                     u11_21:
  1021     006A  289B               	goto	i1l75
  1022     006B                     u11_20:
  1023     006B                     i1l756:
  1024                           
  1025                           ;isr.c: 9:     {;isr.c: 11:         TMR0 = TMR0 + 6 + 2;
  1026     006B  1283               	bcf	3,5	;RP0=0, select bank0
  1027     006C  1303               	bcf	3,6	;RP1=0, select bank0
  1028     006D  0801               	movf	1,w	;volatile
  1029     006E  3E08               	addlw	8
  1030     006F  0081               	movwf	1	;volatile
  1031                           
  1032                           ;isr.c: 13:         if (count++ == 100000)
  1033     0070  3001               	movlw	1
  1034     0071  07A0               	addwf	isr@count,f
  1035     0072  3000               	movlw	0
  1036     0073  1803               	skipnc
  1037     0074  3001               	movlw	1
  1038     0075  07A1               	addwf	isr@count+1,f
  1039     0076  3000               	movlw	0
  1040     0077  1803               	skipnc
  1041     0078  3001               	movlw	1
  1042     0079  07A2               	addwf	isr@count+2,f
  1043     007A  3000               	movlw	0
  1044     007B  1803               	skipnc
  1045     007C  3001               	movlw	1
  1046     007D  07A3               	addwf	isr@count+3,f
  1047     007E  30A1               	movlw	161
  1048     007F  0620               	xorwf	isr@count,w
  1049     0080  3086               	movlw	134
  1050     0081  1903               	skipnz
  1051     0082  0621               	xorwf	isr@count+1,w
  1052     0083  1D03               	skipz
  1053     0084  288A               	goto	u12_21
  1054     0085  0322               	decf	isr@count+2,w
  1055     0086  0423               	iorwf	isr@count+3,w
  1056     0087  1D03               	btfss	3,2
  1057     0088  288A               	goto	u12_21
  1058     0089  288B               	goto	u12_20
  1059     008A                     u12_21:
  1060     008A  289A               	goto	i1l762
  1061     008B                     u12_20:
  1062     008B                     i1l758:
  1063                           
  1064                           ;isr.c: 14:         {;isr.c: 15:             count = 0;
  1065     008B  3000               	movlw	0
  1066     008C  1283               	bcf	3,5	;RP0=0, select bank0
  1067     008D  1303               	bcf	3,6	;RP1=0, select bank0
  1068     008E  00A3               	movwf	isr@count+3
  1069     008F  3000               	movlw	0
  1070     0090  00A2               	movwf	isr@count+2
  1071     0091  3000               	movlw	0
  1072     0092  00A1               	movwf	isr@count+1
  1073     0093  3000               	movlw	0
  1074     0094  00A0               	movwf	isr@count
  1075                           
  1076                           ;isr.c: 16:             duty_cycle=10;
  1077     0095  300A               	movlw	10
  1078     0096  00F9               	movwf	_duty_cycle	;volatile
  1079     0097  3000               	movlw	0
  1080     0098  00FA               	movwf	_duty_cycle+1	;volatile
  1081     0099                     i1l760:
  1082                           
  1083                           ;isr.c: 17:             TMR0IE=0;
  1084     0099  128B               	bcf	11,5	;volatile
  1085     009A                     i1l762:
  1086                           
  1087                           ;isr.c: 19:         TMR0IF = 0;
  1088     009A  110B               	bcf	11,2	;volatile
  1089     009B                     i1l75:
  1090     009B  0871               	movf	??_isr+1,w
  1091     009C  008A               	movwf	10
  1092     009D  0E70               	swapf	??_isr,w
  1093     009E  0083               	movwf	3
  1094     009F  0EFE               	swapf	btemp,f
  1095     00A0  0E7E               	swapf	btemp,w
  1096     00A1  0009               	retfie
  1097     00A2                     __end_of_isr:
  1098     007E                     btemp	set	126	;btemp
  1099     007E                     wtemp0	set	126
  1100                           
  1101                           	psect	intentry
  1102     0004                     __pintentry:	
  1103                           ;incstack = 0
  1104                           ; Regs used in _isr: [wreg+status,2+status,0]
  1105                           
  1106     0004                     interrupt_function:
  1107     007E                     saved_w	set	btemp
  1108     0004  00FE               	movwf	btemp
  1109     0005  0E03               	swapf	3,w
  1110     0006  00F0               	movwf	??_isr
  1111     0007  080A               	movf	10,w
  1112     0008  00F1               	movwf	??_isr+1
  1113     0009  120A  118A  2867   	ljmp	_isr
  1114                           
  1115                           	psect	config
  1116                           
  1117                           ;Config register CONFIG @ 0x2007
  1118                           ;	Oscillator Selection bits
  1119                           ;	FOSC = 0x3, unprogrammed default
  1120                           ;	Watchdog Timer Enable bit
  1121                           ;	WDTE = OFF, WDT disabled
  1122                           ;	Power-up Timer Enable bit
  1123                           ;	PWRTE = 0x1, unprogrammed default
  1124                           ;	Brown-out Reset Enable bit
  1125                           ;	BOREN = 0x1, unprogrammed default
  1126                           ;	Low-Voltage (Single-Supply) In-Circuit Serial Programming Enable bit
  1127                           ;	LVP = 0x1, unprogrammed default
  1128                           ;	Data EEPROM Memory Code Protection bit
  1129                           ;	CPD = 0x1, unprogrammed default
  1130                           ;	Flash Program Memory Write Enable bits
  1131                           ;	WRT = 0x3, unprogrammed default
  1132                           ;	In-Circuit Debugger Mode bit
  1133                           ;	DEBUG = 0x1, unprogrammed default
  1134                           ;	Flash Program Memory Code Protection bit
  1135                           ;	CP = 0x1, unprogrammed default
  1136     2007                     	org	8199
  1137     2007  3FFB               	dw	16379

Data Sizes:
    Strings     0
    Constant    0
    Data        3
    BSS         7
    Persistent  0
    Stack       0

Auto Spaces:
    Space          Size  Autos    Used
    COMMON           14      6      12
    BANK0            80      0       4
    BANK1            80      0       0
    BANK3            96      0       0
    BANK2            96      0       0

Pointer List with Targets:

    None.

Critical Paths under _main in COMMON

    _main->_software_pwm

Critical Paths under _isr in COMMON

    None.

Critical Paths under _main in BANK0

    None.

Critical Paths under _isr in BANK0

    None.

Critical Paths under _main in BANK1

    None.

Critical Paths under _isr in BANK1

    None.

Critical Paths under _main in BANK3

    None.

Critical Paths under _isr in BANK3

    None.

Critical Paths under _main in BANK2

    None.

Critical Paths under _isr in BANK2

    None.

Call Graph Tables:

 ---------------------------------------------------------------------------------
 (Depth) Function   	        Calls       Base Space   Used Autos Params    Refs
 ---------------------------------------------------------------------------------
 (0) _main                                                 1     1      0      45
                                              5 COMMON     1     1      0
                        _init_config
                _read_digital_keypad
                       _software_pwm
 ---------------------------------------------------------------------------------
 (1) _software_pwm                                         3     3      0      15
                                              2 COMMON     3     3      0
 ---------------------------------------------------------------------------------
 (1) _read_digital_keypad                                  2     2      0      15
                                              2 COMMON     2     2      0
 ---------------------------------------------------------------------------------
 (1) _init_config                                          0     0      0       0
                _init_digital_keypad
                        _init_timer0
 ---------------------------------------------------------------------------------
 (2) _init_timer0                                          0     0      0       0
 ---------------------------------------------------------------------------------
 (2) _init_digital_keypad                                  0     0      0       0
 ---------------------------------------------------------------------------------
 Estimated maximum stack depth 2
 ---------------------------------------------------------------------------------
 (Depth) Function   	        Calls       Base Space   Used Autos Params    Refs
 ---------------------------------------------------------------------------------
 (3) _isr                                                  2     2      0       0
                                              0 COMMON     2     2      0
 ---------------------------------------------------------------------------------
 Estimated maximum stack depth 3
 ---------------------------------------------------------------------------------

 Call Graph Graphs:

 _main (ROOT)
   _init_config
     _init_digital_keypad
     _init_timer0
   _read_digital_keypad
   _software_pwm

 _isr (ROOT)

 Address spaces:
Name               Size   Autos  Total    Cost      Usage
BANK3               60      0       0       9        0.0%
BITBANK3            60      0       0       8        0.0%
SFR3                 0      0       0       4        0.0%
BITSFR3              0      0       0       4        0.0%
BANK2               60      0       0      11        0.0%
BITBANK2            60      0       0      10        0.0%
SFR2                 0      0       0       5        0.0%
BITSFR2              0      0       0       5        0.0%
BANK1               50      0       0       7        0.0%
BITBANK1            50      0       0       6        0.0%
SFR1                 0      0       0       2        0.0%
BITSFR1              0      0       0       2        0.0%
BANK0               50      0       4       5        5.0%
BITBANK0            50      0       0       4        0.0%
SFR0                 0      0       0       1        0.0%
BITSFR0              0      0       0       1        0.0%
COMMON               E      6       C       1       85.7%
BITCOMMON            E      0       0       0        0.0%
CODE                 0      0       0       0        0.0%
DATA                 0      0      10      12        0.0%
ABS                  0      0      10       3        0.0%
NULL                 0      0       0       0        0.0%
STACK                0      0       0       2        0.0%
EEDATA             100      0       0       0        0.0%


Microchip Technology PIC Macro Assembler V2.41 build 20230208172133 
Symbol Table                                                                                   Mon Mar 10 12:15:01 2025

                         l30 0066                           l33 00F3                           l25 0047  
                         l27 0058                           l54 00CB                           l38 00D1  
                         l48 0103                           l86 00FD                           u10 003A  
                         u11 0039                           u20 0042                           u21 0041  
                         u30 0054                           u31 0053                           u40 0061  
                         u41 0060                           u50 00A8                           u51 00A7  
                         u35 0050                           u60 00B8                           u61 00B7  
                         u70 00BD                           u71 00BC                           u80 00C8  
                         u81 00C7                          l700 0061                          l710 00F2  
                        l702 0062                          l704 00E2                          l720 00AD  
                        l712 00A3                          l706 00E8                          l722 00B8  
                        l714 00A8                          l708 00ED                          l724 00BD  
                        l732 00BF                          l740 00CC                          l734 00C8  
                        l742 00D8                          l680 00F4                          l736 00CA  
                        l682 00F8                          l690 003C                          l684 00FC  
                        l692 0042                          l678 00FE                          l694 0046  
                        l686 002D                          l696 0054                          l688 003A  
                        l698 005B                          _GIE 005F                          _RD0 0040  
                        _PSA 040B                          _isr 0067                 _software_pwm 002C  
      ??_read_digital_keypad 0072             software_pwm@wait 0076                         ?_isr 0070  
                       _T0CS 040D                         i1l75 009B                         _TMR0 0001  
                       _main 00CC                         btemp 007E                         start 000C  
                      ??_isr 0070                        ?_main 0070                 ?_init_config 0070  
                      i1l760 0099                        i1l762 009A                        i1l754 0067  
                      i1l756 006B                        i1l758 008B                        u11_20 006B  
                      u11_21 006A                        u12_20 008B                        u12_21 008A  
                      _PORTB 0006                        _PORTD 0008                        _TRISB 0086  
                      _TRISD 0088                 ?_init_timer0 0070                        pclath 000A  
                      status 0003                        wtemp0 007E              __initialization 000F  
               __end_of_main 00E2                       ??_main 0075                       _TMR0IE 005D  
                     _TMR0IF 005A  __end_of_init_digital_keypad 0104                 __pdataCOMMON 0079  
                     saved_w 007E      __end_of__initialization 0028               __pcstackCOMMON 0070  
                 __pbssBANK0 0020                   __pmaintext 00CC                   __pintentry 0004  
__end_of_read_digital_keypad 00CC                      __ptext1 002C                      __ptext2 00A2  
                    __ptext3 00E2                      __ptext4 00F4                      __ptext5 00FE  
                    __ptext6 0067                   _duty_cycle 0079                      main@key 0075  
       end_of_initialization 0028              software_pwm@key 0074                __pidataCOMMON 0104  
              ?_software_pwm 0070          start_initialization 000F                  __end_of_isr 00A2  
              ??_init_config 0072               ??_software_pwm 0072                ??_init_timer0 0072  
                __pbssCOMMON 0076                    ___latbits 0002          __end_of_init_config 00F4  
        __end_of_init_timer0 00FE            interrupt_function 0004          _init_digital_keypad 00FE  
       __end_of_software_pwm 0067         ?_init_digital_keypad 0070                  _init_config 00E2  
                _init_timer0 00F4      read_digital_keypad@mode 0073      read_digital_keypad@once 007B  
      ??_init_digital_keypad 0072                     isr@count 0020                     intlevel1 0000  
   software_pwm@loop_counter 0078          _read_digital_keypad 00A2         ?_read_digital_keypad 0070  
