

Microchip MPLAB XC8 Assembler V2.41 build 20230208172133 
                                                                                               Tue Mar 25 15:06:57 2025

Microchip MPLAB XC8 C Compiler v2.41 (Free license) build 20230208172133 Og1 
     1                           	processor	16F877A
     2                           	pagewidth 120
     3                           	opt	flic
     4                           	psect	idataBANK0,global,class=CODE,delta=2,noexec
     5                           	psect	cinit,global,class=CODE,merge=1,delta=2
     6                           	psect	bssCOMMON,global,class=COMMON,space=1,delta=1,noexec
     7                           	psect	bssBANK0,global,class=BANK0,space=1,delta=1,noexec
     8                           	psect	dataBANK0,global,class=BANK0,space=1,delta=1,noexec
     9                           	psect	cstackCOMMON,global,class=COMMON,space=1,delta=1,noexec
    10                           	psect	cstackBANK0,global,class=BANK0,space=1,delta=1,noexec
    11                           	psect	maintext,global,class=CODE,split=1,delta=2
    12                           	psect	text1,local,class=CODE,merge=1,delta=2
    13                           	psect	text2,local,class=CODE,merge=1,delta=2
    14                           	psect	text3,local,class=CODE,merge=1,delta=2
    15                           	psect	text4,local,class=CODE,merge=1,delta=2
    16                           	psect	text5,local,class=CODE,merge=1,delta=2
    17                           	psect	intentry,global,class=CODE,delta=2
    18                           	psect	config,global,abs,ovrld,class=CONFIG,space=4,delta=2,noexec
    19                           	dabs	1,0x7E,2
    20     0000                     
    21                           ; Version 2.20
    22                           ; Generated 12/02/2020 GMT
    23                           ; 
    24                           ; Copyright © 2020, Microchip Technology Inc. and its subsidiaries ("Microchip")
    25                           ; All rights reserved.
    26                           ; 
    27                           ; This software is developed by Microchip Technology Inc. and its subsidiaries ("Microch
      +                          ip").
    28                           ; 
    29                           ; Redistribution and use in source and binary forms, with or without modification, are
    30                           ; permitted provided that the following conditions are met:
    31                           ; 
    32                           ;     1. Redistributions of source code must retain the above copyright notice, this lis
      +                          t of
    33                           ;        conditions and the following disclaimer.
    34                           ; 
    35                           ;     2. Redistributions in binary form must reproduce the above copyright notice, this 
      +                          list
    36                           ;        of conditions and the following disclaimer in the documentation and/or other
    37                           ;        materials provided with the distribution.
    38                           ; 
    39                           ;     3. Microchip's name may not be used to endorse or promote products derived from th
      +                          is
    40                           ;        software without specific prior written permission.
    41                           ; 
    42                           ; THIS SOFTWARE IS PROVIDED BY MICROCHIP "AS IS" AND ANY EXPRESS OR IMPLIED WARRANTIES,
    43                           ; INCLUDING, BUT NOT LIMITED TO, THE IMPLIED WARRANTIES OF MERCHANTABILITY AND FITNESS F
      +                          OR
    44                           ; PURPOSE ARE DISCLAIMED.  IN NO EVENT SHALL MICROCHIP BE LIABLE FOR ANY DIRECT, INDIREC
      +                          T,
    45                           ; INCIDENTAL, SPECIAL, EXEMPLARY, OR CONSEQUENTIAL DAMAGES (INCLUDING BUT NOT LIMITED TO
    46                           ; PROCUREMENT OF SUBSTITUTE GOODS OR SERVICES; LOSS OF USE, DATA OR PROFITS; OR BUSINESS
    47                           ; INTERRUPTION) HOWSOEVER CAUSED AND ON ANY THEORY OF LIABILITY, WHETHER IN CONTRACT, ST
      +                          RICT
    48                           ; LIABILITY, OR TORT (INCLUDING NEGLIGENCE OR OTHERWISE) ARISING IN ANY WAY OUT OF THE U
      +                          SE OF
    49                           ; THIS SOFTWARE, EVEN IF ADVISED OF THE POSSIBILITY OF SUCH DAMAGE.
    50                           ; 
    51                           ; 
    52                           ; Code-generator required, PIC16F877A Definitions
    53                           ; 
    54                           ; SFR Addresses
    55     0000                     	;# 
    56     0001                     	;# 
    57     0002                     	;# 
    58     0003                     	;# 
    59     0004                     	;# 
    60     0005                     	;# 
    61     0006                     	;# 
    62     0007                     	;# 
    63     0008                     	;# 
    64     0009                     	;# 
    65     000A                     	;# 
    66     000B                     	;# 
    67     000C                     	;# 
    68     000D                     	;# 
    69     000E                     	;# 
    70     000E                     	;# 
    71     000F                     	;# 
    72     0010                     	;# 
    73     0011                     	;# 
    74     0012                     	;# 
    75     0013                     	;# 
    76     0014                     	;# 
    77     0015                     	;# 
    78     0015                     	;# 
    79     0016                     	;# 
    80     0017                     	;# 
    81     0018                     	;# 
    82     0019                     	;# 
    83     001A                     	;# 
    84     001B                     	;# 
    85     001B                     	;# 
    86     001C                     	;# 
    87     001D                     	;# 
    88     001E                     	;# 
    89     001F                     	;# 
    90     0081                     	;# 
    91     0085                     	;# 
    92     0086                     	;# 
    93     0087                     	;# 
    94     0088                     	;# 
    95     0089                     	;# 
    96     008C                     	;# 
    97     008D                     	;# 
    98     008E                     	;# 
    99     0091                     	;# 
   100     0092                     	;# 
   101     0093                     	;# 
   102     0094                     	;# 
   103     0098                     	;# 
   104     0099                     	;# 
   105     009C                     	;# 
   106     009D                     	;# 
   107     009E                     	;# 
   108     009F                     	;# 
   109     010C                     	;# 
   110     010D                     	;# 
   111     010E                     	;# 
   112     010F                     	;# 
   113     018C                     	;# 
   114     018D                     	;# 
   115     0000                     	;# 
   116     0001                     	;# 
   117     0002                     	;# 
   118     0003                     	;# 
   119     0004                     	;# 
   120     0005                     	;# 
   121     0006                     	;# 
   122     0007                     	;# 
   123     0008                     	;# 
   124     0009                     	;# 
   125     000A                     	;# 
   126     000B                     	;# 
   127     000C                     	;# 
   128     000D                     	;# 
   129     000E                     	;# 
   130     000E                     	;# 
   131     000F                     	;# 
   132     0010                     	;# 
   133     0011                     	;# 
   134     0012                     	;# 
   135     0013                     	;# 
   136     0014                     	;# 
   137     0015                     	;# 
   138     0015                     	;# 
   139     0016                     	;# 
   140     0017                     	;# 
   141     0018                     	;# 
   142     0019                     	;# 
   143     001A                     	;# 
   144     001B                     	;# 
   145     001B                     	;# 
   146     001C                     	;# 
   147     001D                     	;# 
   148     001E                     	;# 
   149     001F                     	;# 
   150     0081                     	;# 
   151     0085                     	;# 
   152     0086                     	;# 
   153     0087                     	;# 
   154     0088                     	;# 
   155     0089                     	;# 
   156     008C                     	;# 
   157     008D                     	;# 
   158     008E                     	;# 
   159     0091                     	;# 
   160     0092                     	;# 
   161     0093                     	;# 
   162     0094                     	;# 
   163     0098                     	;# 
   164     0099                     	;# 
   165     009C                     	;# 
   166     009D                     	;# 
   167     009E                     	;# 
   168     009F                     	;# 
   169     010C                     	;# 
   170     010D                     	;# 
   171     010E                     	;# 
   172     010F                     	;# 
   173     018C                     	;# 
   174     018D                     	;# 
   175     0000                     	;# 
   176     0001                     	;# 
   177     0002                     	;# 
   178     0003                     	;# 
   179     0004                     	;# 
   180     0005                     	;# 
   181     0006                     	;# 
   182     0007                     	;# 
   183     0008                     	;# 
   184     0009                     	;# 
   185     000A                     	;# 
   186     000B                     	;# 
   187     000C                     	;# 
   188     000D                     	;# 
   189     000E                     	;# 
   190     000E                     	;# 
   191     000F                     	;# 
   192     0010                     	;# 
   193     0011                     	;# 
   194     0012                     	;# 
   195     0013                     	;# 
   196     0014                     	;# 
   197     0015                     	;# 
   198     0015                     	;# 
   199     0016                     	;# 
   200     0017                     	;# 
   201     0018                     	;# 
   202     0019                     	;# 
   203     001A                     	;# 
   204     001B                     	;# 
   205     001B                     	;# 
   206     001C                     	;# 
   207     001D                     	;# 
   208     001E                     	;# 
   209     001F                     	;# 
   210     0081                     	;# 
   211     0085                     	;# 
   212     0086                     	;# 
   213     0087                     	;# 
   214     0088                     	;# 
   215     0089                     	;# 
   216     008C                     	;# 
   217     008D                     	;# 
   218     008E                     	;# 
   219     0091                     	;# 
   220     0092                     	;# 
   221     0093                     	;# 
   222     0094                     	;# 
   223     0098                     	;# 
   224     0099                     	;# 
   225     009C                     	;# 
   226     009D                     	;# 
   227     009E                     	;# 
   228     009F                     	;# 
   229     010C                     	;# 
   230     010D                     	;# 
   231     010E                     	;# 
   232     010F                     	;# 
   233     018C                     	;# 
   234     018D                     	;# 
   235     0000                     	;# 
   236     0001                     	;# 
   237     0002                     	;# 
   238     0003                     	;# 
   239     0004                     	;# 
   240     0005                     	;# 
   241     0006                     	;# 
   242     0007                     	;# 
   243     0008                     	;# 
   244     0009                     	;# 
   245     000A                     	;# 
   246     000B                     	;# 
   247     000C                     	;# 
   248     000D                     	;# 
   249     000E                     	;# 
   250     000E                     	;# 
   251     000F                     	;# 
   252     0010                     	;# 
   253     0011                     	;# 
   254     0012                     	;# 
   255     0013                     	;# 
   256     0014                     	;# 
   257     0015                     	;# 
   258     0015                     	;# 
   259     0016                     	;# 
   260     0017                     	;# 
   261     0018                     	;# 
   262     0019                     	;# 
   263     001A                     	;# 
   264     001B                     	;# 
   265     001B                     	;# 
   266     001C                     	;# 
   267     001D                     	;# 
   268     001E                     	;# 
   269     001F                     	;# 
   270     0081                     	;# 
   271     0085                     	;# 
   272     0086                     	;# 
   273     0087                     	;# 
   274     0088                     	;# 
   275     0089                     	;# 
   276     008C                     	;# 
   277     008D                     	;# 
   278     008E                     	;# 
   279     0091                     	;# 
   280     0092                     	;# 
   281     0093                     	;# 
   282     0094                     	;# 
   283     0098                     	;# 
   284     0099                     	;# 
   285     009C                     	;# 
   286     009D                     	;# 
   287     009E                     	;# 
   288     009F                     	;# 
   289     010C                     	;# 
   290     010D                     	;# 
   291     010E                     	;# 
   292     010F                     	;# 
   293     018C                     	;# 
   294     018D                     	;# 
   295     0000                     	;# 
   296     0001                     	;# 
   297     0002                     	;# 
   298     0003                     	;# 
   299     0004                     	;# 
   300     0005                     	;# 
   301     0006                     	;# 
   302     0007                     	;# 
   303     0008                     	;# 
   304     0009                     	;# 
   305     000A                     	;# 
   306     000B                     	;# 
   307     000C                     	;# 
   308     000D                     	;# 
   309     000E                     	;# 
   310     000E                     	;# 
   311     000F                     	;# 
   312     0010                     	;# 
   313     0011                     	;# 
   314     0012                     	;# 
   315     0013                     	;# 
   316     0014                     	;# 
   317     0015                     	;# 
   318     0015                     	;# 
   319     0016                     	;# 
   320     0017                     	;# 
   321     0018                     	;# 
   322     0019                     	;# 
   323     001A                     	;# 
   324     001B                     	;# 
   325     001B                     	;# 
   326     001C                     	;# 
   327     001D                     	;# 
   328     001E                     	;# 
   329     001F                     	;# 
   330     0081                     	;# 
   331     0085                     	;# 
   332     0086                     	;# 
   333     0087                     	;# 
   334     0088                     	;# 
   335     0089                     	;# 
   336     008C                     	;# 
   337     008D                     	;# 
   338     008E                     	;# 
   339     0091                     	;# 
   340     0092                     	;# 
   341     0093                     	;# 
   342     0094                     	;# 
   343     0098                     	;# 
   344     0099                     	;# 
   345     009C                     	;# 
   346     009D                     	;# 
   347     009E                     	;# 
   348     009F                     	;# 
   349     010C                     	;# 
   350     010D                     	;# 
   351     010E                     	;# 
   352     010F                     	;# 
   353     018C                     	;# 
   354     018D                     	;# 
   355                           
   356                           	psect	idataBANK0
   357     0112                     __pidataBANK0:
   358                           
   359                           ;initializer for main@ssd
   360     0112  3406               	retlw	6
   361     0113  345B               	retlw	91
   362     0114  344F               	retlw	79
   363     0115  3466               	retlw	102
   364     0005                     _PORTA	set	5
   365     0008                     _PORTD	set	8
   366     0006                     _PORTB	set	6
   367     0001                     _TMR0	set	1
   368     005C                     _INTE	set	92
   369     005F                     _GIE	set	95
   370     0037                     _RB7	set	55
   371     005D                     _TMR0IE	set	93
   372     0059                     _INTF	set	89
   373     005A                     _TMR0IF	set	90
   374     0085                     _TRISA	set	133
   375     0088                     _TRISD	set	136
   376     040B                     _PSA	set	1035
   377     040D                     _T0CS	set	1037
   378     0437                     _TRISB7	set	1079
   379                           
   380                           	psect	cinit
   381     000F                     start_initialization:	
   382                           ; #config settings
   383                           
   384     000F                     __initialization:
   385                           
   386                           ; Initialize objects allocated to BANK0
   387     000F  120A  118A  2112  120A  118A  	fcall	__pidataBANK0	;fetch initializer
   388     0014  00A6               	movwf	__pdataBANK0& (0+127)
   389     0015  120A  118A  2113  120A  118A  	fcall	__pidataBANK0+1	;fetch initializer
   390     001A  00A7               	movwf	(__pdataBANK0+1)& (0+127)
   391     001B  120A  118A  2114  120A  118A  	fcall	__pidataBANK0+2	;fetch initializer
   392     0020  00A8               	movwf	(__pdataBANK0+2)& (0+127)
   393     0021  120A  118A  2115  120A  118A  	fcall	__pidataBANK0+3	;fetch initializer
   394     0026  00A9               	movwf	(__pdataBANK0+3)& (0+127)
   395                           
   396                           ; Clear objects allocated to BANK0
   397     0027  01AA               	clrf	__pbssBANK0& (0+127)
   398     0028  01AB               	clrf	(__pbssBANK0+1)& (0+127)
   399                           
   400                           ; Clear objects allocated to COMMON
   401     0029  01F6               	clrf	__pbssCOMMON& (0+127)
   402     002A  01F7               	clrf	(__pbssCOMMON+1)& (0+127)
   403     002B                     end_of_initialization:	
   404                           ;End of C runtime variable initialization code
   405                           
   406     002B                     __end_of__initialization:
   407     002B  0183               	clrf	3
   408     002C  120A  118A  28BB   	ljmp	_main	;jump to C main() function
   409                           
   410                           	psect	bssCOMMON
   411     0076                     __pbssCOMMON:
   412     0076                     _count1:
   413     0076                     	ds	2
   414                           
   415                           	psect	bssBANK0
   416     002A                     __pbssBANK0:
   417     002A                     isr@count:
   418     002A                     	ds	2
   419                           
   420                           	psect	dataBANK0
   421     0026                     __pdataBANK0:
   422     0026                     main@ssd:
   423     0026                     	ds	4
   424                           
   425                           	psect	cstackCOMMON
   426     0070                     __pcstackCOMMON:
   427     0070                     ?_init_ssd:
   428     0070                     ?_init_timer0:	
   429                           ; 1 bytes @ 0x0
   430                           
   431     0070                     ?_display:	
   432                           ; 1 bytes @ 0x0
   433                           
   434     0070                     ?_isr:	
   435                           ; 1 bytes @ 0x0
   436                           
   437     0070                     ??_isr:	
   438                           ; 1 bytes @ 0x0
   439                           
   440     0070                     ?_init_config:	
   441                           ; 1 bytes @ 0x0
   442                           
   443     0070                     ?_main:	
   444                           ; 1 bytes @ 0x0
   445                           
   446                           
   447                           ; 1 bytes @ 0x0
   448     0070                     	ds	2
   449     0072                     ??_init_ssd:
   450     0072                     ??_init_timer0:	
   451                           ; 1 bytes @ 0x2
   452                           
   453     0072                     ??_display:	
   454                           ; 1 bytes @ 0x2
   455                           
   456     0072                     ??_init_config:	
   457                           ; 1 bytes @ 0x2
   458                           
   459                           
   460                           ; 1 bytes @ 0x2
   461     0072                     	ds	4
   462     0076                     ??_main:
   463                           
   464                           	psect	cstackBANK0
   465     0020                     __pcstackBANK0:	
   466                           ; 1 bytes @ 0x6
   467                           
   468     0020                     display@wait:
   469                           
   470                           ; 4 bytes @ 0x0
   471     0020                     	ds	4
   472     0024                     display@data:
   473                           
   474                           ; 1 bytes @ 0x4
   475     0024                     	ds	1
   476     0025                     display@digit:
   477                           
   478                           ; 1 bytes @ 0x5
   479     0025                     	ds	1
   480                           
   481                           	psect	maintext
   482     00BB                     __pmaintext:	
   483 ;;
   484 ;;Main: autosize = 0, tempsize = 0, incstack = 0, save=0
   485 ;;
   486 ;; *************** function _main *****************
   487 ;; Defined at:
   488 ;;		line 23 in file "main.c"
   489 ;; Parameters:    Size  Location     Type
   490 ;;		None
   491 ;; Auto vars:     Size  Location     Type
   492 ;;		None
   493 ;; Return value:  Size  Location     Type
   494 ;;                  1    wreg      void 
   495 ;; Registers used:
   496 ;;		wreg, fsr0l, fsr0h, status,2, status,0, btemp+1, pclath, cstack
   497 ;; Tracked objects:
   498 ;;		On entry : B00/0
   499 ;;		On exit  : 0/0
   500 ;;		Unchanged: 0/0
   501 ;; Data sizes:     COMMON   BANK0   BANK1   BANK3   BANK2
   502 ;;      Params:         0       0       0       0       0
   503 ;;      Locals:         0       0       0       0       0
   504 ;;      Temps:          0       0       0       0       0
   505 ;;      Totals:         0       0       0       0       0
   506 ;;Total ram usage:        0 bytes
   507 ;; Hardware stack levels required when called: 3
   508 ;; This function calls:
   509 ;;		_display
   510 ;;		_init_config
   511 ;; This function is called by:
   512 ;;		Startup code after reset
   513 ;; This function uses a non-reentrant model
   514 ;;
   515                           
   516     00BB                     _main:	
   517                           ;psect for function _main
   518                           
   519     00BB                     l839:	
   520                           ;incstack = 0
   521                           ; Regs used in _main: [wreg-fsr0h+status,2+status,0+btemp+1+pclath+cstack]
   522                           
   523                           
   524                           ;main.c: 25: ;main.c: 26:             PORTB = 0x00;
   525     00BB  120A  118A  20E9  120A  118A  	fcall	_init_config
   526     00C0                     l841:
   527                           
   528                           ;main.c: 29:         if(count1 < 20);main.c: 30:         {
   529     00C0  0877               	movf	_count1+1,w
   530     00C1  3A80               	xorlw	128
   531     00C2  00FF               	movwf	btemp+1
   532     00C3  3080               	movlw	128
   533     00C4  027F               	subwf	btemp+1,w
   534     00C5  1D03               	skipz
   535     00C6  28C9               	goto	u235
   536     00C7  3014               	movlw	20
   537     00C8  0276               	subwf	_count1,w
   538     00C9                     u235:
   539     00C9  1C03               	skipc
   540     00CA  28CC               	goto	u231
   541     00CB  28CD               	goto	u230
   542     00CC                     u231:
   543     00CC  28D2               	goto	l847
   544     00CD                     u230:
   545     00CD                     l843:
   546                           
   547                           ;main.c: 31: ;main.c: 32:             display(ssd);
   548     00CD  128B               	bcf	11,5	;volatile
   549     00CE                     l845:
   550                           
   551                           ;main.c: 34:     }
   552     00CE  1283               	bcf	3,5	;RP0=0, select bank0
   553     00CF  1303               	bcf	3,6	;RP1=0, select bank0
   554     00D0  0186               	clrf	6	;volatile
   555                           
   556                           ;main.c: 35:     return;
   557     00D1  0188               	clrf	8	;volatile
   558     00D2                     l847:
   559     00D2  0877               	movf	_count1+1,w
   560     00D3  3A80               	xorlw	128
   561     00D4  00FF               	movwf	btemp+1
   562     00D5  3080               	movlw	128
   563     00D6  027F               	subwf	btemp+1,w
   564     00D7  1D03               	skipz
   565     00D8  28DB               	goto	u245
   566     00D9  3014               	movlw	20
   567     00DA  0276               	subwf	_count1,w
   568     00DB                     u245:
   569     00DB  1803               	skipnc
   570     00DC  28DE               	goto	u241
   571     00DD  28DF               	goto	u240
   572     00DE                     u241:
   573     00DE  28C0               	goto	l841
   574     00DF                     u240:
   575     00DF                     l849:
   576     00DF  3026               	movlw	(low (main@ssd| 0))& (0+255)
   577     00E0  120A  118A  202F  120A  118A  	fcall	_display
   578     00E5  28C0               	goto	l841
   579     00E6  120A  118A  280C   	ljmp	start
   580     00E9                     __end_of_main:
   581                           
   582                           	psect	text1
   583     00E9                     __ptext1:	
   584 ;; *************** function _init_config *****************
   585 ;; Defined at:
   586 ;;		line 9 in file "main.c"
   587 ;; Parameters:    Size  Location     Type
   588 ;;		None
   589 ;; Auto vars:     Size  Location     Type
   590 ;;		None
   591 ;; Return value:  Size  Location     Type
   592 ;;                  1    wreg      void 
   593 ;; Registers used:
   594 ;;		wreg, status,2, status,0, pclath, cstack
   595 ;; Tracked objects:
   596 ;;		On entry : 0/0
   597 ;;		On exit  : 0/0
   598 ;;		Unchanged: 0/0
   599 ;; Data sizes:     COMMON   BANK0   BANK1   BANK3   BANK2
   600 ;;      Params:         0       0       0       0       0
   601 ;;      Locals:         0       0       0       0       0
   602 ;;      Temps:          0       0       0       0       0
   603 ;;      Totals:         0       0       0       0       0
   604 ;;Total ram usage:        0 bytes
   605 ;; Hardware stack levels used: 1
   606 ;; Hardware stack levels required when called: 2
   607 ;; This function calls:
   608 ;;		_init_ssd
   609 ;;		_init_timer0
   610 ;; This function is called by:
   611 ;;		_main
   612 ;; This function uses a non-reentrant model
   613 ;;
   614                           
   615     00E9                     _init_config:	
   616                           ;psect for function _init_config
   617                           
   618     00E9                     l763:	
   619                           ;incstack = 0
   620                           ; Regs used in _init_config: [wreg+status,2+status,0+pclath+cstack]
   621                           
   622                           
   623                           ;main.c: 11:     INTE = 1;
   624     00E9  1683               	bsf	3,5	;RP0=1, select bank1
   625     00EA  1303               	bcf	3,6	;RP1=0, select bank1
   626     00EB  1386               	bcf	6,7	;volatile
   627     00EC                     l765:
   628                           
   629                           ;main.c: 12: 
   630     00EC  120A  118A  20FC  120A  118A  	fcall	_init_ssd
   631                           
   632                           ;main.c: 13: }
   633     00F1  120A  118A  2108  120A  118A  	fcall	_init_timer0
   634     00F6                     l767:
   635                           
   636                           ;main.c: 14: 
   637     00F6  1283               	bcf	3,5	;RP0=0, select bank0
   638     00F7  1303               	bcf	3,6	;RP1=0, select bank0
   639     00F8  1386               	bcf	6,7	;volatile
   640     00F9                     l769:
   641                           
   642                           ;main.c: 17:     static unsigned char ssd[]={0x06, 0x5B, 0x4F, 0x66};
   643     00F9  178B               	bsf	11,7	;volatile
   644     00FA                     l771:
   645                           
   646                           ;main.c: 19: 
   647     00FA  160B               	bsf	11,4	;volatile
   648     00FB                     l47:
   649     00FB  0008               	return
   650     00FC                     __end_of_init_config:
   651                           
   652                           	psect	text2
   653     0108                     __ptext2:	
   654 ;; *************** function _init_timer0 *****************
   655 ;; Defined at:
   656 ;;		line 3 in file "timers.c"
   657 ;; Parameters:    Size  Location     Type
   658 ;;		None
   659 ;; Auto vars:     Size  Location     Type
   660 ;;		None
   661 ;; Return value:  Size  Location     Type
   662 ;;                  1    wreg      void 
   663 ;; Registers used:
   664 ;;		wreg
   665 ;; Tracked objects:
   666 ;;		On entry : 0/0
   667 ;;		On exit  : 0/0
   668 ;;		Unchanged: 0/0
   669 ;; Data sizes:     COMMON   BANK0   BANK1   BANK3   BANK2
   670 ;;      Params:         0       0       0       0       0
   671 ;;      Locals:         0       0       0       0       0
   672 ;;      Temps:          0       0       0       0       0
   673 ;;      Totals:         0       0       0       0       0
   674 ;;Total ram usage:        0 bytes
   675 ;; Hardware stack levels used: 1
   676 ;; Hardware stack levels required when called: 1
   677 ;; This function calls:
   678 ;;		Nothing
   679 ;; This function is called by:
   680 ;;		_init_config
   681 ;; This function uses a non-reentrant model
   682 ;;
   683                           
   684     0108                     _init_timer0:	
   685                           ;psect for function _init_timer0
   686                           
   687     0108                     l757:	
   688                           ;incstack = 0
   689                           ; Regs used in _init_timer0: [wreg]
   690                           
   691                           
   692                           ;timers.c: 6:     T0CS = 0;
   693     0108  1683               	bsf	3,5	;RP0=1, select bank1
   694     0109  1303               	bcf	3,6	;RP1=0, select bank1
   695     010A  1281               	bcf	1,5	;volatile
   696                           
   697                           ;timers.c: 9:     PSA = 1;
   698     010B  1581               	bsf	1,3	;volatile
   699     010C                     l759:
   700                           
   701                           ;timers.c: 11:     TMR0 = 6;
   702     010C  3006               	movlw	6
   703     010D  1283               	bcf	3,5	;RP0=0, select bank0
   704     010E  1303               	bcf	3,6	;RP1=0, select bank0
   705     010F  0081               	movwf	1	;volatile
   706     0110                     l761:
   707                           
   708                           ;timers.c: 14:     TMR0IE = 1;
   709     0110  168B               	bsf	11,5	;volatile
   710     0111                     l89:
   711     0111  0008               	return
   712     0112                     __end_of_init_timer0:
   713                           
   714                           	psect	text3
   715     00FC                     __ptext3:	
   716 ;; *************** function _init_ssd *****************
   717 ;; Defined at:
   718 ;;		line 4 in file "ssd.c"
   719 ;; Parameters:    Size  Location     Type
   720 ;;		None
   721 ;; Auto vars:     Size  Location     Type
   722 ;;		None
   723 ;; Return value:  Size  Location     Type
   724 ;;                  1    wreg      void 
   725 ;; Registers used:
   726 ;;		wreg, status,2
   727 ;; Tracked objects:
   728 ;;		On entry : 0/0
   729 ;;		On exit  : 0/0
   730 ;;		Unchanged: 0/0
   731 ;; Data sizes:     COMMON   BANK0   BANK1   BANK3   BANK2
   732 ;;      Params:         0       0       0       0       0
   733 ;;      Locals:         0       0       0       0       0
   734 ;;      Temps:          0       0       0       0       0
   735 ;;      Totals:         0       0       0       0       0
   736 ;;Total ram usage:        0 bytes
   737 ;; Hardware stack levels used: 1
   738 ;; Hardware stack levels required when called: 1
   739 ;; This function calls:
   740 ;;		Nothing
   741 ;; This function is called by:
   742 ;;		_init_config
   743 ;; This function uses a non-reentrant model
   744 ;;
   745                           
   746     00FC                     _init_ssd:	
   747                           ;psect for function _init_ssd
   748                           
   749     00FC                     l751:	
   750                           ;incstack = 0
   751                           ; Regs used in _init_ssd: [wreg+status,2]
   752                           
   753                           
   754                           ;ssd.c: 7:     TRISD = 0x00;
   755     00FC  1683               	bsf	3,5	;RP0=1, select bank1
   756     00FD  1303               	bcf	3,6	;RP1=0, select bank1
   757     00FE  0188               	clrf	8	;volatile
   758     00FF                     l753:
   759                           
   760                           ;ssd.c: 10:     TRISA = TRISA & 0x03;
   761     00FF  0805               	movf	5,w	;volatile
   762     0100  3903               	andlw	3
   763     0101  0085               	movwf	5	;volatile
   764     0102                     l755:
   765                           
   766                           ;ssd.c: 12:     PORTA = PORTA & 0x03;
   767     0102  1283               	bcf	3,5	;RP0=0, select bank0
   768     0103  1303               	bcf	3,6	;RP1=0, select bank0
   769     0104  0805               	movf	5,w	;volatile
   770     0105  3903               	andlw	3
   771     0106  0085               	movwf	5	;volatile
   772     0107                     l70:
   773     0107  0008               	return
   774     0108                     __end_of_init_ssd:
   775                           
   776                           	psect	text4
   777     002F                     __ptext4:	
   778 ;; *************** function _display *****************
   779 ;; Defined at:
   780 ;;		line 15 in file "ssd.c"
   781 ;; Parameters:    Size  Location     Type
   782 ;;  data            1    wreg     PTR unsigned char 
   783 ;;		 -> main@ssd(4), 
   784 ;; Auto vars:     Size  Location     Type
   785 ;;  data            1    4[BANK0 ] PTR unsigned char 
   786 ;;		 -> main@ssd(4), 
   787 ;;  wait            4    0[BANK0 ] unsigned long 
   788 ;;  digit           1    5[BANK0 ] unsigned char 
   789 ;; Return value:  Size  Location     Type
   790 ;;                  1    wreg      void 
   791 ;; Registers used:
   792 ;;		wreg, fsr0l, fsr0h, status,2, status,0, btemp+1
   793 ;; Tracked objects:
   794 ;;		On entry : 0/0
   795 ;;		On exit  : 0/0
   796 ;;		Unchanged: 0/0
   797 ;; Data sizes:     COMMON   BANK0   BANK1   BANK3   BANK2
   798 ;;      Params:         0       0       0       0       0
   799 ;;      Locals:         0       6       0       0       0
   800 ;;      Temps:          4       0       0       0       0
   801 ;;      Totals:         4       6       0       0       0
   802 ;;Total ram usage:       10 bytes
   803 ;; Hardware stack levels used: 1
   804 ;; Hardware stack levels required when called: 1
   805 ;; This function calls:
   806 ;;		Nothing
   807 ;; This function is called by:
   808 ;;		_main
   809 ;; This function uses a non-reentrant model
   810 ;;
   811                           
   812     002F                     _display:	
   813                           ;psect for function _display
   814                           
   815                           
   816                           ;incstack = 0
   817                           ; Regs used in _display: [wreg-fsr0h+status,2+status,0+btemp+1]
   818                           ;display@data stored from wreg
   819     002F  1283               	bcf	3,5	;RP0=0, select bank0
   820     0030  1303               	bcf	3,6	;RP1=0, select bank0
   821     0031  00A4               	movwf	display@data
   822     0032                     l821:
   823                           
   824                           ;ssd.c: 15: void display(unsigned char data[]);ssd.c: 16: {;ssd.c: 17:     unsigned char
      +                           digit;;ssd.c: 19:     for (digit = 0; digit < 4; digit++)
   825     0032  01A5               	clrf	display@digit
   826     0033                     l827:
   827                           
   828                           ;ssd.c: 20:     {;ssd.c: 21:         PORTD = data[digit];
   829     0033  0825               	movf	display@digit,w
   830     0034  0724               	addwf	display@data,w
   831     0035  00F2               	movwf	??_display
   832     0036  0872               	movf	??_display,w
   833     0037  0084               	movwf	4
   834     0038  1383               	bcf	3,7	;select IRP bank0
   835     0039  0800               	movf	0,w
   836     003A  0088               	movwf	8	;volatile
   837     003B                     l829:
   838                           
   839                           ;ssd.c: 22:         PORTA = (PORTA & 0x03) | (0x04 << digit);
   840     003B  3004               	movlw	4
   841     003C  00F2               	movwf	??_display
   842     003D  0A25               	incf	display@digit,w
   843     003E  2841               	goto	u194
   844     003F                     u195:
   845     003F  1003               	clrc
   846     0040  0DF2               	rlf	??_display,f
   847     0041                     u194:
   848     0041  3EFF               	addlw	-1
   849     0042  1D03               	skipz
   850     0043  283F               	goto	u195
   851     0044  0805               	movf	5,w	;volatile
   852     0045  3903               	andlw	3
   853     0046  0472               	iorwf	??_display,w
   854     0047  0085               	movwf	5	;volatile
   855     0048                     l831:
   856                           
   857                           ;ssd.c: 24:        for (unsigned long int wait = 200;wait-- ; );
   858     0048  3000               	movlw	0
   859     0049  00A3               	movwf	display@wait+3
   860     004A  3000               	movlw	0
   861     004B  00A2               	movwf	display@wait+2
   862     004C  3000               	movlw	0
   863     004D  00A1               	movwf	display@wait+1
   864     004E  30C8               	movlw	200
   865     004F  00A0               	movwf	display@wait
   866     0050                     l833:
   867     0050  3001               	movlw	1
   868     0051  00F2               	movwf	??_display
   869     0052  3000               	movlw	0
   870     0053  00F3               	movwf	??_display+1
   871     0054  3000               	movlw	0
   872     0055  00F4               	movwf	??_display+2
   873     0056  3000               	movlw	0
   874     0057  00F5               	movwf	??_display+3
   875     0058  0872               	movf	??_display,w
   876     0059  1283               	bcf	3,5	;RP0=0, select bank0
   877     005A  1303               	bcf	3,6	;RP1=0, select bank0
   878     005B  02A0               	subwf	display@wait,f
   879     005C  0873               	movf	??_display+1,w
   880     005D  1C03               	skipc
   881     005E  0F73               	incfsz	??_display+1,w
   882     005F  2861               	goto	u205
   883     0060  2862               	goto	u206
   884     0061                     u205:
   885     0061  02A1               	subwf	display@wait+1,f
   886     0062                     u206:
   887     0062  0874               	movf	??_display+2,w
   888     0063  1C03               	skipc
   889     0064  0F74               	incfsz	??_display+2,w
   890     0065  2867               	goto	u207
   891     0066  2868               	goto	u208
   892     0067                     u207:
   893     0067  02A2               	subwf	display@wait+2,f
   894     0068                     u208:
   895     0068  0875               	movf	??_display+3,w
   896     0069  1C03               	skipc
   897     006A  0F75               	incfsz	??_display+3,w
   898     006B  286D               	goto	u209
   899     006C  286E               	goto	u200
   900     006D                     u209:
   901     006D  02A3               	subwf	display@wait+3,f
   902     006E                     u200:
   903     006E  0A20               	incf	display@wait,w
   904     006F  1D03               	skipz
   905     0070  287B               	goto	u211
   906     0071  0A21               	incf	display@wait+1,w
   907     0072  1D03               	skipz
   908     0073  287B               	goto	u211
   909     0074  0A22               	incf	display@wait+2,w
   910     0075  1D03               	skipz
   911     0076  287B               	goto	u211
   912     0077  0A23               	incf	display@wait+3,w
   913     0078  1D03               	btfss	3,2
   914     0079  287B               	goto	u211
   915     007A  287C               	goto	u210
   916     007B                     u211:
   917     007B  2850               	goto	l833
   918     007C                     u210:
   919     007C                     l835:
   920                           
   921                           ;ssd.c: 25:     }
   922     007C  3001               	movlw	1
   923     007D  00FF               	movwf	btemp+1
   924     007E  087F               	movf	btemp+1,w
   925     007F  1283               	bcf	3,5	;RP0=0, select bank0
   926     0080  1303               	bcf	3,6	;RP1=0, select bank0
   927     0081  07A5               	addwf	display@digit,f
   928     0082                     l837:
   929     0082  3004               	movlw	4
   930     0083  0225               	subwf	display@digit,w
   931     0084  1C03               	skipc
   932     0085  2887               	goto	u221
   933     0086  2888               	goto	u220
   934     0087                     u221:
   935     0087  2833               	goto	l827
   936     0088                     u220:
   937     0088                     l78:
   938     0088  0008               	return
   939     0089                     __end_of_display:
   940                           
   941                           	psect	text5
   942     0089                     __ptext5:	
   943 ;; *************** function _isr *****************
   944 ;; Defined at:
   945 ;;		line 6 in file "isr.c"
   946 ;; Parameters:    Size  Location     Type
   947 ;;		None
   948 ;; Auto vars:     Size  Location     Type
   949 ;;		None
   950 ;; Return value:  Size  Location     Type
   951 ;;                  1    wreg      void 
   952 ;; Registers used:
   953 ;;		wreg, status,2, status,0
   954 ;; Tracked objects:
   955 ;;		On entry : 0/0
   956 ;;		On exit  : 0/0
   957 ;;		Unchanged: 0/0
   958 ;; Data sizes:     COMMON   BANK0   BANK1   BANK3   BANK2
   959 ;;      Params:         0       0       0       0       0
   960 ;;      Locals:         0       0       0       0       0
   961 ;;      Temps:          2       0       0       0       0
   962 ;;      Totals:         2       0       0       0       0
   963 ;;Total ram usage:        2 bytes
   964 ;; Hardware stack levels used: 1
   965 ;; This function calls:
   966 ;;		Nothing
   967 ;; This function is called by:
   968 ;;		Interrupt level 1
   969 ;; This function uses a non-reentrant model
   970 ;;
   971                           
   972     0089                     _isr:	
   973                           ;psect for function _isr
   974                           
   975     0089                     i1l791:
   976                           
   977                           ;isr.c: 8:     static unsigned int count = 0;;isr.c: 9:     if (TMR0IF == 1)
   978     0089  1D0B               	btfss	11,2	;volatile
   979     008A  288C               	goto	u14_21
   980     008B  288D               	goto	u14_20
   981     008C                     u14_21:
   982     008C  28B4               	goto	i1l22
   983     008D                     u14_20:
   984     008D                     i1l793:
   985                           
   986                           ;isr.c: 10:     {;isr.c: 11:         TMR0 = TMR0 + 6 + 2;
   987     008D  1283               	bcf	3,5	;RP0=0, select bank0
   988     008E  1303               	bcf	3,6	;RP1=0, select bank0
   989     008F  0801               	movf	1,w	;volatile
   990     0090  3E08               	addlw	8
   991     0091  0081               	movwf	1	;volatile
   992                           
   993                           ;isr.c: 12:         if (++count == 20000)
   994     0092  3001               	movlw	1
   995     0093  07AA               	addwf	isr@count,f
   996     0094  1803               	skipnc
   997     0095  0AAB               	incf	isr@count+1,f
   998     0096  3000               	movlw	0
   999     0097  07AB               	addwf	isr@count+1,f
  1000     0098  3020               	movlw	32
  1001     0099  062A               	xorwf	isr@count,w
  1002     009A  304E               	movlw	78
  1003     009B  1903               	skipnz
  1004     009C  062B               	xorwf	isr@count+1,w
  1005     009D  1D03               	btfss	3,2
  1006     009E  28A0               	goto	u15_21
  1007     009F  28A1               	goto	u15_20
  1008     00A0                     u15_21:
  1009     00A0  28B3               	goto	i1l807
  1010     00A1                     u15_20:
  1011     00A1                     i1l795:
  1012                           
  1013                           ;isr.c: 13:         {;isr.c: 14:             if(INTF == 1)
  1014     00A1  1C8B               	btfss	11,1	;volatile
  1015     00A2  28A4               	goto	u16_21
  1016     00A3  28A5               	goto	u16_20
  1017     00A4                     u16_21:
  1018     00A4  28A9               	goto	i1l803
  1019     00A5                     u16_20:
  1020     00A5                     i1l797:
  1021                           
  1022                           ;isr.c: 15:             {;isr.c: 16:                 count1 = 0;
  1023     00A5  01F6               	clrf	_count1
  1024     00A6  01F7               	clrf	_count1+1
  1025     00A7                     i1l799:
  1026                           
  1027                           ;isr.c: 17:                 INTF = 0;
  1028     00A7  108B               	bcf	11,1	;volatile
  1029     00A8                     i1l801:
  1030                           
  1031                           ;isr.c: 18:                 TMR0IE = 1;
  1032     00A8  168B               	bsf	11,5	;volatile
  1033     00A9                     i1l803:
  1034                           
  1035                           ;isr.c: 20:             count1++;
  1036     00A9  3001               	movlw	1
  1037     00AA  07F6               	addwf	_count1,f
  1038     00AB  1803               	skipnc
  1039     00AC  0AF7               	incf	_count1+1,f
  1040     00AD  3000               	movlw	0
  1041     00AE  07F7               	addwf	_count1+1,f
  1042     00AF                     i1l805:
  1043                           
  1044                           ;isr.c: 22:             count = 0;
  1045     00AF  01AA               	clrf	isr@count
  1046     00B0  01AB               	clrf	isr@count+1
  1047                           
  1048                           ;isr.c: 23:             RB7 = !RB7;
  1049     00B1  3080               	movlw	128
  1050     00B2  0686               	xorwf	6,f
  1051     00B3                     i1l807:
  1052                           
  1053                           ;isr.c: 26:         TMR0IF = 0;
  1054     00B3  110B               	bcf	11,2	;volatile
  1055     00B4                     i1l22:
  1056     00B4  0871               	movf	??_isr+1,w
  1057     00B5  008A               	movwf	10
  1058     00B6  0E70               	swapf	??_isr,w
  1059     00B7  0083               	movwf	3
  1060     00B8  0EFE               	swapf	btemp,f
  1061     00B9  0E7E               	swapf	btemp,w
  1062     00BA  0009               	retfie
  1063     00BB                     __end_of_isr:
  1064     007E                     btemp	set	126	;btemp
  1065     007E                     wtemp0	set	126
  1066                           
  1067                           	psect	intentry
  1068     0004                     __pintentry:	
  1069                           ;incstack = 0
  1070                           ; Regs used in _isr: [wreg+status,2+status,0]
  1071                           
  1072     0004                     interrupt_function:
  1073     007E                     saved_w	set	btemp
  1074     0004  00FE               	movwf	btemp
  1075     0005  0E03               	swapf	3,w
  1076     0006  00F0               	movwf	??_isr
  1077     0007  080A               	movf	10,w
  1078     0008  00F1               	movwf	??_isr+1
  1079     0009  120A  118A  2889   	ljmp	_isr
  1080                           
  1081                           	psect	config
  1082                           
  1083                           ;Config register CONFIG @ 0x2007
  1084                           ;	Oscillator Selection bits
  1085                           ;	FOSC = 0x3, unprogrammed default
  1086                           ;	Watchdog Timer Enable bit
  1087                           ;	WDTE = OFF, WDT disabled
  1088                           ;	Power-up Timer Enable bit
  1089                           ;	PWRTE = 0x1, unprogrammed default
  1090                           ;	Brown-out Reset Enable bit
  1091                           ;	BOREN = 0x1, unprogrammed default
  1092                           ;	Low-Voltage (Single-Supply) In-Circuit Serial Programming Enable bit
  1093                           ;	LVP = 0x1, unprogrammed default
  1094                           ;	Data EEPROM Memory Code Protection bit
  1095                           ;	CPD = 0x1, unprogrammed default
  1096                           ;	Flash Program Memory Write Enable bits
  1097                           ;	WRT = 0x3, unprogrammed default
  1098                           ;	In-Circuit Debugger Mode bit
  1099                           ;	DEBUG = 0x1, unprogrammed default
  1100                           ;	Flash Program Memory Code Protection bit
  1101                           ;	CP = 0x1, unprogrammed default
  1102     2007                     	org	8199
  1103     2007  3FFB               	dw	16379

Data Sizes:
    Strings     0
    Constant    0
    Data        4
    BSS         4
    Persistent  0
    Stack       0

Auto Spaces:
    Space          Size  Autos    Used
    COMMON           14      6       8
    BANK0            80      6      12
    BANK1            80      0       0
    BANK3            96      0       0
    BANK2            96      0       0

Pointer List with Targets:

    display@data	PTR unsigned char  size(1) Largest target is 4
		 -> main@ssd(BANK0[4]), 


Critical Paths under _main in COMMON

    _main->_display

Critical Paths under _isr in COMMON

    None.

Critical Paths under _main in BANK0

    _main->_display

Critical Paths under _isr in BANK0

    None.

Critical Paths under _main in BANK1

    None.

Critical Paths under _isr in BANK1

    None.

Critical Paths under _main in BANK3

    None.

Critical Paths under _isr in BANK3

    None.

Critical Paths under _main in BANK2

    None.

Critical Paths under _isr in BANK2

    None.

Call Graph Tables:

 ---------------------------------------------------------------------------------
 (Depth) Function   	        Calls       Base Space   Used Autos Params    Refs
 ---------------------------------------------------------------------------------
 (0) _main                                                 0     0      0     231
                            _display
                        _init_config
 ---------------------------------------------------------------------------------
 (1) _init_config                                          0     0      0       0
                           _init_ssd
                        _init_timer0
 ---------------------------------------------------------------------------------
 (2) _init_timer0                                          0     0      0       0
 ---------------------------------------------------------------------------------
 (2) _init_ssd                                             0     0      0       0
 ---------------------------------------------------------------------------------
 (1) _display                                             10    10      0     231
                                              2 COMMON     4     4      0
                                              0 BANK0      6     6      0
 ---------------------------------------------------------------------------------
 Estimated maximum stack depth 2
 ---------------------------------------------------------------------------------
 (Depth) Function   	        Calls       Base Space   Used Autos Params    Refs
 ---------------------------------------------------------------------------------
 (3) _isr                                                  2     2      0       0
                                              0 COMMON     2     2      0
 ---------------------------------------------------------------------------------
 Estimated maximum stack depth 3
 ---------------------------------------------------------------------------------

 Call Graph Graphs:

 _main (ROOT)
   _display
   _init_config
     _init_ssd
     _init_timer0

 _isr (ROOT)

 Address spaces:
Name               Size   Autos  Total    Cost      Usage
BANK3               60      0       0       9        0.0%
BITBANK3            60      0       0       8        0.0%
SFR3                 0      0       0       4        0.0%
BITSFR3              0      0       0       4        0.0%
BANK2               60      0       0      11        0.0%
BITBANK2            60      0       0      10        0.0%
SFR2                 0      0       0       5        0.0%
BITSFR2              0      0       0       5        0.0%
BANK1               50      0       0       7        0.0%
BITBANK1            50      0       0       6        0.0%
SFR1                 0      0       0       2        0.0%
BITSFR1              0      0       0       2        0.0%
BANK0               50      6       C       5       15.0%
BITBANK0            50      0       0       4        0.0%
SFR0                 0      0       0       1        0.0%
BITSFR0              0      0       0       1        0.0%
COMMON               E      6       8       1       57.1%
BITCOMMON            E      0       0       0        0.0%
CODE                 0      0       0       0        0.0%
DATA                 0      0      14      12        0.0%
ABS                  0      0      14       3        0.0%
NULL                 0      0       0       0        0.0%
STACK                0      0       0       2        0.0%
EEDATA             100      0       0       0        0.0%


Microchip Technology PIC Macro Assembler V2.41 build 20230208172133 
Symbol Table                                                                                   Tue Mar 25 15:06:57 2025

                     l70 0107                       l47 00FB                       l78 0088  
                     l89 0111                      l821 0032                      l831 0048  
                    l751 00FC                      l833 0050                      l753 00FF  
                    l761 0110                      l841 00C0                      l835 007C  
                    l827 0033                      l755 0102                      l771 00FA  
                    l763 00E9                      l843 00CD                      l837 0082  
                    l829 003B                      l757 0108                      l765 00EC  
                    l845 00CE                      l759 010C                      l767 00F6  
                    l847 00D2                      l839 00BB                      l769 00F9  
                    l849 00DF                      _GIE 005F                      _RB7 0037  
                    u200 006E                      u210 007C                      u211 007B  
                    u220 0088                      u221 0087                      u205 0061  
                    u206 0062                      u230 00CD                      u207 0067  
                    u231 00CC                      u208 0068                      u240 00DF  
                    u209 006D                      u241 00DE                      u235 00C9  
                    u245 00DB                      u194 0041                      u195 003F  
                    _PSA 040B                      _isr 0089                      fsr0 0004  
                    indf 0000                     ?_isr 0070                     _T0CS 040D  
                   _INTE 005C                     i1l22 00B4                     _INTF 0059  
                   _TMR0 0001              display@data 0024              display@wait 0020  
                   _main 00BB                     btemp 007E                     start 000C  
                  ??_isr 0070                    ?_main 0070                    i1l801 00A8  
           ?_init_config 0070                    i1l803 00A9                    i1l805 00AF  
                  i1l807 00B3                    i1l791 0089                    i1l793 008D  
                  i1l795 00A1                    i1l797 00A5                    i1l799 00A7  
                  u14_20 008D                    u14_21 008C                    u15_20 00A1  
                  u15_21 00A0                    u16_20 00A5                    u16_21 00A4  
                  _PORTA 0005                    _PORTB 0006                    _PORTD 0008  
                  _TRISA 0085                    _TRISD 0088             ?_init_timer0 0070  
           display@digit 0025          __end_of_display 0089                    pclath 000A  
                  status 0003                    wtemp0 007E          __initialization 000F  
           __end_of_main 00E9                   ??_main 0076                   _TMR0IE 005D  
                 _TMR0IF 005A                   _TRISB7 0437                   _count1 0076  
       __end_of_init_ssd 0108                ??_display 0072                   saved_w 007E  
__end_of__initialization 002B           __pcstackCOMMON 0070             __pidataBANK0 0112  
             __pbssBANK0 002A               __pmaintext 00BB               __pintentry 0004  
              ?_init_ssd 0070                  __ptext1 00E9                  __ptext2 0108  
                __ptext3 00FC                  __ptext4 002F                  __ptext5 0089  
                _display 002F                  main@ssd 0026     end_of_initialization 002B  
             ??_init_ssd 0072      start_initialization 000F              __end_of_isr 00BB  
            __pdataBANK0 0026            ??_init_config 0072            ??_init_timer0 0072  
            __pbssCOMMON 0076                ___latbits 0002            __pcstackBANK0 0020  
               ?_display 0070      __end_of_init_config 00FC      __end_of_init_timer0 0112  
      interrupt_function 0004              _init_config 00E9              _init_timer0 0108  
               _init_ssd 00FC                 isr@count 002A                 intlevel1 0000  
