

Microchip MPLAB XC8 Assembler V2.41 build 20230208172133 
                                                                                               Wed Jun 11 19:51:34 2025

Microchip MPLAB XC8 C Compiler v2.41 (Free license) build 20230208172133 Og1 
     1                           	processor	16F877A
     2                           	pagewidth 120
     3                           	opt	flic
     4                           	psect	idataBANK0,global,class=CODE,delta=2,noexec
     5                           	psect	cinit,global,class=CODE,merge=1,delta=2
     6                           	psect	dataBANK0,global,class=BANK0,space=1,delta=1,noexec
     7                           	psect	inittext,global,class=CODE,delta=2
     8                           	psect	cstackCOMMON,global,class=COMMON,space=1,delta=1,noexec
     9                           	psect	cstackBANK0,global,class=BANK0,space=1,delta=1,noexec
    10                           	psect	maintext,global,class=CODE,split=1,delta=2
    11                           	psect	text1,local,class=CODE,merge=1,delta=2
    12                           	psect	text2,local,class=CODE,merge=1,delta=2
    13                           	psect	text3,local,class=CODE,merge=1,delta=2
    14                           	psect	text4,local,class=CODE,merge=1,delta=2
    15                           	psect	text5,local,class=CODE,merge=1,delta=2
    16                           	psect	config,global,abs,ovrld,class=CONFIG,space=4,delta=2,noexec
    17                           	dabs	1,0x7E,2
    18     0000                     
    19                           ; Version 2.20
    20                           ; Generated 12/02/2020 GMT
    21                           ; 
    22                           ; Copyright © 2020, Microchip Technology Inc. and its subsidiaries ("Microchip")
    23                           ; All rights reserved.
    24                           ; 
    25                           ; This software is developed by Microchip Technology Inc. and its subsidiaries ("Microch
      +                          ip").
    26                           ; 
    27                           ; Redistribution and use in source and binary forms, with or without modification, are
    28                           ; permitted provided that the following conditions are met:
    29                           ; 
    30                           ;     1. Redistributions of source code must retain the above copyright notice, this lis
      +                          t of
    31                           ;        conditions and the following disclaimer.
    32                           ; 
    33                           ;     2. Redistributions in binary form must reproduce the above copyright notice, this 
      +                          list
    34                           ;        of conditions and the following disclaimer in the documentation and/or other
    35                           ;        materials provided with the distribution.
    36                           ; 
    37                           ;     3. Microchip's name may not be used to endorse or promote products derived from th
      +                          is
    38                           ;        software without specific prior written permission.
    39                           ; 
    40                           ; THIS SOFTWARE IS PROVIDED BY MICROCHIP "AS IS" AND ANY EXPRESS OR IMPLIED WARRANTIES,
    41                           ; INCLUDING, BUT NOT LIMITED TO, THE IMPLIED WARRANTIES OF MERCHANTABILITY AND FITNESS F
      +                          OR
    42                           ; PURPOSE ARE DISCLAIMED.  IN NO EVENT SHALL MICROCHIP BE LIABLE FOR ANY DIRECT, INDIREC
      +                          T,
    43                           ; INCIDENTAL, SPECIAL, EXEMPLARY, OR CONSEQUENTIAL DAMAGES (INCLUDING BUT NOT LIMITED TO
    44                           ; PROCUREMENT OF SUBSTITUTE GOODS OR SERVICES; LOSS OF USE, DATA OR PROFITS; OR BUSINESS
    45                           ; INTERRUPTION) HOWSOEVER CAUSED AND ON ANY THEORY OF LIABILITY, WHETHER IN CONTRACT, ST
      +                          RICT
    46                           ; LIABILITY, OR TORT (INCLUDING NEGLIGENCE OR OTHERWISE) ARISING IN ANY WAY OUT OF THE U
      +                          SE OF
    47                           ; THIS SOFTWARE, EVEN IF ADVISED OF THE POSSIBILITY OF SUCH DAMAGE.
    48                           ; 
    49                           ; 
    50                           ; Code-generator required, PIC16F877A Definitions
    51                           ; 
    52                           ; SFR Addresses
    53     0000                     	;# 
    54     0001                     	;# 
    55     0002                     	;# 
    56     0003                     	;# 
    57     0004                     	;# 
    58     0005                     	;# 
    59     0006                     	;# 
    60     0007                     	;# 
    61     0008                     	;# 
    62     0009                     	;# 
    63     000A                     	;# 
    64     000B                     	;# 
    65     000C                     	;# 
    66     000D                     	;# 
    67     000E                     	;# 
    68     000E                     	;# 
    69     000F                     	;# 
    70     0010                     	;# 
    71     0011                     	;# 
    72     0012                     	;# 
    73     0013                     	;# 
    74     0014                     	;# 
    75     0015                     	;# 
    76     0015                     	;# 
    77     0016                     	;# 
    78     0017                     	;# 
    79     0018                     	;# 
    80     0019                     	;# 
    81     001A                     	;# 
    82     001B                     	;# 
    83     001B                     	;# 
    84     001C                     	;# 
    85     001D                     	;# 
    86     001E                     	;# 
    87     001F                     	;# 
    88     0081                     	;# 
    89     0085                     	;# 
    90     0086                     	;# 
    91     0087                     	;# 
    92     0088                     	;# 
    93     0089                     	;# 
    94     008C                     	;# 
    95     008D                     	;# 
    96     008E                     	;# 
    97     0091                     	;# 
    98     0092                     	;# 
    99     0093                     	;# 
   100     0094                     	;# 
   101     0098                     	;# 
   102     0099                     	;# 
   103     009C                     	;# 
   104     009D                     	;# 
   105     009E                     	;# 
   106     009F                     	;# 
   107     010C                     	;# 
   108     010D                     	;# 
   109     010E                     	;# 
   110     010F                     	;# 
   111     018C                     	;# 
   112     018D                     	;# 
   113     0000                     	;# 
   114     0001                     	;# 
   115     0002                     	;# 
   116     0003                     	;# 
   117     0004                     	;# 
   118     0005                     	;# 
   119     0006                     	;# 
   120     0007                     	;# 
   121     0008                     	;# 
   122     0009                     	;# 
   123     000A                     	;# 
   124     000B                     	;# 
   125     000C                     	;# 
   126     000D                     	;# 
   127     000E                     	;# 
   128     000E                     	;# 
   129     000F                     	;# 
   130     0010                     	;# 
   131     0011                     	;# 
   132     0012                     	;# 
   133     0013                     	;# 
   134     0014                     	;# 
   135     0015                     	;# 
   136     0015                     	;# 
   137     0016                     	;# 
   138     0017                     	;# 
   139     0018                     	;# 
   140     0019                     	;# 
   141     001A                     	;# 
   142     001B                     	;# 
   143     001B                     	;# 
   144     001C                     	;# 
   145     001D                     	;# 
   146     001E                     	;# 
   147     001F                     	;# 
   148     0081                     	;# 
   149     0085                     	;# 
   150     0086                     	;# 
   151     0087                     	;# 
   152     0088                     	;# 
   153     0089                     	;# 
   154     008C                     	;# 
   155     008D                     	;# 
   156     008E                     	;# 
   157     0091                     	;# 
   158     0092                     	;# 
   159     0093                     	;# 
   160     0094                     	;# 
   161     0098                     	;# 
   162     0099                     	;# 
   163     009C                     	;# 
   164     009D                     	;# 
   165     009E                     	;# 
   166     009F                     	;# 
   167     010C                     	;# 
   168     010D                     	;# 
   169     010E                     	;# 
   170     010F                     	;# 
   171     018C                     	;# 
   172     018D                     	;# 
   173     0000                     	;# 
   174     0001                     	;# 
   175     0002                     	;# 
   176     0003                     	;# 
   177     0004                     	;# 
   178     0005                     	;# 
   179     0006                     	;# 
   180     0007                     	;# 
   181     0008                     	;# 
   182     0009                     	;# 
   183     000A                     	;# 
   184     000B                     	;# 
   185     000C                     	;# 
   186     000D                     	;# 
   187     000E                     	;# 
   188     000E                     	;# 
   189     000F                     	;# 
   190     0010                     	;# 
   191     0011                     	;# 
   192     0012                     	;# 
   193     0013                     	;# 
   194     0014                     	;# 
   195     0015                     	;# 
   196     0015                     	;# 
   197     0016                     	;# 
   198     0017                     	;# 
   199     0018                     	;# 
   200     0019                     	;# 
   201     001A                     	;# 
   202     001B                     	;# 
   203     001B                     	;# 
   204     001C                     	;# 
   205     001D                     	;# 
   206     001E                     	;# 
   207     001F                     	;# 
   208     0081                     	;# 
   209     0085                     	;# 
   210     0086                     	;# 
   211     0087                     	;# 
   212     0088                     	;# 
   213     0089                     	;# 
   214     008C                     	;# 
   215     008D                     	;# 
   216     008E                     	;# 
   217     0091                     	;# 
   218     0092                     	;# 
   219     0093                     	;# 
   220     0094                     	;# 
   221     0098                     	;# 
   222     0099                     	;# 
   223     009C                     	;# 
   224     009D                     	;# 
   225     009E                     	;# 
   226     009F                     	;# 
   227     010C                     	;# 
   228     010D                     	;# 
   229     010E                     	;# 
   230     010F                     	;# 
   231     018C                     	;# 
   232     018D                     	;# 
   233                           
   234                           	psect	idataBANK0
   235     0727                     __pidataBANK0:
   236                           
   237                           ;initializer for main@F861
   238     0727  3447               	retlw	71
   239     0728  344F               	retlw	79
   240     0729  344F               	retlw	79
   241     072A  3444               	retlw	68
   242     072B  3420               	retlw	32
   243     072C  3445               	retlw	69
   244     072D  3476               	retlw	118
   245     072E  3465               	retlw	101
   246     072F  346E               	retlw	110
   247     0730  3469               	retlw	105
   248     0731  346E               	retlw	110
   249     0732  3467               	retlw	103
   250     0733  3400               	retlw	0
   251     0734  3400               	retlw	0
   252     0735  3400               	retlw	0
   253     0736  3400               	retlw	0
   254                           
   255                           ;initializer for main@F859
   256     0737  3445               	retlw	69
   257     0738  346D               	retlw	109
   258     0739  3462               	retlw	98
   259     073A  3465               	retlw	101
   260     073B  3464               	retlw	100
   261     073C  3464               	retlw	100
   262     073D  3465               	retlw	101
   263     073E  3464               	retlw	100
   264     073F  3420               	retlw	32
   265     0740  3449               	retlw	73
   266     0741  3473               	retlw	115
   267     0742  3420               	retlw	32
   268     0743  3448               	retlw	72
   269     0744  344F               	retlw	79
   270     0745  3454               	retlw	84
   271     0746  3400               	retlw	0
   272     0008                     _PORTD	set	8
   273     0049                     _RE1	set	73
   274     004A                     _RE2	set	74
   275     0088                     _TRISD	set	136
   276     009F                     _ADCON1	set	159
   277     0449                     _TRISE1	set	1097
   278     044A                     _TRISE2	set	1098
   279                           
   280                           	psect	cinit
   281     07EE                     start_initialization:	
   282                           ; #config settings
   283                           
   284     07EE                     __initialization:
   285                           
   286                           ; Initialize objects allocated to BANK0
   287     07EE  1383               	bcf	3,7	;select IRP bank0
   288     07EF  3040               	movlw	low (__pdataBANK0+32)
   289     07F0  00FD               	movwf	btemp+-1
   290     07F1  3007               	movlw	high __pidataBANK0
   291     07F2  00FE               	movwf	btemp
   292     07F3  3027               	movlw	low __pidataBANK0
   293     07F4  00FF               	movwf	btemp+1
   294     07F5  3020               	movlw	low __pdataBANK0
   295     07F6  0084               	movwf	4
   296     07F7  120A  118A  26D8  120A  118A  	fcall	init_ram0
   297     07FC                     end_of_initialization:	
   298                           ;End of C runtime variable initialization code
   299                           
   300     07FC                     __end_of__initialization:
   301     07FC  0183               	clrf	3
   302     07FD  120A  118A  2F47   	ljmp	_main	;jump to C main() function
   303                           
   304                           	psect	dataBANK0
   305     0020                     __pdataBANK0:
   306     0020                     main@F861:
   307     0020                     	ds	16
   308     0030                     main@F859:
   309     0030                     	ds	16
   310                           
   311                           	psect	inittext
   312     06D4                     init_fetch0:	
   313                           ;	Called with low address in FSR and high address in W
   314                           
   315     06D4  087E               	movf	btemp,w
   316     06D5  008A               	movwf	10
   317     06D6  087F               	movf	btemp+1,w
   318     06D7  0082               	movwf	2
   319     06D8                     init_ram0:	
   320                           ;Called with:
   321                           ;	high address of idata address in btemp 
   322                           ;	low address of idata address in btemp+1 
   323                           ;	low address of data in FSR
   324                           ;	high address + 1 of data in btemp-1
   325                           
   326     06D8  120A  118A  26D4  120A  118A  	fcall	init_fetch0
   327     06DD  0080               	movwf	0
   328     06DE  0A84               	incf	4,f
   329     06DF  0804               	movf	4,w
   330     06E0  067D               	xorwf	btemp+-1,w
   331     06E1  1903               	btfsc	3,2
   332     06E2  3400               	retlw	0
   333     06E3  0AFF               	incf	btemp+1,f
   334     06E4  1903               	btfsc	3,2
   335     06E5  0AFE               	incf	btemp,f
   336     06E6  2ED8               	goto	init_ram0
   337                           
   338                           	psect	cstackCOMMON
   339     0070                     __pcstackCOMMON:
   340     0070                     ?_init_clcd:
   341     0070                     ?_init_config:	
   342                           ; 1 bytes @ 0x0
   343                           
   344     0070                     ?_main:	
   345                           ; 1 bytes @ 0x0
   346                           
   347     0070                     ?_clcd_write:	
   348                           ; 1 bytes @ 0x0
   349                           
   350     0070                     ?_init_display_controller:	
   351                           ; 1 bytes @ 0x0
   352                           
   353     0070                     clcd_write@mode:	
   354                           ; 1 bytes @ 0x0
   355                           
   356                           
   357                           ; 1 bytes @ 0x0
   358     0070                     	ds	1
   359     0071                     ??_clcd_write:
   360                           
   361                           ; 1 bytes @ 0x1
   362     0071                     	ds	2
   363     0073                     clcd_write@byte:
   364                           
   365                           ; 1 bytes @ 0x3
   366     0073                     	ds	1
   367     0074                     ?_clcd_print:
   368     0074                     ??_init_display_controller:	
   369                           ; 1 bytes @ 0x4
   370                           
   371     0074                     clcd_print@addr:	
   372                           ; 1 bytes @ 0x4
   373                           
   374                           
   375                           ; 1 bytes @ 0x4
   376     0074                     	ds	1
   377     0075                     ??_clcd_print:
   378     0075                     clcd_print@str:	
   379                           ; 1 bytes @ 0x5
   380                           
   381                           
   382                           ; 1 bytes @ 0x5
   383     0075                     	ds	1
   384     0076                     ??_init_clcd:
   385     0076                     ??_init_config:	
   386                           ; 1 bytes @ 0x6
   387                           
   388     0076                     ??_main:	
   389                           ; 1 bytes @ 0x6
   390                           
   391                           
   392                           ; 1 bytes @ 0x6
   393     0076                     	ds	4
   394                           
   395                           	psect	cstackBANK0
   396     0040                     __pcstackBANK0:
   397     0040                     main@head:
   398                           
   399                           ; 16 bytes @ 0x0
   400     0040                     	ds	16
   401     0050                     main@str:
   402                           
   403                           ; 16 bytes @ 0x10
   404     0050                     	ds	16
   405                           
   406                           	psect	maintext
   407     0747                     __pmaintext:	
   408 ;;
   409 ;;Main: autosize = 0, tempsize = 4, incstack = 0, save=0
   410 ;;
   411 ;; *************** function _main *****************
   412 ;; Defined at:
   413 ;;		line 11 in file "main.c"
   414 ;; Parameters:    Size  Location     Type
   415 ;;		None
   416 ;; Auto vars:     Size  Location     Type
   417 ;;  str            16   16[BANK0 ] unsigned char [16]
   418 ;;  head           16    0[BANK0 ] unsigned char [16]
   419 ;; Return value:  Size  Location     Type
   420 ;;                  1    wreg      void 
   421 ;; Registers used:
   422 ;;		wreg, fsr0l, fsr0h, status,2, status,0, btemp+1, pclath, cstack
   423 ;; Tracked objects:
   424 ;;		On entry : B00/0
   425 ;;		On exit  : 0/0
   426 ;;		Unchanged: 0/0
   427 ;; Data sizes:     COMMON   BANK0   BANK1   BANK3   BANK2
   428 ;;      Params:         0       0       0       0       0
   429 ;;      Locals:         0      32       0       0       0
   430 ;;      Temps:          4       0       0       0       0
   431 ;;      Totals:         4      32       0       0       0
   432 ;;Total ram usage:       36 bytes
   433 ;; Hardware stack levels required when called: 4
   434 ;; This function calls:
   435 ;;		_clcd_print
   436 ;;		_init_config
   437 ;; This function is called by:
   438 ;;		Startup code after reset
   439 ;; This function uses a non-reentrant model
   440 ;;
   441                           
   442     0747                     _main:	
   443                           ;psect for function _main
   444                           
   445     0747                     l755:	
   446                           ;incstack = 0
   447                           ; Regs used in _main: [wreg-fsr0h+status,2+status,0+btemp+1+pclath+cstack]
   448                           
   449                           
   450                           ;main.c: 13:         clcd_print(head,(0x80 + 0));
   451     0747  3006               	movlw	6
   452     0748  1683               	bsf	3,5	;RP0=1, select bank1
   453     0749  1303               	bcf	3,6	;RP1=0, select bank1
   454     074A  009F               	movwf	31	;volatile
   455     074B                     l757:
   456                           
   457                           ;main.c: 14:         _delay((unsigned long)((10)*(20000000/4000.0)));
   458     074B  120A  118A  26C3  120A  118A  	fcall	_init_config
   459     0750                     l759:
   460                           
   461                           ;main.c: 15:         clcd_print(str,(0xC0 + 0));
   462     0750  3040               	movlw	main@head& (0+255)
   463     0751  0084               	movwf	4
   464     0752  3030               	movlw	low main@F859
   465     0753  00F6               	movwf	??_main
   466     0754  0804               	movf	4,w
   467     0755  00F7               	movwf	??_main+1
   468     0756  3010               	movlw	16
   469     0757  00F8               	movwf	??_main+2
   470     0758                     u90:
   471     0758  0876               	movf	??_main,w
   472     0759  0084               	movwf	4
   473     075A  1383               	bcf	3,7	;select IRP bank0
   474     075B  0800               	movf	0,w
   475     075C  00F9               	movwf	??_main+3
   476     075D  0AF6               	incf	??_main,f
   477     075E  0877               	movf	??_main+1,w
   478     075F  0084               	movwf	4
   479     0760  0879               	movf	??_main+3,w
   480     0761  0080               	movwf	0
   481     0762  0AF7               	incf	??_main+1,f
   482     0763  0BF8               	decfsz	??_main+2,f
   483     0764  2F58               	goto	u90
   484     0765                     l761:
   485                           
   486                           ;main.c: 16:     }
   487     0765  3050               	movlw	main@str& (0+255)
   488     0766  0084               	movwf	4
   489     0767  3020               	movlw	low main@F861
   490     0768  00F6               	movwf	??_main
   491     0769  0804               	movf	4,w
   492     076A  00F7               	movwf	??_main+1
   493     076B  3010               	movlw	16
   494     076C  00F8               	movwf	??_main+2
   495     076D                     u100:
   496     076D  0876               	movf	??_main,w
   497     076E  0084               	movwf	4
   498     076F  1383               	bcf	3,7	;select IRP bank0
   499     0770  0800               	movf	0,w
   500     0771  00F9               	movwf	??_main+3
   501     0772  0AF6               	incf	??_main,f
   502     0773  0877               	movf	??_main+1,w
   503     0774  0084               	movwf	4
   504     0775  0879               	movf	??_main+3,w
   505     0776  0080               	movwf	0
   506     0777  0AF7               	incf	??_main+1,f
   507     0778  0BF8               	decfsz	??_main+2,f
   508     0779  2F6D               	goto	u100
   509     077A                     l763:
   510     077A  3080               	movlw	128
   511     077B  00F4               	movwf	clcd_print@addr
   512     077C  3040               	movlw	(low (main@head| 0))& (0+255)
   513     077D  120A  118A  2707  120A  118A  	fcall	_clcd_print
   514     0782                     l765:
   515     0782  3041               	movlw	65
   516     0783  00F7               	movwf	??_main+1
   517     0784  30EE               	movlw	238
   518     0785  00F6               	movwf	??_main
   519     0786                     u117:
   520     0786  0BF6               	decfsz	??_main,f
   521     0787  2F86               	goto	u117
   522     0788  0BF7               	decfsz	??_main+1,f
   523     0789  2F86               	goto	u117
   524     078A  0000               	nop
   525     078B                     l767:
   526     078B  30C0               	movlw	192
   527     078C  00F4               	movwf	clcd_print@addr
   528     078D  3050               	movlw	(low (main@str| 0))& (0+255)
   529     078E  120A  118A  2707  120A  118A  	fcall	_clcd_print
   530     0793  2F7A               	goto	l763
   531     0794  120A  118A  2800   	ljmp	start
   532     0797                     __end_of_main:
   533                           
   534                           	psect	text1
   535     06C3                     __ptext1:	
   536 ;; *************** function _init_config *****************
   537 ;; Defined at:
   538 ;;		line 6 in file "main.c"
   539 ;; Parameters:    Size  Location     Type
   540 ;;		None
   541 ;; Auto vars:     Size  Location     Type
   542 ;;		None
   543 ;; Return value:  Size  Location     Type
   544 ;;                  1    wreg      void 
   545 ;; Registers used:
   546 ;;		wreg, status,2, status,0, pclath, cstack
   547 ;; Tracked objects:
   548 ;;		On entry : 0/0
   549 ;;		On exit  : 0/0
   550 ;;		Unchanged: 0/0
   551 ;; Data sizes:     COMMON   BANK0   BANK1   BANK3   BANK2
   552 ;;      Params:         0       0       0       0       0
   553 ;;      Locals:         0       0       0       0       0
   554 ;;      Temps:          0       0       0       0       0
   555 ;;      Totals:         0       0       0       0       0
   556 ;;Total ram usage:        0 bytes
   557 ;; Hardware stack levels used: 1
   558 ;; Hardware stack levels required when called: 3
   559 ;; This function calls:
   560 ;;		_init_clcd
   561 ;; This function is called by:
   562 ;;		_main
   563 ;; This function uses a non-reentrant model
   564 ;;
   565                           
   566     06C3                     _init_config:	
   567                           ;psect for function _init_config
   568                           
   569     06C3                     l745:	
   570                           ;incstack = 0
   571                           ; Regs used in _init_config: [wreg+status,2+status,0+pclath+cstack]
   572                           
   573                           
   574                           ;main.c: 8:     init_config();
   575     06C3  120A  118A  26C9  120A  118A  	fcall	_init_clcd
   576     06C8                     l11:
   577     06C8  0008               	return
   578     06C9                     __end_of_init_config:
   579                           
   580                           	psect	text2
   581     06C9                     __ptext2:	
   582 ;; *************** function _init_clcd *****************
   583 ;; Defined at:
   584 ;;		line 37 in file "clcd.c"
   585 ;; Parameters:    Size  Location     Type
   586 ;;		None
   587 ;; Auto vars:     Size  Location     Type
   588 ;;		None
   589 ;; Return value:  Size  Location     Type
   590 ;;                  1    wreg      void 
   591 ;; Registers used:
   592 ;;		wreg, status,2, status,0, pclath, cstack
   593 ;; Tracked objects:
   594 ;;		On entry : 0/0
   595 ;;		On exit  : 0/0
   596 ;;		Unchanged: 0/0
   597 ;; Data sizes:     COMMON   BANK0   BANK1   BANK3   BANK2
   598 ;;      Params:         0       0       0       0       0
   599 ;;      Locals:         0       0       0       0       0
   600 ;;      Temps:          0       0       0       0       0
   601 ;;      Totals:         0       0       0       0       0
   602 ;;Total ram usage:        0 bytes
   603 ;; Hardware stack levels used: 1
   604 ;; Hardware stack levels required when called: 2
   605 ;; This function calls:
   606 ;;		_init_display_controller
   607 ;; This function is called by:
   608 ;;		_init_config
   609 ;; This function uses a non-reentrant model
   610 ;;
   611                           
   612     06C9                     _init_clcd:	
   613                           ;psect for function _init_clcd
   614                           
   615     06C9                     l737:	
   616                           ;incstack = 0
   617                           ; Regs used in _init_clcd: [wreg+status,2+status,0+pclath+cstack]
   618                           
   619                           
   620                           ;clcd.c: 40:     TRISD = 0x00;
   621     06C9  1683               	bsf	3,5	;RP0=1, select bank1
   622     06CA  1303               	bcf	3,6	;RP1=0, select bank1
   623     06CB  0188               	clrf	8	;volatile
   624     06CC                     l739:
   625                           
   626                           ;clcd.c: 43:     TRISE2 = 0;
   627     06CC  1109               	bcf	9,2	;volatile
   628     06CD                     l741:
   629                           
   630                           ;clcd.c: 44:     TRISE1 = 0;
   631     06CD  1089               	bcf	9,1	;volatile
   632     06CE                     l743:
   633                           
   634                           ;clcd.c: 46:     init_display_controller();
   635     06CE  120A  118A  2797  120A  118A  	fcall	_init_display_controller
   636     06D3                     l46:
   637     06D3  0008               	return
   638     06D4                     __end_of_init_clcd:
   639                           
   640                           	psect	text3
   641     0797                     __ptext3:	
   642 ;; *************** function _init_display_controller *****************
   643 ;; Defined at:
   644 ;;		line 16 in file "clcd.c"
   645 ;; Parameters:    Size  Location     Type
   646 ;;		None
   647 ;; Auto vars:     Size  Location     Type
   648 ;;		None
   649 ;; Return value:  Size  Location     Type
   650 ;;                  1    wreg      void 
   651 ;; Registers used:
   652 ;;		wreg, status,2, status,0, pclath, cstack
   653 ;; Tracked objects:
   654 ;;		On entry : 0/0
   655 ;;		On exit  : 0/0
   656 ;;		Unchanged: 0/0
   657 ;; Data sizes:     COMMON   BANK0   BANK1   BANK3   BANK2
   658 ;;      Params:         0       0       0       0       0
   659 ;;      Locals:         0       0       0       0       0
   660 ;;      Temps:          2       0       0       0       0
   661 ;;      Totals:         2       0       0       0       0
   662 ;;Total ram usage:        2 bytes
   663 ;; Hardware stack levels used: 1
   664 ;; Hardware stack levels required when called: 1
   665 ;; This function calls:
   666 ;;		_clcd_write
   667 ;; This function is called by:
   668 ;;		_init_clcd
   669 ;; This function uses a non-reentrant model
   670 ;;
   671                           
   672     0797                     _init_display_controller:	
   673                           ;psect for function _init_display_controller
   674                           
   675     0797                     l717:	
   676                           ;incstack = 0
   677                           ; Regs used in _init_display_controller: [wreg+status,2+status,0+pclath+cstack]
   678                           
   679                           
   680                           ;clcd.c: 19:     _delay((unsigned long)((30)*(20000000/4000.0)));
   681     0797  30C3               	movlw	195
   682     0798  00F5               	movwf	??_init_display_controller+1
   683     0799  30CD               	movlw	205
   684     079A  00F4               	movwf	??_init_display_controller
   685     079B                     u127:
   686     079B  0BF4               	decfsz	??_init_display_controller,f
   687     079C  2F9B               	goto	u127
   688     079D  0BF5               	decfsz	??_init_display_controller+1,f
   689     079E  2F9B               	goto	u127
   690     079F                     l719:
   691                           
   692                           ;clcd.c: 22:     clcd_write(0x30, 0);
   693     079F  01F0               	clrf	clcd_write@mode
   694     07A0  3030               	movlw	48
   695     07A1  120A  118A  26E7  120A  118A  	fcall	_clcd_write
   696     07A6                     l721:
   697                           
   698                           ;clcd.c: 23:     _delay((unsigned long)((4100)*(20000000/4000000.0)));
   699     07A6  301B               	movlw	27
   700     07A7  00F5               	movwf	??_init_display_controller+1
   701     07A8  309E               	movlw	158
   702     07A9  00F4               	movwf	??_init_display_controller
   703     07AA                     u137:
   704     07AA  0BF4               	decfsz	??_init_display_controller,f
   705     07AB  2FAA               	goto	u137
   706     07AC  0BF5               	decfsz	??_init_display_controller+1,f
   707     07AD  2FAA               	goto	u137
   708     07AE  0000               	nop
   709                           
   710                           ;clcd.c: 24:     clcd_write(0x30, 0);
   711     07AF  01F0               	clrf	clcd_write@mode
   712     07B0  3030               	movlw	48
   713     07B1  120A  118A  26E7  120A  118A  	fcall	_clcd_write
   714     07B6                     l723:
   715                           
   716                           ;clcd.c: 25:     _delay((unsigned long)((100)*(20000000/4000000.0)));
   717     07B6  30A6               	movlw	166
   718     07B7  00F4               	movwf	??_init_display_controller
   719     07B8                     u147:
   720     07B8  0BF4               	decfsz	??_init_display_controller,f
   721     07B9  2FB8               	goto	u147
   722     07BA  0000               	nop
   723     07BB                     l725:
   724                           
   725                           ;clcd.c: 26:     clcd_write(0x30, 0);
   726     07BB  01F0               	clrf	clcd_write@mode
   727     07BC  3030               	movlw	48
   728     07BD  120A  118A  26E7  120A  118A  	fcall	_clcd_write
   729     07C2                     l727:
   730                           
   731                           ;clcd.c: 27:     _delay((unsigned long)((1)*(20000000/4000000.0)));
   732     07C2  2FC3               	nop2	;2 cycle nop
   733     07C3  2FC4               	nop2	;2 cycle nop
   734     07C4  0000               	nop
   735     07C5                     l729:
   736                           
   737                           ;clcd.c: 29:     clcd_write(0x38, 0);
   738     07C5  01F0               	clrf	clcd_write@mode
   739     07C6  3038               	movlw	56
   740     07C7  120A  118A  26E7  120A  118A  	fcall	_clcd_write
   741     07CC                     l731:
   742                           
   743                           ;clcd.c: 30:     _delay((unsigned long)((100)*(20000000/4000000.0)));
   744     07CC  30A6               	movlw	166
   745     07CD  00F4               	movwf	??_init_display_controller
   746     07CE                     u157:
   747     07CE  0BF4               	decfsz	??_init_display_controller,f
   748     07CF  2FCE               	goto	u157
   749     07D0  0000               	nop
   750                           
   751                           ;clcd.c: 31:     clcd_write(0x01, 0);
   752     07D1  01F0               	clrf	clcd_write@mode
   753     07D2  3001               	movlw	1
   754     07D3  120A  118A  26E7  120A  118A  	fcall	_clcd_write
   755     07D8                     l733:
   756                           
   757                           ;clcd.c: 32:     _delay((unsigned long)((500)*(20000000/4000000.0)));
   758     07D8  3004               	movlw	4
   759     07D9  00F5               	movwf	??_init_display_controller+1
   760     07DA  303D               	movlw	61
   761     07DB  00F4               	movwf	??_init_display_controller
   762     07DC                     u167:
   763     07DC  0BF4               	decfsz	??_init_display_controller,f
   764     07DD  2FDC               	goto	u167
   765     07DE  0BF5               	decfsz	??_init_display_controller+1,f
   766     07DF  2FDC               	goto	u167
   767     07E0  2FE1               	nop2
   768     07E1                     l735:
   769                           
   770                           ;clcd.c: 33:     clcd_write(0x0C, 0);
   771     07E1  01F0               	clrf	clcd_write@mode
   772     07E2  300C               	movlw	12
   773     07E3  120A  118A  26E7  120A  118A  	fcall	_clcd_write
   774                           
   775                           ;clcd.c: 34:     _delay((unsigned long)((100)*(20000000/4000000.0)));
   776     07E8  30A6               	movlw	166
   777     07E9  00F4               	movwf	??_init_display_controller
   778     07EA                     u177:
   779     07EA  0BF4               	decfsz	??_init_display_controller,f
   780     07EB  2FEA               	goto	u177
   781     07EC  0000               	nop
   782     07ED                     l43:
   783     07ED  0008               	return
   784     07EE                     __end_of_init_display_controller:
   785                           
   786                           	psect	text4
   787     0707                     __ptext4:	
   788 ;; *************** function _clcd_print *****************
   789 ;; Defined at:
   790 ;;		line 55 in file "clcd.c"
   791 ;; Parameters:    Size  Location     Type
   792 ;;  str             1    wreg     PTR const unsigned char 
   793 ;;		 -> main@str(16), main@head(16), 
   794 ;;  addr            1    4[COMMON] unsigned char 
   795 ;; Auto vars:     Size  Location     Type
   796 ;;  str             1    5[COMMON] PTR const unsigned char 
   797 ;;		 -> main@str(16), main@head(16), 
   798 ;; Return value:  Size  Location     Type
   799 ;;                  1    wreg      void 
   800 ;; Registers used:
   801 ;;		wreg, fsr0l, fsr0h, status,2, status,0, btemp+1, pclath, cstack
   802 ;; Tracked objects:
   803 ;;		On entry : 0/0
   804 ;;		On exit  : 0/0
   805 ;;		Unchanged: 0/0
   806 ;; Data sizes:     COMMON   BANK0   BANK1   BANK3   BANK2
   807 ;;      Params:         1       0       0       0       0
   808 ;;      Locals:         1       0       0       0       0
   809 ;;      Temps:          0       0       0       0       0
   810 ;;      Totals:         2       0       0       0       0
   811 ;;Total ram usage:        2 bytes
   812 ;; Hardware stack levels used: 1
   813 ;; Hardware stack levels required when called: 1
   814 ;; This function calls:
   815 ;;		_clcd_write
   816 ;; This function is called by:
   817 ;;		_main
   818 ;; This function uses a non-reentrant model
   819 ;;
   820                           
   821     0707                     _clcd_print:	
   822                           ;psect for function _clcd_print
   823                           
   824                           
   825                           ;incstack = 0
   826                           ; Regs used in _clcd_print: [wreg-fsr0h+status,2+status,0+btemp+1+pclath+cstack]
   827                           ;clcd_print@str stored from wreg
   828     0707  00F5               	movwf	clcd_print@str
   829     0708                     l747:
   830                           
   831                           ;clcd.c: 55: void clcd_print(const char *str, unsigned char addr);clcd.c: 56: {;clcd.c: 
      +                          57:     clcd_write(addr, 0);
   832     0708  01F0               	clrf	clcd_write@mode
   833     0709  0874               	movf	clcd_print@addr,w
   834     070A  120A  118A  26E7  120A  118A  	fcall	_clcd_write
   835                           
   836                           ;clcd.c: 59:     while (*str != '\0')
   837     070F  2F1E               	goto	l753
   838     0710                     l749:
   839                           
   840                           ;clcd.c: 60:     {;clcd.c: 61:         clcd_write(*str, 1);
   841     0710  01F0               	clrf	clcd_write@mode
   842     0711  0AF0               	incf	clcd_write@mode,f
   843     0712  0875               	movf	clcd_print@str,w
   844     0713  0084               	movwf	4
   845     0714  0800               	movf	0,w
   846     0715  120A  118A  26E7  120A  118A  	fcall	_clcd_write
   847     071A                     l751:
   848                           
   849                           ;clcd.c: 62:         str++;
   850     071A  3001               	movlw	1
   851     071B  00FF               	movwf	btemp+1
   852     071C  087F               	movf	btemp+1,w
   853     071D  07F5               	addwf	clcd_print@str,f
   854     071E                     l753:
   855                           
   856                           ;clcd.c: 59:     while (*str != '\0')
   857     071E  0875               	movf	clcd_print@str,w
   858     071F  0084               	movwf	4
   859     0720  1383               	bcf	3,7	;select IRP bank0
   860     0721  0800               	movf	0,w
   861     0722  1D03               	btfss	3,2
   862     0723  2F25               	goto	u81
   863     0724  2F26               	goto	u80
   864     0725                     u81:
   865     0725  2F10               	goto	l749
   866     0726                     u80:
   867     0726                     l55:
   868     0726  0008               	return
   869     0727                     __end_of_clcd_print:
   870                           
   871                           	psect	text5
   872     06E7                     __ptext5:	
   873 ;; *************** function _clcd_write *****************
   874 ;; Defined at:
   875 ;;		line 4 in file "clcd.c"
   876 ;; Parameters:    Size  Location     Type
   877 ;;  byte            1    wreg     unsigned char 
   878 ;;  mode            1    0[COMMON] unsigned char 
   879 ;; Auto vars:     Size  Location     Type
   880 ;;  byte            1    3[COMMON] unsigned char 
   881 ;; Return value:  Size  Location     Type
   882 ;;                  1    wreg      void 
   883 ;; Registers used:
   884 ;;		wreg
   885 ;; Tracked objects:
   886 ;;		On entry : 0/0
   887 ;;		On exit  : 0/0
   888 ;;		Unchanged: 0/0
   889 ;; Data sizes:     COMMON   BANK0   BANK1   BANK3   BANK2
   890 ;;      Params:         1       0       0       0       0
   891 ;;      Locals:         1       0       0       0       0
   892 ;;      Temps:          2       0       0       0       0
   893 ;;      Totals:         4       0       0       0       0
   894 ;;Total ram usage:        4 bytes
   895 ;; Hardware stack levels used: 1
   896 ;; This function calls:
   897 ;;		Nothing
   898 ;; This function is called by:
   899 ;;		_init_display_controller
   900 ;;		_clcd_print
   901 ;;		_clcd_putch
   902 ;; This function uses a non-reentrant model
   903 ;;
   904                           
   905     06E7                     _clcd_write:	
   906                           ;psect for function _clcd_write
   907                           
   908                           
   909                           ;incstack = 0
   910                           ; Regs used in _clcd_write: [wreg]
   911                           ;clcd_write@byte stored from wreg
   912     06E7  00F3               	movwf	clcd_write@byte
   913     06E8                     l709:
   914                           
   915                           ;clcd.c: 4: static void clcd_write(unsigned char byte, unsigned char mode);clcd.c: 5: {;
      +                          clcd.c: 6:     RE2 = mode;
   916     06E8  1870               	btfsc	clcd_write@mode,0
   917     06E9  2EEB               	goto	u61
   918     06EA  2EEF               	goto	u60
   919     06EB                     u61:
   920     06EB  1283               	bcf	3,5	;RP0=0, select bank0
   921     06EC  1303               	bcf	3,6	;RP1=0, select bank0
   922     06ED  1509               	bsf	9,2	;volatile
   923     06EE  2EF2               	goto	u74
   924     06EF                     u60:
   925     06EF  1283               	bcf	3,5	;RP0=0, select bank0
   926     06F0  1303               	bcf	3,6	;RP1=0, select bank0
   927     06F1  1109               	bcf	9,2	;volatile
   928     06F2                     u74:
   929     06F2                     l711:
   930                           
   931                           ;clcd.c: 7:     PORTD = byte;
   932     06F2  0873               	movf	clcd_write@byte,w
   933     06F3  0088               	movwf	8	;volatile
   934     06F4                     l713:
   935                           
   936                           ;clcd.c: 9:     RE1 = 1;
   937     06F4  1489               	bsf	9,1	;volatile
   938                           
   939                           ;clcd.c: 10:     _delay((unsigned long)((100)*(20000000/4000000.0)));
   940     06F5  30A6               	movlw	166
   941     06F6  00F1               	movwf	??_clcd_write
   942     06F7                     u187:
   943     06F7  0BF1               	decfsz	??_clcd_write,f
   944     06F8  2EF7               	goto	u187
   945     06F9  0000               	nop
   946     06FA                     l715:
   947                           
   948                           ;clcd.c: 11:     RE1 = 0;
   949     06FA  1283               	bcf	3,5	;RP0=0, select bank0
   950     06FB  1303               	bcf	3,6	;RP1=0, select bank0
   951     06FC  1089               	bcf	9,1	;volatile
   952                           
   953                           ;clcd.c: 13:     _delay((unsigned long)((4100)*(20000000/4000000.0)));
   954     06FD  301B               	movlw	27
   955     06FE  00F2               	movwf	??_clcd_write+1
   956     06FF  309E               	movlw	158
   957     0700  00F1               	movwf	??_clcd_write
   958     0701                     u197:
   959     0701  0BF1               	decfsz	??_clcd_write,f
   960     0702  2F01               	goto	u197
   961     0703  0BF2               	decfsz	??_clcd_write+1,f
   962     0704  2F01               	goto	u197
   963     0705  0000               	nop
   964     0706                     l40:
   965     0706  0008               	return
   966     0707                     __end_of_clcd_write:
   967     007E                     btemp	set	126	;btemp
   968     007E                     wtemp0	set	126
   969                           
   970                           	psect	config
   971                           
   972                           ;Config register CONFIG @ 0x2007
   973                           ;	Oscillator Selection bits
   974                           ;	FOSC = 0x3, unprogrammed default
   975                           ;	Watchdog Timer Enable bit
   976                           ;	WDTE = OFF, WDT disabled
   977                           ;	Power-up Timer Enable bit
   978                           ;	PWRTE = 0x1, unprogrammed default
   979                           ;	Brown-out Reset Enable bit
   980                           ;	BOREN = 0x1, unprogrammed default
   981                           ;	Low-Voltage (Single-Supply) In-Circuit Serial Programming Enable bit
   982                           ;	LVP = 0x1, unprogrammed default
   983                           ;	Data EEPROM Memory Code Protection bit
   984                           ;	CPD = 0x1, unprogrammed default
   985                           ;	Flash Program Memory Write Enable bits
   986                           ;	WRT = 0x3, unprogrammed default
   987                           ;	In-Circuit Debugger Mode bit
   988                           ;	DEBUG = 0x1, unprogrammed default
   989                           ;	Flash Program Memory Code Protection bit
   990                           ;	CP = 0x1, unprogrammed default
   991     2007                     	org	8199
   992     2007  3FFB               	dw	16379

Data Sizes:
    Strings     0
    Constant    0
    Data        32
    BSS         0
    Persistent  0
    Stack       0

Auto Spaces:
    Space          Size  Autos    Used
    COMMON           14     10      10
    BANK0            80     32      64
    BANK1            80      0       0
    BANK3            96      0       0
    BANK2            96      0       0

Pointer List with Targets:

    clcd_print@str	PTR const unsigned char  size(1) Largest target is 16
		 -> main@str(BANK0[16]), main@head(BANK0[16]), 


Critical Paths under _main in COMMON

    _main->_clcd_print
    _init_clcd->_init_display_controller
    _init_display_controller->_clcd_write
    _clcd_print->_clcd_write

Critical Paths under _main in BANK0

    None.

Critical Paths under _main in BANK1

    None.

Critical Paths under _main in BANK3

    None.

Critical Paths under _main in BANK2

    None.

Call Graph Tables:

 ---------------------------------------------------------------------------------
 (Depth) Function   	        Calls       Base Space   Used Autos Params    Refs
 ---------------------------------------------------------------------------------
 (0) _main                                                36    36      0    1943
                                              6 COMMON     4     4      0
                                              0 BANK0     32    32      0
                         _clcd_print
                        _init_config
 ---------------------------------------------------------------------------------
 (1) _init_config                                          0     0      0     804
                          _init_clcd
 ---------------------------------------------------------------------------------
 (2) _init_clcd                                            0     0      0     804
            _init_display_controller
 ---------------------------------------------------------------------------------
 (3) _init_display_controller                              2     2      0     804
                                              4 COMMON     2     2      0
                         _clcd_write
 ---------------------------------------------------------------------------------
 (1) _clcd_print                                           2     1      1    1089
                                              4 COMMON     2     1      1
                         _clcd_write
 ---------------------------------------------------------------------------------
 (4) _clcd_write                                           4     3      1     804
                                              0 COMMON     4     3      1
 ---------------------------------------------------------------------------------
 Estimated maximum stack depth 4
 ---------------------------------------------------------------------------------

 Call Graph Graphs:

 _main (ROOT)
   _clcd_print
     _clcd_write
   _init_config
     _init_clcd
       _init_display_controller
         _clcd_write

 Address spaces:
Name               Size   Autos  Total    Cost      Usage
BANK3               60      0       0       9        0.0%
BITBANK3            60      0       0       8        0.0%
SFR3                 0      0       0       4        0.0%
BITSFR3              0      0       0       4        0.0%
BANK2               60      0       0      11        0.0%
BITBANK2            60      0       0      10        0.0%
SFR2                 0      0       0       5        0.0%
BITSFR2              0      0       0       5        0.0%
BANK1               50      0       0       7        0.0%
BITBANK1            50      0       0       6        0.0%
SFR1                 0      0       0       2        0.0%
BITSFR1              0      0       0       2        0.0%
BANK0               50     20      40       5       80.0%
BITBANK0            50      0       0       4        0.0%
SFR0                 0      0       0       1        0.0%
BITSFR0              0      0       0       1        0.0%
COMMON               E      A       A       1       71.4%
BITCOMMON            E      0       0       0        0.0%
CODE                 0      0       0       0        0.0%
DATA                 0      0      4A      12        0.0%
ABS                  0      0      4A       3        0.0%
NULL                 0      0       0       0        0.0%
STACK                0      0       0       2        0.0%
EEDATA             100      0       0       0        0.0%


Microchip Technology PIC Macro Assembler V2.41 build 20230208172133 
Symbol Table                                                                                   Wed Jun 11 19:51:34 2025

                              pc 0002                   clcd_print@addr 0074                               l11 06C8  
                             l40 0706                               l43 07ED                               l46 06D3  
                             l55 0726                               u60 06EF                               u61 06EB  
                             u80 0726                               u81 0725                               u74 06F2  
                             u90 0758                               fsr 0004                              l711 06F2  
                            l713 06F4                              l721 07A6                              l715 06FA  
                            l731 07CC                              l723 07B6                              l709 06E8  
                            l733 07D8                              l725 07BB                              l717 0797  
                            l741 06CD                              l751 071A                              l735 07E1  
                            l727 07C2                              l719 079F                              l743 06CE  
                            l753 071E                              l729 07C5                              l737 06C9  
                            l745 06C3                              l761 0765                              l747 0708  
                            l739 06CC                              l763 077A                              l755 0747  
                            l749 0710                              l765 0782                              l757 074B  
                            l767 078B                              l759 0750                              _RE1 0049  
                            u100 076D                              _RE2 004A                              u117 0786  
                            u127 079B                              u137 07AA                              u147 07B8  
                            u157 07CE                              u167 07DC                              u177 07EA  
                            u187 06F7                              u197 0701                              fsr0 0004  
                            indf 0000                             _main 0747                             btemp 007E  
                           start 0000                   clcd_write@byte 0073                   clcd_write@mode 0070  
                          ?_main 0070                     ?_init_config 0070                            _PORTD 0008  
                          _TRISD 0088                            pclath 000A                            status 0003  
                          wtemp0 007E                  __initialization 07EE                     __end_of_main 0797  
                         ??_main 0076                           _ADCON1 009F                           _TRISE1 0449  
                         _TRISE2 044A          _init_display_controller 0797          __end_of__initialization 07FC  
                 __pcstackCOMMON 0070                     __pidataBANK0 0727        ??_init_display_controller 0074  
                     _clcd_print 0707                       _clcd_write 06E7                       __pmaintext 0747  
                        __ptext1 06C3                          __ptext2 06C9                          __ptext3 0797  
                        __ptext4 0707                          __ptext5 06E7  __end_of_init_display_controller 07EE  
              __end_of_init_clcd 06D4                          main@str 0050             end_of_initialization 07FC  
                    ?_clcd_print 0074                      ?_clcd_write 0070                    clcd_print@str 0075  
            start_initialization 07EE                       init_fetch0 06D4                      __pdataBANK0 0020  
                  ??_init_config 0076                        ___latbits 0002                    __pcstackBANK0 0040  
                      _init_clcd 06C9              __end_of_init_config 06C9         ?_init_display_controller 0070  
                   ??_clcd_print 0075                     ??_clcd_write 0071               __end_of_clcd_print 0727  
             __end_of_clcd_write 0707                       ?_init_clcd 0070                      _init_config 06C3  
                       main@F861 0020                         main@F859 0030                         main@head 0040  
                       init_ram0 06D8                      ??_init_clcd 0076  
