

Microchip MPLAB XC8 Assembler V3.10 build 20250813170317 
                                                                                               Tue Nov 11 04:37:31 2025

Microchip MPLAB XC8 C Compiler v3.10 (Free license) build 20250813170317 Og1 
     1                           	processor	16F877A
     2                           	pagewidth 120
     3                           	opt	flic
     4                           	psect	strings,global,class=STRING,space=0,delta=2,noexec
     5                           	psect	cinit,global,class=CODE,space=0,merge=1,delta=2
     6                           	psect	cstackCOMMON,global,class=COMMON,space=1,delta=1,noexec
     7                           	psect	maintext,global,class=CODE,space=0,split=1,delta=2
     8                           	psect	text1,local,class=CODE,space=0,merge=1,delta=2
     9                           	psect	text2,local,class=CODE,space=0,merge=1,delta=2
    10                           	psect	text3,local,class=CODE,space=0,merge=1,delta=2
    11                           	psect	text4,local,class=CODE,space=0,merge=1,delta=2
    12                           	psect	text5,local,class=CODE,space=0,merge=1,delta=2
    13                           	psect	text6,local,class=CODE,space=0,merge=1,delta=2
    14                           	psect	config,global,abs,ovrld,class=CONFIG,space=4,delta=2,noexec
    15                           	dabs	1,0x7E,2
    16     0000                     
    17                           ; Version 2.20
    18                           ; Generated 12/02/2020 GMT
    19                           ; 
    20                           ; Copyright © 2020, Microchip Technology Inc. and its subsidiaries ("Microchip")
    21                           ; All rights reserved.
    22                           ; 
    23                           ; This software is developed by Microchip Technology Inc. and its subsidiaries ("Microch
      +                          ip").
    24                           ; 
    25                           ; Redistribution and use in source and binary forms, with or without modification, are
    26                           ; permitted provided that the following conditions are met:
    27                           ; 
    28                           ;     1. Redistributions of source code must retain the above copyright notice, this lis
      +                          t of
    29                           ;        conditions and the following disclaimer.
    30                           ; 
    31                           ;     2. Redistributions in binary form must reproduce the above copyright notice, this 
      +                          list
    32                           ;        of conditions and the following disclaimer in the documentation and/or other
    33                           ;        materials provided with the distribution.
    34                           ; 
    35                           ;     3. Microchip's name may not be used to endorse or promote products derived from th
      +                          is
    36                           ;        software without specific prior written permission.
    37                           ; 
    38                           ; THIS SOFTWARE IS PROVIDED BY MICROCHIP "AS IS" AND ANY EXPRESS OR IMPLIED WARRANTIES,
    39                           ; INCLUDING, BUT NOT LIMITED TO, THE IMPLIED WARRANTIES OF MERCHANTABILITY AND FITNESS F
      +                          OR
    40                           ; PURPOSE ARE DISCLAIMED.  IN NO EVENT SHALL MICROCHIP BE LIABLE FOR ANY DIRECT, INDIREC
      +                          T,
    41                           ; INCIDENTAL, SPECIAL, EXEMPLARY, OR CONSEQUENTIAL DAMAGES (INCLUDING BUT NOT LIMITED TO
    42                           ; PROCUREMENT OF SUBSTITUTE GOODS OR SERVICES; LOSS OF USE, DATA OR PROFITS; OR BUSINESS
    43                           ; INTERRUPTION) HOWSOEVER CAUSED AND ON ANY THEORY OF LIABILITY, WHETHER IN CONTRACT, ST
      +                          RICT
    44                           ; LIABILITY, OR TORT (INCLUDING NEGLIGENCE OR OTHERWISE) ARISING IN ANY WAY OUT OF THE U
      +                          SE OF
    45                           ; THIS SOFTWARE, EVEN IF ADVISED OF THE POSSIBILITY OF SUCH DAMAGE.
    46                           ; 
    47                           ; 
    48                           ; Code-generator required, PIC16F877A Definitions
    49                           ; 
    50                           ; SFR Addresses
    51     0004                     fsr             equ	4
    52     0004                     fsr0            equ	4
    53     0000                     indf            equ	0
    54     0000                     indf0           equ	0
    55     0002                     pc              equ	2
    56     0002                     pcl             equ	2
    57     000A                     pclath          equ	10
    58     0003                     status          equ	3
    59     0000                     INDF            equ	0	;# 
    60     0001                     TMR0            equ	1	;# 
    61     0002                     PCL             equ	2	;# 
    62     0003                     STATUS          equ	3	;# 
    63     0004                     FSR             equ	4	;# 
    64     0005                     PORTA           equ	5	;# 
    65     0006                     PORTB           equ	6	;# 
    66     0007                     PORTC           equ	7	;# 
    67     0008                     PORTD           equ	8	;# 
    68     0009                     PORTE           equ	9	;# 
    69     000A                     PCLATH          equ	10	;# 
    70     000B                     INTCON          equ	11	;# 
    71     000C                     PIR1            equ	12	;# 
    72     000D                     PIR2            equ	13	;# 
    73     000E                     TMR1            equ	14	;# 
    74     000E                     TMR1L           equ	14	;# 
    75     000F                     TMR1H           equ	15	;# 
    76     0010                     T1CON           equ	16	;# 
    77     0011                     TMR2            equ	17	;# 
    78     0012                     T2CON           equ	18	;# 
    79     0013                     SSPBUF          equ	19	;# 
    80     0014                     SSPCON          equ	20	;# 
    81     0015                     CCPR1           equ	21	;# 
    82     0015                     CCPR1L          equ	21	;# 
    83     0016                     CCPR1H          equ	22	;# 
    84     0017                     CCP1CON         equ	23	;# 
    85     0018                     RCSTA           equ	24	;# 
    86     0019                     TXREG           equ	25	;# 
    87     001A                     RCREG           equ	26	;# 
    88     001B                     CCPR2           equ	27	;# 
    89     001B                     CCPR2L          equ	27	;# 
    90     001C                     CCPR2H          equ	28	;# 
    91     001D                     CCP2CON         equ	29	;# 
    92     001E                     ADRESH          equ	30	;# 
    93     001F                     ADCON0          equ	31	;# 
    94     0081                     OPTION_REG      equ	129	;# 
    95     0085                     TRISA           equ	133	;# 
    96     0086                     TRISB           equ	134	;# 
    97     0087                     TRISC           equ	135	;# 
    98     0088                     TRISD           equ	136	;# 
    99     0089                     TRISE           equ	137	;# 
   100     008C                     PIE1            equ	140	;# 
   101     008D                     PIE2            equ	141	;# 
   102     008E                     PCON            equ	142	;# 
   103     0091                     SSPCON2         equ	145	;# 
   104     0092                     PR2             equ	146	;# 
   105     0093                     SSPADD          equ	147	;# 
   106     0094                     SSPSTAT         equ	148	;# 
   107     0098                     TXSTA           equ	152	;# 
   108     0099                     SPBRG           equ	153	;# 
   109     009C                     CMCON           equ	156	;# 
   110     009D                     CVRCON          equ	157	;# 
   111     009E                     ADRESL          equ	158	;# 
   112     009F                     ADCON1          equ	159	;# 
   113     010C                     EEDATA          equ	268	;# 
   114     010D                     EEADR           equ	269	;# 
   115     010E                     EEDATH          equ	270	;# 
   116     010F                     EEADRH          equ	271	;# 
   117     018C                     EECON1          equ	396	;# 
   118     018D                     EECON2          equ	397	;# 
   119     0000                     INDF            equ	0	;# 
   120     0001                     TMR0            equ	1	;# 
   121     0002                     PCL             equ	2	;# 
   122     0003                     STATUS          equ	3	;# 
   123     0004                     FSR             equ	4	;# 
   124     0005                     PORTA           equ	5	;# 
   125     0006                     PORTB           equ	6	;# 
   126     0007                     PORTC           equ	7	;# 
   127     0008                     PORTD           equ	8	;# 
   128     0009                     PORTE           equ	9	;# 
   129     000A                     PCLATH          equ	10	;# 
   130     000B                     INTCON          equ	11	;# 
   131     000C                     PIR1            equ	12	;# 
   132     000D                     PIR2            equ	13	;# 
   133     000E                     TMR1            equ	14	;# 
   134     000E                     TMR1L           equ	14	;# 
   135     000F                     TMR1H           equ	15	;# 
   136     0010                     T1CON           equ	16	;# 
   137     0011                     TMR2            equ	17	;# 
   138     0012                     T2CON           equ	18	;# 
   139     0013                     SSPBUF          equ	19	;# 
   140     0014                     SSPCON          equ	20	;# 
   141     0015                     CCPR1           equ	21	;# 
   142     0015                     CCPR1L          equ	21	;# 
   143     0016                     CCPR1H          equ	22	;# 
   144     0017                     CCP1CON         equ	23	;# 
   145     0018                     RCSTA           equ	24	;# 
   146     0019                     TXREG           equ	25	;# 
   147     001A                     RCREG           equ	26	;# 
   148     001B                     CCPR2           equ	27	;# 
   149     001B                     CCPR2L          equ	27	;# 
   150     001C                     CCPR2H          equ	28	;# 
   151     001D                     CCP2CON         equ	29	;# 
   152     001E                     ADRESH          equ	30	;# 
   153     001F                     ADCON0          equ	31	;# 
   154     0081                     OPTION_REG      equ	129	;# 
   155     0085                     TRISA           equ	133	;# 
   156     0086                     TRISB           equ	134	;# 
   157     0087                     TRISC           equ	135	;# 
   158     0088                     TRISD           equ	136	;# 
   159     0089                     TRISE           equ	137	;# 
   160     008C                     PIE1            equ	140	;# 
   161     008D                     PIE2            equ	141	;# 
   162     008E                     PCON            equ	142	;# 
   163     0091                     SSPCON2         equ	145	;# 
   164     0092                     PR2             equ	146	;# 
   165     0093                     SSPADD          equ	147	;# 
   166     0094                     SSPSTAT         equ	148	;# 
   167     0098                     TXSTA           equ	152	;# 
   168     0099                     SPBRG           equ	153	;# 
   169     009C                     CMCON           equ	156	;# 
   170     009D                     CVRCON          equ	157	;# 
   171     009E                     ADRESL          equ	158	;# 
   172     009F                     ADCON1          equ	159	;# 
   173     010C                     EEDATA          equ	268	;# 
   174     010D                     EEADR           equ	269	;# 
   175     010E                     EEDATH          equ	270	;# 
   176     010F                     EEADRH          equ	271	;# 
   177     018C                     EECON1          equ	396	;# 
   178     018D                     EECON2          equ	397	;# 
   179     0000                     INDF            equ	0	;# 
   180     0001                     TMR0            equ	1	;# 
   181     0002                     PCL             equ	2	;# 
   182     0003                     STATUS          equ	3	;# 
   183     0004                     FSR             equ	4	;# 
   184     0005                     PORTA           equ	5	;# 
   185     0006                     PORTB           equ	6	;# 
   186     0007                     PORTC           equ	7	;# 
   187     0008                     PORTD           equ	8	;# 
   188     0009                     PORTE           equ	9	;# 
   189     000A                     PCLATH          equ	10	;# 
   190     000B                     INTCON          equ	11	;# 
   191     000C                     PIR1            equ	12	;# 
   192     000D                     PIR2            equ	13	;# 
   193     000E                     TMR1            equ	14	;# 
   194     000E                     TMR1L           equ	14	;# 
   195     000F                     TMR1H           equ	15	;# 
   196     0010                     T1CON           equ	16	;# 
   197     0011                     TMR2            equ	17	;# 
   198     0012                     T2CON           equ	18	;# 
   199     0013                     SSPBUF          equ	19	;# 
   200     0014                     SSPCON          equ	20	;# 
   201     0015                     CCPR1           equ	21	;# 
   202     0015                     CCPR1L          equ	21	;# 
   203     0016                     CCPR1H          equ	22	;# 
   204     0017                     CCP1CON         equ	23	;# 
   205     0018                     RCSTA           equ	24	;# 
   206     0019                     TXREG           equ	25	;# 
   207     001A                     RCREG           equ	26	;# 
   208     001B                     CCPR2           equ	27	;# 
   209     001B                     CCPR2L          equ	27	;# 
   210     001C                     CCPR2H          equ	28	;# 
   211     001D                     CCP2CON         equ	29	;# 
   212     001E                     ADRESH          equ	30	;# 
   213     001F                     ADCON0          equ	31	;# 
   214     0081                     OPTION_REG      equ	129	;# 
   215     0085                     TRISA           equ	133	;# 
   216     0086                     TRISB           equ	134	;# 
   217     0087                     TRISC           equ	135	;# 
   218     0088                     TRISD           equ	136	;# 
   219     0089                     TRISE           equ	137	;# 
   220     008C                     PIE1            equ	140	;# 
   221     008D                     PIE2            equ	141	;# 
   222     008E                     PCON            equ	142	;# 
   223     0091                     SSPCON2         equ	145	;# 
   224     0092                     PR2             equ	146	;# 
   225     0093                     SSPADD          equ	147	;# 
   226     0094                     SSPSTAT         equ	148	;# 
   227     0098                     TXSTA           equ	152	;# 
   228     0099                     SPBRG           equ	153	;# 
   229     009C                     CMCON           equ	156	;# 
   230     009D                     CVRCON          equ	157	;# 
   231     009E                     ADRESL          equ	158	;# 
   232     009F                     ADCON1          equ	159	;# 
   233     010C                     EEDATA          equ	268	;# 
   234     010D                     EEADR           equ	269	;# 
   235     010E                     EEDATH          equ	270	;# 
   236     010F                     EEADRH          equ	271	;# 
   237     018C                     EECON1          equ	396	;# 
   238     018D                     EECON2          equ	397	;# 
   239                           
   240                           	psect	strings
   241     0003                     __pstrings:
   242     0003                     stringtab:
   243     0003                     __stringtab:
   244     0003                     stringcode:	
   245                           ;	String table - string pointers are 1 byte each
   246                           
   247     0003                     stringdir:
   248     0003  3000               	movlw	high stringdir
   249     0004  008A               	movwf	10
   250     0005  0804               	movf	4,w
   251     0006  0A84               	incf	4,f
   252     0007  0782               	addwf	2,f
   253     0008                     __stringbase:
   254     0008  3400               	retlw	0
   255     0009                     __end_of__stringtab:
   256     0009                     main@str:
   257     0009  3448               	retlw	72
   258     000A  3461               	retlw	97
   259     000B  3472               	retlw	114
   260     000C  3464               	retlw	100
   261     000D  3477               	retlw	119
   262     000E  3461               	retlw	97
   263     000F  3472               	retlw	114
   264     0010  3465               	retlw	101
   265     0011  3420               	retlw	32
   266     0012  3461               	retlw	97
   267     0013  346E               	retlw	110
   268     0014  3464               	retlw	100
   269     0015  3420               	retlw	32
   270     0016  3473               	retlw	115
   271     0017  346F               	retlw	111
   272     0018  3466               	retlw	102
   273     0019  3474               	retlw	116
   274     001A  3477               	retlw	119
   275     001B  3461               	retlw	97
   276     001C  3472               	retlw	114
   277     001D  3465               	retlw	101
   278     001E  3420               	retlw	32
   279     001F  3463               	retlw	99
   280     0020  346F               	retlw	111
   281     0021  346D               	retlw	109
   282     0022  3462               	retlw	98
   283     0023  3469               	retlw	105
   284     0024  346E               	retlw	110
   285     0025  3461               	retlw	97
   286     0026  3474               	retlw	116
   287     0027  3469               	retlw	105
   288     0028  346F               	retlw	111
   289     0029  346E               	retlw	110
   290     002A  3400               	retlw	0
   291     002B                     __end_ofmain@str:
   292     0006                     _PORTB          set	6
   293     0039                     _RC1            set	57
   294     0038                     _RC0            set	56
   295     0086                     _TRISB          set	134
   296     0439                     _TRISC1         set	1081
   297     0438                     _TRISC0         set	1080
   298                           
   299                           	psect	cinit
   300     07FC                     start_initialization:	
   301                           ; #config settings
   302                           
   303     07FC                     __initialization:
   304     07FC                     end_of_initialization:	
   305                           ;End of C runtime variable initialization code
   306                           
   307     07FC                     __end_of__initialization:
   308     07FC  0183               	clrf	3
   309     07FD  120A  118A  2F60   	ljmp	_main	;jump to C main() function
   310                           
   311                           	psect	cstackCOMMON
   312     0070                     __pcstackCOMMON:
   313     0070                     ?_lcd_init:
   314     0070                     ?_lcd_right_scroll:	
   315                           ; 1 bytes @ 0x0
   316                           
   317     0070                     ?_lcd_left_scroll:	
   318                           ; 1 bytes @ 0x0
   319                           
   320     0070                     ?_main:	
   321                           ; 1 bytes @ 0x0
   322                           
   323     0070                     ?_clcd_write:	
   324                           ; 1 bytes @ 0x0
   325                           
   326     0070                     ?_init_display:	
   327                           ; 1 bytes @ 0x0
   328                           
   329     0070                     clcd_write@mode:	
   330                           ; 1 bytes @ 0x0
   331                           
   332                           
   333                           ; 1 bytes @ 0x0
   334     0070                     	ds	1
   335     0071                     ??_clcd_write:
   336                           
   337                           ; 1 bytes @ 0x1
   338     0071                     	ds	2
   339     0073                     clcd_write@byte:
   340                           
   341                           ; 1 bytes @ 0x3
   342     0073                     	ds	1
   343     0074                     ?_clcd_print:
   344     0074                     clcd_print@str:	
   345                           ; 1 bytes @ 0x4
   346                           
   347     0074                     ??_lcd_right_scroll:	
   348                           ; 1 bytes @ 0x4
   349                           
   350     0074                     ??_lcd_left_scroll:	
   351                           ; 1 bytes @ 0x4
   352                           
   353     0074                     ??_init_display:	
   354                           ; 1 bytes @ 0x4
   355                           
   356                           
   357                           ; 1 bytes @ 0x4
   358     0074                     	ds	1
   359     0075                     clcd_print@addr:
   360                           
   361                           ; 1 bytes @ 0x5
   362     0075                     	ds	1
   363     0076                     ??_clcd_print:
   364                           
   365                           ; 1 bytes @ 0x6
   366     0076                     	ds	1
   367     0077                     lcd_right_scroll@times:
   368     0077                     lcd_left_scroll@times:	
   369                           ; 1 bytes @ 0x7
   370                           
   371     0077                     ??_lcd_init:	
   372                           ; 1 bytes @ 0x7
   373                           
   374                           
   375                           ; 1 bytes @ 0x7
   376     0077                     	ds	1
   377     0078                     lcd_right_scroll@i:
   378     0078                     lcd_left_scroll@i:	
   379                           ; 2 bytes @ 0x8
   380                           
   381                           
   382                           ; 2 bytes @ 0x8
   383     0078                     	ds	2
   384     007A                     ??_main:
   385                           
   386                           ; 1 bytes @ 0xA
   387     007A                     	ds	3
   388                           
   389                           	psect	maintext
   390     0760                     __pmaintext:	
   391 ;;
   392 ;;Main: autosize = 0, tempsize = 3, incstack = 0, save=0
   393 ;;
   394 ;; *************** function _main *****************
   395 ;; Defined at:
   396 ;;		line 12 in file "main.c"
   397 ;; Parameters:    Size  Location     Type
   398 ;;		None
   399 ;; Auto vars:     Size  Location     Type
   400 ;;		None
   401 ;; Return value:  Size  Location     Type
   402 ;;                  1    wreg      void 
   403 ;; Registers used:
   404 ;;		wreg, fsr0l, fsr0h, status,2, status,0, pclath, cstack
   405 ;; Tracked objects:
   406 ;;		On entry : B00/0
   407 ;;		On exit  : 0/0
   408 ;;		Unchanged: 0/0
   409 ;; Data sizes:     COMMON   BANK0   BANK1   BANK3   BANK2
   410 ;;      Params:         0       0       0       0       0
   411 ;;      Locals:         0       0       0       0       0
   412 ;;      Temps:          3       0       0       0       0
   413 ;;      Totals:         3       0       0       0       0
   414 ;;Total ram usage:        3 bytes
   415 ;; Hardware stack levels required when called: 3
   416 ;; This function calls:
   417 ;;		_clcd_print
   418 ;;		_lcd_init
   419 ;;		_lcd_left_scroll
   420 ;;		_lcd_right_scroll
   421 ;; This function is called by:
   422 ;;		Startup code after reset
   423 ;; This function uses a non-reentrant model
   424 ;;
   425                           
   426     0760                     _main:	
   427                           ;psect for function _main
   428                           
   429     0760                     l745:	
   430                           ;incstack = 0
   431                           ; Regs used in _main: [wreg-fsr0h+status,2+status,0+pclath+cstack]
   432                           
   433     0760  120A  118A  26B8  120A  118A  	fcall	_lcd_init
   434     0765                     l747:
   435     0765  3001               	movlw	(low ((main@str-__stringbase)| (0+32768)))& (0+255)
   436     0766  00F4               	movwf	clcd_print@str
   437     0767  3080               	movlw	128
   438     0768  00F5               	movwf	clcd_print@addr
   439     0769  120A  118A  26E3  120A  118A  	fcall	_clcd_print
   440     076E                     l749:
   441     076E  3028               	movlw	40
   442     076F  120A  118A  2734  120A  118A  	fcall	_lcd_right_scroll
   443     0774                     l751:
   444     0774  3003               	movlw	3
   445     0775  00FC               	movwf	??_main+2
   446     0776  308A               	movlw	138
   447     0777  00FB               	movwf	??_main+1
   448     0778  3055               	movlw	85
   449     0779  00FA               	movwf	??_main
   450     077A                     u117:
   451     077A  0BFA               	decfsz	??_main,f
   452     077B  2F7A               	goto	u117
   453     077C  0BFB               	decfsz	??_main+1,f
   454     077D  2F7A               	goto	u117
   455     077E  0BFC               	decfsz	??_main+2,f
   456     077F  2F7A               	goto	u117
   457     0780  2F81               	nop2
   458     0781                     l753:
   459     0781  3028               	movlw	40
   460     0782  120A  118A  2708  120A  118A  	fcall	_lcd_left_scroll
   461     0787                     l755:
   462     0787  3003               	movlw	3
   463     0788  00FC               	movwf	??_main+2
   464     0789  308A               	movlw	138
   465     078A  00FB               	movwf	??_main+1
   466     078B  3055               	movlw	85
   467     078C  00FA               	movwf	??_main
   468     078D                     u127:
   469     078D  0BFA               	decfsz	??_main,f
   470     078E  2F8D               	goto	u127
   471     078F  0BFB               	decfsz	??_main+1,f
   472     0790  2F8D               	goto	u127
   473     0791  0BFC               	decfsz	??_main+2,f
   474     0792  2F8D               	goto	u127
   475     0793  2F94               	nop2
   476     0794  2F6E               	goto	l749
   477     0795  120A  118A  2800   	ljmp	start
   478     0798                     __end_of_main:
   479                           
   480                           	psect	text1
   481     0734                     __ptext1:	
   482 ;; *************** function _lcd_right_scroll *****************
   483 ;; Defined at:
   484 ;;		line 55 in file "lcd.c"
   485 ;; Parameters:    Size  Location     Type
   486 ;;  times           1    wreg     unsigned char 
   487 ;; Auto vars:     Size  Location     Type
   488 ;;  times           1    7[COMMON] unsigned char 
   489 ;;  i               2    8[COMMON] int 
   490 ;; Return value:  Size  Location     Type
   491 ;;                  1    wreg      void 
   492 ;; Registers used:
   493 ;;		wreg, status,2, status,0, pclath, cstack
   494 ;; Tracked objects:
   495 ;;		On entry : 0/0
   496 ;;		On exit  : 0/0
   497 ;;		Unchanged: 0/0
   498 ;; Data sizes:     COMMON   BANK0   BANK1   BANK3   BANK2
   499 ;;      Params:         0       0       0       0       0
   500 ;;      Locals:         3       0       0       0       0
   501 ;;      Temps:          3       0       0       0       0
   502 ;;      Totals:         6       0       0       0       0
   503 ;;Total ram usage:        6 bytes
   504 ;; Hardware stack levels used: 1
   505 ;; Hardware stack levels required when called: 1
   506 ;; This function calls:
   507 ;;		_clcd_write
   508 ;; This function is called by:
   509 ;;		_main
   510 ;; This function uses a non-reentrant model
   511 ;;
   512                           
   513     0734                     _lcd_right_scroll:	
   514                           ;psect for function _lcd_right_scroll
   515                           
   516                           
   517                           ;incstack = 0
   518                           ; Regs used in _lcd_right_scroll: [wreg+status,2+status,0+pclath+cstack]
   519                           ;lcd_right_scroll@times stored from wreg
   520     0734  00F7               	movwf	lcd_right_scroll@times
   521     0735                     l725:
   522                           
   523                           ;lcd.c: 55: void lcd_right_scroll(unsigned char times);lcd.c: 56: {;lcd.c: 57:     for(i
      +                          nt i=0;i<times;i++)
   524     0735  01F8               	clrf	lcd_right_scroll@i
   525     0736  01F9               	clrf	lcd_right_scroll@i+1
   526     0737  2F52               	goto	l733
   527     0738                     l727:
   528                           
   529                           ;lcd.c: 58:     {;lcd.c: 59:         clcd_write(0x1C,0);
   530     0738  01F0               	clrf	clcd_write@mode
   531     0739  301C               	movlw	28
   532     073A  120A  118A  26C3  120A  118A  	fcall	_clcd_write
   533     073F                     l729:
   534                           
   535                           ;lcd.c: 60:         _delay((unsigned long)((200)*(20000000/4000.0)));
   536     073F  3006               	movlw	6
   537     0740  00F6               	movwf	??_lcd_right_scroll+2
   538     0741  3013               	movlw	19
   539     0742  00F5               	movwf	??_lcd_right_scroll+1
   540     0743  30AD               	movlw	173
   541     0744  00F4               	movwf	??_lcd_right_scroll
   542     0745                     u137:
   543     0745  0BF4               	decfsz	??_lcd_right_scroll,f
   544     0746  2F45               	goto	u137
   545     0747  0BF5               	decfsz	??_lcd_right_scroll+1,f
   546     0748  2F45               	goto	u137
   547     0749  0BF6               	decfsz	??_lcd_right_scroll+2,f
   548     074A  2F45               	goto	u137
   549     074B  2F4C               	nop2
   550     074C                     l731:
   551                           
   552                           ;lcd.c: 61:     }
   553     074C  3001               	movlw	1
   554     074D  07F8               	addwf	lcd_right_scroll@i,f
   555     074E  1803               	skipnc
   556     074F  0AF9               	incf	lcd_right_scroll@i+1,f
   557     0750  3000               	movlw	0
   558     0751  07F9               	addwf	lcd_right_scroll@i+1,f
   559     0752                     l733:
   560     0752  0879               	movf	lcd_right_scroll@i+1,w
   561     0753  3A80               	xorlw	128
   562     0754  00F4               	movwf	??_lcd_right_scroll
   563     0755  3080               	movlw	128
   564     0756  0274               	subwf	??_lcd_right_scroll,w
   565     0757  1D03               	skipz
   566     0758  2F5B               	goto	u95
   567     0759  0877               	movf	lcd_right_scroll@times,w
   568     075A  0278               	subwf	lcd_right_scroll@i,w
   569     075B                     u95:
   570     075B  1C03               	skipc
   571     075C  2F5E               	goto	u91
   572     075D  2F5F               	goto	u90
   573     075E                     u91:
   574     075E  2F38               	goto	l727
   575     075F                     u90:
   576     075F                     l55:
   577     075F  0008               	return
   578     0760                     __end_of_lcd_right_scroll:
   579                           
   580                           	psect	text2
   581     0708                     __ptext2:	
   582 ;; *************** function _lcd_left_scroll *****************
   583 ;; Defined at:
   584 ;;		line 64 in file "lcd.c"
   585 ;; Parameters:    Size  Location     Type
   586 ;;  times           1    wreg     unsigned char 
   587 ;; Auto vars:     Size  Location     Type
   588 ;;  times           1    7[COMMON] unsigned char 
   589 ;;  i               2    8[COMMON] int 
   590 ;; Return value:  Size  Location     Type
   591 ;;                  1    wreg      void 
   592 ;; Registers used:
   593 ;;		wreg, status,2, status,0, pclath, cstack
   594 ;; Tracked objects:
   595 ;;		On entry : 0/0
   596 ;;		On exit  : 0/0
   597 ;;		Unchanged: 0/0
   598 ;; Data sizes:     COMMON   BANK0   BANK1   BANK3   BANK2
   599 ;;      Params:         0       0       0       0       0
   600 ;;      Locals:         3       0       0       0       0
   601 ;;      Temps:          3       0       0       0       0
   602 ;;      Totals:         6       0       0       0       0
   603 ;;Total ram usage:        6 bytes
   604 ;; Hardware stack levels used: 1
   605 ;; Hardware stack levels required when called: 1
   606 ;; This function calls:
   607 ;;		_clcd_write
   608 ;; This function is called by:
   609 ;;		_main
   610 ;; This function uses a non-reentrant model
   611 ;;
   612                           
   613     0708                     _lcd_left_scroll:	
   614                           ;psect for function _lcd_left_scroll
   615                           
   616                           
   617                           ;incstack = 0
   618                           ; Regs used in _lcd_left_scroll: [wreg+status,2+status,0+pclath+cstack]
   619                           ;lcd_left_scroll@times stored from wreg
   620     0708  00F7               	movwf	lcd_left_scroll@times
   621     0709                     l735:
   622                           
   623                           ;lcd.c: 64: void lcd_left_scroll(unsigned char times);lcd.c: 65: {;lcd.c: 66:     for(in
      +                          t i=0;i<times;i++)
   624     0709  01F8               	clrf	lcd_left_scroll@i
   625     070A  01F9               	clrf	lcd_left_scroll@i+1
   626     070B  2F26               	goto	l743
   627     070C                     l737:
   628                           
   629                           ;lcd.c: 67:     {;lcd.c: 68:         clcd_write(0x18,0);
   630     070C  01F0               	clrf	clcd_write@mode
   631     070D  3018               	movlw	24
   632     070E  120A  118A  26C3  120A  118A  	fcall	_clcd_write
   633     0713                     l739:
   634                           
   635                           ;lcd.c: 69:         _delay((unsigned long)((200)*(20000000/4000.0)));
   636     0713  3006               	movlw	6
   637     0714  00F6               	movwf	??_lcd_left_scroll+2
   638     0715  3013               	movlw	19
   639     0716  00F5               	movwf	??_lcd_left_scroll+1
   640     0717  30AD               	movlw	173
   641     0718  00F4               	movwf	??_lcd_left_scroll
   642     0719                     u147:
   643     0719  0BF4               	decfsz	??_lcd_left_scroll,f
   644     071A  2F19               	goto	u147
   645     071B  0BF5               	decfsz	??_lcd_left_scroll+1,f
   646     071C  2F19               	goto	u147
   647     071D  0BF6               	decfsz	??_lcd_left_scroll+2,f
   648     071E  2F19               	goto	u147
   649     071F  2F20               	nop2
   650     0720                     l741:
   651                           
   652                           ;lcd.c: 70:     }
   653     0720  3001               	movlw	1
   654     0721  07F8               	addwf	lcd_left_scroll@i,f
   655     0722  1803               	skipnc
   656     0723  0AF9               	incf	lcd_left_scroll@i+1,f
   657     0724  3000               	movlw	0
   658     0725  07F9               	addwf	lcd_left_scroll@i+1,f
   659     0726                     l743:
   660     0726  0879               	movf	lcd_left_scroll@i+1,w
   661     0727  3A80               	xorlw	128
   662     0728  00F4               	movwf	??_lcd_left_scroll
   663     0729  3080               	movlw	128
   664     072A  0274               	subwf	??_lcd_left_scroll,w
   665     072B  1D03               	skipz
   666     072C  2F2F               	goto	u105
   667     072D  0877               	movf	lcd_left_scroll@times,w
   668     072E  0278               	subwf	lcd_left_scroll@i,w
   669     072F                     u105:
   670     072F  1C03               	skipc
   671     0730  2F32               	goto	u101
   672     0731  2F33               	goto	u100
   673     0732                     u101:
   674     0732  2F0C               	goto	l737
   675     0733                     u100:
   676     0733                     l61:
   677     0733  0008               	return
   678     0734                     __end_of_lcd_left_scroll:
   679                           
   680                           	psect	text3
   681     06B8                     __ptext3:	
   682 ;; *************** function _lcd_init *****************
   683 ;; Defined at:
   684 ;;		line 37 in file "lcd.c"
   685 ;; Parameters:    Size  Location     Type
   686 ;;		None
   687 ;; Auto vars:     Size  Location     Type
   688 ;;		None
   689 ;; Return value:  Size  Location     Type
   690 ;;                  1    wreg      void 
   691 ;; Registers used:
   692 ;;		wreg, status,2, status,0, pclath, cstack
   693 ;; Tracked objects:
   694 ;;		On entry : 0/0
   695 ;;		On exit  : 0/0
   696 ;;		Unchanged: 0/0
   697 ;; Data sizes:     COMMON   BANK0   BANK1   BANK3   BANK2
   698 ;;      Params:         0       0       0       0       0
   699 ;;      Locals:         0       0       0       0       0
   700 ;;      Temps:          0       0       0       0       0
   701 ;;      Totals:         0       0       0       0       0
   702 ;;Total ram usage:        0 bytes
   703 ;; Hardware stack levels used: 1
   704 ;; Hardware stack levels required when called: 2
   705 ;; This function calls:
   706 ;;		_init_display
   707 ;; This function is called by:
   708 ;;		_main
   709 ;; This function uses a non-reentrant model
   710 ;;
   711                           
   712     06B8                     _lcd_init:	
   713                           ;psect for function _lcd_init
   714                           
   715     06B8                     l709:	
   716                           ;incstack = 0
   717                           ; Regs used in _lcd_init: [wreg+status,2+status,0+pclath+cstack]
   718                           
   719                           
   720                           ;lcd.c: 39:     TRISB =0x00;
   721     06B8  1683               	bsf	3,5	;RP0=1, select bank1
   722     06B9  1303               	bcf	3,6	;RP1=0, select bank1
   723     06BA  0186               	clrf	6	;volatile
   724     06BB                     l711:
   725                           
   726                           ;lcd.c: 40:     TRISC0=0;
   727     06BB  1007               	bcf	7,0	;volatile
   728     06BC                     l713:
   729                           
   730                           ;lcd.c: 41:     TRISC1=0;
   731     06BC  1087               	bcf	7,1	;volatile
   732     06BD                     l715:
   733                           
   734                           ;lcd.c: 42:     init_display();
   735     06BD  120A  118A  2798  120A  118A  	fcall	_init_display
   736     06C2                     l43:
   737     06C2  0008               	return
   738     06C3                     __end_of_lcd_init:
   739                           
   740                           	psect	text4
   741     0798                     __ptext4:	
   742 ;; *************** function _init_display *****************
   743 ;; Defined at:
   744 ;;		line 21 in file "lcd.c"
   745 ;; Parameters:    Size  Location     Type
   746 ;;		None
   747 ;; Auto vars:     Size  Location     Type
   748 ;;		None
   749 ;; Return value:  Size  Location     Type
   750 ;;                  1    wreg      void 
   751 ;; Registers used:
   752 ;;		wreg, status,2, status,0, pclath, cstack
   753 ;; Tracked objects:
   754 ;;		On entry : 0/0
   755 ;;		On exit  : 0/0
   756 ;;		Unchanged: 0/0
   757 ;; Data sizes:     COMMON   BANK0   BANK1   BANK3   BANK2
   758 ;;      Params:         0       0       0       0       0
   759 ;;      Locals:         0       0       0       0       0
   760 ;;      Temps:          3       0       0       0       0
   761 ;;      Totals:         3       0       0       0       0
   762 ;;Total ram usage:        3 bytes
   763 ;; Hardware stack levels used: 1
   764 ;; Hardware stack levels required when called: 1
   765 ;; This function calls:
   766 ;;		_clcd_write
   767 ;; This function is called by:
   768 ;;		_lcd_init
   769 ;; This function uses a non-reentrant model
   770 ;;
   771                           
   772     0798                     _init_display:	
   773                           ;psect for function _init_display
   774                           
   775     0798                     l689:	
   776                           ;incstack = 0
   777                           ; Regs used in _init_display: [wreg+status,2+status,0+pclath+cstack]
   778                           
   779                           
   780                           ;lcd.c: 23:     _delay((unsigned long)((30)*(20000000/4000.0)));
   781     0798  30C3               	movlw	195
   782     0799  00F5               	movwf	??_init_display+1
   783     079A  30CD               	movlw	205
   784     079B  00F4               	movwf	??_init_display
   785     079C                     u157:
   786     079C  0BF4               	decfsz	??_init_display,f
   787     079D  2F9C               	goto	u157
   788     079E  0BF5               	decfsz	??_init_display+1,f
   789     079F  2F9C               	goto	u157
   790     07A0                     l691:
   791                           
   792                           ;lcd.c: 24:     clcd_write(0x30,0);
   793     07A0  01F0               	clrf	clcd_write@mode
   794     07A1  3030               	movlw	48
   795     07A2  120A  118A  26C3  120A  118A  	fcall	_clcd_write
   796     07A7                     l693:
   797                           
   798                           ;lcd.c: 25:     _delay((unsigned long)((4100)*(20000000/4000.0)));
   799     07A7  3068               	movlw	104
   800     07A8  00F6               	movwf	??_init_display+2
   801     07A9  3000               	movlw	0
   802     07AA  00F5               	movwf	??_init_display+1
   803     07AB  3018               	movlw	24
   804     07AC  00F4               	movwf	??_init_display
   805     07AD                     u167:
   806     07AD  0BF4               	decfsz	??_init_display,f
   807     07AE  2FAD               	goto	u167
   808     07AF  0BF5               	decfsz	??_init_display+1,f
   809     07B0  2FAD               	goto	u167
   810     07B1  0BF6               	decfsz	??_init_display+2,f
   811     07B2  2FAD               	goto	u167
   812     07B3  2FB4               	nop2
   813     07B4  0000               	nop
   814                           
   815                           ;lcd.c: 26:     clcd_write(0x30,0);
   816     07B5  01F0               	clrf	clcd_write@mode
   817     07B6  3030               	movlw	48
   818     07B7  120A  118A  26C3  120A  118A  	fcall	_clcd_write
   819     07BC                     l695:
   820                           
   821                           ;lcd.c: 27:     _delay((unsigned long)((100)*(20000000/4000000.0)));
   822     07BC  30A6               	movlw	166
   823     07BD  00F4               	movwf	??_init_display
   824     07BE                     u177:
   825     07BE  0BF4               	decfsz	??_init_display,f
   826     07BF  2FBE               	goto	u177
   827     07C0  0000               	nop
   828     07C1                     l697:
   829                           
   830                           ;lcd.c: 28:     clcd_write(0x30,0);
   831     07C1  01F0               	clrf	clcd_write@mode
   832     07C2  3030               	movlw	48
   833     07C3  120A  118A  26C3  120A  118A  	fcall	_clcd_write
   834     07C8                     l699:
   835                           
   836                           ;lcd.c: 29:     _delay((unsigned long)((1)*(20000000/4000000.0)));
   837     07C8  2FC9               	nop2	;2 cycle nop
   838     07C9  2FCA               	nop2	;2 cycle nop
   839     07CA  0000               	nop
   840     07CB                     l701:
   841                           
   842                           ;lcd.c: 30:     clcd_write(0x38,0);
   843     07CB  01F0               	clrf	clcd_write@mode
   844     07CC  3038               	movlw	56
   845     07CD  120A  118A  26C3  120A  118A  	fcall	_clcd_write
   846     07D2                     l703:
   847                           
   848                           ;lcd.c: 31:     _delay((unsigned long)((500)*(20000000/4000000.0)));
   849     07D2  3004               	movlw	4
   850     07D3  00F5               	movwf	??_init_display+1
   851     07D4  303D               	movlw	61
   852     07D5  00F4               	movwf	??_init_display
   853     07D6                     u187:
   854     07D6  0BF4               	decfsz	??_init_display,f
   855     07D7  2FD6               	goto	u187
   856     07D8  0BF5               	decfsz	??_init_display+1,f
   857     07D9  2FD6               	goto	u187
   858     07DA  2FDB               	nop2
   859                           
   860                           ;lcd.c: 32:     clcd_write(0x0E,0);
   861     07DB  01F0               	clrf	clcd_write@mode
   862     07DC  300E               	movlw	14
   863     07DD  120A  118A  26C3  120A  118A  	fcall	_clcd_write
   864     07E2                     l705:
   865                           
   866                           ;lcd.c: 33:     _delay((unsigned long)((500)*(20000000/4000000.0)));
   867     07E2  3004               	movlw	4
   868     07E3  00F5               	movwf	??_init_display+1
   869     07E4  303D               	movlw	61
   870     07E5  00F4               	movwf	??_init_display
   871     07E6                     u197:
   872     07E6  0BF4               	decfsz	??_init_display,f
   873     07E7  2FE6               	goto	u197
   874     07E8  0BF5               	decfsz	??_init_display+1,f
   875     07E9  2FE6               	goto	u197
   876     07EA  2FEB               	nop2
   877     07EB                     l707:
   878                           
   879                           ;lcd.c: 34:     clcd_write(0x01,0);
   880     07EB  01F0               	clrf	clcd_write@mode
   881     07EC  3001               	movlw	1
   882     07ED  120A  118A  26C3  120A  118A  	fcall	_clcd_write
   883                           
   884                           ;lcd.c: 35:     _delay((unsigned long)((500)*(20000000/4000000.0)));
   885     07F2  3004               	movlw	4
   886     07F3  00F5               	movwf	??_init_display+1
   887     07F4  303D               	movlw	61
   888     07F5  00F4               	movwf	??_init_display
   889     07F6                     u207:
   890     07F6  0BF4               	decfsz	??_init_display,f
   891     07F7  2FF6               	goto	u207
   892     07F8  0BF5               	decfsz	??_init_display+1,f
   893     07F9  2FF6               	goto	u207
   894     07FA  2FFB               	nop2
   895     07FB                     l40:
   896     07FB  0008               	return
   897     07FC                     __end_of_init_display:
   898                           
   899                           	psect	text5
   900     06E3                     __ptext5:	
   901 ;; *************** function _clcd_print *****************
   902 ;; Defined at:
   903 ;;		line 45 in file "lcd.c"
   904 ;; Parameters:    Size  Location     Type
   905 ;;  str             1    4[COMMON] PTR const unsigned char 
   906 ;;		 -> main@str(34), 
   907 ;;  addr            1    5[COMMON] unsigned char 
   908 ;; Auto vars:     Size  Location     Type
   909 ;;		None
   910 ;; Return value:  Size  Location     Type
   911 ;;                  1    wreg      void 
   912 ;; Registers used:
   913 ;;		wreg, fsr0l, fsr0h, status,2, status,0, pclath, cstack
   914 ;; Tracked objects:
   915 ;;		On entry : 0/0
   916 ;;		On exit  : 0/0
   917 ;;		Unchanged: 0/0
   918 ;; Data sizes:     COMMON   BANK0   BANK1   BANK3   BANK2
   919 ;;      Params:         2       0       0       0       0
   920 ;;      Locals:         0       0       0       0       0
   921 ;;      Temps:          0       0       0       0       0
   922 ;;      Totals:         2       0       0       0       0
   923 ;;Total ram usage:        2 bytes
   924 ;; Hardware stack levels used: 1
   925 ;; Hardware stack levels required when called: 1
   926 ;; This function calls:
   927 ;;		_clcd_write
   928 ;; This function is called by:
   929 ;;		_main
   930 ;; This function uses a non-reentrant model
   931 ;;
   932                           
   933     06E3                     _clcd_print:	
   934                           ;psect for function _clcd_print
   935                           
   936     06E3                     l717:	
   937                           ;incstack = 0
   938                           ; Regs used in _clcd_print: [wreg-fsr0h+status,2+status,0+pclath+cstack]
   939                           
   940                           
   941                           ;lcd.c: 45: void clcd_print(const char *str,unsigned char addr);lcd.c: 46: {;lcd.c: 47: 
      +                              clcd_write(addr,0);
   942     06E3  01F0               	clrf	clcd_write@mode
   943     06E4  0875               	movf	clcd_print@addr,w
   944     06E5  120A  118A  26C3  120A  118A  	fcall	_clcd_write
   945                           
   946                           ;lcd.c: 48:     while(*str)
   947     06EA  2EFB               	goto	l723
   948     06EB                     l719:
   949                           
   950                           ;lcd.c: 49:     {;lcd.c: 50:         clcd_write(*str,1);
   951     06EB  01F0               	clrf	clcd_write@mode
   952     06EC  0AF0               	incf	clcd_write@mode,f
   953     06ED  0874               	movf	clcd_print@str,w
   954     06EE  0084               	movwf	4
   955     06EF  120A  118A  2003  120A  118A  	fcall	stringdir
   956     06F4  120A  118A  26C3  120A  118A  	fcall	_clcd_write
   957     06F9                     l721:
   958                           
   959                           ;lcd.c: 51:         str++;
   960     06F9  3001               	movlw	1
   961     06FA  07F4               	addwf	clcd_print@str,f
   962     06FB                     l723:
   963                           
   964                           ;lcd.c: 48:     while(*str)
   965     06FB  0874               	movf	clcd_print@str,w
   966     06FC  0084               	movwf	4
   967     06FD  120A  118A  2003  120A  118A  	fcall	stringdir
   968     0702  3A00               	xorlw	0
   969     0703  1D03               	skipz
   970     0704  2F06               	goto	u81
   971     0705  2F07               	goto	u80
   972     0706                     u81:
   973     0706  2EEB               	goto	l719
   974     0707                     u80:
   975     0707                     l49:
   976     0707  0008               	return
   977     0708                     __end_of_clcd_print:
   978                           
   979                           	psect	text6
   980     06C3                     __ptext6:	
   981 ;; *************** function _clcd_write *****************
   982 ;; Defined at:
   983 ;;		line 11 in file "lcd.c"
   984 ;; Parameters:    Size  Location     Type
   985 ;;  byte            1    wreg     unsigned char 
   986 ;;  mode            1    0[COMMON] unsigned char 
   987 ;; Auto vars:     Size  Location     Type
   988 ;;  byte            1    3[COMMON] unsigned char 
   989 ;; Return value:  Size  Location     Type
   990 ;;                  1    wreg      void 
   991 ;; Registers used:
   992 ;;		wreg
   993 ;; Tracked objects:
   994 ;;		On entry : 0/0
   995 ;;		On exit  : 0/0
   996 ;;		Unchanged: 0/0
   997 ;; Data sizes:     COMMON   BANK0   BANK1   BANK3   BANK2
   998 ;;      Params:         1       0       0       0       0
   999 ;;      Locals:         1       0       0       0       0
  1000 ;;      Temps:          2       0       0       0       0
  1001 ;;      Totals:         4       0       0       0       0
  1002 ;;Total ram usage:        4 bytes
  1003 ;; Hardware stack levels used: 1
  1004 ;; This function calls:
  1005 ;;		Nothing
  1006 ;; This function is called by:
  1007 ;;		_init_display
  1008 ;;		_clcd_print
  1009 ;;		_lcd_right_scroll
  1010 ;;		_lcd_left_scroll
  1011 ;; This function uses a non-reentrant model
  1012 ;;
  1013                           
  1014     06C3                     _clcd_write:	
  1015                           ;psect for function _clcd_write
  1016                           
  1017                           
  1018                           ;incstack = 0
  1019                           ; Regs used in _clcd_write: [wreg]
  1020                           ;clcd_write@byte stored from wreg
  1021     06C3  00F3               	movwf	clcd_write@byte
  1022     06C4                     l681:
  1023                           
  1024                           ;lcd.c: 11: static void clcd_write(unsigned char byte,unsigned char mode);lcd.c: 12: {;l
      +                          cd.c: 13:     RC0 = mode;
  1025     06C4  1870               	btfsc	clcd_write@mode,0
  1026     06C5  2EC7               	goto	u61
  1027     06C6  2ECB               	goto	u60
  1028     06C7                     u61:
  1029     06C7  1283               	bcf	3,5	;RP0=0, select bank0
  1030     06C8  1303               	bcf	3,6	;RP1=0, select bank0
  1031     06C9  1407               	bsf	7,0	;volatile
  1032     06CA  2ECE               	goto	u74
  1033     06CB                     u60:
  1034     06CB  1283               	bcf	3,5	;RP0=0, select bank0
  1035     06CC  1303               	bcf	3,6	;RP1=0, select bank0
  1036     06CD  1007               	bcf	7,0	;volatile
  1037     06CE                     u74:
  1038     06CE                     l683:
  1039                           
  1040                           ;lcd.c: 14:     PORTB = byte;
  1041     06CE  0873               	movf	clcd_write@byte,w
  1042     06CF  0086               	movwf	6	;volatile
  1043     06D0                     l685:
  1044                           
  1045                           ;lcd.c: 15:     RC1 = 1;
  1046     06D0  1487               	bsf	7,1	;volatile
  1047                           
  1048                           ;lcd.c: 16:     _delay((unsigned long)((100)*(20000000/4000000.0)));
  1049     06D1  30A6               	movlw	166
  1050     06D2  00F1               	movwf	??_clcd_write
  1051     06D3                     u217:
  1052     06D3  0BF1               	decfsz	??_clcd_write,f
  1053     06D4  2ED3               	goto	u217
  1054     06D5  0000               	nop
  1055     06D6                     l687:
  1056                           
  1057                           ;lcd.c: 17:     RC1=0;
  1058     06D6  1283               	bcf	3,5	;RP0=0, select bank0
  1059     06D7  1303               	bcf	3,6	;RP1=0, select bank0
  1060     06D8  1087               	bcf	7,1	;volatile
  1061                           
  1062                           ;lcd.c: 19:     _delay((unsigned long)((4100)*(20000000/4000000.0)));
  1063     06D9  301B               	movlw	27
  1064     06DA  00F2               	movwf	??_clcd_write+1
  1065     06DB  309E               	movlw	158
  1066     06DC  00F1               	movwf	??_clcd_write
  1067     06DD                     u227:
  1068     06DD  0BF1               	decfsz	??_clcd_write,f
  1069     06DE  2EDD               	goto	u227
  1070     06DF  0BF2               	decfsz	??_clcd_write+1,f
  1071     06E0  2EDD               	goto	u227
  1072     06E1  0000               	nop
  1073     06E2                     l37:
  1074     06E2  0008               	return
  1075     06E3                     __end_of_clcd_write:
  1076     0002                     ___latbits      equ	2
  1077     007E                     btemp           set	126	;btemp
  1078     007E                     btemp0          set	126
  1079     007F                     btemp1          set	127
  1080     007E                     wtemp0          set	126
  1081     007F                     wtemp0a         set	127
  1082     007F                     ttemp0a         set	127
  1083     0080                     ltemp0a         set	128
  1084                           
  1085                           	psect	config
  1086                           
  1087                           ;Config register CONFIG @ 0x2007
  1088                           ;	Oscillator Selection bits
  1089                           ;	FOSC = 0x3, unprogrammed default
  1090                           ;	Watchdog Timer Enable bit
  1091                           ;	WDTE = OFF, WDT disabled
  1092                           ;	Power-up Timer Enable bit
  1093                           ;	PWRTE = 0x1, unprogrammed default
  1094                           ;	Brown-out Reset Enable bit
  1095                           ;	BOREN = 0x1, unprogrammed default
  1096                           ;	Low-Voltage (Single-Supply) In-Circuit Serial Programming Enable bit
  1097                           ;	LVP = 0x1, unprogrammed default
  1098                           ;	Data EEPROM Memory Code Protection bit
  1099                           ;	CPD = 0x1, unprogrammed default
  1100                           ;	Flash Program Memory Write Enable bits
  1101                           ;	WRT = 0x3, unprogrammed default
  1102                           ;	In-Circuit Debugger Mode bit
  1103                           ;	DEBUG = 0x1, unprogrammed default
  1104                           ;	Flash Program Memory Code Protection bit
  1105                           ;	CP = 0x1, unprogrammed default
  1106     2007                     	org	8199
  1107     2007  3FFB               	dw	16379

Data Sizes:
    Strings     0
    Constant    34
    Data        0
    BSS         0
    Persistent  0
    Stack       0

Auto Spaces:
    Space          Size  Autos    Used
    COMMON           14     13      13
    BANK0            80      0       0
    BANK1            80      0       0
    BANK3            96      0       0
    BANK2            96      0       0

Pointer List with Targets:

    clcd_print@str	PTR const unsigned char  size(1) Largest target is 34
		 -> main@str(CODE[34]), 


Critical Paths under _main in COMMON

    _main->_lcd_left_scroll
    _main->_lcd_right_scroll
    _lcd_right_scroll->_clcd_write
    _lcd_left_scroll->_clcd_write
    _lcd_init->_init_display
    _init_display->_clcd_write
    _clcd_print->_clcd_write

Critical Paths under _main in BANK0

    None.

Critical Paths under _main in BANK1

    None.

Critical Paths under _main in BANK3

    None.

Critical Paths under _main in BANK2

    None.

Call Graph Tables:

 ---------------------------------------------------------------------------------
 (Depth) Function   	        Calls       Base Space   Used Autos Params    Refs
 ---------------------------------------------------------------------------------
 (0) _main                                                 3     3      0     419
                                             10 COMMON     3     3      0
                         _clcd_print
                           _lcd_init
                    _lcd_left_scroll
                   _lcd_right_scroll
 ---------------------------------------------------------------------------------
 (1) _lcd_right_scroll                                     6     6      0     114
                                              4 COMMON     6     6      0
                         _clcd_write
 ---------------------------------------------------------------------------------
 (1) _lcd_left_scroll                                      6     6      0     114
                                              4 COMMON     6     6      0
                         _clcd_write
 ---------------------------------------------------------------------------------
 (1) _lcd_init                                             0     0      0      61
                       _init_display
 ---------------------------------------------------------------------------------
 (2) _init_display                                         3     3      0      61
                                              4 COMMON     3     3      0
                         _clcd_write
 ---------------------------------------------------------------------------------
 (1) _clcd_print                                           2     0      2     130
                                              4 COMMON     2     0      2
                         _clcd_write
 ---------------------------------------------------------------------------------
 (3) _clcd_write                                           4     3      1      61
                                              0 COMMON     4     3      1
 ---------------------------------------------------------------------------------
 Estimated maximum stack depth 3
 ---------------------------------------------------------------------------------

 Call Graph Graphs:

 _main (ROOT)
   _clcd_print
     _clcd_write
   _lcd_init
     _init_display
       _clcd_write
   _lcd_left_scroll
     _clcd_write
   _lcd_right_scroll
     _clcd_write

Address spaces:
Name               Size   Autos  Total    Usage
BITCOMMON           14      0       0      0.0%
BITBANK0            80      0       0      0.0%
BITBANK1            80      0       0      0.0%
BITBANK3            96      0       0      0.0%
BITBANK2            96      0       0      0.0%
COMMON              14     13      13     92.9%
BANK0               80      0       0      0.0%
BANK1               80      0       0      0.0%
BANK3               96      0       0      0.0%
BANK2               96      0       0      0.0%
STACK                0      0       0      0.0%
DATA                 0      0      13      0.0%


Microchip Technology PIC Macro Assembler V3.10 build 20250813170317 
Symbol Table                                                                                   Tue Nov 11 04:37:31 2025

                       pc 0002            clcd_print@addr 0075                        l40 07FB  
                      l43 06C2                        l37 06E2                        l61 0733  
                      l55 075F                        l49 0707                        u60 06CB  
                      u61 06C7                        u80 0707                        u81 0706  
                      u74 06CE                        u90 075F                        u91 075E  
                      u95 075B                        fsr 0004                       l701 07CB  
                     l703 07D2                       l711 06BB                       l721 06F9  
                     l705 07E2                       l713 06BC                       l723 06FB  
                     l707 07EB                       l715 06BD                       l731 074C  
                     l717 06E3                       l709 06B8                       l741 0720  
                     l733 0752                       l725 0735                       l719 06EB  
                     l743 0726                       l735 0709                       l727 0738  
                     l751 0774                       l681 06C4                       l737 070C  
                     l729 073F                       l753 0781                       l745 0760  
                     l683 06CE                       l691 07A0                       l739 0713  
                     l755 0787                       l747 0765                       l685 06D0  
                     l693 07A7                       l749 076E                       l687 06D6  
                     l695 07BC                       l697 07C1                       l689 0798  
                     l699 07C8                       _RC0 0038                       _RC1 0039  
                     u100 0733                       u101 0732                       u105 072F  
                     u117 077A                       u207 07F6                       u127 078D  
                     u217 06D3                       u137 0745                       u227 06DD  
                     u147 0719                       u157 079C                       u167 07AD  
                     u177 07BE                       u187 07D6                       u197 07E6  
                     fsr0 0004                      _main 0760                      btemp 007E  
                    start 0000            clcd_write@byte 0073            clcd_write@mode 0070  
                   ?_main 0070                     _PORTB 0006                     _TRISB 0086  
                   btemp0 007E                     btemp1 007F                     pclath 000A  
                   status 0003                     wtemp0 007E           __end_ofmain@str 002B  
       ?_lcd_right_scroll 0070        ??_lcd_right_scroll 0074           __initialization 07FC  
            __end_of_main 0798                    ??_main 007A             ?_init_display 0070  
    lcd_left_scroll@times 0077                    _TRISC0 0438                    _TRISC1 0439  
        __end_of_lcd_init 06C3                    ltemp0a 0080                    ttemp0a 007F  
                  wtemp0a 007F            ??_init_display 0074   __end_of__initialization 07FC  
          __pcstackCOMMON 0070                _clcd_print 06E3                _clcd_write 06C3  
              __pmaintext 0760                 ?_lcd_init 0070                __stringtab 0003  
    __end_of_init_display 07FC                   __ptext1 0734                   __ptext2 0708  
                 __ptext3 06B8                   __ptext4 0798                   __ptext5 06E3  
                 __ptext6 06C3         ??_lcd_left_scroll 0074                ??_lcd_init 0077  
                 main@str 0009      end_of_initialization 07FC               ?_clcd_print 0074  
             ?_clcd_write 0070             clcd_print@str 0074       start_initialization 07FC  
        _lcd_right_scroll 0734                 ___latbits 0002              _init_display 0798  
         _lcd_left_scroll 0708                 __pstrings 0003              ??_clcd_print 0076  
            ??_clcd_write 0071               __stringbase 0008        __end_of_clcd_print 0708  
      __end_of_clcd_write 06E3   __end_of_lcd_left_scroll 0734         lcd_right_scroll@i 0078  
      __end_of__stringtab 0009     lcd_right_scroll@times 0077                  _lcd_init 06B8  
__end_of_lcd_right_scroll 0760          lcd_left_scroll@i 0078                 stringcode 0003  
        ?_lcd_left_scroll 0070                  stringdir 0003                  stringtab 0003  
